2025-11-12 06:07:22,880 - src.utils - INFO - Logging setup complete. Level: INFO
2025-11-12 06:07:22,880 - src.utils - INFO - Log file: experiments\s2t-cross-lingual_train_full_decoder_6e-3\training.log
2025-11-12 06:07:22,880 - src.utils - INFO - Experiment directory: experiments\s2t-cross-lingual_train_full_decoder_6e-3
2025-11-12 06:07:22,881 - src.utils - INFO - Log file: experiments\s2t-cross-lingual_train_full_decoder_6e-3\training.log
2025-11-12 06:07:22,882 - src.utils - INFO - Checkpoints directory: experiments\s2t-cross-lingual_train_full_decoder_6e-3\checkpoints
2025-11-12 06:07:22,882 - src.utils - INFO - Experiment path: experiments\baselines\s2t-cross-lingual
2025-11-12 06:07:22,883 - src.utils - INFO - Resume training: False
2025-11-12 06:07:22,917 - src.utils - INFO - Configuration saved to: experiments\s2t-cross-lingual_train_full_decoder_6e-3\config.yaml
2025-11-12 06:07:22,947 - __main__ - INFO - Using GPU: NVIDIA GeForce RTX 4070 Ti
2025-11-12 06:07:22,947 - __main__ - INFO - GPU Memory: 11.99 GB
2025-11-12 06:07:22,948 - __main__ - INFO - Model parameters: 29,536,256 total, 12,033,024 trainable
2025-11-12 06:07:22,948 - __main__ - INFO - Train dataset size: 26654
2025-11-12 06:07:22,948 - __main__ - INFO - Validation dataset size: 10243
2025-11-12 06:07:22,948 - src.data - INFO - Initialized AudioCollator with device: cpu, model_type: speech2text, labels padding: -100, transpose_features: True
2025-11-12 06:07:22,949 - __main__ - INFO - Training batches per epoch: 417
2025-11-12 06:07:22,949 - __main__ - INFO - Validation batches: 81
2025-11-12 06:07:22,949 - __main__ - INFO - Total training steps: 12510
2025-11-12 06:07:22,950 - __main__ - INFO - Creating warmup_plateau_decay scheduler with total_steps=12510
2025-11-12 06:07:22,950 - __main__ - INFO - No scheduler_state.pt found - using fresh scheduler
2025-11-12 06:07:22,950 - __main__ - INFO - Using optimizer: AdamW (lr=0.006)
2025-11-12 06:07:22,950 - __main__ - INFO - Using scheduler: warmup_plateau_decay
2025-11-12 06:07:22,950 - __main__ - INFO - Starting from epoch 0, global_step 0
2025-11-12 06:07:22,951 - __main__ - INFO - ============================================================
2025-11-12 06:07:22,951 - __main__ - INFO - Starting training...
2025-11-12 06:07:22,951 - __main__ - INFO - ============================================================
2025-11-12 06:07:22,951 - __main__ - INFO - 
Epoch 0/29
2025-11-12 06:09:11,988 - __main__ - INFO - Epoch 0 - Average training loss: 4.6779
2025-11-12 06:09:11,988 - __main__ - INFO - Running validation...
2025-11-12 06:11:37,865 - __main__ - INFO - Computing validation metrics...
2025-11-12 06:11:46,929 - __main__ - INFO - Validation - Epoch 0 - WER: 0.7875, CER: 0.3807
2025-11-12 06:11:46,930 - __main__ - INFO - Current LR: 4.00e-03
2025-11-12 06:11:46,930 - __main__ - INFO - New best WER: 0.7875
2025-11-12 06:11:46,930 - src.models - INFO - CUDA optimizations enabled (cudnn.benchmark=True)
2025-11-12 06:11:46,930 - src.models - INFO - ModelManager initialized
2025-11-12 06:11:47,072 - src.models - INFO - Model weights saved to experiments\s2t-cross-lingual_train_full_decoder_6e-3\checkpoints\epoch_0\model_weights.pt
2025-11-12 06:11:47,075 - src.models - INFO - Model metadata saved to experiments\s2t-cross-lingual_train_full_decoder_6e-3\checkpoints\epoch_0\model_metadata.json
2025-11-12 06:11:47,075 - src.models - INFO - Checkpoint saved to experiments\s2t-cross-lingual_train_full_decoder_6e-3\checkpoints\epoch_0
2025-11-12 06:11:47,075 - __main__ - INFO - Model checkpoint saved: experiments\s2t-cross-lingual_train_full_decoder_6e-3\checkpoints\epoch_0
2025-11-12 06:11:47,188 - __main__ - INFO - Optimizer state saved: experiments\s2t-cross-lingual_train_full_decoder_6e-3\checkpoints\epoch_0\optimizer_state.pt
2025-11-12 06:11:47,189 - __main__ - INFO - Scheduler state saved: experiments\s2t-cross-lingual_train_full_decoder_6e-3\checkpoints\epoch_0\scheduler_state.pt
2025-11-12 06:11:47,190 - __main__ - INFO - Experiment metadata saved: experiments\s2t-cross-lingual_train_full_decoder_6e-3\checkpoints\epoch_0\experiment_metadata.json
2025-11-12 06:11:47,216 - __main__ - INFO - Config saved to: experiments\s2t-cross-lingual_train_full_decoder_6e-3\checkpoints\epoch_0\config.yaml
2025-11-12 06:11:47,217 - __main__ - INFO - Metrics saved to: experiments\s2t-cross-lingual_train_full_decoder_6e-3\checkpoints\epoch_0\metrics.json
2025-11-12 06:11:47,549 - __main__ - INFO - Best checkpoint also saved to: experiments\s2t-cross-lingual_train_full_decoder_6e-3\best_checkpoint
2025-11-12 06:11:47,550 - __main__ - INFO - 
Epoch 1/29
2025-11-12 06:13:29,646 - __main__ - INFO - Epoch 1 - Average training loss: 2.4734
2025-11-12 06:13:29,647 - __main__ - INFO - Running validation...
2025-11-12 06:15:47,991 - __main__ - INFO - Computing validation metrics...
2025-11-12 06:15:56,469 - __main__ - INFO - Validation - Epoch 1 - WER: 0.7023, CER: 0.2965
2025-11-12 06:15:56,470 - __main__ - INFO - Current LR: 6.00e-03
2025-11-12 06:15:56,470 - __main__ - INFO - New best WER: 0.7023
2025-11-12 06:15:56,471 - src.models - INFO - CUDA optimizations enabled (cudnn.benchmark=True)
2025-11-12 06:15:56,471 - src.models - INFO - ModelManager initialized
2025-11-12 06:15:56,616 - src.models - INFO - Model weights saved to experiments\s2t-cross-lingual_train_full_decoder_6e-3\checkpoints\epoch_1\model_weights.pt
2025-11-12 06:15:56,618 - src.models - INFO - Model metadata saved to experiments\s2t-cross-lingual_train_full_decoder_6e-3\checkpoints\epoch_1\model_metadata.json
2025-11-12 06:15:56,618 - src.models - INFO - Checkpoint saved to experiments\s2t-cross-lingual_train_full_decoder_6e-3\checkpoints\epoch_1
2025-11-12 06:15:56,619 - __main__ - INFO - Model checkpoint saved: experiments\s2t-cross-lingual_train_full_decoder_6e-3\checkpoints\epoch_1
2025-11-12 06:15:56,731 - __main__ - INFO - Optimizer state saved: experiments\s2t-cross-lingual_train_full_decoder_6e-3\checkpoints\epoch_1\optimizer_state.pt
2025-11-12 06:15:56,754 - __main__ - INFO - Scheduler state saved: experiments\s2t-cross-lingual_train_full_decoder_6e-3\checkpoints\epoch_1\scheduler_state.pt
2025-11-12 06:15:56,755 - __main__ - INFO - Experiment metadata saved: experiments\s2t-cross-lingual_train_full_decoder_6e-3\checkpoints\epoch_1\experiment_metadata.json
2025-11-12 06:15:56,783 - __main__ - INFO - Config saved to: experiments\s2t-cross-lingual_train_full_decoder_6e-3\checkpoints\epoch_1\config.yaml
2025-11-12 06:15:56,783 - __main__ - INFO - Metrics saved to: experiments\s2t-cross-lingual_train_full_decoder_6e-3\checkpoints\epoch_1\metrics.json
2025-11-12 06:15:56,911 - __main__ - INFO - Best checkpoint also saved to: experiments\s2t-cross-lingual_train_full_decoder_6e-3\best_checkpoint
2025-11-12 06:15:56,912 - __main__ - INFO - 
Epoch 2/29
2025-11-12 06:17:38,403 - __main__ - INFO - Epoch 2 - Average training loss: 2.0374
2025-11-12 06:17:38,404 - __main__ - INFO - Running validation...
2025-11-12 06:19:56,694 - __main__ - INFO - Computing validation metrics...
2025-11-12 06:20:05,668 - __main__ - INFO - Validation - Epoch 2 - WER: 0.6536, CER: 0.2704
2025-11-12 06:20:05,669 - __main__ - INFO - Current LR: 6.00e-03
2025-11-12 06:20:05,669 - __main__ - INFO - New best WER: 0.6536
2025-11-12 06:20:05,670 - src.models - INFO - CUDA optimizations enabled (cudnn.benchmark=True)
2025-11-12 06:20:05,670 - src.models - INFO - ModelManager initialized
2025-11-12 06:20:05,807 - src.models - INFO - Model weights saved to experiments\s2t-cross-lingual_train_full_decoder_6e-3\checkpoints\epoch_2\model_weights.pt
2025-11-12 06:20:05,809 - src.models - INFO - Model metadata saved to experiments\s2t-cross-lingual_train_full_decoder_6e-3\checkpoints\epoch_2\model_metadata.json
2025-11-12 06:20:05,809 - src.models - INFO - Checkpoint saved to experiments\s2t-cross-lingual_train_full_decoder_6e-3\checkpoints\epoch_2
2025-11-12 06:20:05,810 - __main__ - INFO - Model checkpoint saved: experiments\s2t-cross-lingual_train_full_decoder_6e-3\checkpoints\epoch_2
2025-11-12 06:20:05,923 - __main__ - INFO - Optimizer state saved: experiments\s2t-cross-lingual_train_full_decoder_6e-3\checkpoints\epoch_2\optimizer_state.pt
2025-11-12 06:20:05,923 - __main__ - INFO - Scheduler state saved: experiments\s2t-cross-lingual_train_full_decoder_6e-3\checkpoints\epoch_2\scheduler_state.pt
2025-11-12 06:20:05,924 - __main__ - INFO - Experiment metadata saved: experiments\s2t-cross-lingual_train_full_decoder_6e-3\checkpoints\epoch_2\experiment_metadata.json
2025-11-12 06:20:05,949 - __main__ - INFO - Config saved to: experiments\s2t-cross-lingual_train_full_decoder_6e-3\checkpoints\epoch_2\config.yaml
2025-11-12 06:20:05,949 - __main__ - INFO - Metrics saved to: experiments\s2t-cross-lingual_train_full_decoder_6e-3\checkpoints\epoch_2\metrics.json
2025-11-12 06:20:06,101 - __main__ - INFO - Best checkpoint also saved to: experiments\s2t-cross-lingual_train_full_decoder_6e-3\best_checkpoint
2025-11-12 06:20:06,101 - __main__ - INFO - 
Epoch 3/29
2025-11-12 06:21:49,289 - __main__ - INFO - Epoch 3 - Average training loss: 1.8199
2025-11-12 06:21:49,290 - __main__ - INFO - Running validation...
2025-11-12 06:24:12,729 - __main__ - INFO - Computing validation metrics...
2025-11-12 06:24:22,501 - __main__ - INFO - Validation - Epoch 3 - WER: 0.6153, CER: 0.2515
2025-11-12 06:24:22,502 - __main__ - INFO - Current LR: 6.00e-03
2025-11-12 06:24:22,502 - __main__ - INFO - New best WER: 0.6153
2025-11-12 06:24:22,502 - src.models - INFO - CUDA optimizations enabled (cudnn.benchmark=True)
2025-11-12 06:24:22,502 - src.models - INFO - ModelManager initialized
2025-11-12 06:24:22,639 - src.models - INFO - Model weights saved to experiments\s2t-cross-lingual_train_full_decoder_6e-3\checkpoints\epoch_3\model_weights.pt
2025-11-12 06:24:22,642 - src.models - INFO - Model metadata saved to experiments\s2t-cross-lingual_train_full_decoder_6e-3\checkpoints\epoch_3\model_metadata.json
2025-11-12 06:24:22,642 - src.models - INFO - Checkpoint saved to experiments\s2t-cross-lingual_train_full_decoder_6e-3\checkpoints\epoch_3
2025-11-12 06:24:22,642 - __main__ - INFO - Model checkpoint saved: experiments\s2t-cross-lingual_train_full_decoder_6e-3\checkpoints\epoch_3
2025-11-12 06:24:22,753 - __main__ - INFO - Optimizer state saved: experiments\s2t-cross-lingual_train_full_decoder_6e-3\checkpoints\epoch_3\optimizer_state.pt
2025-11-12 06:24:22,762 - __main__ - INFO - Scheduler state saved: experiments\s2t-cross-lingual_train_full_decoder_6e-3\checkpoints\epoch_3\scheduler_state.pt
2025-11-12 06:24:22,763 - __main__ - INFO - Experiment metadata saved: experiments\s2t-cross-lingual_train_full_decoder_6e-3\checkpoints\epoch_3\experiment_metadata.json
2025-11-12 06:24:22,789 - __main__ - INFO - Config saved to: experiments\s2t-cross-lingual_train_full_decoder_6e-3\checkpoints\epoch_3\config.yaml
2025-11-12 06:24:22,790 - __main__ - INFO - Metrics saved to: experiments\s2t-cross-lingual_train_full_decoder_6e-3\checkpoints\epoch_3\metrics.json
2025-11-12 06:24:22,965 - __main__ - INFO - Best checkpoint also saved to: experiments\s2t-cross-lingual_train_full_decoder_6e-3\best_checkpoint
2025-11-12 06:24:22,978 - __main__ - INFO - Removed old checkpoint: experiments\s2t-cross-lingual_train_full_decoder_6e-3\checkpoints\epoch_0
2025-11-12 06:24:22,978 - __main__ - INFO - 
Epoch 4/29
2025-11-12 06:26:04,552 - __main__ - INFO - Epoch 4 - Average training loss: 1.6836
2025-11-12 06:26:04,553 - __main__ - INFO - Running validation...
2025-11-12 06:28:21,298 - __main__ - INFO - Computing validation metrics...
2025-11-12 06:28:30,453 - __main__ - INFO - Validation - Epoch 4 - WER: 0.5920, CER: 0.2353
2025-11-12 06:28:30,454 - __main__ - INFO - Current LR: 6.00e-03
2025-11-12 06:28:30,454 - __main__ - INFO - New best WER: 0.5920
2025-11-12 06:28:30,455 - src.models - INFO - CUDA optimizations enabled (cudnn.benchmark=True)
2025-11-12 06:28:30,455 - src.models - INFO - ModelManager initialized
2025-11-12 06:28:30,592 - src.models - INFO - Model weights saved to experiments\s2t-cross-lingual_train_full_decoder_6e-3\checkpoints\epoch_4\model_weights.pt
2025-11-12 06:28:30,594 - src.models - INFO - Model metadata saved to experiments\s2t-cross-lingual_train_full_decoder_6e-3\checkpoints\epoch_4\model_metadata.json
2025-11-12 06:28:30,595 - src.models - INFO - Checkpoint saved to experiments\s2t-cross-lingual_train_full_decoder_6e-3\checkpoints\epoch_4
2025-11-12 06:28:30,595 - __main__ - INFO - Model checkpoint saved: experiments\s2t-cross-lingual_train_full_decoder_6e-3\checkpoints\epoch_4
2025-11-12 06:28:30,704 - __main__ - INFO - Optimizer state saved: experiments\s2t-cross-lingual_train_full_decoder_6e-3\checkpoints\epoch_4\optimizer_state.pt
2025-11-12 06:28:30,713 - __main__ - INFO - Scheduler state saved: experiments\s2t-cross-lingual_train_full_decoder_6e-3\checkpoints\epoch_4\scheduler_state.pt
2025-11-12 06:28:30,713 - __main__ - INFO - Experiment metadata saved: experiments\s2t-cross-lingual_train_full_decoder_6e-3\checkpoints\epoch_4\experiment_metadata.json
2025-11-12 06:28:30,739 - __main__ - INFO - Config saved to: experiments\s2t-cross-lingual_train_full_decoder_6e-3\checkpoints\epoch_4\config.yaml
2025-11-12 06:28:30,739 - __main__ - INFO - Metrics saved to: experiments\s2t-cross-lingual_train_full_decoder_6e-3\checkpoints\epoch_4\metrics.json
2025-11-12 06:28:30,869 - __main__ - INFO - Best checkpoint also saved to: experiments\s2t-cross-lingual_train_full_decoder_6e-3\best_checkpoint
2025-11-12 06:28:30,882 - __main__ - INFO - Removed old checkpoint: experiments\s2t-cross-lingual_train_full_decoder_6e-3\checkpoints\epoch_1
2025-11-12 06:28:30,883 - __main__ - INFO - 
Epoch 5/29
2025-11-12 06:30:12,485 - __main__ - INFO - Epoch 5 - Average training loss: 1.5994
2025-11-12 06:30:12,485 - __main__ - INFO - Running validation...
2025-11-12 06:32:32,012 - __main__ - INFO - Computing validation metrics...
2025-11-12 06:32:40,181 - __main__ - INFO - Validation - Epoch 5 - WER: 0.5873, CER: 0.2394
2025-11-12 06:32:40,181 - __main__ - INFO - Current LR: 6.00e-03
2025-11-12 06:32:40,182 - __main__ - INFO - New best WER: 0.5873
2025-11-12 06:32:40,182 - src.models - INFO - CUDA optimizations enabled (cudnn.benchmark=True)
2025-11-12 06:32:40,182 - src.models - INFO - ModelManager initialized
2025-11-12 06:32:40,324 - src.models - INFO - Model weights saved to experiments\s2t-cross-lingual_train_full_decoder_6e-3\checkpoints\epoch_5\model_weights.pt
2025-11-12 06:32:40,326 - src.models - INFO - Model metadata saved to experiments\s2t-cross-lingual_train_full_decoder_6e-3\checkpoints\epoch_5\model_metadata.json
2025-11-12 06:32:40,327 - src.models - INFO - Checkpoint saved to experiments\s2t-cross-lingual_train_full_decoder_6e-3\checkpoints\epoch_5
2025-11-12 06:32:40,327 - __main__ - INFO - Model checkpoint saved: experiments\s2t-cross-lingual_train_full_decoder_6e-3\checkpoints\epoch_5
2025-11-12 06:32:40,438 - __main__ - INFO - Optimizer state saved: experiments\s2t-cross-lingual_train_full_decoder_6e-3\checkpoints\epoch_5\optimizer_state.pt
2025-11-12 06:32:40,438 - __main__ - INFO - Scheduler state saved: experiments\s2t-cross-lingual_train_full_decoder_6e-3\checkpoints\epoch_5\scheduler_state.pt
2025-11-12 06:32:40,439 - __main__ - INFO - Experiment metadata saved: experiments\s2t-cross-lingual_train_full_decoder_6e-3\checkpoints\epoch_5\experiment_metadata.json
2025-11-12 06:32:40,464 - __main__ - INFO - Config saved to: experiments\s2t-cross-lingual_train_full_decoder_6e-3\checkpoints\epoch_5\config.yaml
2025-11-12 06:32:40,465 - __main__ - INFO - Metrics saved to: experiments\s2t-cross-lingual_train_full_decoder_6e-3\checkpoints\epoch_5\metrics.json
2025-11-12 06:32:40,708 - __main__ - INFO - Best checkpoint also saved to: experiments\s2t-cross-lingual_train_full_decoder_6e-3\best_checkpoint
2025-11-12 06:32:40,721 - __main__ - INFO - Removed old checkpoint: experiments\s2t-cross-lingual_train_full_decoder_6e-3\checkpoints\epoch_2
2025-11-12 06:32:40,721 - __main__ - INFO - 
Epoch 6/29
2025-11-12 06:34:22,269 - __main__ - INFO - Epoch 6 - Average training loss: 1.5260
2025-11-12 06:34:22,269 - __main__ - INFO - Running validation...
2025-11-12 06:36:39,229 - __main__ - INFO - Computing validation metrics...
2025-11-12 06:36:47,960 - __main__ - INFO - Validation - Epoch 6 - WER: 0.5692, CER: 0.2306
2025-11-12 06:36:47,961 - __main__ - INFO - Current LR: 6.00e-03
2025-11-12 06:36:47,961 - __main__ - INFO - New best WER: 0.5692
2025-11-12 06:36:47,961 - src.models - INFO - CUDA optimizations enabled (cudnn.benchmark=True)
2025-11-12 06:36:47,962 - src.models - INFO - ModelManager initialized
2025-11-12 06:36:48,102 - src.models - INFO - Model weights saved to experiments\s2t-cross-lingual_train_full_decoder_6e-3\checkpoints\epoch_6\model_weights.pt
2025-11-12 06:36:48,104 - src.models - INFO - Model metadata saved to experiments\s2t-cross-lingual_train_full_decoder_6e-3\checkpoints\epoch_6\model_metadata.json
2025-11-12 06:36:48,104 - src.models - INFO - Checkpoint saved to experiments\s2t-cross-lingual_train_full_decoder_6e-3\checkpoints\epoch_6
2025-11-12 06:36:48,104 - __main__ - INFO - Model checkpoint saved: experiments\s2t-cross-lingual_train_full_decoder_6e-3\checkpoints\epoch_6
2025-11-12 06:36:48,218 - __main__ - INFO - Optimizer state saved: experiments\s2t-cross-lingual_train_full_decoder_6e-3\checkpoints\epoch_6\optimizer_state.pt
2025-11-12 06:36:48,366 - __main__ - INFO - Scheduler state saved: experiments\s2t-cross-lingual_train_full_decoder_6e-3\checkpoints\epoch_6\scheduler_state.pt
2025-11-12 06:36:48,367 - __main__ - INFO - Experiment metadata saved: experiments\s2t-cross-lingual_train_full_decoder_6e-3\checkpoints\epoch_6\experiment_metadata.json
2025-11-12 06:36:48,412 - __main__ - INFO - Config saved to: experiments\s2t-cross-lingual_train_full_decoder_6e-3\checkpoints\epoch_6\config.yaml
2025-11-12 06:36:48,413 - __main__ - INFO - Metrics saved to: experiments\s2t-cross-lingual_train_full_decoder_6e-3\checkpoints\epoch_6\metrics.json
2025-11-12 06:36:48,542 - __main__ - INFO - Best checkpoint also saved to: experiments\s2t-cross-lingual_train_full_decoder_6e-3\best_checkpoint
2025-11-12 06:36:48,557 - __main__ - INFO - Removed old checkpoint: experiments\s2t-cross-lingual_train_full_decoder_6e-3\checkpoints\epoch_3
2025-11-12 06:36:48,557 - __main__ - INFO - 
Epoch 7/29
2025-11-12 06:38:30,025 - __main__ - INFO - Epoch 7 - Average training loss: 1.4642
2025-11-12 06:38:30,025 - __main__ - INFO - Running validation...
2025-11-12 06:40:46,742 - __main__ - INFO - Computing validation metrics...
2025-11-12 06:40:56,962 - __main__ - INFO - Validation - Epoch 7 - WER: 0.5562, CER: 0.2216
2025-11-12 06:40:56,963 - __main__ - INFO - Current LR: 6.00e-03
2025-11-12 06:40:56,963 - __main__ - INFO - New best WER: 0.5562
2025-11-12 06:40:56,963 - src.models - INFO - CUDA optimizations enabled (cudnn.benchmark=True)
2025-11-12 06:40:56,964 - src.models - INFO - ModelManager initialized
2025-11-12 06:40:57,102 - src.models - INFO - Model weights saved to experiments\s2t-cross-lingual_train_full_decoder_6e-3\checkpoints\epoch_7\model_weights.pt
2025-11-12 06:40:57,105 - src.models - INFO - Model metadata saved to experiments\s2t-cross-lingual_train_full_decoder_6e-3\checkpoints\epoch_7\model_metadata.json
2025-11-12 06:40:57,105 - src.models - INFO - Checkpoint saved to experiments\s2t-cross-lingual_train_full_decoder_6e-3\checkpoints\epoch_7
2025-11-12 06:40:57,106 - __main__ - INFO - Model checkpoint saved: experiments\s2t-cross-lingual_train_full_decoder_6e-3\checkpoints\epoch_7
2025-11-12 06:40:57,218 - __main__ - INFO - Optimizer state saved: experiments\s2t-cross-lingual_train_full_decoder_6e-3\checkpoints\epoch_7\optimizer_state.pt
2025-11-12 06:40:57,227 - __main__ - INFO - Scheduler state saved: experiments\s2t-cross-lingual_train_full_decoder_6e-3\checkpoints\epoch_7\scheduler_state.pt
2025-11-12 06:40:57,227 - __main__ - INFO - Experiment metadata saved: experiments\s2t-cross-lingual_train_full_decoder_6e-3\checkpoints\epoch_7\experiment_metadata.json
2025-11-12 06:40:57,256 - __main__ - INFO - Config saved to: experiments\s2t-cross-lingual_train_full_decoder_6e-3\checkpoints\epoch_7\config.yaml
2025-11-12 06:40:57,257 - __main__ - INFO - Metrics saved to: experiments\s2t-cross-lingual_train_full_decoder_6e-3\checkpoints\epoch_7\metrics.json
2025-11-12 06:40:57,381 - __main__ - INFO - Best checkpoint also saved to: experiments\s2t-cross-lingual_train_full_decoder_6e-3\best_checkpoint
2025-11-12 06:40:57,397 - __main__ - INFO - Removed old checkpoint: experiments\s2t-cross-lingual_train_full_decoder_6e-3\checkpoints\epoch_4
2025-11-12 06:40:57,398 - __main__ - INFO - 
Epoch 8/29
2025-11-12 06:42:37,958 - __main__ - INFO - Epoch 8 - Average training loss: 1.4218
2025-11-12 06:42:37,958 - __main__ - INFO - Running validation...
2025-11-12 06:44:54,887 - __main__ - INFO - Computing validation metrics...
2025-11-12 06:45:04,813 - __main__ - INFO - Validation - Epoch 8 - WER: 0.5467, CER: 0.2167
2025-11-12 06:45:04,815 - __main__ - INFO - Current LR: 6.00e-03
2025-11-12 06:45:04,815 - __main__ - INFO - New best WER: 0.5467
2025-11-12 06:45:04,815 - src.models - INFO - CUDA optimizations enabled (cudnn.benchmark=True)
2025-11-12 06:45:04,816 - src.models - INFO - ModelManager initialized
2025-11-12 06:45:04,972 - src.models - INFO - Model weights saved to experiments\s2t-cross-lingual_train_full_decoder_6e-3\checkpoints\epoch_8\model_weights.pt
2025-11-12 06:45:04,975 - src.models - INFO - Model metadata saved to experiments\s2t-cross-lingual_train_full_decoder_6e-3\checkpoints\epoch_8\model_metadata.json
2025-11-12 06:45:04,975 - src.models - INFO - Checkpoint saved to experiments\s2t-cross-lingual_train_full_decoder_6e-3\checkpoints\epoch_8
2025-11-12 06:45:04,975 - __main__ - INFO - Model checkpoint saved: experiments\s2t-cross-lingual_train_full_decoder_6e-3\checkpoints\epoch_8
2025-11-12 06:45:05,087 - __main__ - INFO - Optimizer state saved: experiments\s2t-cross-lingual_train_full_decoder_6e-3\checkpoints\epoch_8\optimizer_state.pt
2025-11-12 06:45:05,088 - __main__ - INFO - Scheduler state saved: experiments\s2t-cross-lingual_train_full_decoder_6e-3\checkpoints\epoch_8\scheduler_state.pt
2025-11-12 06:45:05,089 - __main__ - INFO - Experiment metadata saved: experiments\s2t-cross-lingual_train_full_decoder_6e-3\checkpoints\epoch_8\experiment_metadata.json
2025-11-12 06:45:05,118 - __main__ - INFO - Config saved to: experiments\s2t-cross-lingual_train_full_decoder_6e-3\checkpoints\epoch_8\config.yaml
2025-11-12 06:45:05,119 - __main__ - INFO - Metrics saved to: experiments\s2t-cross-lingual_train_full_decoder_6e-3\checkpoints\epoch_8\metrics.json
2025-11-12 06:45:05,243 - __main__ - INFO - Best checkpoint also saved to: experiments\s2t-cross-lingual_train_full_decoder_6e-3\best_checkpoint
2025-11-12 06:45:05,261 - __main__ - INFO - Removed old checkpoint: experiments\s2t-cross-lingual_train_full_decoder_6e-3\checkpoints\epoch_5
2025-11-12 06:45:05,261 - __main__ - INFO - 
Epoch 9/29
2025-11-12 06:46:46,467 - __main__ - INFO - Epoch 9 - Average training loss: 1.3752
2025-11-12 06:46:46,468 - __main__ - INFO - Running validation...
2025-11-12 06:49:05,751 - __main__ - INFO - Computing validation metrics...
2025-11-12 06:49:13,727 - __main__ - INFO - Validation - Epoch 9 - WER: 0.5424, CER: 0.2230
2025-11-12 06:49:13,728 - __main__ - INFO - Current LR: 6.00e-03
2025-11-12 06:49:13,729 - __main__ - INFO - New best WER: 0.5424
2025-11-12 06:49:13,729 - src.models - INFO - CUDA optimizations enabled (cudnn.benchmark=True)
2025-11-12 06:49:13,729 - src.models - INFO - ModelManager initialized
2025-11-12 06:49:13,863 - src.models - INFO - Model weights saved to experiments\s2t-cross-lingual_train_full_decoder_6e-3\checkpoints\epoch_9\model_weights.pt
2025-11-12 06:49:13,865 - src.models - INFO - Model metadata saved to experiments\s2t-cross-lingual_train_full_decoder_6e-3\checkpoints\epoch_9\model_metadata.json
2025-11-12 06:49:13,865 - src.models - INFO - Checkpoint saved to experiments\s2t-cross-lingual_train_full_decoder_6e-3\checkpoints\epoch_9
2025-11-12 06:49:13,866 - __main__ - INFO - Model checkpoint saved: experiments\s2t-cross-lingual_train_full_decoder_6e-3\checkpoints\epoch_9
2025-11-12 06:49:13,975 - __main__ - INFO - Optimizer state saved: experiments\s2t-cross-lingual_train_full_decoder_6e-3\checkpoints\epoch_9\optimizer_state.pt
2025-11-12 06:49:13,977 - __main__ - INFO - Scheduler state saved: experiments\s2t-cross-lingual_train_full_decoder_6e-3\checkpoints\epoch_9\scheduler_state.pt
2025-11-12 06:49:13,977 - __main__ - INFO - Experiment metadata saved: experiments\s2t-cross-lingual_train_full_decoder_6e-3\checkpoints\epoch_9\experiment_metadata.json
2025-11-12 06:49:14,007 - __main__ - INFO - Config saved to: experiments\s2t-cross-lingual_train_full_decoder_6e-3\checkpoints\epoch_9\config.yaml
2025-11-12 06:49:14,007 - __main__ - INFO - Metrics saved to: experiments\s2t-cross-lingual_train_full_decoder_6e-3\checkpoints\epoch_9\metrics.json
2025-11-12 06:49:14,197 - __main__ - INFO - Best checkpoint also saved to: experiments\s2t-cross-lingual_train_full_decoder_6e-3\best_checkpoint
2025-11-12 06:49:14,215 - __main__ - INFO - Removed old checkpoint: experiments\s2t-cross-lingual_train_full_decoder_6e-3\checkpoints\epoch_6
2025-11-12 06:49:14,215 - __main__ - INFO - 
Epoch 10/29
2025-11-12 06:50:55,204 - __main__ - INFO - Epoch 10 - Average training loss: 1.3374
2025-11-12 06:50:55,205 - __main__ - INFO - Running validation...
2025-11-12 06:53:14,616 - __main__ - INFO - Computing validation metrics...
2025-11-12 06:53:22,497 - __main__ - INFO - Validation - Epoch 10 - WER: 0.5395, CER: 0.2265
2025-11-12 06:53:22,498 - __main__ - INFO - Current LR: 6.00e-03
2025-11-12 06:53:22,498 - __main__ - INFO - New best WER: 0.5395
2025-11-12 06:53:22,499 - src.models - INFO - CUDA optimizations enabled (cudnn.benchmark=True)
2025-11-12 06:53:22,499 - src.models - INFO - ModelManager initialized
2025-11-12 06:53:22,648 - src.models - INFO - Model weights saved to experiments\s2t-cross-lingual_train_full_decoder_6e-3\checkpoints\epoch_10\model_weights.pt
2025-11-12 06:53:22,651 - src.models - INFO - Model metadata saved to experiments\s2t-cross-lingual_train_full_decoder_6e-3\checkpoints\epoch_10\model_metadata.json
2025-11-12 06:53:22,651 - src.models - INFO - Checkpoint saved to experiments\s2t-cross-lingual_train_full_decoder_6e-3\checkpoints\epoch_10
2025-11-12 06:53:22,651 - __main__ - INFO - Model checkpoint saved: experiments\s2t-cross-lingual_train_full_decoder_6e-3\checkpoints\epoch_10
2025-11-12 06:53:22,911 - __main__ - INFO - Optimizer state saved: experiments\s2t-cross-lingual_train_full_decoder_6e-3\checkpoints\epoch_10\optimizer_state.pt
2025-11-12 06:53:22,912 - __main__ - INFO - Scheduler state saved: experiments\s2t-cross-lingual_train_full_decoder_6e-3\checkpoints\epoch_10\scheduler_state.pt
2025-11-12 06:53:22,913 - __main__ - INFO - Experiment metadata saved: experiments\s2t-cross-lingual_train_full_decoder_6e-3\checkpoints\epoch_10\experiment_metadata.json
2025-11-12 06:53:22,941 - __main__ - INFO - Config saved to: experiments\s2t-cross-lingual_train_full_decoder_6e-3\checkpoints\epoch_10\config.yaml
2025-11-12 06:53:22,942 - __main__ - INFO - Metrics saved to: experiments\s2t-cross-lingual_train_full_decoder_6e-3\checkpoints\epoch_10\metrics.json
2025-11-12 06:53:23,069 - __main__ - INFO - Best checkpoint also saved to: experiments\s2t-cross-lingual_train_full_decoder_6e-3\best_checkpoint
2025-11-12 06:53:23,086 - __main__ - INFO - Removed old checkpoint: experiments\s2t-cross-lingual_train_full_decoder_6e-3\checkpoints\epoch_7
2025-11-12 06:53:23,086 - __main__ - INFO - 
Epoch 11/29
2025-11-12 06:55:04,714 - __main__ - INFO - Epoch 11 - Average training loss: 1.3101
2025-11-12 06:55:04,714 - __main__ - INFO - Running validation...
2025-11-12 06:57:22,802 - __main__ - INFO - Computing validation metrics...
2025-11-12 06:57:30,423 - __main__ - INFO - Validation - Epoch 11 - WER: 0.5272, CER: 0.2142
2025-11-12 06:57:30,424 - __main__ - INFO - Current LR: 6.00e-03
2025-11-12 06:57:30,424 - __main__ - INFO - New best WER: 0.5272
2025-11-12 06:57:30,425 - src.models - INFO - CUDA optimizations enabled (cudnn.benchmark=True)
2025-11-12 06:57:30,425 - src.models - INFO - ModelManager initialized
2025-11-12 06:57:30,633 - src.models - INFO - Model weights saved to experiments\s2t-cross-lingual_train_full_decoder_6e-3\checkpoints\epoch_11\model_weights.pt
2025-11-12 06:57:30,635 - src.models - INFO - Model metadata saved to experiments\s2t-cross-lingual_train_full_decoder_6e-3\checkpoints\epoch_11\model_metadata.json
2025-11-12 06:57:30,635 - src.models - INFO - Checkpoint saved to experiments\s2t-cross-lingual_train_full_decoder_6e-3\checkpoints\epoch_11
2025-11-12 06:57:30,635 - __main__ - INFO - Model checkpoint saved: experiments\s2t-cross-lingual_train_full_decoder_6e-3\checkpoints\epoch_11
2025-11-12 06:57:30,749 - __main__ - INFO - Optimizer state saved: experiments\s2t-cross-lingual_train_full_decoder_6e-3\checkpoints\epoch_11\optimizer_state.pt
2025-11-12 06:57:30,750 - __main__ - INFO - Scheduler state saved: experiments\s2t-cross-lingual_train_full_decoder_6e-3\checkpoints\epoch_11\scheduler_state.pt
2025-11-12 06:57:30,750 - __main__ - INFO - Experiment metadata saved: experiments\s2t-cross-lingual_train_full_decoder_6e-3\checkpoints\epoch_11\experiment_metadata.json
2025-11-12 06:57:30,780 - __main__ - INFO - Config saved to: experiments\s2t-cross-lingual_train_full_decoder_6e-3\checkpoints\epoch_11\config.yaml
2025-11-12 06:57:30,781 - __main__ - INFO - Metrics saved to: experiments\s2t-cross-lingual_train_full_decoder_6e-3\checkpoints\epoch_11\metrics.json
2025-11-12 06:57:30,914 - __main__ - INFO - Best checkpoint also saved to: experiments\s2t-cross-lingual_train_full_decoder_6e-3\best_checkpoint
2025-11-12 06:57:30,928 - __main__ - INFO - Removed old checkpoint: experiments\s2t-cross-lingual_train_full_decoder_6e-3\checkpoints\epoch_8
2025-11-12 06:57:30,929 - __main__ - INFO - 
Epoch 12/29
2025-11-12 06:59:13,091 - __main__ - INFO - Epoch 12 - Average training loss: 1.2794
2025-11-12 06:59:13,092 - __main__ - INFO - Running validation...
2025-11-12 07:01:32,674 - __main__ - INFO - Computing validation metrics...
2025-11-12 07:01:42,548 - __main__ - INFO - Validation - Epoch 12 - WER: 0.5361, CER: 0.2173
2025-11-12 07:01:42,549 - __main__ - INFO - Current LR: 6.00e-03
2025-11-12 07:01:42,550 - src.models - INFO - CUDA optimizations enabled (cudnn.benchmark=True)
2025-11-12 07:01:42,550 - src.models - INFO - ModelManager initialized
2025-11-12 07:01:42,692 - src.models - INFO - Model weights saved to experiments\s2t-cross-lingual_train_full_decoder_6e-3\checkpoints\epoch_12\model_weights.pt
2025-11-12 07:01:42,695 - src.models - INFO - Model metadata saved to experiments\s2t-cross-lingual_train_full_decoder_6e-3\checkpoints\epoch_12\model_metadata.json
2025-11-12 07:01:42,695 - src.models - INFO - Checkpoint saved to experiments\s2t-cross-lingual_train_full_decoder_6e-3\checkpoints\epoch_12
2025-11-12 07:01:42,695 - __main__ - INFO - Model checkpoint saved: experiments\s2t-cross-lingual_train_full_decoder_6e-3\checkpoints\epoch_12
2025-11-12 07:01:42,812 - __main__ - INFO - Optimizer state saved: experiments\s2t-cross-lingual_train_full_decoder_6e-3\checkpoints\epoch_12\optimizer_state.pt
2025-11-12 07:01:42,813 - __main__ - INFO - Scheduler state saved: experiments\s2t-cross-lingual_train_full_decoder_6e-3\checkpoints\epoch_12\scheduler_state.pt
2025-11-12 07:01:42,813 - __main__ - INFO - Experiment metadata saved: experiments\s2t-cross-lingual_train_full_decoder_6e-3\checkpoints\epoch_12\experiment_metadata.json
2025-11-12 07:01:42,843 - __main__ - INFO - Config saved to: experiments\s2t-cross-lingual_train_full_decoder_6e-3\checkpoints\epoch_12\config.yaml
2025-11-12 07:01:42,843 - __main__ - INFO - Metrics saved to: experiments\s2t-cross-lingual_train_full_decoder_6e-3\checkpoints\epoch_12\metrics.json
2025-11-12 07:01:42,857 - __main__ - INFO - Removed old checkpoint: experiments\s2t-cross-lingual_train_full_decoder_6e-3\checkpoints\epoch_9
2025-11-12 07:01:42,857 - __main__ - INFO - 
Epoch 13/29
2025-11-12 07:03:24,935 - __main__ - INFO - Epoch 13 - Average training loss: 1.2512
2025-11-12 07:03:24,935 - __main__ - INFO - Running validation...
2025-11-12 07:05:44,683 - __main__ - INFO - Computing validation metrics...
2025-11-12 07:05:53,391 - __main__ - INFO - Validation - Epoch 13 - WER: 0.5351, CER: 0.2246
2025-11-12 07:05:53,392 - __main__ - INFO - Current LR: 6.00e-03
2025-11-12 07:05:53,392 - src.models - INFO - CUDA optimizations enabled (cudnn.benchmark=True)
2025-11-12 07:05:53,393 - src.models - INFO - ModelManager initialized
2025-11-12 07:05:53,534 - src.models - INFO - Model weights saved to experiments\s2t-cross-lingual_train_full_decoder_6e-3\checkpoints\epoch_13\model_weights.pt
2025-11-12 07:05:53,537 - src.models - INFO - Model metadata saved to experiments\s2t-cross-lingual_train_full_decoder_6e-3\checkpoints\epoch_13\model_metadata.json
2025-11-12 07:05:53,537 - src.models - INFO - Checkpoint saved to experiments\s2t-cross-lingual_train_full_decoder_6e-3\checkpoints\epoch_13
2025-11-12 07:05:53,538 - __main__ - INFO - Model checkpoint saved: experiments\s2t-cross-lingual_train_full_decoder_6e-3\checkpoints\epoch_13
2025-11-12 07:05:53,676 - __main__ - INFO - Optimizer state saved: experiments\s2t-cross-lingual_train_full_decoder_6e-3\checkpoints\epoch_13\optimizer_state.pt
2025-11-12 07:05:53,677 - __main__ - INFO - Scheduler state saved: experiments\s2t-cross-lingual_train_full_decoder_6e-3\checkpoints\epoch_13\scheduler_state.pt
2025-11-12 07:05:53,678 - __main__ - INFO - Experiment metadata saved: experiments\s2t-cross-lingual_train_full_decoder_6e-3\checkpoints\epoch_13\experiment_metadata.json
2025-11-12 07:05:53,707 - __main__ - INFO - Config saved to: experiments\s2t-cross-lingual_train_full_decoder_6e-3\checkpoints\epoch_13\config.yaml
2025-11-12 07:05:53,708 - __main__ - INFO - Metrics saved to: experiments\s2t-cross-lingual_train_full_decoder_6e-3\checkpoints\epoch_13\metrics.json
2025-11-12 07:05:53,727 - __main__ - INFO - Removed old checkpoint: experiments\s2t-cross-lingual_train_full_decoder_6e-3\checkpoints\epoch_10
2025-11-12 07:05:53,727 - __main__ - INFO - 
Epoch 14/29
2025-11-12 07:07:35,076 - __main__ - INFO - Epoch 14 - Average training loss: 1.2286
2025-11-12 07:07:35,077 - __main__ - INFO - Running validation...
2025-11-12 07:09:53,947 - __main__ - INFO - Computing validation metrics...
2025-11-12 07:10:05,124 - __main__ - INFO - Validation - Epoch 14 - WER: 0.5257, CER: 0.2190
2025-11-12 07:10:05,125 - __main__ - INFO - Current LR: 6.00e-03
2025-11-12 07:10:05,125 - __main__ - INFO - New best WER: 0.5257
2025-11-12 07:10:05,125 - src.models - INFO - CUDA optimizations enabled (cudnn.benchmark=True)
2025-11-12 07:10:05,126 - src.models - INFO - ModelManager initialized
2025-11-12 07:10:05,413 - src.models - INFO - Model weights saved to experiments\s2t-cross-lingual_train_full_decoder_6e-3\checkpoints\epoch_14\model_weights.pt
2025-11-12 07:10:05,415 - src.models - INFO - Model metadata saved to experiments\s2t-cross-lingual_train_full_decoder_6e-3\checkpoints\epoch_14\model_metadata.json
2025-11-12 07:10:05,415 - src.models - INFO - Checkpoint saved to experiments\s2t-cross-lingual_train_full_decoder_6e-3\checkpoints\epoch_14
2025-11-12 07:10:05,416 - __main__ - INFO - Model checkpoint saved: experiments\s2t-cross-lingual_train_full_decoder_6e-3\checkpoints\epoch_14
2025-11-12 07:10:05,536 - __main__ - INFO - Optimizer state saved: experiments\s2t-cross-lingual_train_full_decoder_6e-3\checkpoints\epoch_14\optimizer_state.pt
2025-11-12 07:10:05,537 - __main__ - INFO - Scheduler state saved: experiments\s2t-cross-lingual_train_full_decoder_6e-3\checkpoints\epoch_14\scheduler_state.pt
2025-11-12 07:10:05,537 - __main__ - INFO - Experiment metadata saved: experiments\s2t-cross-lingual_train_full_decoder_6e-3\checkpoints\epoch_14\experiment_metadata.json
2025-11-12 07:10:05,564 - __main__ - INFO - Config saved to: experiments\s2t-cross-lingual_train_full_decoder_6e-3\checkpoints\epoch_14\config.yaml
2025-11-12 07:10:05,565 - __main__ - INFO - Metrics saved to: experiments\s2t-cross-lingual_train_full_decoder_6e-3\checkpoints\epoch_14\metrics.json
2025-11-12 07:10:05,693 - __main__ - INFO - Best checkpoint also saved to: experiments\s2t-cross-lingual_train_full_decoder_6e-3\best_checkpoint
2025-11-12 07:10:05,707 - __main__ - INFO - Removed old checkpoint: experiments\s2t-cross-lingual_train_full_decoder_6e-3\checkpoints\epoch_11
2025-11-12 07:10:05,707 - __main__ - INFO - 
Epoch 15/29
2025-11-12 07:11:49,536 - __main__ - INFO - Epoch 15 - Average training loss: 1.2057
2025-11-12 07:11:49,536 - __main__ - INFO - Running validation...
2025-11-12 07:14:07,525 - __main__ - INFO - Computing validation metrics...
2025-11-12 07:14:15,820 - __main__ - INFO - Validation - Epoch 15 - WER: 0.5188, CER: 0.2119
2025-11-12 07:14:15,821 - __main__ - INFO - Current LR: 6.00e-03
2025-11-12 07:14:15,821 - __main__ - INFO - New best WER: 0.5188
2025-11-12 07:14:15,821 - src.models - INFO - CUDA optimizations enabled (cudnn.benchmark=True)
2025-11-12 07:14:15,822 - src.models - INFO - ModelManager initialized
2025-11-12 07:14:15,966 - src.models - INFO - Model weights saved to experiments\s2t-cross-lingual_train_full_decoder_6e-3\checkpoints\epoch_15\model_weights.pt
2025-11-12 07:14:15,968 - src.models - INFO - Model metadata saved to experiments\s2t-cross-lingual_train_full_decoder_6e-3\checkpoints\epoch_15\model_metadata.json
2025-11-12 07:14:15,968 - src.models - INFO - Checkpoint saved to experiments\s2t-cross-lingual_train_full_decoder_6e-3\checkpoints\epoch_15
2025-11-12 07:14:15,969 - __main__ - INFO - Model checkpoint saved: experiments\s2t-cross-lingual_train_full_decoder_6e-3\checkpoints\epoch_15
2025-11-12 07:14:16,086 - __main__ - INFO - Optimizer state saved: experiments\s2t-cross-lingual_train_full_decoder_6e-3\checkpoints\epoch_15\optimizer_state.pt
2025-11-12 07:14:16,087 - __main__ - INFO - Scheduler state saved: experiments\s2t-cross-lingual_train_full_decoder_6e-3\checkpoints\epoch_15\scheduler_state.pt
2025-11-12 07:14:16,087 - __main__ - INFO - Experiment metadata saved: experiments\s2t-cross-lingual_train_full_decoder_6e-3\checkpoints\epoch_15\experiment_metadata.json
2025-11-12 07:14:16,124 - __main__ - INFO - Config saved to: experiments\s2t-cross-lingual_train_full_decoder_6e-3\checkpoints\epoch_15\config.yaml
2025-11-12 07:14:16,125 - __main__ - INFO - Metrics saved to: experiments\s2t-cross-lingual_train_full_decoder_6e-3\checkpoints\epoch_15\metrics.json
2025-11-12 07:14:16,259 - __main__ - INFO - Best checkpoint also saved to: experiments\s2t-cross-lingual_train_full_decoder_6e-3\best_checkpoint
2025-11-12 07:14:16,272 - __main__ - INFO - Removed old checkpoint: experiments\s2t-cross-lingual_train_full_decoder_6e-3\checkpoints\epoch_12
2025-11-12 07:14:16,273 - __main__ - INFO - 
Epoch 16/29
2025-11-12 07:15:57,741 - __main__ - INFO - Epoch 16 - Average training loss: 1.1819
2025-11-12 07:15:57,742 - __main__ - INFO - Running validation...
2025-11-12 07:18:21,318 - __main__ - INFO - Computing validation metrics...
2025-11-12 07:18:30,628 - __main__ - INFO - Validation - Epoch 16 - WER: 0.5185, CER: 0.2154
2025-11-12 07:18:30,629 - __main__ - INFO - Current LR: 6.00e-03
2025-11-12 07:18:30,630 - __main__ - INFO - New best WER: 0.5185
2025-11-12 07:18:30,631 - src.models - INFO - CUDA optimizations enabled (cudnn.benchmark=True)
2025-11-12 07:18:30,631 - src.models - INFO - ModelManager initialized
2025-11-12 07:18:30,774 - src.models - INFO - Model weights saved to experiments\s2t-cross-lingual_train_full_decoder_6e-3\checkpoints\epoch_16\model_weights.pt
2025-11-12 07:18:30,777 - src.models - INFO - Model metadata saved to experiments\s2t-cross-lingual_train_full_decoder_6e-3\checkpoints\epoch_16\model_metadata.json
2025-11-12 07:18:30,777 - src.models - INFO - Checkpoint saved to experiments\s2t-cross-lingual_train_full_decoder_6e-3\checkpoints\epoch_16
2025-11-12 07:18:30,777 - __main__ - INFO - Model checkpoint saved: experiments\s2t-cross-lingual_train_full_decoder_6e-3\checkpoints\epoch_16
2025-11-12 07:18:30,897 - __main__ - INFO - Optimizer state saved: experiments\s2t-cross-lingual_train_full_decoder_6e-3\checkpoints\epoch_16\optimizer_state.pt
2025-11-12 07:18:30,898 - __main__ - INFO - Scheduler state saved: experiments\s2t-cross-lingual_train_full_decoder_6e-3\checkpoints\epoch_16\scheduler_state.pt
2025-11-12 07:18:30,898 - __main__ - INFO - Experiment metadata saved: experiments\s2t-cross-lingual_train_full_decoder_6e-3\checkpoints\epoch_16\experiment_metadata.json
2025-11-12 07:18:30,925 - __main__ - INFO - Config saved to: experiments\s2t-cross-lingual_train_full_decoder_6e-3\checkpoints\epoch_16\config.yaml
2025-11-12 07:18:30,926 - __main__ - INFO - Metrics saved to: experiments\s2t-cross-lingual_train_full_decoder_6e-3\checkpoints\epoch_16\metrics.json
2025-11-12 07:18:31,059 - __main__ - INFO - Best checkpoint also saved to: experiments\s2t-cross-lingual_train_full_decoder_6e-3\best_checkpoint
2025-11-12 07:18:31,072 - __main__ - INFO - Removed old checkpoint: experiments\s2t-cross-lingual_train_full_decoder_6e-3\checkpoints\epoch_13
2025-11-12 07:18:31,073 - __main__ - INFO - 
Epoch 17/29
2025-11-12 07:20:16,356 - __main__ - INFO - Epoch 17 - Average training loss: 1.1654
2025-11-12 07:20:16,357 - __main__ - INFO - Running validation...
2025-11-12 07:22:37,639 - __main__ - INFO - Computing validation metrics...
2025-11-12 07:22:47,311 - __main__ - INFO - Validation - Epoch 17 - WER: 0.5196, CER: 0.2119
2025-11-12 07:22:47,313 - __main__ - INFO - Current LR: 6.00e-03
2025-11-12 07:22:47,313 - src.models - INFO - CUDA optimizations enabled (cudnn.benchmark=True)
2025-11-12 07:22:47,313 - src.models - INFO - ModelManager initialized
2025-11-12 07:22:47,459 - src.models - INFO - Model weights saved to experiments\s2t-cross-lingual_train_full_decoder_6e-3\checkpoints\epoch_17\model_weights.pt
2025-11-12 07:22:47,462 - src.models - INFO - Model metadata saved to experiments\s2t-cross-lingual_train_full_decoder_6e-3\checkpoints\epoch_17\model_metadata.json
2025-11-12 07:22:47,462 - src.models - INFO - Checkpoint saved to experiments\s2t-cross-lingual_train_full_decoder_6e-3\checkpoints\epoch_17
2025-11-12 07:22:47,462 - __main__ - INFO - Model checkpoint saved: experiments\s2t-cross-lingual_train_full_decoder_6e-3\checkpoints\epoch_17
2025-11-12 07:22:47,626 - __main__ - INFO - Optimizer state saved: experiments\s2t-cross-lingual_train_full_decoder_6e-3\checkpoints\epoch_17\optimizer_state.pt
2025-11-12 07:22:47,627 - __main__ - INFO - Scheduler state saved: experiments\s2t-cross-lingual_train_full_decoder_6e-3\checkpoints\epoch_17\scheduler_state.pt
2025-11-12 07:22:47,627 - __main__ - INFO - Experiment metadata saved: experiments\s2t-cross-lingual_train_full_decoder_6e-3\checkpoints\epoch_17\experiment_metadata.json
2025-11-12 07:22:47,657 - __main__ - INFO - Config saved to: experiments\s2t-cross-lingual_train_full_decoder_6e-3\checkpoints\epoch_17\config.yaml
2025-11-12 07:22:47,658 - __main__ - INFO - Metrics saved to: experiments\s2t-cross-lingual_train_full_decoder_6e-3\checkpoints\epoch_17\metrics.json
2025-11-12 07:22:47,672 - __main__ - INFO - Removed old checkpoint: experiments\s2t-cross-lingual_train_full_decoder_6e-3\checkpoints\epoch_14
2025-11-12 07:22:47,673 - __main__ - INFO - 
Epoch 18/29
2025-11-12 07:24:30,683 - __main__ - INFO - Epoch 18 - Average training loss: 1.1328
2025-11-12 07:24:30,683 - __main__ - INFO - Running validation...
2025-11-12 07:26:51,160 - __main__ - INFO - Computing validation metrics...
2025-11-12 07:27:01,759 - __main__ - INFO - Validation - Epoch 18 - WER: 0.5159, CER: 0.2109
2025-11-12 07:27:01,760 - __main__ - INFO - Current LR: 5.50e-03
2025-11-12 07:27:01,760 - __main__ - INFO - New best WER: 0.5159
2025-11-12 07:27:01,761 - src.models - INFO - CUDA optimizations enabled (cudnn.benchmark=True)
2025-11-12 07:27:01,761 - src.models - INFO - ModelManager initialized
2025-11-12 07:27:01,906 - src.models - INFO - Model weights saved to experiments\s2t-cross-lingual_train_full_decoder_6e-3\checkpoints\epoch_18\model_weights.pt
2025-11-12 07:27:01,908 - src.models - INFO - Model metadata saved to experiments\s2t-cross-lingual_train_full_decoder_6e-3\checkpoints\epoch_18\model_metadata.json
2025-11-12 07:27:01,908 - src.models - INFO - Checkpoint saved to experiments\s2t-cross-lingual_train_full_decoder_6e-3\checkpoints\epoch_18
2025-11-12 07:27:01,909 - __main__ - INFO - Model checkpoint saved: experiments\s2t-cross-lingual_train_full_decoder_6e-3\checkpoints\epoch_18
2025-11-12 07:27:02,049 - __main__ - INFO - Optimizer state saved: experiments\s2t-cross-lingual_train_full_decoder_6e-3\checkpoints\epoch_18\optimizer_state.pt
2025-11-12 07:27:02,050 - __main__ - INFO - Scheduler state saved: experiments\s2t-cross-lingual_train_full_decoder_6e-3\checkpoints\epoch_18\scheduler_state.pt
2025-11-12 07:27:02,051 - __main__ - INFO - Experiment metadata saved: experiments\s2t-cross-lingual_train_full_decoder_6e-3\checkpoints\epoch_18\experiment_metadata.json
2025-11-12 07:27:02,076 - __main__ - INFO - Config saved to: experiments\s2t-cross-lingual_train_full_decoder_6e-3\checkpoints\epoch_18\config.yaml
2025-11-12 07:27:02,077 - __main__ - INFO - Metrics saved to: experiments\s2t-cross-lingual_train_full_decoder_6e-3\checkpoints\epoch_18\metrics.json
2025-11-12 07:27:02,211 - __main__ - INFO - Best checkpoint also saved to: experiments\s2t-cross-lingual_train_full_decoder_6e-3\best_checkpoint
2025-11-12 07:27:02,224 - __main__ - INFO - Removed old checkpoint: experiments\s2t-cross-lingual_train_full_decoder_6e-3\checkpoints\epoch_15
2025-11-12 07:27:02,224 - __main__ - INFO - 
Epoch 19/29
2025-11-12 07:28:44,971 - __main__ - INFO - Epoch 19 - Average training loss: 1.0932
2025-11-12 07:28:44,972 - __main__ - INFO - Running validation...
2025-11-12 07:31:05,767 - __main__ - INFO - Computing validation metrics...
2025-11-12 07:31:14,049 - __main__ - INFO - Validation - Epoch 19 - WER: 0.5065, CER: 0.2100
2025-11-12 07:31:14,050 - __main__ - INFO - Current LR: 5.00e-03
2025-11-12 07:31:14,050 - __main__ - INFO - New best WER: 0.5065
2025-11-12 07:31:14,050 - src.models - INFO - CUDA optimizations enabled (cudnn.benchmark=True)
2025-11-12 07:31:14,050 - src.models - INFO - ModelManager initialized
2025-11-12 07:31:14,200 - src.models - INFO - Model weights saved to experiments\s2t-cross-lingual_train_full_decoder_6e-3\checkpoints\epoch_19\model_weights.pt
2025-11-12 07:31:14,203 - src.models - INFO - Model metadata saved to experiments\s2t-cross-lingual_train_full_decoder_6e-3\checkpoints\epoch_19\model_metadata.json
2025-11-12 07:31:14,203 - src.models - INFO - Checkpoint saved to experiments\s2t-cross-lingual_train_full_decoder_6e-3\checkpoints\epoch_19
2025-11-12 07:31:14,203 - __main__ - INFO - Model checkpoint saved: experiments\s2t-cross-lingual_train_full_decoder_6e-3\checkpoints\epoch_19
2025-11-12 07:31:14,317 - __main__ - INFO - Optimizer state saved: experiments\s2t-cross-lingual_train_full_decoder_6e-3\checkpoints\epoch_19\optimizer_state.pt
2025-11-12 07:31:14,317 - __main__ - INFO - Scheduler state saved: experiments\s2t-cross-lingual_train_full_decoder_6e-3\checkpoints\epoch_19\scheduler_state.pt
2025-11-12 07:31:14,318 - __main__ - INFO - Experiment metadata saved: experiments\s2t-cross-lingual_train_full_decoder_6e-3\checkpoints\epoch_19\experiment_metadata.json
2025-11-12 07:31:14,343 - __main__ - INFO - Config saved to: experiments\s2t-cross-lingual_train_full_decoder_6e-3\checkpoints\epoch_19\config.yaml
2025-11-12 07:31:14,344 - __main__ - INFO - Metrics saved to: experiments\s2t-cross-lingual_train_full_decoder_6e-3\checkpoints\epoch_19\metrics.json
2025-11-12 07:31:14,476 - __main__ - INFO - Best checkpoint also saved to: experiments\s2t-cross-lingual_train_full_decoder_6e-3\best_checkpoint
2025-11-12 07:31:14,489 - __main__ - INFO - Removed old checkpoint: experiments\s2t-cross-lingual_train_full_decoder_6e-3\checkpoints\epoch_16
2025-11-12 07:31:14,489 - __main__ - INFO - 
Epoch 20/29
2025-11-12 07:32:56,279 - __main__ - INFO - Epoch 20 - Average training loss: 1.0437
2025-11-12 07:32:56,280 - __main__ - INFO - Running validation...
2025-11-12 07:35:15,123 - __main__ - INFO - Computing validation metrics...
2025-11-12 07:35:23,326 - __main__ - INFO - Validation - Epoch 20 - WER: 0.4910, CER: 0.2038
2025-11-12 07:35:23,327 - __main__ - INFO - Current LR: 4.50e-03
2025-11-12 07:35:23,327 - __main__ - INFO - New best WER: 0.4910
2025-11-12 07:35:23,327 - src.models - INFO - CUDA optimizations enabled (cudnn.benchmark=True)
2025-11-12 07:35:23,328 - src.models - INFO - ModelManager initialized
2025-11-12 07:35:23,474 - src.models - INFO - Model weights saved to experiments\s2t-cross-lingual_train_full_decoder_6e-3\checkpoints\epoch_20\model_weights.pt
2025-11-12 07:35:23,476 - src.models - INFO - Model metadata saved to experiments\s2t-cross-lingual_train_full_decoder_6e-3\checkpoints\epoch_20\model_metadata.json
2025-11-12 07:35:23,477 - src.models - INFO - Checkpoint saved to experiments\s2t-cross-lingual_train_full_decoder_6e-3\checkpoints\epoch_20
2025-11-12 07:35:23,477 - __main__ - INFO - Model checkpoint saved: experiments\s2t-cross-lingual_train_full_decoder_6e-3\checkpoints\epoch_20
2025-11-12 07:35:23,606 - __main__ - INFO - Optimizer state saved: experiments\s2t-cross-lingual_train_full_decoder_6e-3\checkpoints\epoch_20\optimizer_state.pt
2025-11-12 07:35:23,607 - __main__ - INFO - Scheduler state saved: experiments\s2t-cross-lingual_train_full_decoder_6e-3\checkpoints\epoch_20\scheduler_state.pt
2025-11-12 07:35:23,607 - __main__ - INFO - Experiment metadata saved: experiments\s2t-cross-lingual_train_full_decoder_6e-3\checkpoints\epoch_20\experiment_metadata.json
2025-11-12 07:35:23,633 - __main__ - INFO - Config saved to: experiments\s2t-cross-lingual_train_full_decoder_6e-3\checkpoints\epoch_20\config.yaml
2025-11-12 07:35:23,634 - __main__ - INFO - Metrics saved to: experiments\s2t-cross-lingual_train_full_decoder_6e-3\checkpoints\epoch_20\metrics.json
2025-11-12 07:35:23,806 - __main__ - INFO - Best checkpoint also saved to: experiments\s2t-cross-lingual_train_full_decoder_6e-3\best_checkpoint
2025-11-12 07:35:23,823 - __main__ - INFO - Removed old checkpoint: experiments\s2t-cross-lingual_train_full_decoder_6e-3\checkpoints\epoch_17
2025-11-12 07:35:23,823 - __main__ - INFO - 
Epoch 21/29
2025-11-12 07:37:06,158 - __main__ - INFO - Epoch 21 - Average training loss: 0.9955
2025-11-12 07:37:06,158 - __main__ - INFO - Running validation...
2025-11-12 07:39:25,608 - __main__ - INFO - Computing validation metrics...
2025-11-12 07:39:34,509 - __main__ - INFO - Validation - Epoch 21 - WER: 0.4893, CER: 0.1966
2025-11-12 07:39:34,511 - __main__ - INFO - Current LR: 4.00e-03
2025-11-12 07:39:34,511 - __main__ - INFO - New best WER: 0.4893
2025-11-12 07:39:34,511 - src.models - INFO - CUDA optimizations enabled (cudnn.benchmark=True)
2025-11-12 07:39:34,512 - src.models - INFO - ModelManager initialized
2025-11-12 07:39:34,661 - src.models - INFO - Model weights saved to experiments\s2t-cross-lingual_train_full_decoder_6e-3\checkpoints\epoch_21\model_weights.pt
2025-11-12 07:39:34,664 - src.models - INFO - Model metadata saved to experiments\s2t-cross-lingual_train_full_decoder_6e-3\checkpoints\epoch_21\model_metadata.json
2025-11-12 07:39:34,664 - src.models - INFO - Checkpoint saved to experiments\s2t-cross-lingual_train_full_decoder_6e-3\checkpoints\epoch_21
2025-11-12 07:39:34,664 - __main__ - INFO - Model checkpoint saved: experiments\s2t-cross-lingual_train_full_decoder_6e-3\checkpoints\epoch_21
2025-11-12 07:39:34,832 - __main__ - INFO - Optimizer state saved: experiments\s2t-cross-lingual_train_full_decoder_6e-3\checkpoints\epoch_21\optimizer_state.pt
2025-11-12 07:39:34,833 - __main__ - INFO - Scheduler state saved: experiments\s2t-cross-lingual_train_full_decoder_6e-3\checkpoints\epoch_21\scheduler_state.pt
2025-11-12 07:39:34,834 - __main__ - INFO - Experiment metadata saved: experiments\s2t-cross-lingual_train_full_decoder_6e-3\checkpoints\epoch_21\experiment_metadata.json
2025-11-12 07:39:34,861 - __main__ - INFO - Config saved to: experiments\s2t-cross-lingual_train_full_decoder_6e-3\checkpoints\epoch_21\config.yaml
2025-11-12 07:39:34,861 - __main__ - INFO - Metrics saved to: experiments\s2t-cross-lingual_train_full_decoder_6e-3\checkpoints\epoch_21\metrics.json
2025-11-12 07:39:35,002 - __main__ - INFO - Best checkpoint also saved to: experiments\s2t-cross-lingual_train_full_decoder_6e-3\best_checkpoint
2025-11-12 07:39:35,015 - __main__ - INFO - Removed old checkpoint: experiments\s2t-cross-lingual_train_full_decoder_6e-3\checkpoints\epoch_18
2025-11-12 07:39:35,015 - __main__ - INFO - 
Epoch 22/29
2025-11-12 07:41:17,454 - __main__ - INFO - Epoch 22 - Average training loss: 0.9508
2025-11-12 07:41:17,455 - __main__ - INFO - Running validation...
2025-11-12 07:43:36,065 - __main__ - INFO - Computing validation metrics...
2025-11-12 07:43:44,836 - __main__ - INFO - Validation - Epoch 22 - WER: 0.4820, CER: 0.1975
2025-11-12 07:43:44,838 - __main__ - INFO - Current LR: 3.50e-03
2025-11-12 07:43:44,838 - __main__ - INFO - New best WER: 0.4820
2025-11-12 07:43:44,838 - src.models - INFO - CUDA optimizations enabled (cudnn.benchmark=True)
2025-11-12 07:43:44,838 - src.models - INFO - ModelManager initialized
2025-11-12 07:43:44,988 - src.models - INFO - Model weights saved to experiments\s2t-cross-lingual_train_full_decoder_6e-3\checkpoints\epoch_22\model_weights.pt
2025-11-12 07:43:44,990 - src.models - INFO - Model metadata saved to experiments\s2t-cross-lingual_train_full_decoder_6e-3\checkpoints\epoch_22\model_metadata.json
2025-11-12 07:43:44,990 - src.models - INFO - Checkpoint saved to experiments\s2t-cross-lingual_train_full_decoder_6e-3\checkpoints\epoch_22
2025-11-12 07:43:44,991 - __main__ - INFO - Model checkpoint saved: experiments\s2t-cross-lingual_train_full_decoder_6e-3\checkpoints\epoch_22
2025-11-12 07:43:45,106 - __main__ - INFO - Optimizer state saved: experiments\s2t-cross-lingual_train_full_decoder_6e-3\checkpoints\epoch_22\optimizer_state.pt
2025-11-12 07:43:45,107 - __main__ - INFO - Scheduler state saved: experiments\s2t-cross-lingual_train_full_decoder_6e-3\checkpoints\epoch_22\scheduler_state.pt
2025-11-12 07:43:45,107 - __main__ - INFO - Experiment metadata saved: experiments\s2t-cross-lingual_train_full_decoder_6e-3\checkpoints\epoch_22\experiment_metadata.json
2025-11-12 07:43:45,140 - __main__ - INFO - Config saved to: experiments\s2t-cross-lingual_train_full_decoder_6e-3\checkpoints\epoch_22\config.yaml
2025-11-12 07:43:45,140 - __main__ - INFO - Metrics saved to: experiments\s2t-cross-lingual_train_full_decoder_6e-3\checkpoints\epoch_22\metrics.json
2025-11-12 07:43:45,276 - __main__ - INFO - Best checkpoint also saved to: experiments\s2t-cross-lingual_train_full_decoder_6e-3\best_checkpoint
2025-11-12 07:43:45,289 - __main__ - INFO - Removed old checkpoint: experiments\s2t-cross-lingual_train_full_decoder_6e-3\checkpoints\epoch_19
2025-11-12 07:43:45,289 - __main__ - INFO - 
Epoch 23/29
2025-11-12 07:45:27,937 - __main__ - INFO - Epoch 23 - Average training loss: 0.9046
2025-11-12 07:45:27,938 - __main__ - INFO - Running validation...
2025-11-12 07:47:51,549 - __main__ - INFO - Computing validation metrics...
2025-11-12 07:48:00,408 - __main__ - INFO - Validation - Epoch 23 - WER: 0.4705, CER: 0.1888
2025-11-12 07:48:00,409 - __main__ - INFO - Current LR: 3.00e-03
2025-11-12 07:48:00,409 - __main__ - INFO - New best WER: 0.4705
2025-11-12 07:48:00,410 - src.models - INFO - CUDA optimizations enabled (cudnn.benchmark=True)
2025-11-12 07:48:00,410 - src.models - INFO - ModelManager initialized
2025-11-12 07:48:00,561 - src.models - INFO - Model weights saved to experiments\s2t-cross-lingual_train_full_decoder_6e-3\checkpoints\epoch_23\model_weights.pt
2025-11-12 07:48:00,564 - src.models - INFO - Model metadata saved to experiments\s2t-cross-lingual_train_full_decoder_6e-3\checkpoints\epoch_23\model_metadata.json
2025-11-12 07:48:00,564 - src.models - INFO - Checkpoint saved to experiments\s2t-cross-lingual_train_full_decoder_6e-3\checkpoints\epoch_23
2025-11-12 07:48:00,564 - __main__ - INFO - Model checkpoint saved: experiments\s2t-cross-lingual_train_full_decoder_6e-3\checkpoints\epoch_23
2025-11-12 07:48:00,675 - __main__ - INFO - Optimizer state saved: experiments\s2t-cross-lingual_train_full_decoder_6e-3\checkpoints\epoch_23\optimizer_state.pt
2025-11-12 07:48:00,675 - __main__ - INFO - Scheduler state saved: experiments\s2t-cross-lingual_train_full_decoder_6e-3\checkpoints\epoch_23\scheduler_state.pt
2025-11-12 07:48:00,677 - __main__ - INFO - Experiment metadata saved: experiments\s2t-cross-lingual_train_full_decoder_6e-3\checkpoints\epoch_23\experiment_metadata.json
2025-11-12 07:48:00,709 - __main__ - INFO - Config saved to: experiments\s2t-cross-lingual_train_full_decoder_6e-3\checkpoints\epoch_23\config.yaml
2025-11-12 07:48:00,710 - __main__ - INFO - Metrics saved to: experiments\s2t-cross-lingual_train_full_decoder_6e-3\checkpoints\epoch_23\metrics.json
2025-11-12 07:48:00,847 - __main__ - INFO - Best checkpoint also saved to: experiments\s2t-cross-lingual_train_full_decoder_6e-3\best_checkpoint
2025-11-12 07:48:00,860 - __main__ - INFO - Removed old checkpoint: experiments\s2t-cross-lingual_train_full_decoder_6e-3\checkpoints\epoch_20
2025-11-12 07:48:00,860 - __main__ - INFO - 
Epoch 24/29
2025-11-12 07:49:44,215 - __main__ - INFO - Epoch 24 - Average training loss: 0.8614
2025-11-12 07:49:44,215 - __main__ - INFO - Running validation...
2025-11-12 07:52:04,496 - __main__ - INFO - Computing validation metrics...
2025-11-12 07:52:13,150 - __main__ - INFO - Validation - Epoch 24 - WER: 0.4743, CER: 0.1927
2025-11-12 07:52:13,152 - __main__ - INFO - Current LR: 2.50e-03
2025-11-12 07:52:13,153 - src.models - INFO - CUDA optimizations enabled (cudnn.benchmark=True)
2025-11-12 07:52:13,153 - src.models - INFO - ModelManager initialized
2025-11-12 07:52:13,305 - src.models - INFO - Model weights saved to experiments\s2t-cross-lingual_train_full_decoder_6e-3\checkpoints\epoch_24\model_weights.pt
2025-11-12 07:52:13,308 - src.models - INFO - Model metadata saved to experiments\s2t-cross-lingual_train_full_decoder_6e-3\checkpoints\epoch_24\model_metadata.json
2025-11-12 07:52:13,308 - src.models - INFO - Checkpoint saved to experiments\s2t-cross-lingual_train_full_decoder_6e-3\checkpoints\epoch_24
2025-11-12 07:52:13,308 - __main__ - INFO - Model checkpoint saved: experiments\s2t-cross-lingual_train_full_decoder_6e-3\checkpoints\epoch_24
2025-11-12 07:52:13,443 - __main__ - INFO - Optimizer state saved: experiments\s2t-cross-lingual_train_full_decoder_6e-3\checkpoints\epoch_24\optimizer_state.pt
2025-11-12 07:52:13,444 - __main__ - INFO - Scheduler state saved: experiments\s2t-cross-lingual_train_full_decoder_6e-3\checkpoints\epoch_24\scheduler_state.pt
2025-11-12 07:52:13,444 - __main__ - INFO - Experiment metadata saved: experiments\s2t-cross-lingual_train_full_decoder_6e-3\checkpoints\epoch_24\experiment_metadata.json
2025-11-12 07:52:13,478 - __main__ - INFO - Config saved to: experiments\s2t-cross-lingual_train_full_decoder_6e-3\checkpoints\epoch_24\config.yaml
2025-11-12 07:52:13,479 - __main__ - INFO - Metrics saved to: experiments\s2t-cross-lingual_train_full_decoder_6e-3\checkpoints\epoch_24\metrics.json
2025-11-12 07:52:13,492 - __main__ - INFO - Removed old checkpoint: experiments\s2t-cross-lingual_train_full_decoder_6e-3\checkpoints\epoch_21
2025-11-12 07:52:13,492 - __main__ - INFO - 
Epoch 25/29
2025-11-12 07:53:56,415 - __main__ - INFO - Epoch 25 - Average training loss: 0.8196
2025-11-12 07:53:56,416 - __main__ - INFO - Running validation...
2025-11-12 07:56:15,778 - __main__ - INFO - Computing validation metrics...
2025-11-12 07:56:28,097 - __main__ - INFO - Validation - Epoch 25 - WER: 0.4673, CER: 0.1925
2025-11-12 07:56:28,099 - __main__ - INFO - Current LR: 2.00e-03
2025-11-12 07:56:28,099 - __main__ - INFO - New best WER: 0.4673
2025-11-12 07:56:28,099 - src.models - INFO - CUDA optimizations enabled (cudnn.benchmark=True)
2025-11-12 07:56:28,099 - src.models - INFO - ModelManager initialized
2025-11-12 07:56:28,246 - src.models - INFO - Model weights saved to experiments\s2t-cross-lingual_train_full_decoder_6e-3\checkpoints\epoch_25\model_weights.pt
2025-11-12 07:56:28,355 - src.models - INFO - Model metadata saved to experiments\s2t-cross-lingual_train_full_decoder_6e-3\checkpoints\epoch_25\model_metadata.json
2025-11-12 07:56:28,356 - src.models - INFO - Checkpoint saved to experiments\s2t-cross-lingual_train_full_decoder_6e-3\checkpoints\epoch_25
2025-11-12 07:56:28,356 - __main__ - INFO - Model checkpoint saved: experiments\s2t-cross-lingual_train_full_decoder_6e-3\checkpoints\epoch_25
2025-11-12 07:56:28,491 - __main__ - INFO - Optimizer state saved: experiments\s2t-cross-lingual_train_full_decoder_6e-3\checkpoints\epoch_25\optimizer_state.pt
2025-11-12 07:56:28,491 - __main__ - INFO - Scheduler state saved: experiments\s2t-cross-lingual_train_full_decoder_6e-3\checkpoints\epoch_25\scheduler_state.pt
2025-11-12 07:56:28,492 - __main__ - INFO - Experiment metadata saved: experiments\s2t-cross-lingual_train_full_decoder_6e-3\checkpoints\epoch_25\experiment_metadata.json
2025-11-12 07:56:28,524 - __main__ - INFO - Config saved to: experiments\s2t-cross-lingual_train_full_decoder_6e-3\checkpoints\epoch_25\config.yaml
2025-11-12 07:56:28,525 - __main__ - INFO - Metrics saved to: experiments\s2t-cross-lingual_train_full_decoder_6e-3\checkpoints\epoch_25\metrics.json
2025-11-12 07:56:28,664 - __main__ - INFO - Best checkpoint also saved to: experiments\s2t-cross-lingual_train_full_decoder_6e-3\best_checkpoint
2025-11-12 07:56:28,677 - __main__ - INFO - Removed old checkpoint: experiments\s2t-cross-lingual_train_full_decoder_6e-3\checkpoints\epoch_22
2025-11-12 07:56:28,678 - __main__ - INFO - 
Epoch 26/29
2025-11-12 07:58:12,754 - __main__ - INFO - Epoch 26 - Average training loss: 0.7849
2025-11-12 07:58:12,754 - __main__ - INFO - Running validation...
2025-11-12 08:00:32,712 - __main__ - INFO - Computing validation metrics...
2025-11-12 08:00:43,155 - __main__ - INFO - Validation - Epoch 26 - WER: 0.4630, CER: 0.1888
2025-11-12 08:00:43,156 - __main__ - INFO - Current LR: 1.50e-03
2025-11-12 08:00:43,157 - __main__ - INFO - New best WER: 0.4630
2025-11-12 08:00:43,157 - src.models - INFO - CUDA optimizations enabled (cudnn.benchmark=True)
2025-11-12 08:00:43,157 - src.models - INFO - ModelManager initialized
2025-11-12 08:00:43,299 - src.models - INFO - Model weights saved to experiments\s2t-cross-lingual_train_full_decoder_6e-3\checkpoints\epoch_26\model_weights.pt
2025-11-12 08:00:43,302 - src.models - INFO - Model metadata saved to experiments\s2t-cross-lingual_train_full_decoder_6e-3\checkpoints\epoch_26\model_metadata.json
2025-11-12 08:00:43,302 - src.models - INFO - Checkpoint saved to experiments\s2t-cross-lingual_train_full_decoder_6e-3\checkpoints\epoch_26
2025-11-12 08:00:43,302 - __main__ - INFO - Model checkpoint saved: experiments\s2t-cross-lingual_train_full_decoder_6e-3\checkpoints\epoch_26
2025-11-12 08:00:43,430 - __main__ - INFO - Optimizer state saved: experiments\s2t-cross-lingual_train_full_decoder_6e-3\checkpoints\epoch_26\optimizer_state.pt
2025-11-12 08:00:43,432 - __main__ - INFO - Scheduler state saved: experiments\s2t-cross-lingual_train_full_decoder_6e-3\checkpoints\epoch_26\scheduler_state.pt
2025-11-12 08:00:43,432 - __main__ - INFO - Experiment metadata saved: experiments\s2t-cross-lingual_train_full_decoder_6e-3\checkpoints\epoch_26\experiment_metadata.json
2025-11-12 08:00:43,462 - __main__ - INFO - Config saved to: experiments\s2t-cross-lingual_train_full_decoder_6e-3\checkpoints\epoch_26\config.yaml
2025-11-12 08:00:43,463 - __main__ - INFO - Metrics saved to: experiments\s2t-cross-lingual_train_full_decoder_6e-3\checkpoints\epoch_26\metrics.json
2025-11-12 08:00:43,596 - __main__ - INFO - Best checkpoint also saved to: experiments\s2t-cross-lingual_train_full_decoder_6e-3\best_checkpoint
2025-11-12 08:00:43,610 - __main__ - INFO - Removed old checkpoint: experiments\s2t-cross-lingual_train_full_decoder_6e-3\checkpoints\epoch_23
2025-11-12 08:00:43,610 - __main__ - INFO - 
Epoch 27/29
2025-11-12 08:02:28,198 - __main__ - INFO - Epoch 27 - Average training loss: 0.7442
2025-11-12 08:02:28,199 - __main__ - INFO - Running validation...
2025-11-12 08:04:55,903 - __main__ - INFO - Computing validation metrics...
2025-11-12 08:05:04,756 - __main__ - INFO - Validation - Epoch 27 - WER: 0.4619, CER: 0.1881
2025-11-12 08:05:04,757 - __main__ - INFO - Current LR: 1.00e-03
2025-11-12 08:05:04,757 - __main__ - INFO - New best WER: 0.4619
2025-11-12 08:05:04,758 - src.models - INFO - CUDA optimizations enabled (cudnn.benchmark=True)
2025-11-12 08:05:04,758 - src.models - INFO - ModelManager initialized
2025-11-12 08:05:04,905 - src.models - INFO - Model weights saved to experiments\s2t-cross-lingual_train_full_decoder_6e-3\checkpoints\epoch_27\model_weights.pt
2025-11-12 08:05:04,907 - src.models - INFO - Model metadata saved to experiments\s2t-cross-lingual_train_full_decoder_6e-3\checkpoints\epoch_27\model_metadata.json
2025-11-12 08:05:04,907 - src.models - INFO - Checkpoint saved to experiments\s2t-cross-lingual_train_full_decoder_6e-3\checkpoints\epoch_27
2025-11-12 08:05:04,907 - __main__ - INFO - Model checkpoint saved: experiments\s2t-cross-lingual_train_full_decoder_6e-3\checkpoints\epoch_27
2025-11-12 08:05:05,020 - __main__ - INFO - Optimizer state saved: experiments\s2t-cross-lingual_train_full_decoder_6e-3\checkpoints\epoch_27\optimizer_state.pt
2025-11-12 08:05:05,021 - __main__ - INFO - Scheduler state saved: experiments\s2t-cross-lingual_train_full_decoder_6e-3\checkpoints\epoch_27\scheduler_state.pt
2025-11-12 08:05:05,021 - __main__ - INFO - Experiment metadata saved: experiments\s2t-cross-lingual_train_full_decoder_6e-3\checkpoints\epoch_27\experiment_metadata.json
2025-11-12 08:05:05,052 - __main__ - INFO - Config saved to: experiments\s2t-cross-lingual_train_full_decoder_6e-3\checkpoints\epoch_27\config.yaml
2025-11-12 08:05:05,053 - __main__ - INFO - Metrics saved to: experiments\s2t-cross-lingual_train_full_decoder_6e-3\checkpoints\epoch_27\metrics.json
2025-11-12 08:05:05,194 - __main__ - INFO - Best checkpoint also saved to: experiments\s2t-cross-lingual_train_full_decoder_6e-3\best_checkpoint
2025-11-12 08:05:05,207 - __main__ - INFO - Removed old checkpoint: experiments\s2t-cross-lingual_train_full_decoder_6e-3\checkpoints\epoch_24
2025-11-12 08:05:05,207 - __main__ - INFO - 
Epoch 28/29
2025-11-12 08:06:49,305 - __main__ - INFO - Epoch 28 - Average training loss: 0.7110
2025-11-12 08:06:49,305 - __main__ - INFO - Running validation...
2025-11-12 08:09:16,506 - __main__ - INFO - Computing validation metrics...
2025-11-12 08:09:24,965 - __main__ - INFO - Validation - Epoch 28 - WER: 0.4586, CER: 0.1871
2025-11-12 08:09:24,967 - __main__ - INFO - Current LR: 5.00e-04
2025-11-12 08:09:24,967 - __main__ - INFO - New best WER: 0.4586
2025-11-12 08:09:24,967 - src.models - INFO - CUDA optimizations enabled (cudnn.benchmark=True)
2025-11-12 08:09:24,968 - src.models - INFO - ModelManager initialized
2025-11-12 08:09:25,125 - src.models - INFO - Model weights saved to experiments\s2t-cross-lingual_train_full_decoder_6e-3\checkpoints\epoch_28\model_weights.pt
2025-11-12 08:09:25,127 - src.models - INFO - Model metadata saved to experiments\s2t-cross-lingual_train_full_decoder_6e-3\checkpoints\epoch_28\model_metadata.json
2025-11-12 08:09:25,128 - src.models - INFO - Checkpoint saved to experiments\s2t-cross-lingual_train_full_decoder_6e-3\checkpoints\epoch_28
2025-11-12 08:09:25,128 - __main__ - INFO - Model checkpoint saved: experiments\s2t-cross-lingual_train_full_decoder_6e-3\checkpoints\epoch_28
2025-11-12 08:09:25,263 - __main__ - INFO - Optimizer state saved: experiments\s2t-cross-lingual_train_full_decoder_6e-3\checkpoints\epoch_28\optimizer_state.pt
2025-11-12 08:09:25,264 - __main__ - INFO - Scheduler state saved: experiments\s2t-cross-lingual_train_full_decoder_6e-3\checkpoints\epoch_28\scheduler_state.pt
2025-11-12 08:09:25,265 - __main__ - INFO - Experiment metadata saved: experiments\s2t-cross-lingual_train_full_decoder_6e-3\checkpoints\epoch_28\experiment_metadata.json
2025-11-12 08:09:25,298 - __main__ - INFO - Config saved to: experiments\s2t-cross-lingual_train_full_decoder_6e-3\checkpoints\epoch_28\config.yaml
2025-11-12 08:09:25,299 - __main__ - INFO - Metrics saved to: experiments\s2t-cross-lingual_train_full_decoder_6e-3\checkpoints\epoch_28\metrics.json
2025-11-12 08:09:25,443 - __main__ - INFO - Best checkpoint also saved to: experiments\s2t-cross-lingual_train_full_decoder_6e-3\best_checkpoint
2025-11-12 08:09:25,457 - __main__ - INFO - Removed old checkpoint: experiments\s2t-cross-lingual_train_full_decoder_6e-3\checkpoints\epoch_25
2025-11-12 08:09:25,457 - __main__ - INFO - 
Epoch 29/29
2025-11-12 08:11:19,803 - __main__ - INFO - Epoch 29 - Average training loss: 0.6787
2025-11-12 08:11:19,804 - __main__ - INFO - Running validation...
2025-11-12 08:13:41,552 - __main__ - INFO - Computing validation metrics...
2025-11-12 08:13:51,071 - __main__ - INFO - Validation - Epoch 29 - WER: 0.4558, CER: 0.1865
2025-11-12 08:13:51,072 - __main__ - INFO - Current LR: 0.00e+00
2025-11-12 08:13:51,072 - __main__ - INFO - New best WER: 0.4558
2025-11-12 08:13:51,073 - src.models - INFO - CUDA optimizations enabled (cudnn.benchmark=True)
2025-11-12 08:13:51,073 - src.models - INFO - ModelManager initialized
2025-11-12 08:13:51,217 - src.models - INFO - Model weights saved to experiments\s2t-cross-lingual_train_full_decoder_6e-3\checkpoints\epoch_29\model_weights.pt
2025-11-12 08:13:51,219 - src.models - INFO - Model metadata saved to experiments\s2t-cross-lingual_train_full_decoder_6e-3\checkpoints\epoch_29\model_metadata.json
2025-11-12 08:13:51,219 - src.models - INFO - Checkpoint saved to experiments\s2t-cross-lingual_train_full_decoder_6e-3\checkpoints\epoch_29
2025-11-12 08:13:51,219 - __main__ - INFO - Model checkpoint saved: experiments\s2t-cross-lingual_train_full_decoder_6e-3\checkpoints\epoch_29
2025-11-12 08:13:51,341 - __main__ - INFO - Optimizer state saved: experiments\s2t-cross-lingual_train_full_decoder_6e-3\checkpoints\epoch_29\optimizer_state.pt
2025-11-12 08:13:51,342 - __main__ - INFO - Scheduler state saved: experiments\s2t-cross-lingual_train_full_decoder_6e-3\checkpoints\epoch_29\scheduler_state.pt
2025-11-12 08:13:51,342 - __main__ - INFO - Experiment metadata saved: experiments\s2t-cross-lingual_train_full_decoder_6e-3\checkpoints\epoch_29\experiment_metadata.json
2025-11-12 08:13:51,378 - __main__ - INFO - Config saved to: experiments\s2t-cross-lingual_train_full_decoder_6e-3\checkpoints\epoch_29\config.yaml
2025-11-12 08:13:51,379 - __main__ - INFO - Metrics saved to: experiments\s2t-cross-lingual_train_full_decoder_6e-3\checkpoints\epoch_29\metrics.json
2025-11-12 08:13:51,522 - __main__ - INFO - Best checkpoint also saved to: experiments\s2t-cross-lingual_train_full_decoder_6e-3\best_checkpoint
2025-11-12 08:13:51,535 - __main__ - INFO - Removed old checkpoint: experiments\s2t-cross-lingual_train_full_decoder_6e-3\checkpoints\epoch_26
2025-11-12 08:13:51,536 - __main__ - INFO - ============================================================
2025-11-12 08:13:51,536 - __main__ - INFO - Training completed!
2025-11-12 08:13:51,536 - __main__ - INFO - Total training time: 2:06:28.584252
2025-11-12 08:13:51,536 - __main__ - INFO - Best WER: 0.4558 (Epoch 29)
2025-11-12 08:13:51,536 - __main__ - INFO - ============================================================
2025-11-12 08:13:51,537 - __main__ - INFO - ============================================================
2025-11-12 08:13:51,537 - __main__ - INFO - Running final evaluation on test set...
2025-11-12 08:13:51,537 - __main__ - INFO - ============================================================
2025-11-12 08:13:51,538 - src.data - INFO - Loading test split from TSV file C:\Users\User\Documents\Progs\Projects\seepch_to_text\data\cv-corpus-22.0-2025-06-20\ru\test.tsv...
2025-11-12 08:13:51,571 - src.data - INFO - Loaded 10,244 samples from test split
2025-11-12 08:13:51,571 - src.data - INFO - Loading clip durations from clip_durations.tsv...
2025-11-12 08:13:51,708 - src.data - INFO - Merged durations for 10244 samples
2025-11-12 08:13:51,710 - src.data - INFO - Pre-filtered 0 samples by metadata duration (min: 0.2s, max: 30.0s). Final filtering after trim_silence happens in AudioPreprocessor.
2025-11-12 08:13:51,710 - src.data - INFO - After filtering: 10,244 samples remaining
2025-11-12 08:13:51,710 - src.data - INFO - Cached test split with 10244 samples
2025-11-12 08:13:53,306 - src.data - INFO - Extracted from Speech2Text config (CPU mode): max_source_positions=6000, max_target_positions=1024
2025-11-12 08:13:53,307 - __main__ - INFO - Test dataset size: 10244
2025-11-12 08:13:53,307 - src.data - INFO - Initialized AudioCollator with device: cpu, model_type: speech2text, labels padding: -100, transpose_features: True
2025-11-12 08:16:23,250 - __main__ - INFO - Computing test metrics...
2025-11-12 08:16:32,038 - __main__ - INFO - ============================================================
2025-11-12 08:16:32,038 - __main__ - INFO - Test Set Results:
2025-11-12 08:16:32,038 - __main__ - INFO - ============================================================
2025-11-12 08:16:32,038 - __main__ - INFO - Word Error Rate (WER): 0.4908 (49.08%)
2025-11-12 08:16:32,039 - __main__ - INFO - Character Error Rate (CER): 0.2127 (21.27%)
2025-11-12 08:16:32,039 - __main__ - INFO - BLEU Score: 0.3575
2025-11-12 08:16:32,039 - __main__ - INFO - Substitutions: 33,293
2025-11-12 08:16:32,039 - __main__ - INFO - Deletions: 3,842
2025-11-12 08:16:32,039 - __main__ - INFO - Insertions: 5,178
2025-11-12 08:16:32,039 - __main__ - INFO - Correct Words: 49,072
2025-11-12 08:16:32,039 - __main__ - INFO - ============================================================
2025-11-12 08:16:32,040 - __main__ - INFO - Test metrics saved to: experiments\s2t-cross-lingual_train_full_decoder_6e-3\test_results.json
2025-11-12 08:16:32,079 - __main__ - INFO - Test predictions saved to: experiments\s2t-cross-lingual_train_full_decoder_6e-3\test_predictions.csv
2025-11-12 08:16:32,081 - __main__ - INFO - ============================================================
2025-11-12 08:16:32,081 - __main__ - INFO - All done!
2025-11-12 08:16:32,081 - __main__ - INFO - Results saved to: experiments\s2t-cross-lingual_train_full_decoder_6e-3
2025-11-12 08:16:32,082 - __main__ - INFO - TensorBoard: tensorboard --logdir experiments\s2t-cross-lingual_train_full_decoder_6e-3/tensorboard
2025-11-12 08:16:32,082 - __main__ - INFO - ============================================================
