2025-11-12 04:22:54,817 - src.utils - INFO - Logging setup complete. Level: INFO
2025-11-12 04:22:54,817 - src.utils - INFO - Log file: experiments\s2t-cross-lingual_train_full_decoder_3e-3\training.log
2025-11-12 04:22:54,817 - src.utils - INFO - Experiment directory: experiments\s2t-cross-lingual_train_full_decoder_3e-3
2025-11-12 04:22:54,818 - src.utils - INFO - Log file: experiments\s2t-cross-lingual_train_full_decoder_3e-3\training.log
2025-11-12 04:22:54,818 - src.utils - INFO - Checkpoints directory: experiments\s2t-cross-lingual_train_full_decoder_3e-3\checkpoints
2025-11-12 04:22:54,818 - src.utils - INFO - Experiment path: experiments\baselines\s2t-cross-lingual
2025-11-12 04:22:54,818 - src.utils - INFO - Resume training: False
2025-11-12 04:22:54,919 - src.utils - INFO - Configuration saved to: experiments\s2t-cross-lingual_train_full_decoder_3e-3\config.yaml
2025-11-12 04:22:54,949 - __main__ - INFO - Using GPU: NVIDIA GeForce RTX 4070 Ti
2025-11-12 04:22:54,949 - __main__ - INFO - GPU Memory: 11.99 GB
2025-11-12 04:22:54,950 - __main__ - INFO - Model parameters: 29,536,256 total, 12,033,024 trainable
2025-11-12 04:22:54,950 - __main__ - INFO - Train dataset size: 26654
2025-11-12 04:22:54,951 - __main__ - INFO - Validation dataset size: 10243
2025-11-12 04:22:54,951 - src.data - INFO - Initialized AudioCollator with device: cpu, model_type: speech2text, labels padding: -100, transpose_features: True
2025-11-12 04:22:54,951 - __main__ - INFO - Training batches per epoch: 417
2025-11-12 04:22:54,952 - __main__ - INFO - Validation batches: 81
2025-11-12 04:22:54,952 - __main__ - INFO - Total training steps: 8340
2025-11-12 04:22:54,952 - __main__ - INFO - Creating warmup_plateau_decay scheduler with total_steps=8340
2025-11-12 04:22:54,953 - __main__ - INFO - No scheduler_state.pt found - using fresh scheduler
2025-11-12 04:22:54,953 - __main__ - INFO - Using optimizer: AdamW (lr=0.003)
2025-11-12 04:22:54,953 - __main__ - INFO - Using scheduler: warmup_plateau_decay
2025-11-12 04:22:54,953 - __main__ - INFO - Starting from epoch 0, global_step 0
2025-11-12 04:22:54,954 - __main__ - INFO - ============================================================
2025-11-12 04:22:54,954 - __main__ - INFO - Starting training...
2025-11-12 04:22:54,954 - __main__ - INFO - ============================================================
2025-11-12 04:22:54,954 - __main__ - INFO - 
Epoch 0/19
2025-11-12 04:24:42,871 - __main__ - INFO - Epoch 0 - Average training loss: 5.5857
2025-11-12 04:24:42,872 - __main__ - INFO - Running validation...
2025-11-12 04:27:05,150 - __main__ - INFO - Computing validation metrics...
2025-11-12 04:27:14,047 - __main__ - INFO - Validation - Epoch 0 - WER: 0.8857, CER: 0.4843
2025-11-12 04:27:14,047 - __main__ - INFO - Current LR: 1.50e-03
2025-11-12 04:27:14,048 - __main__ - INFO - New best WER: 0.8857
2025-11-12 04:27:14,048 - src.models - INFO - CUDA optimizations enabled (cudnn.benchmark=True)
2025-11-12 04:27:14,048 - src.models - INFO - ModelManager initialized
2025-11-12 04:27:14,181 - src.models - INFO - Model weights saved to experiments\s2t-cross-lingual_train_full_decoder_3e-3\checkpoints\epoch_0\model_weights.pt
2025-11-12 04:27:14,184 - src.models - INFO - Model metadata saved to experiments\s2t-cross-lingual_train_full_decoder_3e-3\checkpoints\epoch_0\model_metadata.json
2025-11-12 04:27:14,185 - src.models - INFO - Checkpoint saved to experiments\s2t-cross-lingual_train_full_decoder_3e-3\checkpoints\epoch_0
2025-11-12 04:27:14,185 - __main__ - INFO - Model checkpoint saved: experiments\s2t-cross-lingual_train_full_decoder_3e-3\checkpoints\epoch_0
2025-11-12 04:27:14,295 - __main__ - INFO - Optimizer state saved: experiments\s2t-cross-lingual_train_full_decoder_3e-3\checkpoints\epoch_0\optimizer_state.pt
2025-11-12 04:27:14,298 - __main__ - INFO - Scheduler state saved: experiments\s2t-cross-lingual_train_full_decoder_3e-3\checkpoints\epoch_0\scheduler_state.pt
2025-11-12 04:27:14,298 - __main__ - INFO - Experiment metadata saved: experiments\s2t-cross-lingual_train_full_decoder_3e-3\checkpoints\epoch_0\experiment_metadata.json
2025-11-12 04:27:14,326 - __main__ - INFO - Config saved to: experiments\s2t-cross-lingual_train_full_decoder_3e-3\checkpoints\epoch_0\config.yaml
2025-11-12 04:27:14,326 - __main__ - INFO - Metrics saved to: experiments\s2t-cross-lingual_train_full_decoder_3e-3\checkpoints\epoch_0\metrics.json
2025-11-12 04:27:14,445 - __main__ - INFO - Best checkpoint also saved to: experiments\s2t-cross-lingual_train_full_decoder_3e-3\best_checkpoint
2025-11-12 04:27:14,446 - __main__ - INFO - 
Epoch 1/19
2025-11-12 04:28:55,862 - __main__ - INFO - Epoch 1 - Average training loss: 2.6827
2025-11-12 04:28:55,863 - __main__ - INFO - Running validation...
2025-11-12 04:31:11,732 - __main__ - INFO - Computing validation metrics...
2025-11-12 04:31:21,304 - __main__ - INFO - Validation - Epoch 1 - WER: 0.7236, CER: 0.3103
2025-11-12 04:31:21,305 - __main__ - INFO - Current LR: 3.00e-03
2025-11-12 04:31:21,305 - __main__ - INFO - New best WER: 0.7236
2025-11-12 04:31:21,305 - src.models - INFO - CUDA optimizations enabled (cudnn.benchmark=True)
2025-11-12 04:31:21,306 - src.models - INFO - ModelManager initialized
2025-11-12 04:31:21,440 - src.models - INFO - Model weights saved to experiments\s2t-cross-lingual_train_full_decoder_3e-3\checkpoints\epoch_1\model_weights.pt
2025-11-12 04:31:21,442 - src.models - INFO - Model metadata saved to experiments\s2t-cross-lingual_train_full_decoder_3e-3\checkpoints\epoch_1\model_metadata.json
2025-11-12 04:31:21,443 - src.models - INFO - Checkpoint saved to experiments\s2t-cross-lingual_train_full_decoder_3e-3\checkpoints\epoch_1
2025-11-12 04:31:21,443 - __main__ - INFO - Model checkpoint saved: experiments\s2t-cross-lingual_train_full_decoder_3e-3\checkpoints\epoch_1
2025-11-12 04:31:21,557 - __main__ - INFO - Optimizer state saved: experiments\s2t-cross-lingual_train_full_decoder_3e-3\checkpoints\epoch_1\optimizer_state.pt
2025-11-12 04:31:21,566 - __main__ - INFO - Scheduler state saved: experiments\s2t-cross-lingual_train_full_decoder_3e-3\checkpoints\epoch_1\scheduler_state.pt
2025-11-12 04:31:21,567 - __main__ - INFO - Experiment metadata saved: experiments\s2t-cross-lingual_train_full_decoder_3e-3\checkpoints\epoch_1\experiment_metadata.json
2025-11-12 04:31:21,594 - __main__ - INFO - Config saved to: experiments\s2t-cross-lingual_train_full_decoder_3e-3\checkpoints\epoch_1\config.yaml
2025-11-12 04:31:21,595 - __main__ - INFO - Metrics saved to: experiments\s2t-cross-lingual_train_full_decoder_3e-3\checkpoints\epoch_1\metrics.json
2025-11-12 04:31:21,716 - __main__ - INFO - Best checkpoint also saved to: experiments\s2t-cross-lingual_train_full_decoder_3e-3\best_checkpoint
2025-11-12 04:31:21,716 - __main__ - INFO - 
Epoch 2/19
2025-11-12 04:33:03,078 - __main__ - INFO - Epoch 2 - Average training loss: 2.1450
2025-11-12 04:33:03,079 - __main__ - INFO - Running validation...
2025-11-12 04:35:18,899 - __main__ - INFO - Computing validation metrics...
2025-11-12 04:35:28,124 - __main__ - INFO - Validation - Epoch 2 - WER: 0.6535, CER: 0.2685
2025-11-12 04:35:28,125 - __main__ - INFO - Current LR: 3.00e-03
2025-11-12 04:35:28,125 - __main__ - INFO - New best WER: 0.6535
2025-11-12 04:35:28,125 - src.models - INFO - CUDA optimizations enabled (cudnn.benchmark=True)
2025-11-12 04:35:28,125 - src.models - INFO - ModelManager initialized
2025-11-12 04:35:28,258 - src.models - INFO - Model weights saved to experiments\s2t-cross-lingual_train_full_decoder_3e-3\checkpoints\epoch_2\model_weights.pt
2025-11-12 04:35:28,260 - src.models - INFO - Model metadata saved to experiments\s2t-cross-lingual_train_full_decoder_3e-3\checkpoints\epoch_2\model_metadata.json
2025-11-12 04:35:28,260 - src.models - INFO - Checkpoint saved to experiments\s2t-cross-lingual_train_full_decoder_3e-3\checkpoints\epoch_2
2025-11-12 04:35:28,261 - __main__ - INFO - Model checkpoint saved: experiments\s2t-cross-lingual_train_full_decoder_3e-3\checkpoints\epoch_2
2025-11-12 04:35:28,372 - __main__ - INFO - Optimizer state saved: experiments\s2t-cross-lingual_train_full_decoder_3e-3\checkpoints\epoch_2\optimizer_state.pt
2025-11-12 04:35:28,391 - __main__ - INFO - Scheduler state saved: experiments\s2t-cross-lingual_train_full_decoder_3e-3\checkpoints\epoch_2\scheduler_state.pt
2025-11-12 04:35:28,391 - __main__ - INFO - Experiment metadata saved: experiments\s2t-cross-lingual_train_full_decoder_3e-3\checkpoints\epoch_2\experiment_metadata.json
2025-11-12 04:35:28,419 - __main__ - INFO - Config saved to: experiments\s2t-cross-lingual_train_full_decoder_3e-3\checkpoints\epoch_2\config.yaml
2025-11-12 04:35:28,420 - __main__ - INFO - Metrics saved to: experiments\s2t-cross-lingual_train_full_decoder_3e-3\checkpoints\epoch_2\metrics.json
2025-11-12 04:35:28,536 - __main__ - INFO - Best checkpoint also saved to: experiments\s2t-cross-lingual_train_full_decoder_3e-3\best_checkpoint
2025-11-12 04:35:28,537 - __main__ - INFO - 
Epoch 3/19
2025-11-12 04:37:09,408 - __main__ - INFO - Epoch 3 - Average training loss: 1.8670
2025-11-12 04:37:09,409 - __main__ - INFO - Running validation...
2025-11-12 04:39:29,184 - __main__ - INFO - Computing validation metrics...
2025-11-12 04:39:38,185 - __main__ - INFO - Validation - Epoch 3 - WER: 0.6261, CER: 0.2505
2025-11-12 04:39:38,186 - __main__ - INFO - Current LR: 3.00e-03
2025-11-12 04:39:38,186 - __main__ - INFO - New best WER: 0.6261
2025-11-12 04:39:38,186 - src.models - INFO - CUDA optimizations enabled (cudnn.benchmark=True)
2025-11-12 04:39:38,186 - src.models - INFO - ModelManager initialized
2025-11-12 04:39:38,325 - src.models - INFO - Model weights saved to experiments\s2t-cross-lingual_train_full_decoder_3e-3\checkpoints\epoch_3\model_weights.pt
2025-11-12 04:39:38,328 - src.models - INFO - Model metadata saved to experiments\s2t-cross-lingual_train_full_decoder_3e-3\checkpoints\epoch_3\model_metadata.json
2025-11-12 04:39:38,328 - src.models - INFO - Checkpoint saved to experiments\s2t-cross-lingual_train_full_decoder_3e-3\checkpoints\epoch_3
2025-11-12 04:39:38,328 - __main__ - INFO - Model checkpoint saved: experiments\s2t-cross-lingual_train_full_decoder_3e-3\checkpoints\epoch_3
2025-11-12 04:39:38,439 - __main__ - INFO - Optimizer state saved: experiments\s2t-cross-lingual_train_full_decoder_3e-3\checkpoints\epoch_3\optimizer_state.pt
2025-11-12 04:39:38,441 - __main__ - INFO - Scheduler state saved: experiments\s2t-cross-lingual_train_full_decoder_3e-3\checkpoints\epoch_3\scheduler_state.pt
2025-11-12 04:39:38,441 - __main__ - INFO - Experiment metadata saved: experiments\s2t-cross-lingual_train_full_decoder_3e-3\checkpoints\epoch_3\experiment_metadata.json
2025-11-12 04:39:38,466 - __main__ - INFO - Config saved to: experiments\s2t-cross-lingual_train_full_decoder_3e-3\checkpoints\epoch_3\config.yaml
2025-11-12 04:39:38,467 - __main__ - INFO - Metrics saved to: experiments\s2t-cross-lingual_train_full_decoder_3e-3\checkpoints\epoch_3\metrics.json
2025-11-12 04:39:38,601 - __main__ - INFO - Best checkpoint also saved to: experiments\s2t-cross-lingual_train_full_decoder_3e-3\best_checkpoint
2025-11-12 04:39:38,613 - __main__ - INFO - Removed old checkpoint: experiments\s2t-cross-lingual_train_full_decoder_3e-3\checkpoints\epoch_0
2025-11-12 04:39:38,614 - __main__ - INFO - 
Epoch 4/19
2025-11-12 04:41:19,638 - __main__ - INFO - Epoch 4 - Average training loss: 1.6958
2025-11-12 04:41:19,638 - __main__ - INFO - Running validation...
2025-11-12 04:43:38,549 - __main__ - INFO - Computing validation metrics...
2025-11-12 04:43:47,483 - __main__ - INFO - Validation - Epoch 4 - WER: 0.5848, CER: 0.2307
2025-11-12 04:43:47,484 - __main__ - INFO - Current LR: 3.00e-03
2025-11-12 04:43:47,485 - __main__ - INFO - New best WER: 0.5848
2025-11-12 04:43:47,485 - src.models - INFO - CUDA optimizations enabled (cudnn.benchmark=True)
2025-11-12 04:43:47,485 - src.models - INFO - ModelManager initialized
2025-11-12 04:43:47,629 - src.models - INFO - Model weights saved to experiments\s2t-cross-lingual_train_full_decoder_3e-3\checkpoints\epoch_4\model_weights.pt
2025-11-12 04:43:47,632 - src.models - INFO - Model metadata saved to experiments\s2t-cross-lingual_train_full_decoder_3e-3\checkpoints\epoch_4\model_metadata.json
2025-11-12 04:43:47,632 - src.models - INFO - Checkpoint saved to experiments\s2t-cross-lingual_train_full_decoder_3e-3\checkpoints\epoch_4
2025-11-12 04:43:47,632 - __main__ - INFO - Model checkpoint saved: experiments\s2t-cross-lingual_train_full_decoder_3e-3\checkpoints\epoch_4
2025-11-12 04:43:47,745 - __main__ - INFO - Optimizer state saved: experiments\s2t-cross-lingual_train_full_decoder_3e-3\checkpoints\epoch_4\optimizer_state.pt
2025-11-12 04:43:47,755 - __main__ - INFO - Scheduler state saved: experiments\s2t-cross-lingual_train_full_decoder_3e-3\checkpoints\epoch_4\scheduler_state.pt
2025-11-12 04:43:47,756 - __main__ - INFO - Experiment metadata saved: experiments\s2t-cross-lingual_train_full_decoder_3e-3\checkpoints\epoch_4\experiment_metadata.json
2025-11-12 04:43:47,781 - __main__ - INFO - Config saved to: experiments\s2t-cross-lingual_train_full_decoder_3e-3\checkpoints\epoch_4\config.yaml
2025-11-12 04:43:47,782 - __main__ - INFO - Metrics saved to: experiments\s2t-cross-lingual_train_full_decoder_3e-3\checkpoints\epoch_4\metrics.json
2025-11-12 04:43:47,907 - __main__ - INFO - Best checkpoint also saved to: experiments\s2t-cross-lingual_train_full_decoder_3e-3\best_checkpoint
2025-11-12 04:43:47,924 - __main__ - INFO - Removed old checkpoint: experiments\s2t-cross-lingual_train_full_decoder_3e-3\checkpoints\epoch_1
2025-11-12 04:43:47,924 - __main__ - INFO - 
Epoch 5/19
2025-11-12 04:45:29,439 - __main__ - INFO - Epoch 5 - Average training loss: 1.5948
2025-11-12 04:45:29,439 - __main__ - INFO - Running validation...
2025-11-12 04:47:47,310 - __main__ - INFO - Computing validation metrics...
2025-11-12 04:47:55,922 - __main__ - INFO - Validation - Epoch 5 - WER: 0.5717, CER: 0.2243
2025-11-12 04:47:55,923 - __main__ - INFO - Current LR: 3.00e-03
2025-11-12 04:47:55,923 - __main__ - INFO - New best WER: 0.5717
2025-11-12 04:47:55,924 - src.models - INFO - CUDA optimizations enabled (cudnn.benchmark=True)
2025-11-12 04:47:55,924 - src.models - INFO - ModelManager initialized
2025-11-12 04:47:56,054 - src.models - INFO - Model weights saved to experiments\s2t-cross-lingual_train_full_decoder_3e-3\checkpoints\epoch_5\model_weights.pt
2025-11-12 04:47:56,057 - src.models - INFO - Model metadata saved to experiments\s2t-cross-lingual_train_full_decoder_3e-3\checkpoints\epoch_5\model_metadata.json
2025-11-12 04:47:56,057 - src.models - INFO - Checkpoint saved to experiments\s2t-cross-lingual_train_full_decoder_3e-3\checkpoints\epoch_5
2025-11-12 04:47:56,057 - __main__ - INFO - Model checkpoint saved: experiments\s2t-cross-lingual_train_full_decoder_3e-3\checkpoints\epoch_5
2025-11-12 04:47:56,175 - __main__ - INFO - Optimizer state saved: experiments\s2t-cross-lingual_train_full_decoder_3e-3\checkpoints\epoch_5\optimizer_state.pt
2025-11-12 04:47:56,179 - __main__ - INFO - Scheduler state saved: experiments\s2t-cross-lingual_train_full_decoder_3e-3\checkpoints\epoch_5\scheduler_state.pt
2025-11-12 04:47:56,179 - __main__ - INFO - Experiment metadata saved: experiments\s2t-cross-lingual_train_full_decoder_3e-3\checkpoints\epoch_5\experiment_metadata.json
2025-11-12 04:47:56,204 - __main__ - INFO - Config saved to: experiments\s2t-cross-lingual_train_full_decoder_3e-3\checkpoints\epoch_5\config.yaml
2025-11-12 04:47:56,204 - __main__ - INFO - Metrics saved to: experiments\s2t-cross-lingual_train_full_decoder_3e-3\checkpoints\epoch_5\metrics.json
2025-11-12 04:47:56,331 - __main__ - INFO - Best checkpoint also saved to: experiments\s2t-cross-lingual_train_full_decoder_3e-3\best_checkpoint
2025-11-12 04:47:56,346 - __main__ - INFO - Removed old checkpoint: experiments\s2t-cross-lingual_train_full_decoder_3e-3\checkpoints\epoch_2
2025-11-12 04:47:56,347 - __main__ - INFO - 
Epoch 6/19
2025-11-12 04:49:37,246 - __main__ - INFO - Epoch 6 - Average training loss: 1.5087
2025-11-12 04:49:37,247 - __main__ - INFO - Running validation...
2025-11-12 04:51:54,702 - __main__ - INFO - Computing validation metrics...
2025-11-12 04:52:05,116 - __main__ - INFO - Validation - Epoch 6 - WER: 0.5503, CER: 0.2211
2025-11-12 04:52:05,117 - __main__ - INFO - Current LR: 3.00e-03
2025-11-12 04:52:05,117 - __main__ - INFO - New best WER: 0.5503
2025-11-12 04:52:05,117 - src.models - INFO - CUDA optimizations enabled (cudnn.benchmark=True)
2025-11-12 04:52:05,118 - src.models - INFO - ModelManager initialized
2025-11-12 04:52:05,256 - src.models - INFO - Model weights saved to experiments\s2t-cross-lingual_train_full_decoder_3e-3\checkpoints\epoch_6\model_weights.pt
2025-11-12 04:52:05,258 - src.models - INFO - Model metadata saved to experiments\s2t-cross-lingual_train_full_decoder_3e-3\checkpoints\epoch_6\model_metadata.json
2025-11-12 04:52:05,258 - src.models - INFO - Checkpoint saved to experiments\s2t-cross-lingual_train_full_decoder_3e-3\checkpoints\epoch_6
2025-11-12 04:52:05,259 - __main__ - INFO - Model checkpoint saved: experiments\s2t-cross-lingual_train_full_decoder_3e-3\checkpoints\epoch_6
2025-11-12 04:52:05,368 - __main__ - INFO - Optimizer state saved: experiments\s2t-cross-lingual_train_full_decoder_3e-3\checkpoints\epoch_6\optimizer_state.pt
2025-11-12 04:52:05,382 - __main__ - INFO - Scheduler state saved: experiments\s2t-cross-lingual_train_full_decoder_3e-3\checkpoints\epoch_6\scheduler_state.pt
2025-11-12 04:52:05,382 - __main__ - INFO - Experiment metadata saved: experiments\s2t-cross-lingual_train_full_decoder_3e-3\checkpoints\epoch_6\experiment_metadata.json
2025-11-12 04:52:05,410 - __main__ - INFO - Config saved to: experiments\s2t-cross-lingual_train_full_decoder_3e-3\checkpoints\epoch_6\config.yaml
2025-11-12 04:52:05,411 - __main__ - INFO - Metrics saved to: experiments\s2t-cross-lingual_train_full_decoder_3e-3\checkpoints\epoch_6\metrics.json
2025-11-12 04:52:05,540 - __main__ - INFO - Best checkpoint also saved to: experiments\s2t-cross-lingual_train_full_decoder_3e-3\best_checkpoint
2025-11-12 04:52:05,556 - __main__ - INFO - Removed old checkpoint: experiments\s2t-cross-lingual_train_full_decoder_3e-3\checkpoints\epoch_3
2025-11-12 04:52:05,556 - __main__ - INFO - 
Epoch 7/19
2025-11-12 04:53:46,034 - __main__ - INFO - Epoch 7 - Average training loss: 1.4400
2025-11-12 04:53:46,034 - __main__ - INFO - Running validation...
2025-11-12 04:56:03,899 - __main__ - INFO - Computing validation metrics...
2025-11-12 04:56:12,215 - __main__ - INFO - Validation - Epoch 7 - WER: 0.5471, CER: 0.2168
2025-11-12 04:56:12,216 - __main__ - INFO - Current LR: 3.00e-03
2025-11-12 04:56:12,217 - __main__ - INFO - New best WER: 0.5471
2025-11-12 04:56:12,217 - src.models - INFO - CUDA optimizations enabled (cudnn.benchmark=True)
2025-11-12 04:56:12,217 - src.models - INFO - ModelManager initialized
2025-11-12 04:56:12,352 - src.models - INFO - Model weights saved to experiments\s2t-cross-lingual_train_full_decoder_3e-3\checkpoints\epoch_7\model_weights.pt
2025-11-12 04:56:12,355 - src.models - INFO - Model metadata saved to experiments\s2t-cross-lingual_train_full_decoder_3e-3\checkpoints\epoch_7\model_metadata.json
2025-11-12 04:56:12,355 - src.models - INFO - Checkpoint saved to experiments\s2t-cross-lingual_train_full_decoder_3e-3\checkpoints\epoch_7
2025-11-12 04:56:12,355 - __main__ - INFO - Model checkpoint saved: experiments\s2t-cross-lingual_train_full_decoder_3e-3\checkpoints\epoch_7
2025-11-12 04:56:12,466 - __main__ - INFO - Optimizer state saved: experiments\s2t-cross-lingual_train_full_decoder_3e-3\checkpoints\epoch_7\optimizer_state.pt
2025-11-12 04:56:12,496 - __main__ - INFO - Scheduler state saved: experiments\s2t-cross-lingual_train_full_decoder_3e-3\checkpoints\epoch_7\scheduler_state.pt
2025-11-12 04:56:12,496 - __main__ - INFO - Experiment metadata saved: experiments\s2t-cross-lingual_train_full_decoder_3e-3\checkpoints\epoch_7\experiment_metadata.json
2025-11-12 04:56:12,524 - __main__ - INFO - Config saved to: experiments\s2t-cross-lingual_train_full_decoder_3e-3\checkpoints\epoch_7\config.yaml
2025-11-12 04:56:12,524 - __main__ - INFO - Metrics saved to: experiments\s2t-cross-lingual_train_full_decoder_3e-3\checkpoints\epoch_7\metrics.json
2025-11-12 04:56:12,672 - __main__ - INFO - Best checkpoint also saved to: experiments\s2t-cross-lingual_train_full_decoder_3e-3\best_checkpoint
2025-11-12 04:56:12,688 - __main__ - INFO - Removed old checkpoint: experiments\s2t-cross-lingual_train_full_decoder_3e-3\checkpoints\epoch_4
2025-11-12 04:56:12,688 - __main__ - INFO - 
Epoch 8/19
2025-11-12 04:57:52,903 - __main__ - INFO - Epoch 8 - Average training loss: 1.3858
2025-11-12 04:57:52,903 - __main__ - INFO - Running validation...
2025-11-12 05:00:11,260 - __main__ - INFO - Computing validation metrics...
2025-11-12 05:00:20,337 - __main__ - INFO - Validation - Epoch 8 - WER: 0.5412, CER: 0.2106
2025-11-12 05:00:20,339 - __main__ - INFO - Current LR: 3.00e-03
2025-11-12 05:00:20,339 - __main__ - INFO - New best WER: 0.5412
2025-11-12 05:00:20,339 - src.models - INFO - CUDA optimizations enabled (cudnn.benchmark=True)
2025-11-12 05:00:20,339 - src.models - INFO - ModelManager initialized
2025-11-12 05:00:20,476 - src.models - INFO - Model weights saved to experiments\s2t-cross-lingual_train_full_decoder_3e-3\checkpoints\epoch_8\model_weights.pt
2025-11-12 05:00:20,479 - src.models - INFO - Model metadata saved to experiments\s2t-cross-lingual_train_full_decoder_3e-3\checkpoints\epoch_8\model_metadata.json
2025-11-12 05:00:20,479 - src.models - INFO - Checkpoint saved to experiments\s2t-cross-lingual_train_full_decoder_3e-3\checkpoints\epoch_8
2025-11-12 05:00:20,479 - __main__ - INFO - Model checkpoint saved: experiments\s2t-cross-lingual_train_full_decoder_3e-3\checkpoints\epoch_8
2025-11-12 05:00:20,593 - __main__ - INFO - Optimizer state saved: experiments\s2t-cross-lingual_train_full_decoder_3e-3\checkpoints\epoch_8\optimizer_state.pt
2025-11-12 05:00:20,602 - __main__ - INFO - Scheduler state saved: experiments\s2t-cross-lingual_train_full_decoder_3e-3\checkpoints\epoch_8\scheduler_state.pt
2025-11-12 05:00:20,602 - __main__ - INFO - Experiment metadata saved: experiments\s2t-cross-lingual_train_full_decoder_3e-3\checkpoints\epoch_8\experiment_metadata.json
2025-11-12 05:00:20,627 - __main__ - INFO - Config saved to: experiments\s2t-cross-lingual_train_full_decoder_3e-3\checkpoints\epoch_8\config.yaml
2025-11-12 05:00:20,628 - __main__ - INFO - Metrics saved to: experiments\s2t-cross-lingual_train_full_decoder_3e-3\checkpoints\epoch_8\metrics.json
2025-11-12 05:00:20,757 - __main__ - INFO - Best checkpoint also saved to: experiments\s2t-cross-lingual_train_full_decoder_3e-3\best_checkpoint
2025-11-12 05:00:20,773 - __main__ - INFO - Removed old checkpoint: experiments\s2t-cross-lingual_train_full_decoder_3e-3\checkpoints\epoch_5
2025-11-12 05:00:20,773 - __main__ - INFO - 
Epoch 9/19
2025-11-12 05:02:01,050 - __main__ - INFO - Epoch 9 - Average training loss: 1.3355
2025-11-12 05:02:01,050 - __main__ - INFO - Running validation...
2025-11-12 05:04:20,235 - __main__ - INFO - Computing validation metrics...
2025-11-12 05:04:29,798 - __main__ - INFO - Validation - Epoch 9 - WER: 0.5309, CER: 0.2152
2025-11-12 05:04:29,800 - __main__ - INFO - Current LR: 3.00e-03
2025-11-12 05:04:29,800 - __main__ - INFO - New best WER: 0.5309
2025-11-12 05:04:29,800 - src.models - INFO - CUDA optimizations enabled (cudnn.benchmark=True)
2025-11-12 05:04:29,800 - src.models - INFO - ModelManager initialized
2025-11-12 05:04:29,941 - src.models - INFO - Model weights saved to experiments\s2t-cross-lingual_train_full_decoder_3e-3\checkpoints\epoch_9\model_weights.pt
2025-11-12 05:04:29,943 - src.models - INFO - Model metadata saved to experiments\s2t-cross-lingual_train_full_decoder_3e-3\checkpoints\epoch_9\model_metadata.json
2025-11-12 05:04:29,944 - src.models - INFO - Checkpoint saved to experiments\s2t-cross-lingual_train_full_decoder_3e-3\checkpoints\epoch_9
2025-11-12 05:04:29,944 - __main__ - INFO - Model checkpoint saved: experiments\s2t-cross-lingual_train_full_decoder_3e-3\checkpoints\epoch_9
2025-11-12 05:04:30,057 - __main__ - INFO - Optimizer state saved: experiments\s2t-cross-lingual_train_full_decoder_3e-3\checkpoints\epoch_9\optimizer_state.pt
2025-11-12 05:04:30,644 - __main__ - INFO - Scheduler state saved: experiments\s2t-cross-lingual_train_full_decoder_3e-3\checkpoints\epoch_9\scheduler_state.pt
2025-11-12 05:04:30,645 - __main__ - INFO - Experiment metadata saved: experiments\s2t-cross-lingual_train_full_decoder_3e-3\checkpoints\epoch_9\experiment_metadata.json
2025-11-12 05:04:30,684 - __main__ - INFO - Config saved to: experiments\s2t-cross-lingual_train_full_decoder_3e-3\checkpoints\epoch_9\config.yaml
2025-11-12 05:04:30,685 - __main__ - INFO - Metrics saved to: experiments\s2t-cross-lingual_train_full_decoder_3e-3\checkpoints\epoch_9\metrics.json
2025-11-12 05:04:30,851 - __main__ - INFO - Best checkpoint also saved to: experiments\s2t-cross-lingual_train_full_decoder_3e-3\best_checkpoint
2025-11-12 05:04:30,867 - __main__ - INFO - Removed old checkpoint: experiments\s2t-cross-lingual_train_full_decoder_3e-3\checkpoints\epoch_6
2025-11-12 05:04:30,867 - __main__ - INFO - 
Epoch 10/19
2025-11-12 05:06:11,271 - __main__ - INFO - Epoch 10 - Average training loss: 1.2931
2025-11-12 05:06:11,272 - __main__ - INFO - Running validation...
2025-11-12 05:08:28,804 - __main__ - INFO - Computing validation metrics...
2025-11-12 05:08:41,123 - __main__ - INFO - Validation - Epoch 10 - WER: 0.5211, CER: 0.2109
2025-11-12 05:08:41,124 - __main__ - INFO - Current LR: 3.00e-03
2025-11-12 05:08:41,124 - __main__ - INFO - New best WER: 0.5211
2025-11-12 05:08:41,124 - src.models - INFO - CUDA optimizations enabled (cudnn.benchmark=True)
2025-11-12 05:08:41,125 - src.models - INFO - ModelManager initialized
2025-11-12 05:08:41,263 - src.models - INFO - Model weights saved to experiments\s2t-cross-lingual_train_full_decoder_3e-3\checkpoints\epoch_10\model_weights.pt
2025-11-12 05:08:41,266 - src.models - INFO - Model metadata saved to experiments\s2t-cross-lingual_train_full_decoder_3e-3\checkpoints\epoch_10\model_metadata.json
2025-11-12 05:08:41,266 - src.models - INFO - Checkpoint saved to experiments\s2t-cross-lingual_train_full_decoder_3e-3\checkpoints\epoch_10
2025-11-12 05:08:41,266 - __main__ - INFO - Model checkpoint saved: experiments\s2t-cross-lingual_train_full_decoder_3e-3\checkpoints\epoch_10
2025-11-12 05:08:41,374 - __main__ - INFO - Optimizer state saved: experiments\s2t-cross-lingual_train_full_decoder_3e-3\checkpoints\epoch_10\optimizer_state.pt
2025-11-12 05:08:41,375 - __main__ - INFO - Scheduler state saved: experiments\s2t-cross-lingual_train_full_decoder_3e-3\checkpoints\epoch_10\scheduler_state.pt
2025-11-12 05:08:41,376 - __main__ - INFO - Experiment metadata saved: experiments\s2t-cross-lingual_train_full_decoder_3e-3\checkpoints\epoch_10\experiment_metadata.json
2025-11-12 05:08:41,404 - __main__ - INFO - Config saved to: experiments\s2t-cross-lingual_train_full_decoder_3e-3\checkpoints\epoch_10\config.yaml
2025-11-12 05:08:41,405 - __main__ - INFO - Metrics saved to: experiments\s2t-cross-lingual_train_full_decoder_3e-3\checkpoints\epoch_10\metrics.json
2025-11-12 05:08:41,537 - __main__ - INFO - Best checkpoint also saved to: experiments\s2t-cross-lingual_train_full_decoder_3e-3\best_checkpoint
2025-11-12 05:08:41,551 - __main__ - INFO - Removed old checkpoint: experiments\s2t-cross-lingual_train_full_decoder_3e-3\checkpoints\epoch_7
2025-11-12 05:08:41,551 - __main__ - INFO - 
Epoch 11/19
2025-11-12 05:10:21,612 - __main__ - INFO - Epoch 11 - Average training loss: 1.2624
2025-11-12 05:10:21,613 - __main__ - INFO - Running validation...
2025-11-12 05:12:40,721 - __main__ - INFO - Computing validation metrics...
2025-11-12 05:12:50,700 - __main__ - INFO - Validation - Epoch 11 - WER: 0.5171, CER: 0.2080
2025-11-12 05:12:50,702 - __main__ - INFO - Current LR: 3.00e-03
2025-11-12 05:12:50,702 - __main__ - INFO - New best WER: 0.5171
2025-11-12 05:12:50,702 - src.models - INFO - CUDA optimizations enabled (cudnn.benchmark=True)
2025-11-12 05:12:50,703 - src.models - INFO - ModelManager initialized
2025-11-12 05:12:50,838 - src.models - INFO - Model weights saved to experiments\s2t-cross-lingual_train_full_decoder_3e-3\checkpoints\epoch_11\model_weights.pt
2025-11-12 05:12:50,841 - src.models - INFO - Model metadata saved to experiments\s2t-cross-lingual_train_full_decoder_3e-3\checkpoints\epoch_11\model_metadata.json
2025-11-12 05:12:50,841 - src.models - INFO - Checkpoint saved to experiments\s2t-cross-lingual_train_full_decoder_3e-3\checkpoints\epoch_11
2025-11-12 05:12:50,841 - __main__ - INFO - Model checkpoint saved: experiments\s2t-cross-lingual_train_full_decoder_3e-3\checkpoints\epoch_11
2025-11-12 05:12:50,953 - __main__ - INFO - Optimizer state saved: experiments\s2t-cross-lingual_train_full_decoder_3e-3\checkpoints\epoch_11\optimizer_state.pt
2025-11-12 05:12:50,954 - __main__ - INFO - Scheduler state saved: experiments\s2t-cross-lingual_train_full_decoder_3e-3\checkpoints\epoch_11\scheduler_state.pt
2025-11-12 05:12:50,955 - __main__ - INFO - Experiment metadata saved: experiments\s2t-cross-lingual_train_full_decoder_3e-3\checkpoints\epoch_11\experiment_metadata.json
2025-11-12 05:12:50,983 - __main__ - INFO - Config saved to: experiments\s2t-cross-lingual_train_full_decoder_3e-3\checkpoints\epoch_11\config.yaml
2025-11-12 05:12:50,984 - __main__ - INFO - Metrics saved to: experiments\s2t-cross-lingual_train_full_decoder_3e-3\checkpoints\epoch_11\metrics.json
2025-11-12 05:12:51,119 - __main__ - INFO - Best checkpoint also saved to: experiments\s2t-cross-lingual_train_full_decoder_3e-3\best_checkpoint
2025-11-12 05:12:51,131 - __main__ - INFO - Removed old checkpoint: experiments\s2t-cross-lingual_train_full_decoder_3e-3\checkpoints\epoch_8
2025-11-12 05:12:51,132 - __main__ - INFO - 
Epoch 12/19
2025-11-12 05:14:31,372 - __main__ - INFO - Epoch 12 - Average training loss: 1.2146
2025-11-12 05:14:31,373 - __main__ - INFO - Running validation...
2025-11-12 05:16:49,366 - __main__ - INFO - Computing validation metrics...
2025-11-12 05:16:57,836 - __main__ - INFO - Validation - Epoch 12 - WER: 0.5085, CER: 0.2056
2025-11-12 05:16:57,837 - __main__ - INFO - Current LR: 2.63e-03
2025-11-12 05:16:57,837 - __main__ - INFO - New best WER: 0.5085
2025-11-12 05:16:57,838 - src.models - INFO - CUDA optimizations enabled (cudnn.benchmark=True)
2025-11-12 05:16:57,838 - src.models - INFO - ModelManager initialized
2025-11-12 05:16:57,981 - src.models - INFO - Model weights saved to experiments\s2t-cross-lingual_train_full_decoder_3e-3\checkpoints\epoch_12\model_weights.pt
2025-11-12 05:16:57,984 - src.models - INFO - Model metadata saved to experiments\s2t-cross-lingual_train_full_decoder_3e-3\checkpoints\epoch_12\model_metadata.json
2025-11-12 05:16:57,984 - src.models - INFO - Checkpoint saved to experiments\s2t-cross-lingual_train_full_decoder_3e-3\checkpoints\epoch_12
2025-11-12 05:16:57,984 - __main__ - INFO - Model checkpoint saved: experiments\s2t-cross-lingual_train_full_decoder_3e-3\checkpoints\epoch_12
2025-11-12 05:16:58,109 - __main__ - INFO - Optimizer state saved: experiments\s2t-cross-lingual_train_full_decoder_3e-3\checkpoints\epoch_12\optimizer_state.pt
2025-11-12 05:16:58,110 - __main__ - INFO - Scheduler state saved: experiments\s2t-cross-lingual_train_full_decoder_3e-3\checkpoints\epoch_12\scheduler_state.pt
2025-11-12 05:16:58,111 - __main__ - INFO - Experiment metadata saved: experiments\s2t-cross-lingual_train_full_decoder_3e-3\checkpoints\epoch_12\experiment_metadata.json
2025-11-12 05:16:58,140 - __main__ - INFO - Config saved to: experiments\s2t-cross-lingual_train_full_decoder_3e-3\checkpoints\epoch_12\config.yaml
2025-11-12 05:16:58,141 - __main__ - INFO - Metrics saved to: experiments\s2t-cross-lingual_train_full_decoder_3e-3\checkpoints\epoch_12\metrics.json
2025-11-12 05:16:58,274 - __main__ - INFO - Best checkpoint also saved to: experiments\s2t-cross-lingual_train_full_decoder_3e-3\best_checkpoint
2025-11-12 05:16:58,288 - __main__ - INFO - Removed old checkpoint: experiments\s2t-cross-lingual_train_full_decoder_3e-3\checkpoints\epoch_9
2025-11-12 05:16:58,288 - __main__ - INFO - 
Epoch 13/19
2025-11-12 05:18:38,648 - __main__ - INFO - Epoch 13 - Average training loss: 1.1463
2025-11-12 05:18:38,649 - __main__ - INFO - Running validation...
2025-11-12 05:20:56,489 - __main__ - INFO - Computing validation metrics...
2025-11-12 05:21:04,999 - __main__ - INFO - Validation - Epoch 13 - WER: 0.4966, CER: 0.1961
2025-11-12 05:21:05,001 - __main__ - INFO - Current LR: 2.25e-03
2025-11-12 05:21:05,001 - __main__ - INFO - New best WER: 0.4966
2025-11-12 05:21:05,001 - src.models - INFO - CUDA optimizations enabled (cudnn.benchmark=True)
2025-11-12 05:21:05,002 - src.models - INFO - ModelManager initialized
2025-11-12 05:21:05,137 - src.models - INFO - Model weights saved to experiments\s2t-cross-lingual_train_full_decoder_3e-3\checkpoints\epoch_13\model_weights.pt
2025-11-12 05:21:05,139 - src.models - INFO - Model metadata saved to experiments\s2t-cross-lingual_train_full_decoder_3e-3\checkpoints\epoch_13\model_metadata.json
2025-11-12 05:21:05,140 - src.models - INFO - Checkpoint saved to experiments\s2t-cross-lingual_train_full_decoder_3e-3\checkpoints\epoch_13
2025-11-12 05:21:05,140 - __main__ - INFO - Model checkpoint saved: experiments\s2t-cross-lingual_train_full_decoder_3e-3\checkpoints\epoch_13
2025-11-12 05:21:05,261 - __main__ - INFO - Optimizer state saved: experiments\s2t-cross-lingual_train_full_decoder_3e-3\checkpoints\epoch_13\optimizer_state.pt
2025-11-12 05:21:05,262 - __main__ - INFO - Scheduler state saved: experiments\s2t-cross-lingual_train_full_decoder_3e-3\checkpoints\epoch_13\scheduler_state.pt
2025-11-12 05:21:05,262 - __main__ - INFO - Experiment metadata saved: experiments\s2t-cross-lingual_train_full_decoder_3e-3\checkpoints\epoch_13\experiment_metadata.json
2025-11-12 05:21:05,286 - __main__ - INFO - Config saved to: experiments\s2t-cross-lingual_train_full_decoder_3e-3\checkpoints\epoch_13\config.yaml
2025-11-12 05:21:05,287 - __main__ - INFO - Metrics saved to: experiments\s2t-cross-lingual_train_full_decoder_3e-3\checkpoints\epoch_13\metrics.json
2025-11-12 05:21:05,419 - __main__ - INFO - Best checkpoint also saved to: experiments\s2t-cross-lingual_train_full_decoder_3e-3\best_checkpoint
2025-11-12 05:21:05,431 - __main__ - INFO - Removed old checkpoint: experiments\s2t-cross-lingual_train_full_decoder_3e-3\checkpoints\epoch_10
2025-11-12 05:21:05,431 - __main__ - INFO - 
Epoch 14/19
2025-11-12 05:22:45,607 - __main__ - INFO - Epoch 14 - Average training loss: 1.0931
2025-11-12 05:22:45,608 - __main__ - INFO - Running validation...
2025-11-12 05:25:03,998 - __main__ - INFO - Computing validation metrics...
2025-11-12 05:25:13,782 - __main__ - INFO - Validation - Epoch 14 - WER: 0.4937, CER: 0.1939
2025-11-12 05:25:13,783 - __main__ - INFO - Current LR: 1.87e-03
2025-11-12 05:25:13,783 - __main__ - INFO - New best WER: 0.4937
2025-11-12 05:25:13,784 - src.models - INFO - CUDA optimizations enabled (cudnn.benchmark=True)
2025-11-12 05:25:13,784 - src.models - INFO - ModelManager initialized
2025-11-12 05:25:13,922 - src.models - INFO - Model weights saved to experiments\s2t-cross-lingual_train_full_decoder_3e-3\checkpoints\epoch_14\model_weights.pt
2025-11-12 05:25:13,924 - src.models - INFO - Model metadata saved to experiments\s2t-cross-lingual_train_full_decoder_3e-3\checkpoints\epoch_14\model_metadata.json
2025-11-12 05:25:13,924 - src.models - INFO - Checkpoint saved to experiments\s2t-cross-lingual_train_full_decoder_3e-3\checkpoints\epoch_14
2025-11-12 05:25:13,925 - __main__ - INFO - Model checkpoint saved: experiments\s2t-cross-lingual_train_full_decoder_3e-3\checkpoints\epoch_14
2025-11-12 05:25:14,063 - __main__ - INFO - Optimizer state saved: experiments\s2t-cross-lingual_train_full_decoder_3e-3\checkpoints\epoch_14\optimizer_state.pt
2025-11-12 05:25:14,064 - __main__ - INFO - Scheduler state saved: experiments\s2t-cross-lingual_train_full_decoder_3e-3\checkpoints\epoch_14\scheduler_state.pt
2025-11-12 05:25:14,065 - __main__ - INFO - Experiment metadata saved: experiments\s2t-cross-lingual_train_full_decoder_3e-3\checkpoints\epoch_14\experiment_metadata.json
2025-11-12 05:25:14,089 - __main__ - INFO - Config saved to: experiments\s2t-cross-lingual_train_full_decoder_3e-3\checkpoints\epoch_14\config.yaml
2025-11-12 05:25:14,090 - __main__ - INFO - Metrics saved to: experiments\s2t-cross-lingual_train_full_decoder_3e-3\checkpoints\epoch_14\metrics.json
2025-11-12 05:25:14,219 - __main__ - INFO - Best checkpoint also saved to: experiments\s2t-cross-lingual_train_full_decoder_3e-3\best_checkpoint
2025-11-12 05:25:14,232 - __main__ - INFO - Removed old checkpoint: experiments\s2t-cross-lingual_train_full_decoder_3e-3\checkpoints\epoch_11
2025-11-12 05:25:14,233 - __main__ - INFO - 
Epoch 15/19
2025-11-12 05:26:54,101 - __main__ - INFO - Epoch 15 - Average training loss: 1.0378
2025-11-12 05:26:54,102 - __main__ - INFO - Running validation...
2025-11-12 05:29:13,754 - __main__ - INFO - Computing validation metrics...
2025-11-12 05:29:22,778 - __main__ - INFO - Validation - Epoch 15 - WER: 0.4813, CER: 0.1886
2025-11-12 05:29:22,779 - __main__ - INFO - Current LR: 1.50e-03
2025-11-12 05:29:22,779 - __main__ - INFO - New best WER: 0.4813
2025-11-12 05:29:22,780 - src.models - INFO - CUDA optimizations enabled (cudnn.benchmark=True)
2025-11-12 05:29:22,780 - src.models - INFO - ModelManager initialized
2025-11-12 05:29:22,922 - src.models - INFO - Model weights saved to experiments\s2t-cross-lingual_train_full_decoder_3e-3\checkpoints\epoch_15\model_weights.pt
2025-11-12 05:29:22,925 - src.models - INFO - Model metadata saved to experiments\s2t-cross-lingual_train_full_decoder_3e-3\checkpoints\epoch_15\model_metadata.json
2025-11-12 05:29:22,925 - src.models - INFO - Checkpoint saved to experiments\s2t-cross-lingual_train_full_decoder_3e-3\checkpoints\epoch_15
2025-11-12 05:29:22,925 - __main__ - INFO - Model checkpoint saved: experiments\s2t-cross-lingual_train_full_decoder_3e-3\checkpoints\epoch_15
2025-11-12 05:29:23,043 - __main__ - INFO - Optimizer state saved: experiments\s2t-cross-lingual_train_full_decoder_3e-3\checkpoints\epoch_15\optimizer_state.pt
2025-11-12 05:29:23,044 - __main__ - INFO - Scheduler state saved: experiments\s2t-cross-lingual_train_full_decoder_3e-3\checkpoints\epoch_15\scheduler_state.pt
2025-11-12 05:29:23,044 - __main__ - INFO - Experiment metadata saved: experiments\s2t-cross-lingual_train_full_decoder_3e-3\checkpoints\epoch_15\experiment_metadata.json
2025-11-12 05:29:23,070 - __main__ - INFO - Config saved to: experiments\s2t-cross-lingual_train_full_decoder_3e-3\checkpoints\epoch_15\config.yaml
2025-11-12 05:29:23,072 - __main__ - INFO - Metrics saved to: experiments\s2t-cross-lingual_train_full_decoder_3e-3\checkpoints\epoch_15\metrics.json
2025-11-12 05:29:23,201 - __main__ - INFO - Best checkpoint also saved to: experiments\s2t-cross-lingual_train_full_decoder_3e-3\best_checkpoint
2025-11-12 05:29:23,214 - __main__ - INFO - Removed old checkpoint: experiments\s2t-cross-lingual_train_full_decoder_3e-3\checkpoints\epoch_12
2025-11-12 05:29:23,214 - __main__ - INFO - 
Epoch 16/19
2025-11-12 05:31:03,008 - __main__ - INFO - Epoch 16 - Average training loss: 0.9849
2025-11-12 05:31:03,008 - __main__ - INFO - Running validation...
2025-11-12 05:33:21,059 - __main__ - INFO - Computing validation metrics...
2025-11-12 05:33:30,552 - __main__ - INFO - Validation - Epoch 16 - WER: 0.4709, CER: 0.1841
2025-11-12 05:33:30,553 - __main__ - INFO - Current LR: 1.13e-03
2025-11-12 05:33:30,554 - __main__ - INFO - New best WER: 0.4709
2025-11-12 05:33:30,554 - src.models - INFO - CUDA optimizations enabled (cudnn.benchmark=True)
2025-11-12 05:33:30,554 - src.models - INFO - ModelManager initialized
2025-11-12 05:33:30,697 - src.models - INFO - Model weights saved to experiments\s2t-cross-lingual_train_full_decoder_3e-3\checkpoints\epoch_16\model_weights.pt
2025-11-12 05:33:30,700 - src.models - INFO - Model metadata saved to experiments\s2t-cross-lingual_train_full_decoder_3e-3\checkpoints\epoch_16\model_metadata.json
2025-11-12 05:33:30,700 - src.models - INFO - Checkpoint saved to experiments\s2t-cross-lingual_train_full_decoder_3e-3\checkpoints\epoch_16
2025-11-12 05:33:30,700 - __main__ - INFO - Model checkpoint saved: experiments\s2t-cross-lingual_train_full_decoder_3e-3\checkpoints\epoch_16
2025-11-12 05:33:30,810 - __main__ - INFO - Optimizer state saved: experiments\s2t-cross-lingual_train_full_decoder_3e-3\checkpoints\epoch_16\optimizer_state.pt
2025-11-12 05:33:30,811 - __main__ - INFO - Scheduler state saved: experiments\s2t-cross-lingual_train_full_decoder_3e-3\checkpoints\epoch_16\scheduler_state.pt
2025-11-12 05:33:30,811 - __main__ - INFO - Experiment metadata saved: experiments\s2t-cross-lingual_train_full_decoder_3e-3\checkpoints\epoch_16\experiment_metadata.json
2025-11-12 05:33:30,841 - __main__ - INFO - Config saved to: experiments\s2t-cross-lingual_train_full_decoder_3e-3\checkpoints\epoch_16\config.yaml
2025-11-12 05:33:30,842 - __main__ - INFO - Metrics saved to: experiments\s2t-cross-lingual_train_full_decoder_3e-3\checkpoints\epoch_16\metrics.json
2025-11-12 05:33:31,024 - __main__ - INFO - Best checkpoint also saved to: experiments\s2t-cross-lingual_train_full_decoder_3e-3\best_checkpoint
2025-11-12 05:33:31,037 - __main__ - INFO - Removed old checkpoint: experiments\s2t-cross-lingual_train_full_decoder_3e-3\checkpoints\epoch_13
2025-11-12 05:33:31,037 - __main__ - INFO - 
Epoch 17/19
2025-11-12 05:35:10,991 - __main__ - INFO - Epoch 17 - Average training loss: 0.9391
2025-11-12 05:35:10,991 - __main__ - INFO - Running validation...
2025-11-12 05:37:30,196 - __main__ - INFO - Computing validation metrics...
2025-11-12 05:37:38,074 - __main__ - INFO - Validation - Epoch 17 - WER: 0.4685, CER: 0.1857
2025-11-12 05:37:38,075 - __main__ - INFO - Current LR: 7.50e-04
2025-11-12 05:37:38,076 - __main__ - INFO - New best WER: 0.4685
2025-11-12 05:37:38,076 - src.models - INFO - CUDA optimizations enabled (cudnn.benchmark=True)
2025-11-12 05:37:38,076 - src.models - INFO - ModelManager initialized
2025-11-12 05:37:38,530 - src.models - INFO - Model weights saved to experiments\s2t-cross-lingual_train_full_decoder_3e-3\checkpoints\epoch_17\model_weights.pt
2025-11-12 05:37:38,533 - src.models - INFO - Model metadata saved to experiments\s2t-cross-lingual_train_full_decoder_3e-3\checkpoints\epoch_17\model_metadata.json
2025-11-12 05:37:38,533 - src.models - INFO - Checkpoint saved to experiments\s2t-cross-lingual_train_full_decoder_3e-3\checkpoints\epoch_17
2025-11-12 05:37:38,534 - __main__ - INFO - Model checkpoint saved: experiments\s2t-cross-lingual_train_full_decoder_3e-3\checkpoints\epoch_17
2025-11-12 05:37:38,664 - __main__ - INFO - Optimizer state saved: experiments\s2t-cross-lingual_train_full_decoder_3e-3\checkpoints\epoch_17\optimizer_state.pt
2025-11-12 05:37:38,664 - __main__ - INFO - Scheduler state saved: experiments\s2t-cross-lingual_train_full_decoder_3e-3\checkpoints\epoch_17\scheduler_state.pt
2025-11-12 05:37:38,665 - __main__ - INFO - Experiment metadata saved: experiments\s2t-cross-lingual_train_full_decoder_3e-3\checkpoints\epoch_17\experiment_metadata.json
2025-11-12 05:37:38,693 - __main__ - INFO - Config saved to: experiments\s2t-cross-lingual_train_full_decoder_3e-3\checkpoints\epoch_17\config.yaml
2025-11-12 05:37:38,694 - __main__ - INFO - Metrics saved to: experiments\s2t-cross-lingual_train_full_decoder_3e-3\checkpoints\epoch_17\metrics.json
2025-11-12 05:37:38,830 - __main__ - INFO - Best checkpoint also saved to: experiments\s2t-cross-lingual_train_full_decoder_3e-3\best_checkpoint
2025-11-12 05:37:38,844 - __main__ - INFO - Removed old checkpoint: experiments\s2t-cross-lingual_train_full_decoder_3e-3\checkpoints\epoch_14
2025-11-12 05:37:38,844 - __main__ - INFO - 
Epoch 18/19
2025-11-12 05:39:18,926 - __main__ - INFO - Epoch 18 - Average training loss: 0.8939
2025-11-12 05:39:18,927 - __main__ - INFO - Running validation...
2025-11-12 05:41:38,376 - __main__ - INFO - Computing validation metrics...
2025-11-12 05:41:46,723 - __main__ - INFO - Validation - Epoch 18 - WER: 0.4618, CER: 0.1824
2025-11-12 05:41:46,724 - __main__ - INFO - Current LR: 3.75e-04
2025-11-12 05:41:46,725 - __main__ - INFO - New best WER: 0.4618
2025-11-12 05:41:46,725 - src.models - INFO - CUDA optimizations enabled (cudnn.benchmark=True)
2025-11-12 05:41:46,725 - src.models - INFO - ModelManager initialized
2025-11-12 05:41:46,882 - src.models - INFO - Model weights saved to experiments\s2t-cross-lingual_train_full_decoder_3e-3\checkpoints\epoch_18\model_weights.pt
2025-11-12 05:41:46,884 - src.models - INFO - Model metadata saved to experiments\s2t-cross-lingual_train_full_decoder_3e-3\checkpoints\epoch_18\model_metadata.json
2025-11-12 05:41:46,885 - src.models - INFO - Checkpoint saved to experiments\s2t-cross-lingual_train_full_decoder_3e-3\checkpoints\epoch_18
2025-11-12 05:41:46,885 - __main__ - INFO - Model checkpoint saved: experiments\s2t-cross-lingual_train_full_decoder_3e-3\checkpoints\epoch_18
2025-11-12 05:41:47,154 - __main__ - INFO - Optimizer state saved: experiments\s2t-cross-lingual_train_full_decoder_3e-3\checkpoints\epoch_18\optimizer_state.pt
2025-11-12 05:41:47,154 - __main__ - INFO - Scheduler state saved: experiments\s2t-cross-lingual_train_full_decoder_3e-3\checkpoints\epoch_18\scheduler_state.pt
2025-11-12 05:41:47,155 - __main__ - INFO - Experiment metadata saved: experiments\s2t-cross-lingual_train_full_decoder_3e-3\checkpoints\epoch_18\experiment_metadata.json
2025-11-12 05:41:47,180 - __main__ - INFO - Config saved to: experiments\s2t-cross-lingual_train_full_decoder_3e-3\checkpoints\epoch_18\config.yaml
2025-11-12 05:41:47,182 - __main__ - INFO - Metrics saved to: experiments\s2t-cross-lingual_train_full_decoder_3e-3\checkpoints\epoch_18\metrics.json
2025-11-12 05:41:47,389 - __main__ - INFO - Best checkpoint also saved to: experiments\s2t-cross-lingual_train_full_decoder_3e-3\best_checkpoint
2025-11-12 05:41:47,401 - __main__ - INFO - Removed old checkpoint: experiments\s2t-cross-lingual_train_full_decoder_3e-3\checkpoints\epoch_15
2025-11-12 05:41:47,401 - __main__ - INFO - 
Epoch 19/19
2025-11-12 05:43:27,575 - __main__ - INFO - Epoch 19 - Average training loss: 0.8679
2025-11-12 05:43:27,575 - __main__ - INFO - Running validation...
2025-11-12 05:45:46,791 - __main__ - INFO - Computing validation metrics...
2025-11-12 05:45:57,496 - __main__ - INFO - Validation - Epoch 19 - WER: 0.4593, CER: 0.1814
2025-11-12 05:45:57,497 - __main__ - INFO - Current LR: 0.00e+00
2025-11-12 05:45:57,498 - __main__ - INFO - New best WER: 0.4593
2025-11-12 05:45:57,498 - src.models - INFO - CUDA optimizations enabled (cudnn.benchmark=True)
2025-11-12 05:45:57,498 - src.models - INFO - ModelManager initialized
2025-11-12 05:45:57,637 - src.models - INFO - Model weights saved to experiments\s2t-cross-lingual_train_full_decoder_3e-3\checkpoints\epoch_19\model_weights.pt
2025-11-12 05:45:57,640 - src.models - INFO - Model metadata saved to experiments\s2t-cross-lingual_train_full_decoder_3e-3\checkpoints\epoch_19\model_metadata.json
2025-11-12 05:45:57,640 - src.models - INFO - Checkpoint saved to experiments\s2t-cross-lingual_train_full_decoder_3e-3\checkpoints\epoch_19
2025-11-12 05:45:57,640 - __main__ - INFO - Model checkpoint saved: experiments\s2t-cross-lingual_train_full_decoder_3e-3\checkpoints\epoch_19
2025-11-12 05:45:57,761 - __main__ - INFO - Optimizer state saved: experiments\s2t-cross-lingual_train_full_decoder_3e-3\checkpoints\epoch_19\optimizer_state.pt
2025-11-12 05:45:57,762 - __main__ - INFO - Scheduler state saved: experiments\s2t-cross-lingual_train_full_decoder_3e-3\checkpoints\epoch_19\scheduler_state.pt
2025-11-12 05:45:57,762 - __main__ - INFO - Experiment metadata saved: experiments\s2t-cross-lingual_train_full_decoder_3e-3\checkpoints\epoch_19\experiment_metadata.json
2025-11-12 05:45:57,786 - __main__ - INFO - Config saved to: experiments\s2t-cross-lingual_train_full_decoder_3e-3\checkpoints\epoch_19\config.yaml
2025-11-12 05:45:57,787 - __main__ - INFO - Metrics saved to: experiments\s2t-cross-lingual_train_full_decoder_3e-3\checkpoints\epoch_19\metrics.json
2025-11-12 05:45:57,921 - __main__ - INFO - Best checkpoint also saved to: experiments\s2t-cross-lingual_train_full_decoder_3e-3\best_checkpoint
2025-11-12 05:45:57,935 - __main__ - INFO - Removed old checkpoint: experiments\s2t-cross-lingual_train_full_decoder_3e-3\checkpoints\epoch_16
2025-11-12 05:45:57,935 - __main__ - INFO - ============================================================
2025-11-12 05:45:57,936 - __main__ - INFO - Training completed!
2025-11-12 05:45:57,936 - __main__ - INFO - Total training time: 1:23:02.980617
2025-11-12 05:45:57,936 - __main__ - INFO - Best WER: 0.4593 (Epoch 19)
2025-11-12 05:45:57,936 - __main__ - INFO - ============================================================
2025-11-12 05:45:57,936 - __main__ - INFO - ============================================================
2025-11-12 05:45:57,937 - __main__ - INFO - Running final evaluation on test set...
2025-11-12 05:45:57,937 - __main__ - INFO - ============================================================
2025-11-12 05:45:57,937 - src.data - INFO - Loading test split from TSV file C:\Users\User\Documents\Progs\Projects\seepch_to_text\data\cv-corpus-22.0-2025-06-20\ru\test.tsv...
2025-11-12 05:45:57,967 - src.data - INFO - Loaded 10,244 samples from test split
2025-11-12 05:45:57,968 - src.data - INFO - Loading clip durations from clip_durations.tsv...
2025-11-12 05:45:58,082 - src.data - INFO - Merged durations for 10244 samples
2025-11-12 05:45:58,085 - src.data - INFO - Pre-filtered 0 samples by metadata duration (min: 0.2s, max: 30.0s). Final filtering after trim_silence happens in AudioPreprocessor.
2025-11-12 05:45:58,085 - src.data - INFO - After filtering: 10,244 samples remaining
2025-11-12 05:45:58,085 - src.data - INFO - Cached test split with 10244 samples
2025-11-12 05:45:59,088 - src.data - INFO - Extracted from Speech2Text config (CPU mode): max_source_positions=6000, max_target_positions=1024
2025-11-12 05:45:59,089 - __main__ - INFO - Test dataset size: 10244
2025-11-12 05:45:59,089 - src.data - INFO - Initialized AudioCollator with device: cpu, model_type: speech2text, labels padding: -100, transpose_features: True
2025-11-12 05:48:29,371 - __main__ - INFO - Computing test metrics...
2025-11-12 05:48:39,781 - __main__ - INFO - ============================================================
2025-11-12 05:48:39,781 - __main__ - INFO - Test Set Results:
2025-11-12 05:48:39,781 - __main__ - INFO - ============================================================
2025-11-12 05:48:39,782 - __main__ - INFO - Word Error Rate (WER): 0.4974 (49.74%)
2025-11-12 05:48:39,782 - __main__ - INFO - Character Error Rate (CER): 0.2100 (21.00%)
2025-11-12 05:48:39,782 - __main__ - INFO - BLEU Score: 0.3433
2025-11-12 05:48:39,782 - __main__ - INFO - Substitutions: 33,800
2025-11-12 05:48:39,782 - __main__ - INFO - Deletions: 3,943
2025-11-12 05:48:39,782 - __main__ - INFO - Insertions: 5,134
2025-11-12 05:48:39,782 - __main__ - INFO - Correct Words: 48,464
2025-11-12 05:48:39,783 - __main__ - INFO - ============================================================
2025-11-12 05:48:39,783 - __main__ - INFO - Test metrics saved to: experiments\s2t-cross-lingual_train_full_decoder_3e-3\test_results.json
2025-11-12 05:48:39,819 - __main__ - INFO - Test predictions saved to: experiments\s2t-cross-lingual_train_full_decoder_3e-3\test_predictions.csv
2025-11-12 05:48:39,820 - __main__ - INFO - ============================================================
2025-11-12 05:48:39,820 - __main__ - INFO - All done!
2025-11-12 05:48:39,820 - __main__ - INFO - Results saved to: experiments\s2t-cross-lingual_train_full_decoder_3e-3
2025-11-12 05:48:39,821 - __main__ - INFO - TensorBoard: tensorboard --logdir experiments\s2t-cross-lingual_train_full_decoder_3e-3/tensorboard
2025-11-12 05:48:39,821 - __main__ - INFO - ============================================================
