2025-11-16 10:44:17,072 - src.utils - INFO - Logging setup complete. Level: INFO
2025-11-16 10:44:17,072 - src.utils - INFO - Log file: experiments\s2t-cross-lingual_train_5_decoder_3e-3\training.log
2025-11-16 10:44:17,072 - src.utils - INFO - Checkpoint path: experiments\baselines\s2t-cross-lingual
2025-11-16 10:44:17,072 - src.utils - INFO - Configuration file: experiments\baselines\s2t-cross-lingual\config.yaml
2025-11-16 10:44:17,074 - src.utils - INFO - ============================================================
2025-11-16 10:44:17,074 - src.utils - INFO - SYSTEM INFORMATION
2025-11-16 10:44:17,075 - src.utils - INFO - ============================================================
2025-11-16 10:44:17,075 - src.utils - INFO - Python Version: 3.10.18
2025-11-16 10:44:17,075 - src.utils - INFO - PyTorch Version: 2.5.1
2025-11-16 10:44:17,075 - src.utils - INFO - GPU: NVIDIA GeForce RTX 4070 Ti
2025-11-16 10:44:17,075 - src.utils - INFO - GPU Memory: 12.0 GB
2025-11-16 10:44:17,075 - src.utils - INFO - CUDA Version: 12.4
2025-11-16 10:44:17,075 - src.utils - INFO - CPU Cores: 16
2025-11-16 10:44:17,075 - src.utils - INFO - ============================================================
2025-11-16 10:44:17,078 - src.utils - INFO - Initializing data manager...
2025-11-16 10:44:17,079 - src.utils - INFO - Loading experiment objects...
2025-11-16 10:44:17,079 - src.models - INFO - CUDA optimizations enabled (cudnn.benchmark=True)
2025-11-16 10:44:17,079 - src.models - INFO - ModelManager initialized
2025-11-16 10:44:17,079 - __main__ - INFO - Using device: cuda
2025-11-16 10:44:17,079 - __main__ - INFO - Loading model from checkpoint: experiments\baselines\s2t-cross-lingual
2025-11-16 10:44:17,080 - src.models - INFO - Creating processor from checkpoint config: facebook/s2t-small-librispeech-asr
2025-11-16 10:44:17,080 - src.models - INFO - Loading processor with alternative tokenizer for cross-lingual transfer: facebook/s2t-medium-mustc-multilingual-st
2025-11-16 10:44:19,727 - src.models - INFO - Set multilingual tokenizer.tgt_lang = 'ru'
2025-11-16 10:44:19,727 - src.models - INFO - Loading Speech2Text model: facebook/s2t-small-librispeech-asr
2025-11-16 10:44:22,668 - src.models - INFO - Feature encoder frozen: 4 parameter groups (conv layers and positional embeddings)
2025-11-16 10:44:22,669 - src.models - INFO - Encoder frozen
2025-11-16 10:44:22,671 - src.models - INFO - Model loaded. Total parameters: 29,536,256, Trainable: 12,033,024
2025-11-16 10:44:22,671 - src.models - INFO - Vocabulary size unchanged (10000), skipping resize
2025-11-16 10:44:22,672 - src.models - INFO - Model created: speech2text - facebook/s2t-small-librispeech-asr
2025-11-16 10:44:22,875 - src.models - INFO - Loaded weights from experiments\baselines\s2t-cross-lingual\model_weights.pt
2025-11-16 10:44:22,875 - src.models - INFO - Restoring weight tying from metadata...
2025-11-16 10:44:22,875 - src.models - INFO - Weight tying restored: lm_head.weight now shares tensor with decoder.embed_tokens.weight
2025-11-16 10:44:22,912 - src.models - INFO - Model moved to device: cuda
2025-11-16 10:44:22,914 - src.models - INFO - Model Info: {'model_type': 'speech2text', 'model_name': 'facebook/s2t-small-librispeech-asr', 'total_parameters': 29536256, 'trainable_parameters': 12033024, 'trainable_ratio': 0.4073984190819581}
2025-11-16 10:44:22,915 - __main__ - INFO - Applying freeze settings from config...
2025-11-16 10:44:22,916 - src.models - INFO - Feature encoder frozen: 4 parameter groups (conv layers and positional embeddings)
2025-11-16 10:44:22,916 - src.models - INFO - Encoder frozen
2025-11-16 10:44:22,917 - src.models - INFO - Decoder frozen
2025-11-16 10:44:22,917 - src.models - INFO - Unfroze last 5 decoder layers
2025-11-16 10:44:22,917 - src.models - INFO - Decoder embed_tokens unfrozen
2025-11-16 10:44:22,917 - src.models - INFO - Decoder embed_positions unfrozen
2025-11-16 10:44:22,917 - src.models - INFO - lm_head unfrozen
2025-11-16 10:44:22,918 - src.models - INFO - Decoder layer_norm unfrozen
2025-11-16 10:44:22,919 - __main__ - INFO - Model parameters: 10,454,272 / 29,536,256 trainable
2025-11-16 10:44:22,919 - __main__ - INFO - No experiment_metadata.json found - starting new training
2025-11-16 10:44:22,920 - __main__ - INFO - No optimizer_state.pt found - starting new training from baseline
2025-11-16 10:44:22,920 - __main__ - INFO - Experiment loaded: facebook/s2t-small-librispeech-asr
2025-11-16 10:44:22,920 - __main__ - INFO - Will start training from epoch 0, global_step 0
2025-11-16 10:44:22,921 - src.data - INFO - Set pad_token_id: 1
2025-11-16 10:44:22,921 - src.data - INFO - Set forced_bos_token_id for target language 'ru': 6
2025-11-16 10:44:22,921 - src.utils - INFO - Loading datasets...
2025-11-16 10:44:22,921 - src.data - INFO - Loading train split from TSV file C:\Users\User\Documents\Progs\Projects\speech_to_text\data\cv-corpus-22.0-2025-06-20\ru\train.tsv...
2025-11-16 10:44:23,000 - src.data - INFO - Loaded 26,654 samples from train split
2025-11-16 10:44:23,001 - src.data - INFO - Loading clip durations from clip_durations.tsv...
2025-11-16 10:44:23,123 - src.data - INFO - Merged durations for 26654 samples
2025-11-16 10:44:23,127 - src.data - INFO - Pre-filtered 0 samples by metadata duration (min: 0.2s, max: 30.0s). Final filtering after trim_silence happens in AudioPreprocessor.
2025-11-16 10:44:23,128 - src.data - INFO - After filtering: 26,654 samples remaining
2025-11-16 10:44:23,128 - src.data - INFO - Cached train split with 26654 samples
2025-11-16 10:44:23,808 - src.data - INFO - Extracted from Speech2Text config (CPU mode): max_source_positions=6000, max_target_positions=1024
2025-11-16 10:44:23,808 - src.data - INFO - Loading validation split from TSV file C:\Users\User\Documents\Progs\Projects\speech_to_text\data\cv-corpus-22.0-2025-06-20\ru\dev.tsv...
2025-11-16 10:44:23,849 - src.data - INFO - Loaded 10,243 samples from validation split
2025-11-16 10:44:23,850 - src.data - INFO - Loading clip durations from clip_durations.tsv...
2025-11-16 10:44:23,961 - src.data - INFO - Merged durations for 10243 samples
2025-11-16 10:44:23,963 - src.data - INFO - Pre-filtered 0 samples by metadata duration (min: 0.2s, max: 30.0s). Final filtering after trim_silence happens in AudioPreprocessor.
2025-11-16 10:44:23,964 - src.data - INFO - After filtering: 10,243 samples remaining
2025-11-16 10:44:23,964 - src.data - INFO - Cached validation split with 10243 samples
2025-11-16 10:44:24,565 - src.data - INFO - Extracted from Speech2Text config (CPU mode): max_source_positions=6000, max_target_positions=1024
2025-11-16 10:44:24,566 - src.utils - INFO - Train dataset size: 26654
2025-11-16 10:44:24,566 - src.utils - INFO - Validation dataset size: 10243
2025-11-16 10:44:24,566 - __main__ - INFO - Experiment directory: experiments\s2t-cross-lingual_train_5_decoder_3e-3
2025-11-16 10:44:24,567 - __main__ - INFO - Checkpoints directory: experiments\s2t-cross-lingual_train_5_decoder_3e-3\checkpoints
2025-11-16 10:44:24,567 - __main__ - INFO - Experiment path: experiments\baselines\s2t-cross-lingual
2025-11-16 10:44:24,567 - __main__ - INFO - Resume training: False
2025-11-16 10:44:24,610 - __main__ - INFO - Configuration saved to: experiments\s2t-cross-lingual_train_5_decoder_3e-3\config.yaml
2025-11-16 10:44:24,637 - src.config - INFO - ============================================================
2025-11-16 10:44:24,637 - src.config - INFO - CONFIGURATION
2025-11-16 10:44:24,637 - src.config - INFO - ============================================================
2025-11-16 10:44:24,637 - src.config - INFO - experiment:
2025-11-16 10:44:24,638 - src.config - INFO -   output_dir: experiments
2025-11-16 10:44:24,638 - src.config - INFO -   experiment_name: s2t-cross-lingual_train_5_decoder_3e-3
2025-11-16 10:44:24,638 - src.config - INFO -   seed: 42
2025-11-16 10:44:24,638 - src.config - INFO - data:
2025-11-16 10:44:24,638 - src.config - INFO -   language: ru
2025-11-16 10:44:24,639 - src.config - INFO -   task: transcribe
2025-11-16 10:44:24,639 - src.config - INFO -   train_split: train
2025-11-16 10:44:24,639 - src.config - INFO -   validation_split: dev
2025-11-16 10:44:24,639 - src.config - INFO -   test_split: test
2025-11-16 10:44:24,639 - src.config - INFO -   max_duration: 30.0
2025-11-16 10:44:24,639 - src.config - INFO -   min_duration: 0.2
2025-11-16 10:44:24,640 - src.config - INFO -   sample_rate: 16000
2025-11-16 10:44:24,640 - src.config - INFO -   data_dir: data
2025-11-16 10:44:24,640 - src.config - INFO -   dataset_path: cv-corpus-22.0-2025-06-20/ru
2025-11-16 10:44:24,640 - src.config - INFO -   num_workers: 4
2025-11-16 10:44:24,640 - src.config - INFO -   preprocessing_num_workers: 8
2025-11-16 10:44:24,640 - src.config - INFO -   normalize: true
2025-11-16 10:44:24,640 - src.config - INFO -   trim_silence: true
2025-11-16 10:44:24,640 - src.config - INFO -   silence_threshold: 0.01
2025-11-16 10:44:24,641 - src.config - INFO -   processing_and_augmentation_device: cpu
2025-11-16 10:44:24,641 - src.config - INFO -   filter_by_duration: true
2025-11-16 10:44:24,641 - src.config - INFO -   pin_memory: true
2025-11-16 10:44:24,641 - src.config - INFO -   max_source_positions: 6000
2025-11-16 10:44:24,641 - src.config - INFO -   max_target_positions: 1024
2025-11-16 10:44:24,641 - src.config - INFO -   augmentation:
2025-11-16 10:44:24,641 - src.config - INFO -     enabled: true
2025-11-16 10:44:24,641 - src.config - INFO -     add_noise: true
2025-11-16 10:44:24,642 - src.config - INFO -     noise_probability: 0.3
2025-11-16 10:44:24,642 - src.config - INFO -     noise_factor: 0.02
2025-11-16 10:44:24,642 - src.config - INFO -     speed_perturbation: true
2025-11-16 10:44:24,642 - src.config - INFO -     speed_probability: 0.3
2025-11-16 10:44:24,642 - src.config - INFO -     speed_factor_range:
2025-11-16 10:44:24,643 - src.config - INFO -     - 0.9
2025-11-16 10:44:24,643 - src.config - INFO -     - 1.1
2025-11-16 10:44:24,643 - src.config - INFO -     speed_num_steps: 3
2025-11-16 10:44:24,643 - src.config - INFO -     pitch_shift: true
2025-11-16 10:44:24,643 - src.config - INFO -     pitch_probability: 0.3
2025-11-16 10:44:24,643 - src.config - INFO -     pitch_shift_range:
2025-11-16 10:44:24,644 - src.config - INFO -     - -2
2025-11-16 10:44:24,644 - src.config - INFO -     - 2
2025-11-16 10:44:24,644 - src.config - INFO -     volume_perturbation: true
2025-11-16 10:44:24,644 - src.config - INFO -     volume_probability: 0.3
2025-11-16 10:44:24,644 - src.config - INFO -     volume_range_db:
2025-11-16 10:44:24,644 - src.config - INFO -     - -10
2025-11-16 10:44:24,644 - src.config - INFO -     - 10
2025-11-16 10:44:24,644 - src.config - INFO -     fade_inout: true
2025-11-16 10:44:24,645 - src.config - INFO -     fade_probability: 0.2
2025-11-16 10:44:24,645 - src.config - INFO -     fade_duration: 0.1
2025-11-16 10:44:24,645 - src.config - INFO -     spec_augment: true
2025-11-16 10:44:24,645 - src.config - INFO -     spec_augment_probability: 0.4
2025-11-16 10:44:24,646 - src.config - INFO -     time_mask_max_size: 20
2025-11-16 10:44:24,646 - src.config - INFO -     freq_mask_max_size: 30
2025-11-16 10:44:24,646 - src.config - INFO -     num_time_masks: 2
2025-11-16 10:44:24,646 - src.config - INFO -     num_freq_masks: 2
2025-11-16 10:44:24,646 - src.config - INFO -     time_stretch: true
2025-11-16 10:44:24,646 - src.config - INFO -     time_stretch_probability: 0.3
2025-11-16 10:44:24,647 - src.config - INFO -     time_stretch_range:
2025-11-16 10:44:24,647 - src.config - INFO -     - 0.95
2025-11-16 10:44:24,647 - src.config - INFO -     - 1.05
2025-11-16 10:44:24,647 - src.config - INFO -     reverb: true
2025-11-16 10:44:24,647 - src.config - INFO -     reverb_probability: 0.2
2025-11-16 10:44:24,648 - src.config - INFO -     reverb_time: 0.3
2025-11-16 10:44:24,648 - src.config - INFO -     reverb_decay_rate: 0.3
2025-11-16 10:44:24,648 - src.config - INFO -     reverb_impulse_amplitude: 0.1
2025-11-16 10:44:24,648 - src.config - INFO -     reverb_mix_level: 0.3
2025-11-16 10:44:24,649 - src.config - INFO - model:
2025-11-16 10:44:24,649 - src.config - INFO -   model_name: facebook/s2t-small-librispeech-asr
2025-11-16 10:44:24,649 - src.config - INFO -   model_type: speech2text
2025-11-16 10:44:24,649 - src.config - INFO -   tokenizer_name_or_path: facebook/s2t-medium-mustc-multilingual-st
2025-11-16 10:44:24,649 - src.config - INFO -   freeze_feature_encoder: true
2025-11-16 10:44:24,649 - src.config - INFO -   freeze_encoder: true
2025-11-16 10:44:24,649 - src.config - INFO -   freeze_decoder: true
2025-11-16 10:44:24,650 - src.config - INFO -   unfreeze_last_n_encoder_layers: 0
2025-11-16 10:44:24,650 - src.config - INFO -   unfreeze_last_n_decoder_layers: 5
2025-11-16 10:44:24,650 - src.config - INFO -   unfreeze_embed_tokens: true
2025-11-16 10:44:24,650 - src.config - INFO -   unfreeze_embed_positions_decoder: true
2025-11-16 10:44:24,650 - src.config - INFO -   unfreeze_lm_head: true
2025-11-16 10:44:24,650 - src.config - INFO -   unfreeze_layer_norm_decoder: true
2025-11-16 10:44:24,650 - src.config - INFO -   activation_dropout: 0.15
2025-11-16 10:44:24,651 - src.config - INFO -   attention_dropout: 0.15
2025-11-16 10:44:24,651 - src.config - INFO -   dropout: 0.15
2025-11-16 10:44:24,651 - src.config - INFO -   use_gpu: true
2025-11-16 10:44:24,651 - src.config - INFO -   compile_model: false
2025-11-16 10:44:24,652 - src.config - INFO -   hidden_size: 256
2025-11-16 10:44:24,652 - src.config - INFO -   num_attention_heads: 4
2025-11-16 10:44:24,652 - src.config - INFO -   num_hidden_layers: 4
2025-11-16 10:44:24,652 - src.config - INFO -   intermediate_size: 1024
2025-11-16 10:44:24,653 - src.config - INFO -   custom: null
2025-11-16 10:44:24,653 - src.config - INFO - training:
2025-11-16 10:44:24,653 - src.config - INFO -   num_train_epochs: 30
2025-11-16 10:44:24,653 - src.config - INFO -   train_batch_size: 64
2025-11-16 10:44:24,653 - src.config - INFO -   eval_batch_size: 128
2025-11-16 10:44:24,653 - src.config - INFO -   gradient_accumulation_steps: 2
2025-11-16 10:44:24,654 - src.config - INFO -   eval_accumulation_steps: null
2025-11-16 10:44:24,654 - src.config - INFO -   gradient_checkpointing: false
2025-11-16 10:44:24,654 - src.config - INFO -   max_grad_norm: 1.0
2025-11-16 10:44:24,654 - src.config - INFO -   learning_rate: 0.003
2025-11-16 10:44:24,654 - src.config - INFO -   weight_decay: 0.01
2025-11-16 10:44:24,654 - src.config - INFO -   scheduler_name: warmup_plateau_decay
2025-11-16 10:44:24,654 - src.config - INFO -   reduce_on_plateau:
2025-11-16 10:44:24,655 - src.config - INFO -     factor: 0.5
2025-11-16 10:44:24,655 - src.config - INFO -     patience: 2
2025-11-16 10:44:24,655 - src.config - INFO -     min_lr: 1.0e-07
2025-11-16 10:44:24,655 - src.config - INFO -     mode: min
2025-11-16 10:44:24,655 - src.config - INFO -     threshold: 0.0001
2025-11-16 10:44:24,656 - src.config - INFO -   cosine:
2025-11-16 10:44:24,656 - src.config - INFO -     T_max: 10
2025-11-16 10:44:24,656 - src.config - INFO -     eta_min: 1.0e-07
2025-11-16 10:44:24,656 - src.config - INFO -     last_epoch: -1
2025-11-16 10:44:24,657 - src.config - INFO -   onecycle:
2025-11-16 10:44:24,657 - src.config - INFO -     max_lr: 0.0005
2025-11-16 10:44:24,657 - src.config - INFO -     pct_start: 0.3
2025-11-16 10:44:24,657 - src.config - INFO -     anneal_strategy: cos
2025-11-16 10:44:24,657 - src.config - INFO -     div_factor: 25.0
2025-11-16 10:44:24,658 - src.config - INFO -     final_div_factor: 10000.0
2025-11-16 10:44:24,658 - src.config - INFO -   linear:
2025-11-16 10:44:24,658 - src.config - INFO -     warmup_ratio: 0.1
2025-11-16 10:44:24,658 - src.config - INFO -   warmup_plateau_decay:
2025-11-16 10:44:24,658 - src.config - INFO -     warmup_ratio: 0.1
2025-11-16 10:44:24,658 - src.config - INFO -     plateau_ratio: 0.4
2025-11-16 10:44:24,659 - src.config - INFO -   max_steps: null
2025-11-16 10:44:24,659 - src.config - INFO -   eval_steps: 500
2025-11-16 10:44:24,659 - src.config - INFO -   save_steps: 1000
2025-11-16 10:44:24,659 - src.config - INFO -   logging_steps: 100
2025-11-16 10:44:24,660 - src.config - INFO -   load_best_model_at_end: true
2025-11-16 10:44:24,660 - src.config - INFO -   metric_for_best_model: eval_wer
2025-11-16 10:44:24,660 - src.config - INFO -   greater_is_better: false
2025-11-16 10:44:24,660 - src.config - INFO -   save_total_limit: 3
2025-11-16 10:44:24,661 - src.config - INFO -   fp16: true
2025-11-16 10:44:24,661 - src.config - INFO -   num_workers: 8
2025-11-16 10:44:24,661 - src.config - INFO -   remove_unused_columns: true
2025-11-16 10:44:24,661 - src.config - INFO -   use_cpu_offload: false
2025-11-16 10:44:24,661 - src.config - INFO -   use_early_stopping: true
2025-11-16 10:44:24,661 - src.config - INFO -   early_stopping_patience: 3
2025-11-16 10:44:24,662 - src.config - INFO -   early_stopping_threshold: 0.01
2025-11-16 10:44:24,662 - src.config - INFO - evaluation:
2025-11-16 10:44:24,662 - src.config - INFO -   batch_size: 128
2025-11-16 10:44:24,662 - src.config - INFO -   num_workers: 8
2025-11-16 10:44:24,662 - src.config - INFO -   compute_metrics: true
2025-11-16 10:44:24,662 - src.config - INFO -   prediction_loss_only: false
2025-11-16 10:44:24,663 - src.config - INFO -   eval_on_start: false
2025-11-16 10:44:24,663 - src.config - INFO -   eval_accumulation_steps: null
2025-11-16 10:44:24,663 - src.config - INFO -   calculate_wer: true
2025-11-16 10:44:24,663 - src.config - INFO -   calculate_cer: true
2025-11-16 10:44:24,663 - src.config - INFO -   calculate_bleu: true
2025-11-16 10:44:24,663 - src.config - INFO -   num_beams: 1
2025-11-16 10:44:24,664 - src.config - INFO -   max_length: 448
2025-11-16 10:44:24,664 - src.config - INFO -   language: ru
2025-11-16 10:44:24,664 - src.config - INFO -   task: transcribe
2025-11-16 10:44:24,664 - src.config - INFO -   repetition_penalty: 1.2
2025-11-16 10:44:24,665 - src.config - INFO -   no_repeat_ngram_size: 3
2025-11-16 10:44:24,665 - src.config - INFO - logging:
2025-11-16 10:44:24,665 - src.config - INFO -   use_wandb: false
2025-11-16 10:44:24,665 - src.config - INFO -   wandb_project: speech-to-text-ru
2025-11-16 10:44:24,665 - src.config - INFO -   wandb_entity: null
2025-11-16 10:44:24,665 - src.config - INFO -   log_level: INFO
2025-11-16 10:44:24,666 - src.config - INFO -   report_to:
2025-11-16 10:44:24,666 - src.config - INFO -   - tensorboard
2025-11-16 10:44:24,666 - src.config - INFO -   - wandb
2025-11-16 10:44:24,666 - src.config - INFO - project_name: speech-to-text-ru
2025-11-16 10:44:24,666 - src.config - INFO - description: Speech2Text Cross-Lingual (English model + Multilingual tokenizer) for
2025-11-16 10:44:24,666 - src.config - INFO -   Russian
2025-11-16 10:44:24,666 - src.config - INFO - version: 0.1.0
2025-11-16 10:44:24,667 - src.config - INFO - ============================================================
2025-11-16 10:44:24,667 - src.utils - INFO - Using GPU: NVIDIA GeForce RTX 4070 Ti
2025-11-16 10:44:24,667 - src.utils - INFO - GPU Memory: 11.99 GB
2025-11-16 10:44:24,669 - src.utils - INFO - Model parameters: 29,536,256 total, 10,454,272 trainable
2025-11-16 10:44:24,669 - src.data - INFO - Initialized AudioCollator with device: cpu, model_type: speech2text, labels padding: -100, transpose_features: True
2025-11-16 10:44:24,670 - src.utils - INFO - Training batches per epoch: 417
2025-11-16 10:44:24,671 - src.utils - INFO - Validation batches: 81
2025-11-16 10:44:24,671 - src.utils - INFO - Total training steps: 12510
2025-11-16 10:44:24,671 - __main__ - INFO - Creating warmup_plateau_decay scheduler with total_steps=12510
2025-11-16 10:44:24,671 - __main__ - INFO - No scheduler_state.pt found - using fresh scheduler
2025-11-16 10:44:24,672 - src.utils - INFO - Using optimizer: AdamW (lr=0.003)
2025-11-16 10:44:24,672 - src.utils - INFO - Using scheduler: warmup_plateau_decay
2025-11-16 10:44:24,672 - src.utils - INFO - Starting from epoch 0, global_step 0
2025-11-16 10:44:24,672 - src.utils - INFO - ============================================================
2025-11-16 10:44:24,672 - src.utils - INFO - Starting training...
2025-11-16 10:44:24,673 - src.utils - INFO - ============================================================
2025-11-16 10:44:24,673 - src.utils - INFO - 
Epoch 0/29
2025-11-16 10:46:12,369 - src.utils - INFO - Epoch 0 - Average training loss: 6.0622
2025-11-16 10:46:12,369 - src.utils - INFO - Running validation...
2025-11-16 10:48:31,424 - src.utils - INFO - Computing validation metrics...
2025-11-16 10:48:37,556 - src.metrics - WARNING - Found 2/10243 empty predictions after normalization
2025-11-16 10:48:39,968 - src.utils - INFO - Validation - Epoch 0 - WER: 0.9940, CER: 0.7217
2025-11-16 10:48:39,969 - src.utils - INFO - Current LR: 1.00e-03
2025-11-16 10:48:39,969 - src.utils - INFO - New best WER: 0.9940
2025-11-16 10:48:39,970 - src.models - INFO - CUDA optimizations enabled (cudnn.benchmark=True)
2025-11-16 10:48:39,970 - src.models - INFO - ModelManager initialized
2025-11-16 10:48:40,108 - src.models - INFO - Model weights saved to experiments\s2t-cross-lingual_train_5_decoder_3e-3\checkpoints\epoch_0\model_weights.pt
2025-11-16 10:48:40,108 - src.models - INFO - Detected weight tying: decoder.embed_tokens shares weights with output projection
2025-11-16 10:48:40,110 - src.models - INFO - Model metadata saved to experiments\s2t-cross-lingual_train_5_decoder_3e-3\checkpoints\epoch_0\model_metadata.json
2025-11-16 10:48:40,111 - src.models - INFO - Checkpoint saved to experiments\s2t-cross-lingual_train_5_decoder_3e-3\checkpoints\epoch_0
2025-11-16 10:48:40,111 - src.utils - INFO - Model checkpoint saved: experiments\s2t-cross-lingual_train_5_decoder_3e-3\checkpoints\epoch_0
2025-11-16 10:48:40,216 - src.utils - INFO - Optimizer state saved: experiments\s2t-cross-lingual_train_5_decoder_3e-3\checkpoints\epoch_0\optimizer_state.pt
2025-11-16 10:48:40,220 - src.utils - INFO - Scheduler state saved: experiments\s2t-cross-lingual_train_5_decoder_3e-3\checkpoints\epoch_0\scheduler_state.pt
2025-11-16 10:48:40,220 - src.utils - INFO - Experiment metadata saved: experiments\s2t-cross-lingual_train_5_decoder_3e-3\checkpoints\epoch_0\experiment_metadata.json
2025-11-16 10:48:40,246 - src.utils - INFO - Config saved to: experiments\s2t-cross-lingual_train_5_decoder_3e-3\checkpoints\epoch_0\config.yaml
2025-11-16 10:48:40,247 - src.utils - INFO - Metrics saved to: experiments\s2t-cross-lingual_train_5_decoder_3e-3\checkpoints\epoch_0\metrics.json
2025-11-16 10:48:40,353 - src.utils - INFO - Best checkpoint also saved to: experiments\s2t-cross-lingual_train_5_decoder_3e-3\best_checkpoint
2025-11-16 10:48:40,354 - src.utils - INFO - 
Epoch 1/29
2025-11-16 10:50:21,495 - src.utils - INFO - Epoch 1 - Average training loss: 3.2506
2025-11-16 10:50:21,495 - src.utils - INFO - Running validation...
2025-11-16 10:52:36,869 - src.utils - INFO - Computing validation metrics...
2025-11-16 10:52:50,202 - src.utils - INFO - Validation - Epoch 1 - WER: 0.7507, CER: 0.3411
2025-11-16 10:52:50,203 - src.utils - INFO - Current LR: 2.00e-03
2025-11-16 10:52:50,204 - src.utils - INFO - New best WER: 0.7507
2025-11-16 10:52:50,204 - src.models - INFO - CUDA optimizations enabled (cudnn.benchmark=True)
2025-11-16 10:52:50,204 - src.models - INFO - ModelManager initialized
2025-11-16 10:52:50,365 - src.models - INFO - Model weights saved to experiments\s2t-cross-lingual_train_5_decoder_3e-3\checkpoints\epoch_1\model_weights.pt
2025-11-16 10:52:50,365 - src.models - INFO - Detected weight tying: decoder.embed_tokens shares weights with output projection
2025-11-16 10:52:50,367 - src.models - INFO - Model metadata saved to experiments\s2t-cross-lingual_train_5_decoder_3e-3\checkpoints\epoch_1\model_metadata.json
2025-11-16 10:52:50,368 - src.models - INFO - Checkpoint saved to experiments\s2t-cross-lingual_train_5_decoder_3e-3\checkpoints\epoch_1
2025-11-16 10:52:50,368 - src.utils - INFO - Model checkpoint saved: experiments\s2t-cross-lingual_train_5_decoder_3e-3\checkpoints\epoch_1
2025-11-16 10:52:50,467 - src.utils - INFO - Optimizer state saved: experiments\s2t-cross-lingual_train_5_decoder_3e-3\checkpoints\epoch_1\optimizer_state.pt
2025-11-16 10:52:50,481 - src.utils - INFO - Scheduler state saved: experiments\s2t-cross-lingual_train_5_decoder_3e-3\checkpoints\epoch_1\scheduler_state.pt
2025-11-16 10:52:50,482 - src.utils - INFO - Experiment metadata saved: experiments\s2t-cross-lingual_train_5_decoder_3e-3\checkpoints\epoch_1\experiment_metadata.json
2025-11-16 10:52:50,509 - src.utils - INFO - Config saved to: experiments\s2t-cross-lingual_train_5_decoder_3e-3\checkpoints\epoch_1\config.yaml
2025-11-16 10:52:50,510 - src.utils - INFO - Metrics saved to: experiments\s2t-cross-lingual_train_5_decoder_3e-3\checkpoints\epoch_1\metrics.json
2025-11-16 10:52:50,628 - src.utils - INFO - Best checkpoint also saved to: experiments\s2t-cross-lingual_train_5_decoder_3e-3\best_checkpoint
2025-11-16 10:52:50,629 - src.utils - INFO - 
Epoch 2/29
2025-11-16 10:54:33,818 - src.utils - INFO - Epoch 2 - Average training loss: 2.3925
2025-11-16 10:54:33,819 - src.utils - INFO - Running validation...
2025-11-16 10:56:45,956 - src.utils - INFO - Computing validation metrics...
2025-11-16 10:56:55,514 - src.utils - INFO - Validation - Epoch 2 - WER: 0.6902, CER: 0.2997
2025-11-16 10:56:55,515 - src.utils - INFO - Current LR: 3.00e-03
2025-11-16 10:56:55,515 - src.utils - INFO - New best WER: 0.6902
2025-11-16 10:56:55,516 - src.models - INFO - CUDA optimizations enabled (cudnn.benchmark=True)
2025-11-16 10:56:55,516 - src.models - INFO - ModelManager initialized
2025-11-16 10:56:55,663 - src.models - INFO - Model weights saved to experiments\s2t-cross-lingual_train_5_decoder_3e-3\checkpoints\epoch_2\model_weights.pt
2025-11-16 10:56:55,663 - src.models - INFO - Detected weight tying: decoder.embed_tokens shares weights with output projection
2025-11-16 10:56:55,666 - src.models - INFO - Model metadata saved to experiments\s2t-cross-lingual_train_5_decoder_3e-3\checkpoints\epoch_2\model_metadata.json
2025-11-16 10:56:55,666 - src.models - INFO - Checkpoint saved to experiments\s2t-cross-lingual_train_5_decoder_3e-3\checkpoints\epoch_2
2025-11-16 10:56:55,667 - src.utils - INFO - Model checkpoint saved: experiments\s2t-cross-lingual_train_5_decoder_3e-3\checkpoints\epoch_2
2025-11-16 10:56:55,767 - src.utils - INFO - Optimizer state saved: experiments\s2t-cross-lingual_train_5_decoder_3e-3\checkpoints\epoch_2\optimizer_state.pt
2025-11-16 10:56:55,768 - src.utils - INFO - Scheduler state saved: experiments\s2t-cross-lingual_train_5_decoder_3e-3\checkpoints\epoch_2\scheduler_state.pt
2025-11-16 10:56:55,769 - src.utils - INFO - Experiment metadata saved: experiments\s2t-cross-lingual_train_5_decoder_3e-3\checkpoints\epoch_2\experiment_metadata.json
2025-11-16 10:56:55,793 - src.utils - INFO - Config saved to: experiments\s2t-cross-lingual_train_5_decoder_3e-3\checkpoints\epoch_2\config.yaml
2025-11-16 10:56:55,794 - src.utils - INFO - Metrics saved to: experiments\s2t-cross-lingual_train_5_decoder_3e-3\checkpoints\epoch_2\metrics.json
2025-11-16 10:56:55,917 - src.utils - INFO - Best checkpoint also saved to: experiments\s2t-cross-lingual_train_5_decoder_3e-3\best_checkpoint
2025-11-16 10:56:55,917 - src.utils - INFO - 
Epoch 3/29
2025-11-16 10:58:36,829 - src.utils - INFO - Epoch 3 - Average training loss: 2.1183
2025-11-16 10:58:36,830 - src.utils - INFO - Running validation...
2025-11-16 11:00:53,697 - src.utils - INFO - Computing validation metrics...
2025-11-16 11:01:03,495 - src.utils - INFO - Validation - Epoch 3 - WER: 0.6524, CER: 0.2749
2025-11-16 11:01:03,496 - src.utils - INFO - Current LR: 3.00e-03
2025-11-16 11:01:03,497 - src.utils - INFO - New best WER: 0.6524
2025-11-16 11:01:03,497 - src.models - INFO - CUDA optimizations enabled (cudnn.benchmark=True)
2025-11-16 11:01:03,497 - src.models - INFO - ModelManager initialized
2025-11-16 11:01:03,680 - src.models - INFO - Model weights saved to experiments\s2t-cross-lingual_train_5_decoder_3e-3\checkpoints\epoch_3\model_weights.pt
2025-11-16 11:01:03,680 - src.models - INFO - Detected weight tying: decoder.embed_tokens shares weights with output projection
2025-11-16 11:01:03,682 - src.models - INFO - Model metadata saved to experiments\s2t-cross-lingual_train_5_decoder_3e-3\checkpoints\epoch_3\model_metadata.json
2025-11-16 11:01:03,683 - src.models - INFO - Checkpoint saved to experiments\s2t-cross-lingual_train_5_decoder_3e-3\checkpoints\epoch_3
2025-11-16 11:01:03,683 - src.utils - INFO - Model checkpoint saved: experiments\s2t-cross-lingual_train_5_decoder_3e-3\checkpoints\epoch_3
2025-11-16 11:01:03,785 - src.utils - INFO - Optimizer state saved: experiments\s2t-cross-lingual_train_5_decoder_3e-3\checkpoints\epoch_3\optimizer_state.pt
2025-11-16 11:01:03,786 - src.utils - INFO - Scheduler state saved: experiments\s2t-cross-lingual_train_5_decoder_3e-3\checkpoints\epoch_3\scheduler_state.pt
2025-11-16 11:01:03,787 - src.utils - INFO - Experiment metadata saved: experiments\s2t-cross-lingual_train_5_decoder_3e-3\checkpoints\epoch_3\experiment_metadata.json
2025-11-16 11:01:03,812 - src.utils - INFO - Config saved to: experiments\s2t-cross-lingual_train_5_decoder_3e-3\checkpoints\epoch_3\config.yaml
2025-11-16 11:01:03,812 - src.utils - INFO - Metrics saved to: experiments\s2t-cross-lingual_train_5_decoder_3e-3\checkpoints\epoch_3\metrics.json
2025-11-16 11:01:04,012 - src.utils - INFO - Best checkpoint also saved to: experiments\s2t-cross-lingual_train_5_decoder_3e-3\best_checkpoint
2025-11-16 11:01:04,025 - src.utils - INFO - Removed old checkpoint: experiments\s2t-cross-lingual_train_5_decoder_3e-3\checkpoints\epoch_0
2025-11-16 11:01:04,026 - src.utils - INFO - 
Epoch 4/29
2025-11-16 11:02:42,967 - src.utils - INFO - Epoch 4 - Average training loss: 1.9085
2025-11-16 11:02:42,967 - src.utils - INFO - Running validation...
2025-11-16 11:04:56,385 - src.utils - INFO - Computing validation metrics...
2025-11-16 11:05:06,925 - src.utils - INFO - Validation - Epoch 4 - WER: 0.6167, CER: 0.2544
2025-11-16 11:05:06,926 - src.utils - INFO - Current LR: 3.00e-03
2025-11-16 11:05:06,926 - src.utils - INFO - New best WER: 0.6167
2025-11-16 11:05:06,927 - src.models - INFO - CUDA optimizations enabled (cudnn.benchmark=True)
2025-11-16 11:05:06,927 - src.models - INFO - ModelManager initialized
2025-11-16 11:05:07,071 - src.models - INFO - Model weights saved to experiments\s2t-cross-lingual_train_5_decoder_3e-3\checkpoints\epoch_4\model_weights.pt
2025-11-16 11:05:07,071 - src.models - INFO - Detected weight tying: decoder.embed_tokens shares weights with output projection
2025-11-16 11:05:07,073 - src.models - INFO - Model metadata saved to experiments\s2t-cross-lingual_train_5_decoder_3e-3\checkpoints\epoch_4\model_metadata.json
2025-11-16 11:05:07,074 - src.models - INFO - Checkpoint saved to experiments\s2t-cross-lingual_train_5_decoder_3e-3\checkpoints\epoch_4
2025-11-16 11:05:07,074 - src.utils - INFO - Model checkpoint saved: experiments\s2t-cross-lingual_train_5_decoder_3e-3\checkpoints\epoch_4
2025-11-16 11:05:07,220 - src.utils - INFO - Optimizer state saved: experiments\s2t-cross-lingual_train_5_decoder_3e-3\checkpoints\epoch_4\optimizer_state.pt
2025-11-16 11:05:07,224 - src.utils - INFO - Scheduler state saved: experiments\s2t-cross-lingual_train_5_decoder_3e-3\checkpoints\epoch_4\scheduler_state.pt
2025-11-16 11:05:07,224 - src.utils - INFO - Experiment metadata saved: experiments\s2t-cross-lingual_train_5_decoder_3e-3\checkpoints\epoch_4\experiment_metadata.json
2025-11-16 11:05:07,250 - src.utils - INFO - Config saved to: experiments\s2t-cross-lingual_train_5_decoder_3e-3\checkpoints\epoch_4\config.yaml
2025-11-16 11:05:07,251 - src.utils - INFO - Metrics saved to: experiments\s2t-cross-lingual_train_5_decoder_3e-3\checkpoints\epoch_4\metrics.json
2025-11-16 11:05:07,374 - src.utils - INFO - Best checkpoint also saved to: experiments\s2t-cross-lingual_train_5_decoder_3e-3\best_checkpoint
2025-11-16 11:05:07,386 - src.utils - INFO - Removed old checkpoint: experiments\s2t-cross-lingual_train_5_decoder_3e-3\checkpoints\epoch_1
2025-11-16 11:05:07,386 - src.utils - INFO - 
Epoch 5/29
2025-11-16 11:06:46,491 - src.utils - INFO - Epoch 5 - Average training loss: 1.7850
2025-11-16 11:06:46,491 - src.utils - INFO - Running validation...
2025-11-16 11:09:01,766 - src.utils - INFO - Computing validation metrics...
2025-11-16 11:09:10,672 - src.utils - INFO - Validation - Epoch 5 - WER: 0.6091, CER: 0.2432
2025-11-16 11:09:10,674 - src.utils - INFO - Current LR: 3.00e-03
2025-11-16 11:09:10,674 - src.utils - INFO - New best WER: 0.6091
2025-11-16 11:09:10,674 - src.models - INFO - CUDA optimizations enabled (cudnn.benchmark=True)
2025-11-16 11:09:10,674 - src.models - INFO - ModelManager initialized
2025-11-16 11:09:10,828 - src.models - INFO - Model weights saved to experiments\s2t-cross-lingual_train_5_decoder_3e-3\checkpoints\epoch_5\model_weights.pt
2025-11-16 11:09:10,828 - src.models - INFO - Detected weight tying: decoder.embed_tokens shares weights with output projection
2025-11-16 11:09:10,831 - src.models - INFO - Model metadata saved to experiments\s2t-cross-lingual_train_5_decoder_3e-3\checkpoints\epoch_5\model_metadata.json
2025-11-16 11:09:10,831 - src.models - INFO - Checkpoint saved to experiments\s2t-cross-lingual_train_5_decoder_3e-3\checkpoints\epoch_5
2025-11-16 11:09:10,831 - src.utils - INFO - Model checkpoint saved: experiments\s2t-cross-lingual_train_5_decoder_3e-3\checkpoints\epoch_5
2025-11-16 11:09:10,929 - src.utils - INFO - Optimizer state saved: experiments\s2t-cross-lingual_train_5_decoder_3e-3\checkpoints\epoch_5\optimizer_state.pt
2025-11-16 11:09:10,931 - src.utils - INFO - Scheduler state saved: experiments\s2t-cross-lingual_train_5_decoder_3e-3\checkpoints\epoch_5\scheduler_state.pt
2025-11-16 11:09:10,931 - src.utils - INFO - Experiment metadata saved: experiments\s2t-cross-lingual_train_5_decoder_3e-3\checkpoints\epoch_5\experiment_metadata.json
2025-11-16 11:09:10,956 - src.utils - INFO - Config saved to: experiments\s2t-cross-lingual_train_5_decoder_3e-3\checkpoints\epoch_5\config.yaml
2025-11-16 11:09:10,957 - src.utils - INFO - Metrics saved to: experiments\s2t-cross-lingual_train_5_decoder_3e-3\checkpoints\epoch_5\metrics.json
2025-11-16 11:09:11,079 - src.utils - INFO - Best checkpoint also saved to: experiments\s2t-cross-lingual_train_5_decoder_3e-3\best_checkpoint
2025-11-16 11:09:11,091 - src.utils - INFO - Removed old checkpoint: experiments\s2t-cross-lingual_train_5_decoder_3e-3\checkpoints\epoch_2
2025-11-16 11:09:11,091 - src.utils - INFO - 
Epoch 6/29
2025-11-16 11:10:51,358 - src.utils - INFO - Epoch 6 - Average training loss: 1.6913
2025-11-16 11:10:51,358 - src.utils - INFO - Running validation...
2025-11-16 11:13:05,564 - src.utils - INFO - Computing validation metrics...
2025-11-16 11:13:14,717 - src.utils - INFO - Validation - Epoch 6 - WER: 0.5778, CER: 0.2357
2025-11-16 11:13:14,718 - src.utils - INFO - Current LR: 3.00e-03
2025-11-16 11:13:14,718 - src.utils - INFO - New best WER: 0.5778
2025-11-16 11:13:14,719 - src.models - INFO - CUDA optimizations enabled (cudnn.benchmark=True)
2025-11-16 11:13:14,719 - src.models - INFO - ModelManager initialized
2025-11-16 11:13:14,862 - src.models - INFO - Model weights saved to experiments\s2t-cross-lingual_train_5_decoder_3e-3\checkpoints\epoch_6\model_weights.pt
2025-11-16 11:13:14,862 - src.models - INFO - Detected weight tying: decoder.embed_tokens shares weights with output projection
2025-11-16 11:13:14,864 - src.models - INFO - Model metadata saved to experiments\s2t-cross-lingual_train_5_decoder_3e-3\checkpoints\epoch_6\model_metadata.json
2025-11-16 11:13:14,865 - src.models - INFO - Checkpoint saved to experiments\s2t-cross-lingual_train_5_decoder_3e-3\checkpoints\epoch_6
2025-11-16 11:13:14,865 - src.utils - INFO - Model checkpoint saved: experiments\s2t-cross-lingual_train_5_decoder_3e-3\checkpoints\epoch_6
2025-11-16 11:13:14,964 - src.utils - INFO - Optimizer state saved: experiments\s2t-cross-lingual_train_5_decoder_3e-3\checkpoints\epoch_6\optimizer_state.pt
2025-11-16 11:13:14,965 - src.utils - INFO - Scheduler state saved: experiments\s2t-cross-lingual_train_5_decoder_3e-3\checkpoints\epoch_6\scheduler_state.pt
2025-11-16 11:13:14,965 - src.utils - INFO - Experiment metadata saved: experiments\s2t-cross-lingual_train_5_decoder_3e-3\checkpoints\epoch_6\experiment_metadata.json
2025-11-16 11:13:14,991 - src.utils - INFO - Config saved to: experiments\s2t-cross-lingual_train_5_decoder_3e-3\checkpoints\epoch_6\config.yaml
2025-11-16 11:13:14,992 - src.utils - INFO - Metrics saved to: experiments\s2t-cross-lingual_train_5_decoder_3e-3\checkpoints\epoch_6\metrics.json
2025-11-16 11:13:15,107 - src.utils - INFO - Best checkpoint also saved to: experiments\s2t-cross-lingual_train_5_decoder_3e-3\best_checkpoint
2025-11-16 11:13:15,119 - src.utils - INFO - Removed old checkpoint: experiments\s2t-cross-lingual_train_5_decoder_3e-3\checkpoints\epoch_3
2025-11-16 11:13:15,120 - src.utils - INFO - 
Epoch 7/29
2025-11-16 11:14:55,704 - src.utils - INFO - Epoch 7 - Average training loss: 1.6141
2025-11-16 11:14:55,705 - src.utils - INFO - Running validation...
2025-11-16 11:17:11,794 - src.utils - INFO - Computing validation metrics...
2025-11-16 11:17:21,306 - src.utils - INFO - Validation - Epoch 7 - WER: 0.5662, CER: 0.2275
2025-11-16 11:17:21,308 - src.utils - INFO - Current LR: 3.00e-03
2025-11-16 11:17:21,308 - src.utils - INFO - New best WER: 0.5662
2025-11-16 11:17:21,308 - src.models - INFO - CUDA optimizations enabled (cudnn.benchmark=True)
2025-11-16 11:17:21,309 - src.models - INFO - ModelManager initialized
2025-11-16 11:17:21,449 - src.models - INFO - Model weights saved to experiments\s2t-cross-lingual_train_5_decoder_3e-3\checkpoints\epoch_7\model_weights.pt
2025-11-16 11:17:21,449 - src.models - INFO - Detected weight tying: decoder.embed_tokens shares weights with output projection
2025-11-16 11:17:21,452 - src.models - INFO - Model metadata saved to experiments\s2t-cross-lingual_train_5_decoder_3e-3\checkpoints\epoch_7\model_metadata.json
2025-11-16 11:17:21,452 - src.models - INFO - Checkpoint saved to experiments\s2t-cross-lingual_train_5_decoder_3e-3\checkpoints\epoch_7
2025-11-16 11:17:21,452 - src.utils - INFO - Model checkpoint saved: experiments\s2t-cross-lingual_train_5_decoder_3e-3\checkpoints\epoch_7
2025-11-16 11:17:21,572 - src.utils - INFO - Optimizer state saved: experiments\s2t-cross-lingual_train_5_decoder_3e-3\checkpoints\epoch_7\optimizer_state.pt
2025-11-16 11:17:21,621 - src.utils - INFO - Scheduler state saved: experiments\s2t-cross-lingual_train_5_decoder_3e-3\checkpoints\epoch_7\scheduler_state.pt
2025-11-16 11:17:21,622 - src.utils - INFO - Experiment metadata saved: experiments\s2t-cross-lingual_train_5_decoder_3e-3\checkpoints\epoch_7\experiment_metadata.json
2025-11-16 11:17:21,646 - src.utils - INFO - Config saved to: experiments\s2t-cross-lingual_train_5_decoder_3e-3\checkpoints\epoch_7\config.yaml
2025-11-16 11:17:21,647 - src.utils - INFO - Metrics saved to: experiments\s2t-cross-lingual_train_5_decoder_3e-3\checkpoints\epoch_7\metrics.json
2025-11-16 11:17:21,763 - src.utils - INFO - Best checkpoint also saved to: experiments\s2t-cross-lingual_train_5_decoder_3e-3\best_checkpoint
2025-11-16 11:17:21,779 - src.utils - INFO - Removed old checkpoint: experiments\s2t-cross-lingual_train_5_decoder_3e-3\checkpoints\epoch_4
2025-11-16 11:17:21,779 - src.utils - INFO - 
Epoch 8/29
2025-11-16 11:19:03,413 - src.utils - INFO - Epoch 8 - Average training loss: 1.5520
2025-11-16 11:19:03,414 - src.utils - INFO - Running validation...
2025-11-16 11:21:18,003 - src.utils - INFO - Computing validation metrics...
2025-11-16 11:21:27,827 - src.utils - INFO - Validation - Epoch 8 - WER: 0.5624, CER: 0.2249
2025-11-16 11:21:27,828 - src.utils - INFO - Current LR: 3.00e-03
2025-11-16 11:21:27,829 - src.utils - INFO - New best WER: 0.5624
2025-11-16 11:21:27,829 - src.models - INFO - CUDA optimizations enabled (cudnn.benchmark=True)
2025-11-16 11:21:27,829 - src.models - INFO - ModelManager initialized
2025-11-16 11:21:27,986 - src.models - INFO - Model weights saved to experiments\s2t-cross-lingual_train_5_decoder_3e-3\checkpoints\epoch_8\model_weights.pt
2025-11-16 11:21:27,986 - src.models - INFO - Detected weight tying: decoder.embed_tokens shares weights with output projection
2025-11-16 11:21:27,988 - src.models - INFO - Model metadata saved to experiments\s2t-cross-lingual_train_5_decoder_3e-3\checkpoints\epoch_8\model_metadata.json
2025-11-16 11:21:27,989 - src.models - INFO - Checkpoint saved to experiments\s2t-cross-lingual_train_5_decoder_3e-3\checkpoints\epoch_8
2025-11-16 11:21:27,989 - src.utils - INFO - Model checkpoint saved: experiments\s2t-cross-lingual_train_5_decoder_3e-3\checkpoints\epoch_8
2025-11-16 11:21:28,096 - src.utils - INFO - Optimizer state saved: experiments\s2t-cross-lingual_train_5_decoder_3e-3\checkpoints\epoch_8\optimizer_state.pt
2025-11-16 11:21:28,098 - src.utils - INFO - Scheduler state saved: experiments\s2t-cross-lingual_train_5_decoder_3e-3\checkpoints\epoch_8\scheduler_state.pt
2025-11-16 11:21:28,099 - src.utils - INFO - Experiment metadata saved: experiments\s2t-cross-lingual_train_5_decoder_3e-3\checkpoints\epoch_8\experiment_metadata.json
2025-11-16 11:21:28,127 - src.utils - INFO - Config saved to: experiments\s2t-cross-lingual_train_5_decoder_3e-3\checkpoints\epoch_8\config.yaml
2025-11-16 11:21:28,128 - src.utils - INFO - Metrics saved to: experiments\s2t-cross-lingual_train_5_decoder_3e-3\checkpoints\epoch_8\metrics.json
2025-11-16 11:21:28,245 - src.utils - INFO - Best checkpoint also saved to: experiments\s2t-cross-lingual_train_5_decoder_3e-3\best_checkpoint
2025-11-16 11:21:28,257 - src.utils - INFO - Removed old checkpoint: experiments\s2t-cross-lingual_train_5_decoder_3e-3\checkpoints\epoch_5
2025-11-16 11:21:28,258 - src.utils - INFO - 
Epoch 9/29
2025-11-16 11:23:07,044 - src.utils - INFO - Epoch 9 - Average training loss: 1.5014
2025-11-16 11:23:07,044 - src.utils - INFO - Running validation...
2025-11-16 11:25:19,395 - src.utils - INFO - Computing validation metrics...
2025-11-16 11:25:28,214 - src.utils - INFO - Validation - Epoch 9 - WER: 0.5501, CER: 0.2256
2025-11-16 11:25:28,215 - src.utils - INFO - Current LR: 3.00e-03
2025-11-16 11:25:28,215 - src.utils - INFO - New best WER: 0.5501
2025-11-16 11:25:28,216 - src.models - INFO - CUDA optimizations enabled (cudnn.benchmark=True)
2025-11-16 11:25:28,216 - src.models - INFO - ModelManager initialized
2025-11-16 11:25:28,393 - src.models - INFO - Model weights saved to experiments\s2t-cross-lingual_train_5_decoder_3e-3\checkpoints\epoch_9\model_weights.pt
2025-11-16 11:25:28,394 - src.models - INFO - Detected weight tying: decoder.embed_tokens shares weights with output projection
2025-11-16 11:25:28,396 - src.models - INFO - Model metadata saved to experiments\s2t-cross-lingual_train_5_decoder_3e-3\checkpoints\epoch_9\model_metadata.json
2025-11-16 11:25:28,396 - src.models - INFO - Checkpoint saved to experiments\s2t-cross-lingual_train_5_decoder_3e-3\checkpoints\epoch_9
2025-11-16 11:25:28,397 - src.utils - INFO - Model checkpoint saved: experiments\s2t-cross-lingual_train_5_decoder_3e-3\checkpoints\epoch_9
2025-11-16 11:25:28,499 - src.utils - INFO - Optimizer state saved: experiments\s2t-cross-lingual_train_5_decoder_3e-3\checkpoints\epoch_9\optimizer_state.pt
2025-11-16 11:25:28,503 - src.utils - INFO - Scheduler state saved: experiments\s2t-cross-lingual_train_5_decoder_3e-3\checkpoints\epoch_9\scheduler_state.pt
2025-11-16 11:25:28,503 - src.utils - INFO - Experiment metadata saved: experiments\s2t-cross-lingual_train_5_decoder_3e-3\checkpoints\epoch_9\experiment_metadata.json
2025-11-16 11:25:28,662 - src.utils - INFO - Config saved to: experiments\s2t-cross-lingual_train_5_decoder_3e-3\checkpoints\epoch_9\config.yaml
2025-11-16 11:25:28,663 - src.utils - INFO - Metrics saved to: experiments\s2t-cross-lingual_train_5_decoder_3e-3\checkpoints\epoch_9\metrics.json
2025-11-16 11:25:28,781 - src.utils - INFO - Best checkpoint also saved to: experiments\s2t-cross-lingual_train_5_decoder_3e-3\best_checkpoint
2025-11-16 11:25:28,792 - src.utils - INFO - Removed old checkpoint: experiments\s2t-cross-lingual_train_5_decoder_3e-3\checkpoints\epoch_6
2025-11-16 11:25:28,793 - src.utils - INFO - 
Epoch 10/29
2025-11-16 11:27:07,411 - src.utils - INFO - Epoch 10 - Average training loss: 1.4540
2025-11-16 11:27:07,412 - src.utils - INFO - Running validation...
2025-11-16 11:29:21,110 - src.utils - INFO - Computing validation metrics...
2025-11-16 11:29:30,185 - src.utils - INFO - Validation - Epoch 10 - WER: 0.5499, CER: 0.2214
2025-11-16 11:29:30,187 - src.utils - INFO - Current LR: 3.00e-03
2025-11-16 11:29:30,187 - src.utils - INFO - New best WER: 0.5499
2025-11-16 11:29:30,187 - src.models - INFO - CUDA optimizations enabled (cudnn.benchmark=True)
2025-11-16 11:29:30,188 - src.models - INFO - ModelManager initialized
2025-11-16 11:29:30,343 - src.models - INFO - Model weights saved to experiments\s2t-cross-lingual_train_5_decoder_3e-3\checkpoints\epoch_10\model_weights.pt
2025-11-16 11:29:30,344 - src.models - INFO - Detected weight tying: decoder.embed_tokens shares weights with output projection
2025-11-16 11:29:30,346 - src.models - INFO - Model metadata saved to experiments\s2t-cross-lingual_train_5_decoder_3e-3\checkpoints\epoch_10\model_metadata.json
2025-11-16 11:29:30,346 - src.models - INFO - Checkpoint saved to experiments\s2t-cross-lingual_train_5_decoder_3e-3\checkpoints\epoch_10
2025-11-16 11:29:30,346 - src.utils - INFO - Model checkpoint saved: experiments\s2t-cross-lingual_train_5_decoder_3e-3\checkpoints\epoch_10
2025-11-16 11:29:30,444 - src.utils - INFO - Optimizer state saved: experiments\s2t-cross-lingual_train_5_decoder_3e-3\checkpoints\epoch_10\optimizer_state.pt
2025-11-16 11:29:30,445 - src.utils - INFO - Scheduler state saved: experiments\s2t-cross-lingual_train_5_decoder_3e-3\checkpoints\epoch_10\scheduler_state.pt
2025-11-16 11:29:30,445 - src.utils - INFO - Experiment metadata saved: experiments\s2t-cross-lingual_train_5_decoder_3e-3\checkpoints\epoch_10\experiment_metadata.json
2025-11-16 11:29:30,471 - src.utils - INFO - Config saved to: experiments\s2t-cross-lingual_train_5_decoder_3e-3\checkpoints\epoch_10\config.yaml
2025-11-16 11:29:30,471 - src.utils - INFO - Metrics saved to: experiments\s2t-cross-lingual_train_5_decoder_3e-3\checkpoints\epoch_10\metrics.json
2025-11-16 11:29:30,588 - src.utils - INFO - Best checkpoint also saved to: experiments\s2t-cross-lingual_train_5_decoder_3e-3\best_checkpoint
2025-11-16 11:29:30,602 - src.utils - INFO - Removed old checkpoint: experiments\s2t-cross-lingual_train_5_decoder_3e-3\checkpoints\epoch_7
2025-11-16 11:29:30,602 - src.utils - INFO - 
Epoch 11/29
2025-11-16 11:31:09,248 - src.utils - INFO - Epoch 11 - Average training loss: 1.4245
2025-11-16 11:31:09,249 - src.utils - INFO - Running validation...
2025-11-16 11:33:24,100 - src.utils - INFO - Computing validation metrics...
2025-11-16 11:33:32,808 - src.utils - INFO - Validation - Epoch 11 - WER: 0.5367, CER: 0.2177
2025-11-16 11:33:32,810 - src.utils - INFO - Current LR: 3.00e-03
2025-11-16 11:33:32,810 - src.utils - INFO - New best WER: 0.5367
2025-11-16 11:33:32,810 - src.models - INFO - CUDA optimizations enabled (cudnn.benchmark=True)
2025-11-16 11:33:32,811 - src.models - INFO - ModelManager initialized
2025-11-16 11:33:32,964 - src.models - INFO - Model weights saved to experiments\s2t-cross-lingual_train_5_decoder_3e-3\checkpoints\epoch_11\model_weights.pt
2025-11-16 11:33:32,964 - src.models - INFO - Detected weight tying: decoder.embed_tokens shares weights with output projection
2025-11-16 11:33:32,967 - src.models - INFO - Model metadata saved to experiments\s2t-cross-lingual_train_5_decoder_3e-3\checkpoints\epoch_11\model_metadata.json
2025-11-16 11:33:32,967 - src.models - INFO - Checkpoint saved to experiments\s2t-cross-lingual_train_5_decoder_3e-3\checkpoints\epoch_11
2025-11-16 11:33:32,967 - src.utils - INFO - Model checkpoint saved: experiments\s2t-cross-lingual_train_5_decoder_3e-3\checkpoints\epoch_11
2025-11-16 11:33:33,060 - src.utils - INFO - Optimizer state saved: experiments\s2t-cross-lingual_train_5_decoder_3e-3\checkpoints\epoch_11\optimizer_state.pt
2025-11-16 11:33:33,061 - src.utils - INFO - Scheduler state saved: experiments\s2t-cross-lingual_train_5_decoder_3e-3\checkpoints\epoch_11\scheduler_state.pt
2025-11-16 11:33:33,061 - src.utils - INFO - Experiment metadata saved: experiments\s2t-cross-lingual_train_5_decoder_3e-3\checkpoints\epoch_11\experiment_metadata.json
2025-11-16 11:33:33,089 - src.utils - INFO - Config saved to: experiments\s2t-cross-lingual_train_5_decoder_3e-3\checkpoints\epoch_11\config.yaml
2025-11-16 11:33:33,090 - src.utils - INFO - Metrics saved to: experiments\s2t-cross-lingual_train_5_decoder_3e-3\checkpoints\epoch_11\metrics.json
2025-11-16 11:33:33,202 - src.utils - INFO - Best checkpoint also saved to: experiments\s2t-cross-lingual_train_5_decoder_3e-3\best_checkpoint
2025-11-16 11:33:33,218 - src.utils - INFO - Removed old checkpoint: experiments\s2t-cross-lingual_train_5_decoder_3e-3\checkpoints\epoch_8
2025-11-16 11:33:33,218 - src.utils - INFO - 
Epoch 12/29
2025-11-16 11:35:11,507 - src.utils - INFO - Epoch 12 - Average training loss: 1.3839
2025-11-16 11:35:11,508 - src.utils - INFO - Running validation...
2025-11-16 11:37:26,660 - src.utils - INFO - Computing validation metrics...
2025-11-16 11:37:35,297 - src.utils - INFO - Validation - Epoch 12 - WER: 0.5401, CER: 0.2195
2025-11-16 11:37:35,298 - src.utils - INFO - Current LR: 2.83e-03
2025-11-16 11:37:35,299 - src.models - INFO - CUDA optimizations enabled (cudnn.benchmark=True)
2025-11-16 11:37:35,299 - src.models - INFO - ModelManager initialized
2025-11-16 11:37:35,450 - src.models - INFO - Model weights saved to experiments\s2t-cross-lingual_train_5_decoder_3e-3\checkpoints\epoch_12\model_weights.pt
2025-11-16 11:37:35,450 - src.models - INFO - Detected weight tying: decoder.embed_tokens shares weights with output projection
2025-11-16 11:37:35,452 - src.models - INFO - Model metadata saved to experiments\s2t-cross-lingual_train_5_decoder_3e-3\checkpoints\epoch_12\model_metadata.json
2025-11-16 11:37:35,453 - src.models - INFO - Checkpoint saved to experiments\s2t-cross-lingual_train_5_decoder_3e-3\checkpoints\epoch_12
2025-11-16 11:37:35,453 - src.utils - INFO - Model checkpoint saved: experiments\s2t-cross-lingual_train_5_decoder_3e-3\checkpoints\epoch_12
2025-11-16 11:37:35,552 - src.utils - INFO - Optimizer state saved: experiments\s2t-cross-lingual_train_5_decoder_3e-3\checkpoints\epoch_12\optimizer_state.pt
2025-11-16 11:37:35,553 - src.utils - INFO - Scheduler state saved: experiments\s2t-cross-lingual_train_5_decoder_3e-3\checkpoints\epoch_12\scheduler_state.pt
2025-11-16 11:37:35,553 - src.utils - INFO - Experiment metadata saved: experiments\s2t-cross-lingual_train_5_decoder_3e-3\checkpoints\epoch_12\experiment_metadata.json
2025-11-16 11:37:35,578 - src.utils - INFO - Config saved to: experiments\s2t-cross-lingual_train_5_decoder_3e-3\checkpoints\epoch_12\config.yaml
2025-11-16 11:37:35,579 - src.utils - INFO - Metrics saved to: experiments\s2t-cross-lingual_train_5_decoder_3e-3\checkpoints\epoch_12\metrics.json
2025-11-16 11:37:35,591 - src.utils - INFO - Removed old checkpoint: experiments\s2t-cross-lingual_train_5_decoder_3e-3\checkpoints\epoch_9
2025-11-16 11:37:35,591 - src.utils - INFO - 
Epoch 13/29
2025-11-16 11:39:13,648 - src.utils - INFO - Epoch 13 - Average training loss: 1.3265
2025-11-16 11:39:13,649 - src.utils - INFO - Running validation...
2025-11-16 11:41:27,430 - src.utils - INFO - Computing validation metrics...
2025-11-16 11:41:35,480 - src.utils - INFO - Validation - Epoch 13 - WER: 0.5255, CER: 0.2110
2025-11-16 11:41:35,482 - src.utils - INFO - Current LR: 2.67e-03
2025-11-16 11:41:35,482 - src.utils - INFO - New best WER: 0.5255
2025-11-16 11:41:35,482 - src.models - INFO - CUDA optimizations enabled (cudnn.benchmark=True)
2025-11-16 11:41:35,482 - src.models - INFO - ModelManager initialized
2025-11-16 11:41:35,659 - src.models - INFO - Model weights saved to experiments\s2t-cross-lingual_train_5_decoder_3e-3\checkpoints\epoch_13\model_weights.pt
2025-11-16 11:41:35,659 - src.models - INFO - Detected weight tying: decoder.embed_tokens shares weights with output projection
2025-11-16 11:41:35,662 - src.models - INFO - Model metadata saved to experiments\s2t-cross-lingual_train_5_decoder_3e-3\checkpoints\epoch_13\model_metadata.json
2025-11-16 11:41:35,662 - src.models - INFO - Checkpoint saved to experiments\s2t-cross-lingual_train_5_decoder_3e-3\checkpoints\epoch_13
2025-11-16 11:41:35,662 - src.utils - INFO - Model checkpoint saved: experiments\s2t-cross-lingual_train_5_decoder_3e-3\checkpoints\epoch_13
2025-11-16 11:41:35,761 - src.utils - INFO - Optimizer state saved: experiments\s2t-cross-lingual_train_5_decoder_3e-3\checkpoints\epoch_13\optimizer_state.pt
2025-11-16 11:41:35,762 - src.utils - INFO - Scheduler state saved: experiments\s2t-cross-lingual_train_5_decoder_3e-3\checkpoints\epoch_13\scheduler_state.pt
2025-11-16 11:41:35,763 - src.utils - INFO - Experiment metadata saved: experiments\s2t-cross-lingual_train_5_decoder_3e-3\checkpoints\epoch_13\experiment_metadata.json
2025-11-16 11:41:35,793 - src.utils - INFO - Config saved to: experiments\s2t-cross-lingual_train_5_decoder_3e-3\checkpoints\epoch_13\config.yaml
2025-11-16 11:41:35,794 - src.utils - INFO - Metrics saved to: experiments\s2t-cross-lingual_train_5_decoder_3e-3\checkpoints\epoch_13\metrics.json
2025-11-16 11:41:35,927 - src.utils - INFO - Best checkpoint also saved to: experiments\s2t-cross-lingual_train_5_decoder_3e-3\best_checkpoint
2025-11-16 11:41:35,939 - src.utils - INFO - Removed old checkpoint: experiments\s2t-cross-lingual_train_5_decoder_3e-3\checkpoints\epoch_10
2025-11-16 11:41:35,939 - src.utils - INFO - 
Epoch 14/29
2025-11-16 11:43:15,054 - src.utils - INFO - Epoch 14 - Average training loss: 1.2841
2025-11-16 11:43:15,055 - src.utils - INFO - Running validation...
2025-11-16 11:45:29,734 - src.utils - INFO - Computing validation metrics...
2025-11-16 11:45:39,948 - src.utils - INFO - Validation - Epoch 14 - WER: 0.5204, CER: 0.2094
2025-11-16 11:45:39,950 - src.utils - INFO - Current LR: 2.50e-03
2025-11-16 11:45:39,950 - src.utils - INFO - New best WER: 0.5204
2025-11-16 11:45:39,950 - src.models - INFO - CUDA optimizations enabled (cudnn.benchmark=True)
2025-11-16 11:45:39,951 - src.models - INFO - ModelManager initialized
2025-11-16 11:45:40,377 - src.models - INFO - Model weights saved to experiments\s2t-cross-lingual_train_5_decoder_3e-3\checkpoints\epoch_14\model_weights.pt
2025-11-16 11:45:40,377 - src.models - INFO - Detected weight tying: decoder.embed_tokens shares weights with output projection
2025-11-16 11:45:40,380 - src.models - INFO - Model metadata saved to experiments\s2t-cross-lingual_train_5_decoder_3e-3\checkpoints\epoch_14\model_metadata.json
2025-11-16 11:45:40,380 - src.models - INFO - Checkpoint saved to experiments\s2t-cross-lingual_train_5_decoder_3e-3\checkpoints\epoch_14
2025-11-16 11:45:40,380 - src.utils - INFO - Model checkpoint saved: experiments\s2t-cross-lingual_train_5_decoder_3e-3\checkpoints\epoch_14
2025-11-16 11:45:40,479 - src.utils - INFO - Optimizer state saved: experiments\s2t-cross-lingual_train_5_decoder_3e-3\checkpoints\epoch_14\optimizer_state.pt
2025-11-16 11:45:40,479 - src.utils - INFO - Scheduler state saved: experiments\s2t-cross-lingual_train_5_decoder_3e-3\checkpoints\epoch_14\scheduler_state.pt
2025-11-16 11:45:40,480 - src.utils - INFO - Experiment metadata saved: experiments\s2t-cross-lingual_train_5_decoder_3e-3\checkpoints\epoch_14\experiment_metadata.json
2025-11-16 11:45:40,509 - src.utils - INFO - Config saved to: experiments\s2t-cross-lingual_train_5_decoder_3e-3\checkpoints\epoch_14\config.yaml
2025-11-16 11:45:40,510 - src.utils - INFO - Metrics saved to: experiments\s2t-cross-lingual_train_5_decoder_3e-3\checkpoints\epoch_14\metrics.json
2025-11-16 11:45:40,633 - src.utils - INFO - Best checkpoint also saved to: experiments\s2t-cross-lingual_train_5_decoder_3e-3\best_checkpoint
2025-11-16 11:45:40,645 - src.utils - INFO - Removed old checkpoint: experiments\s2t-cross-lingual_train_5_decoder_3e-3\checkpoints\epoch_11
2025-11-16 11:45:40,645 - src.utils - INFO - 
Epoch 15/29
2025-11-16 11:47:20,630 - src.utils - INFO - Epoch 15 - Average training loss: 1.2489
2025-11-16 11:47:20,631 - src.utils - INFO - Running validation...
2025-11-16 11:49:34,869 - src.utils - INFO - Computing validation metrics...
2025-11-16 11:49:43,631 - src.utils - INFO - Validation - Epoch 15 - WER: 0.5105, CER: 0.2005
2025-11-16 11:49:43,632 - src.utils - INFO - Current LR: 2.33e-03
2025-11-16 11:49:43,632 - src.utils - INFO - New best WER: 0.5105
2025-11-16 11:49:43,633 - src.models - INFO - CUDA optimizations enabled (cudnn.benchmark=True)
2025-11-16 11:49:43,633 - src.models - INFO - ModelManager initialized
2025-11-16 11:49:44,017 - src.models - INFO - Model weights saved to experiments\s2t-cross-lingual_train_5_decoder_3e-3\checkpoints\epoch_15\model_weights.pt
2025-11-16 11:49:44,017 - src.models - INFO - Detected weight tying: decoder.embed_tokens shares weights with output projection
2025-11-16 11:49:44,020 - src.models - INFO - Model metadata saved to experiments\s2t-cross-lingual_train_5_decoder_3e-3\checkpoints\epoch_15\model_metadata.json
2025-11-16 11:49:44,020 - src.models - INFO - Checkpoint saved to experiments\s2t-cross-lingual_train_5_decoder_3e-3\checkpoints\epoch_15
2025-11-16 11:49:44,020 - src.utils - INFO - Model checkpoint saved: experiments\s2t-cross-lingual_train_5_decoder_3e-3\checkpoints\epoch_15
2025-11-16 11:49:44,175 - src.utils - INFO - Optimizer state saved: experiments\s2t-cross-lingual_train_5_decoder_3e-3\checkpoints\epoch_15\optimizer_state.pt
2025-11-16 11:49:44,175 - src.utils - INFO - Scheduler state saved: experiments\s2t-cross-lingual_train_5_decoder_3e-3\checkpoints\epoch_15\scheduler_state.pt
2025-11-16 11:49:44,176 - src.utils - INFO - Experiment metadata saved: experiments\s2t-cross-lingual_train_5_decoder_3e-3\checkpoints\epoch_15\experiment_metadata.json
2025-11-16 11:49:44,206 - src.utils - INFO - Config saved to: experiments\s2t-cross-lingual_train_5_decoder_3e-3\checkpoints\epoch_15\config.yaml
2025-11-16 11:49:44,207 - src.utils - INFO - Metrics saved to: experiments\s2t-cross-lingual_train_5_decoder_3e-3\checkpoints\epoch_15\metrics.json
2025-11-16 11:49:44,398 - src.utils - INFO - Best checkpoint also saved to: experiments\s2t-cross-lingual_train_5_decoder_3e-3\best_checkpoint
2025-11-16 11:49:44,411 - src.utils - INFO - Removed old checkpoint: experiments\s2t-cross-lingual_train_5_decoder_3e-3\checkpoints\epoch_12
2025-11-16 11:49:44,411 - src.utils - INFO - 
Epoch 16/29
2025-11-16 11:51:23,185 - src.utils - INFO - Epoch 16 - Average training loss: 1.2059
2025-11-16 11:51:23,186 - src.utils - INFO - Running validation...
2025-11-16 11:53:37,659 - src.utils - INFO - Computing validation metrics...
2025-11-16 11:53:47,274 - src.utils - INFO - Validation - Epoch 16 - WER: 0.5060, CER: 0.2008
2025-11-16 11:53:47,276 - src.utils - INFO - Current LR: 2.17e-03
2025-11-16 11:53:47,276 - src.utils - INFO - New best WER: 0.5060
2025-11-16 11:53:47,276 - src.models - INFO - CUDA optimizations enabled (cudnn.benchmark=True)
2025-11-16 11:53:47,276 - src.models - INFO - ModelManager initialized
2025-11-16 11:53:47,424 - src.models - INFO - Model weights saved to experiments\s2t-cross-lingual_train_5_decoder_3e-3\checkpoints\epoch_16\model_weights.pt
2025-11-16 11:53:47,425 - src.models - INFO - Detected weight tying: decoder.embed_tokens shares weights with output projection
2025-11-16 11:53:47,427 - src.models - INFO - Model metadata saved to experiments\s2t-cross-lingual_train_5_decoder_3e-3\checkpoints\epoch_16\model_metadata.json
2025-11-16 11:53:47,427 - src.models - INFO - Checkpoint saved to experiments\s2t-cross-lingual_train_5_decoder_3e-3\checkpoints\epoch_16
2025-11-16 11:53:47,427 - src.utils - INFO - Model checkpoint saved: experiments\s2t-cross-lingual_train_5_decoder_3e-3\checkpoints\epoch_16
2025-11-16 11:53:47,534 - src.utils - INFO - Optimizer state saved: experiments\s2t-cross-lingual_train_5_decoder_3e-3\checkpoints\epoch_16\optimizer_state.pt
2025-11-16 11:53:47,534 - src.utils - INFO - Scheduler state saved: experiments\s2t-cross-lingual_train_5_decoder_3e-3\checkpoints\epoch_16\scheduler_state.pt
2025-11-16 11:53:47,535 - src.utils - INFO - Experiment metadata saved: experiments\s2t-cross-lingual_train_5_decoder_3e-3\checkpoints\epoch_16\experiment_metadata.json
2025-11-16 11:53:47,559 - src.utils - INFO - Config saved to: experiments\s2t-cross-lingual_train_5_decoder_3e-3\checkpoints\epoch_16\config.yaml
2025-11-16 11:53:47,560 - src.utils - INFO - Metrics saved to: experiments\s2t-cross-lingual_train_5_decoder_3e-3\checkpoints\epoch_16\metrics.json
2025-11-16 11:53:47,677 - src.utils - INFO - Best checkpoint also saved to: experiments\s2t-cross-lingual_train_5_decoder_3e-3\best_checkpoint
2025-11-16 11:53:47,690 - src.utils - INFO - Removed old checkpoint: experiments\s2t-cross-lingual_train_5_decoder_3e-3\checkpoints\epoch_13
2025-11-16 11:53:47,690 - src.utils - INFO - 
Epoch 17/29
2025-11-16 11:55:26,633 - src.utils - INFO - Epoch 17 - Average training loss: 1.1771
2025-11-16 11:55:26,633 - src.utils - INFO - Running validation...
2025-11-16 11:57:38,230 - src.utils - INFO - Computing validation metrics...
2025-11-16 11:57:47,777 - src.utils - INFO - Validation - Epoch 17 - WER: 0.4961, CER: 0.1981
2025-11-16 11:57:47,779 - src.utils - INFO - Current LR: 2.00e-03
2025-11-16 11:57:47,780 - src.utils - INFO - New best WER: 0.4961
2025-11-16 11:57:47,780 - src.models - INFO - CUDA optimizations enabled (cudnn.benchmark=True)
2025-11-16 11:57:47,780 - src.models - INFO - ModelManager initialized
2025-11-16 11:57:47,951 - src.models - INFO - Model weights saved to experiments\s2t-cross-lingual_train_5_decoder_3e-3\checkpoints\epoch_17\model_weights.pt
2025-11-16 11:57:47,951 - src.models - INFO - Detected weight tying: decoder.embed_tokens shares weights with output projection
2025-11-16 11:57:47,954 - src.models - INFO - Model metadata saved to experiments\s2t-cross-lingual_train_5_decoder_3e-3\checkpoints\epoch_17\model_metadata.json
2025-11-16 11:57:47,954 - src.models - INFO - Checkpoint saved to experiments\s2t-cross-lingual_train_5_decoder_3e-3\checkpoints\epoch_17
2025-11-16 11:57:47,954 - src.utils - INFO - Model checkpoint saved: experiments\s2t-cross-lingual_train_5_decoder_3e-3\checkpoints\epoch_17
2025-11-16 11:57:48,054 - src.utils - INFO - Optimizer state saved: experiments\s2t-cross-lingual_train_5_decoder_3e-3\checkpoints\epoch_17\optimizer_state.pt
2025-11-16 11:57:48,055 - src.utils - INFO - Scheduler state saved: experiments\s2t-cross-lingual_train_5_decoder_3e-3\checkpoints\epoch_17\scheduler_state.pt
2025-11-16 11:57:48,055 - src.utils - INFO - Experiment metadata saved: experiments\s2t-cross-lingual_train_5_decoder_3e-3\checkpoints\epoch_17\experiment_metadata.json
2025-11-16 11:57:48,084 - src.utils - INFO - Config saved to: experiments\s2t-cross-lingual_train_5_decoder_3e-3\checkpoints\epoch_17\config.yaml
2025-11-16 11:57:48,085 - src.utils - INFO - Metrics saved to: experiments\s2t-cross-lingual_train_5_decoder_3e-3\checkpoints\epoch_17\metrics.json
2025-11-16 11:57:48,206 - src.utils - INFO - Best checkpoint also saved to: experiments\s2t-cross-lingual_train_5_decoder_3e-3\best_checkpoint
2025-11-16 11:57:48,218 - src.utils - INFO - Removed old checkpoint: experiments\s2t-cross-lingual_train_5_decoder_3e-3\checkpoints\epoch_14
2025-11-16 11:57:48,218 - src.utils - INFO - 
Epoch 18/29
2025-11-16 11:59:26,245 - src.utils - INFO - Epoch 18 - Average training loss: 1.1374
2025-11-16 11:59:26,245 - src.utils - INFO - Running validation...
2025-11-16 12:01:39,999 - src.utils - INFO - Computing validation metrics...
2025-11-16 12:01:48,927 - src.utils - INFO - Validation - Epoch 18 - WER: 0.4956, CER: 0.1987
2025-11-16 12:01:48,929 - src.utils - INFO - Current LR: 1.83e-03
2025-11-16 12:01:48,929 - src.utils - INFO - New best WER: 0.4956
2025-11-16 12:01:48,929 - src.models - INFO - CUDA optimizations enabled (cudnn.benchmark=True)
2025-11-16 12:01:48,929 - src.models - INFO - ModelManager initialized
2025-11-16 12:01:49,066 - src.models - INFO - Model weights saved to experiments\s2t-cross-lingual_train_5_decoder_3e-3\checkpoints\epoch_18\model_weights.pt
2025-11-16 12:01:49,067 - src.models - INFO - Detected weight tying: decoder.embed_tokens shares weights with output projection
2025-11-16 12:01:49,069 - src.models - INFO - Model metadata saved to experiments\s2t-cross-lingual_train_5_decoder_3e-3\checkpoints\epoch_18\model_metadata.json
2025-11-16 12:01:49,069 - src.models - INFO - Checkpoint saved to experiments\s2t-cross-lingual_train_5_decoder_3e-3\checkpoints\epoch_18
2025-11-16 12:01:49,070 - src.utils - INFO - Model checkpoint saved: experiments\s2t-cross-lingual_train_5_decoder_3e-3\checkpoints\epoch_18
2025-11-16 12:01:49,163 - src.utils - INFO - Optimizer state saved: experiments\s2t-cross-lingual_train_5_decoder_3e-3\checkpoints\epoch_18\optimizer_state.pt
2025-11-16 12:01:49,164 - src.utils - INFO - Scheduler state saved: experiments\s2t-cross-lingual_train_5_decoder_3e-3\checkpoints\epoch_18\scheduler_state.pt
2025-11-16 12:01:49,165 - src.utils - INFO - Experiment metadata saved: experiments\s2t-cross-lingual_train_5_decoder_3e-3\checkpoints\epoch_18\experiment_metadata.json
2025-11-16 12:01:49,193 - src.utils - INFO - Config saved to: experiments\s2t-cross-lingual_train_5_decoder_3e-3\checkpoints\epoch_18\config.yaml
2025-11-16 12:01:49,194 - src.utils - INFO - Metrics saved to: experiments\s2t-cross-lingual_train_5_decoder_3e-3\checkpoints\epoch_18\metrics.json
2025-11-16 12:01:49,316 - src.utils - INFO - Best checkpoint also saved to: experiments\s2t-cross-lingual_train_5_decoder_3e-3\best_checkpoint
2025-11-16 12:01:49,328 - src.utils - INFO - Removed old checkpoint: experiments\s2t-cross-lingual_train_5_decoder_3e-3\checkpoints\epoch_15
2025-11-16 12:01:49,329 - src.utils - INFO - 
Epoch 19/29
2025-11-16 12:03:27,567 - src.utils - INFO - Epoch 19 - Average training loss: 1.1144
2025-11-16 12:03:27,567 - src.utils - INFO - Running validation...
2025-11-16 12:05:40,953 - src.utils - INFO - Computing validation metrics...
2025-11-16 12:05:49,681 - src.utils - INFO - Validation - Epoch 19 - WER: 0.4909, CER: 0.1944
2025-11-16 12:05:49,682 - src.utils - INFO - Current LR: 1.67e-03
2025-11-16 12:05:49,682 - src.utils - INFO - New best WER: 0.4909
2025-11-16 12:05:49,682 - src.models - INFO - CUDA optimizations enabled (cudnn.benchmark=True)
2025-11-16 12:05:49,683 - src.models - INFO - ModelManager initialized
2025-11-16 12:05:49,839 - src.models - INFO - Model weights saved to experiments\s2t-cross-lingual_train_5_decoder_3e-3\checkpoints\epoch_19\model_weights.pt
2025-11-16 12:05:49,839 - src.models - INFO - Detected weight tying: decoder.embed_tokens shares weights with output projection
2025-11-16 12:05:49,842 - src.models - INFO - Model metadata saved to experiments\s2t-cross-lingual_train_5_decoder_3e-3\checkpoints\epoch_19\model_metadata.json
2025-11-16 12:05:49,842 - src.models - INFO - Checkpoint saved to experiments\s2t-cross-lingual_train_5_decoder_3e-3\checkpoints\epoch_19
2025-11-16 12:05:49,842 - src.utils - INFO - Model checkpoint saved: experiments\s2t-cross-lingual_train_5_decoder_3e-3\checkpoints\epoch_19
2025-11-16 12:05:49,944 - src.utils - INFO - Optimizer state saved: experiments\s2t-cross-lingual_train_5_decoder_3e-3\checkpoints\epoch_19\optimizer_state.pt
2025-11-16 12:05:49,945 - src.utils - INFO - Scheduler state saved: experiments\s2t-cross-lingual_train_5_decoder_3e-3\checkpoints\epoch_19\scheduler_state.pt
2025-11-16 12:05:49,947 - src.utils - INFO - Experiment metadata saved: experiments\s2t-cross-lingual_train_5_decoder_3e-3\checkpoints\epoch_19\experiment_metadata.json
2025-11-16 12:05:49,973 - src.utils - INFO - Config saved to: experiments\s2t-cross-lingual_train_5_decoder_3e-3\checkpoints\epoch_19\config.yaml
2025-11-16 12:05:49,973 - src.utils - INFO - Metrics saved to: experiments\s2t-cross-lingual_train_5_decoder_3e-3\checkpoints\epoch_19\metrics.json
2025-11-16 12:05:50,094 - src.utils - INFO - Best checkpoint also saved to: experiments\s2t-cross-lingual_train_5_decoder_3e-3\best_checkpoint
2025-11-16 12:05:50,105 - src.utils - INFO - Removed old checkpoint: experiments\s2t-cross-lingual_train_5_decoder_3e-3\checkpoints\epoch_16
2025-11-16 12:05:50,106 - src.utils - INFO - 
Epoch 20/29
2025-11-16 12:07:29,393 - src.utils - INFO - Epoch 20 - Average training loss: 1.0822
2025-11-16 12:07:29,394 - src.utils - INFO - Running validation...
2025-11-16 12:09:44,239 - src.utils - INFO - Computing validation metrics...
2025-11-16 12:09:52,721 - src.utils - INFO - Validation - Epoch 20 - WER: 0.4927, CER: 0.1962
2025-11-16 12:09:52,723 - src.utils - INFO - Current LR: 1.50e-03
2025-11-16 12:09:52,723 - src.models - INFO - CUDA optimizations enabled (cudnn.benchmark=True)
2025-11-16 12:09:52,723 - src.models - INFO - ModelManager initialized
2025-11-16 12:09:52,917 - src.models - INFO - Model weights saved to experiments\s2t-cross-lingual_train_5_decoder_3e-3\checkpoints\epoch_20\model_weights.pt
2025-11-16 12:09:52,918 - src.models - INFO - Detected weight tying: decoder.embed_tokens shares weights with output projection
2025-11-16 12:09:52,920 - src.models - INFO - Model metadata saved to experiments\s2t-cross-lingual_train_5_decoder_3e-3\checkpoints\epoch_20\model_metadata.json
2025-11-16 12:09:52,921 - src.models - INFO - Checkpoint saved to experiments\s2t-cross-lingual_train_5_decoder_3e-3\checkpoints\epoch_20
2025-11-16 12:09:52,921 - src.utils - INFO - Model checkpoint saved: experiments\s2t-cross-lingual_train_5_decoder_3e-3\checkpoints\epoch_20
2025-11-16 12:09:53,022 - src.utils - INFO - Optimizer state saved: experiments\s2t-cross-lingual_train_5_decoder_3e-3\checkpoints\epoch_20\optimizer_state.pt
2025-11-16 12:09:53,022 - src.utils - INFO - Scheduler state saved: experiments\s2t-cross-lingual_train_5_decoder_3e-3\checkpoints\epoch_20\scheduler_state.pt
2025-11-16 12:09:53,023 - src.utils - INFO - Experiment metadata saved: experiments\s2t-cross-lingual_train_5_decoder_3e-3\checkpoints\epoch_20\experiment_metadata.json
2025-11-16 12:09:53,048 - src.utils - INFO - Config saved to: experiments\s2t-cross-lingual_train_5_decoder_3e-3\checkpoints\epoch_20\config.yaml
2025-11-16 12:09:53,049 - src.utils - INFO - Metrics saved to: experiments\s2t-cross-lingual_train_5_decoder_3e-3\checkpoints\epoch_20\metrics.json
2025-11-16 12:09:53,063 - src.utils - INFO - Removed old checkpoint: experiments\s2t-cross-lingual_train_5_decoder_3e-3\checkpoints\epoch_17
2025-11-16 12:09:53,064 - src.utils - INFO - 
Epoch 21/29
2025-11-16 12:11:32,195 - src.utils - INFO - Epoch 21 - Average training loss: 1.0516
2025-11-16 12:11:32,195 - src.utils - INFO - Running validation...
2025-11-16 12:13:47,706 - src.utils - INFO - Computing validation metrics...
2025-11-16 12:13:57,249 - src.utils - INFO - Validation - Epoch 21 - WER: 0.4831, CER: 0.1903
2025-11-16 12:13:57,250 - src.utils - INFO - Current LR: 1.33e-03
2025-11-16 12:13:57,250 - src.utils - INFO - New best WER: 0.4831
2025-11-16 12:13:57,251 - src.models - INFO - CUDA optimizations enabled (cudnn.benchmark=True)
2025-11-16 12:13:57,251 - src.models - INFO - ModelManager initialized
2025-11-16 12:13:57,395 - src.models - INFO - Model weights saved to experiments\s2t-cross-lingual_train_5_decoder_3e-3\checkpoints\epoch_21\model_weights.pt
2025-11-16 12:13:57,484 - src.models - INFO - Detected weight tying: decoder.embed_tokens shares weights with output projection
2025-11-16 12:13:57,486 - src.models - INFO - Model metadata saved to experiments\s2t-cross-lingual_train_5_decoder_3e-3\checkpoints\epoch_21\model_metadata.json
2025-11-16 12:13:57,487 - src.models - INFO - Checkpoint saved to experiments\s2t-cross-lingual_train_5_decoder_3e-3\checkpoints\epoch_21
2025-11-16 12:13:57,487 - src.utils - INFO - Model checkpoint saved: experiments\s2t-cross-lingual_train_5_decoder_3e-3\checkpoints\epoch_21
2025-11-16 12:13:57,591 - src.utils - INFO - Optimizer state saved: experiments\s2t-cross-lingual_train_5_decoder_3e-3\checkpoints\epoch_21\optimizer_state.pt
2025-11-16 12:13:57,592 - src.utils - INFO - Scheduler state saved: experiments\s2t-cross-lingual_train_5_decoder_3e-3\checkpoints\epoch_21\scheduler_state.pt
2025-11-16 12:13:57,592 - src.utils - INFO - Experiment metadata saved: experiments\s2t-cross-lingual_train_5_decoder_3e-3\checkpoints\epoch_21\experiment_metadata.json
2025-11-16 12:13:57,623 - src.utils - INFO - Config saved to: experiments\s2t-cross-lingual_train_5_decoder_3e-3\checkpoints\epoch_21\config.yaml
2025-11-16 12:13:57,624 - src.utils - INFO - Metrics saved to: experiments\s2t-cross-lingual_train_5_decoder_3e-3\checkpoints\epoch_21\metrics.json
2025-11-16 12:13:57,740 - src.utils - INFO - Best checkpoint also saved to: experiments\s2t-cross-lingual_train_5_decoder_3e-3\best_checkpoint
2025-11-16 12:13:57,752 - src.utils - INFO - Removed old checkpoint: experiments\s2t-cross-lingual_train_5_decoder_3e-3\checkpoints\epoch_18
2025-11-16 12:13:57,752 - src.utils - INFO - 
Epoch 22/29
2025-11-16 12:15:37,099 - src.utils - INFO - Epoch 22 - Average training loss: 1.0229
2025-11-16 12:15:37,099 - src.utils - INFO - Running validation...
2025-11-16 12:17:52,164 - src.utils - INFO - Computing validation metrics...
2025-11-16 12:18:00,846 - src.utils - INFO - Validation - Epoch 22 - WER: 0.4773, CER: 0.1904
2025-11-16 12:18:00,847 - src.utils - INFO - Current LR: 1.17e-03
2025-11-16 12:18:00,847 - src.utils - INFO - New best WER: 0.4773
2025-11-16 12:18:00,848 - src.models - INFO - CUDA optimizations enabled (cudnn.benchmark=True)
2025-11-16 12:18:00,848 - src.models - INFO - ModelManager initialized
2025-11-16 12:18:01,030 - src.models - INFO - Model weights saved to experiments\s2t-cross-lingual_train_5_decoder_3e-3\checkpoints\epoch_22\model_weights.pt
2025-11-16 12:18:01,030 - src.models - INFO - Detected weight tying: decoder.embed_tokens shares weights with output projection
2025-11-16 12:18:01,033 - src.models - INFO - Model metadata saved to experiments\s2t-cross-lingual_train_5_decoder_3e-3\checkpoints\epoch_22\model_metadata.json
2025-11-16 12:18:01,033 - src.models - INFO - Checkpoint saved to experiments\s2t-cross-lingual_train_5_decoder_3e-3\checkpoints\epoch_22
2025-11-16 12:18:01,033 - src.utils - INFO - Model checkpoint saved: experiments\s2t-cross-lingual_train_5_decoder_3e-3\checkpoints\epoch_22
2025-11-16 12:18:01,139 - src.utils - INFO - Optimizer state saved: experiments\s2t-cross-lingual_train_5_decoder_3e-3\checkpoints\epoch_22\optimizer_state.pt
2025-11-16 12:18:01,141 - src.utils - INFO - Scheduler state saved: experiments\s2t-cross-lingual_train_5_decoder_3e-3\checkpoints\epoch_22\scheduler_state.pt
2025-11-16 12:18:01,141 - src.utils - INFO - Experiment metadata saved: experiments\s2t-cross-lingual_train_5_decoder_3e-3\checkpoints\epoch_22\experiment_metadata.json
2025-11-16 12:18:01,195 - src.utils - INFO - Config saved to: experiments\s2t-cross-lingual_train_5_decoder_3e-3\checkpoints\epoch_22\config.yaml
2025-11-16 12:18:01,196 - src.utils - INFO - Metrics saved to: experiments\s2t-cross-lingual_train_5_decoder_3e-3\checkpoints\epoch_22\metrics.json
2025-11-16 12:18:01,320 - src.utils - INFO - Best checkpoint also saved to: experiments\s2t-cross-lingual_train_5_decoder_3e-3\best_checkpoint
2025-11-16 12:18:01,332 - src.utils - INFO - Removed old checkpoint: experiments\s2t-cross-lingual_train_5_decoder_3e-3\checkpoints\epoch_19
2025-11-16 12:18:01,333 - src.utils - INFO - 
Epoch 23/29
2025-11-16 12:19:40,566 - src.utils - INFO - Epoch 23 - Average training loss: 0.9933
2025-11-16 12:19:40,567 - src.utils - INFO - Running validation...
2025-11-16 12:21:54,495 - src.utils - INFO - Computing validation metrics...
2025-11-16 12:22:02,694 - src.utils - INFO - Validation - Epoch 23 - WER: 0.4708, CER: 0.1872
2025-11-16 12:22:02,695 - src.utils - INFO - Current LR: 1.00e-03
2025-11-16 12:22:02,695 - src.utils - INFO - New best WER: 0.4708
2025-11-16 12:22:02,696 - src.models - INFO - CUDA optimizations enabled (cudnn.benchmark=True)
2025-11-16 12:22:02,696 - src.models - INFO - ModelManager initialized
2025-11-16 12:22:02,837 - src.models - INFO - Model weights saved to experiments\s2t-cross-lingual_train_5_decoder_3e-3\checkpoints\epoch_23\model_weights.pt
2025-11-16 12:22:02,838 - src.models - INFO - Detected weight tying: decoder.embed_tokens shares weights with output projection
2025-11-16 12:22:02,840 - src.models - INFO - Model metadata saved to experiments\s2t-cross-lingual_train_5_decoder_3e-3\checkpoints\epoch_23\model_metadata.json
2025-11-16 12:22:02,840 - src.models - INFO - Checkpoint saved to experiments\s2t-cross-lingual_train_5_decoder_3e-3\checkpoints\epoch_23
2025-11-16 12:22:02,841 - src.utils - INFO - Model checkpoint saved: experiments\s2t-cross-lingual_train_5_decoder_3e-3\checkpoints\epoch_23
2025-11-16 12:22:02,936 - src.utils - INFO - Optimizer state saved: experiments\s2t-cross-lingual_train_5_decoder_3e-3\checkpoints\epoch_23\optimizer_state.pt
2025-11-16 12:22:02,937 - src.utils - INFO - Scheduler state saved: experiments\s2t-cross-lingual_train_5_decoder_3e-3\checkpoints\epoch_23\scheduler_state.pt
2025-11-16 12:22:02,938 - src.utils - INFO - Experiment metadata saved: experiments\s2t-cross-lingual_train_5_decoder_3e-3\checkpoints\epoch_23\experiment_metadata.json
2025-11-16 12:22:02,962 - src.utils - INFO - Config saved to: experiments\s2t-cross-lingual_train_5_decoder_3e-3\checkpoints\epoch_23\config.yaml
2025-11-16 12:22:02,963 - src.utils - INFO - Metrics saved to: experiments\s2t-cross-lingual_train_5_decoder_3e-3\checkpoints\epoch_23\metrics.json
2025-11-16 12:22:03,077 - src.utils - INFO - Best checkpoint also saved to: experiments\s2t-cross-lingual_train_5_decoder_3e-3\best_checkpoint
2025-11-16 12:22:03,089 - src.utils - INFO - Removed old checkpoint: experiments\s2t-cross-lingual_train_5_decoder_3e-3\checkpoints\epoch_20
2025-11-16 12:22:03,090 - src.utils - INFO - 
Epoch 24/29
2025-11-16 12:23:41,500 - src.utils - INFO - Epoch 24 - Average training loss: 0.9704
2025-11-16 12:23:41,500 - src.utils - INFO - Running validation...
2025-11-16 12:25:55,673 - src.utils - INFO - Computing validation metrics...
2025-11-16 12:26:05,979 - src.utils - INFO - Validation - Epoch 24 - WER: 0.4698, CER: 0.1852
2025-11-16 12:26:05,980 - src.utils - INFO - Current LR: 8.33e-04
2025-11-16 12:26:05,981 - src.utils - INFO - New best WER: 0.4698
2025-11-16 12:26:05,981 - src.models - INFO - CUDA optimizations enabled (cudnn.benchmark=True)
2025-11-16 12:26:05,981 - src.models - INFO - ModelManager initialized
2025-11-16 12:26:06,155 - src.models - INFO - Model weights saved to experiments\s2t-cross-lingual_train_5_decoder_3e-3\checkpoints\epoch_24\model_weights.pt
2025-11-16 12:26:06,156 - src.models - INFO - Detected weight tying: decoder.embed_tokens shares weights with output projection
2025-11-16 12:26:06,158 - src.models - INFO - Model metadata saved to experiments\s2t-cross-lingual_train_5_decoder_3e-3\checkpoints\epoch_24\model_metadata.json
2025-11-16 12:26:06,158 - src.models - INFO - Checkpoint saved to experiments\s2t-cross-lingual_train_5_decoder_3e-3\checkpoints\epoch_24
2025-11-16 12:26:06,159 - src.utils - INFO - Model checkpoint saved: experiments\s2t-cross-lingual_train_5_decoder_3e-3\checkpoints\epoch_24
2025-11-16 12:26:06,260 - src.utils - INFO - Optimizer state saved: experiments\s2t-cross-lingual_train_5_decoder_3e-3\checkpoints\epoch_24\optimizer_state.pt
2025-11-16 12:26:06,260 - src.utils - INFO - Scheduler state saved: experiments\s2t-cross-lingual_train_5_decoder_3e-3\checkpoints\epoch_24\scheduler_state.pt
2025-11-16 12:26:06,261 - src.utils - INFO - Experiment metadata saved: experiments\s2t-cross-lingual_train_5_decoder_3e-3\checkpoints\epoch_24\experiment_metadata.json
2025-11-16 12:26:06,286 - src.utils - INFO - Config saved to: experiments\s2t-cross-lingual_train_5_decoder_3e-3\checkpoints\epoch_24\config.yaml
2025-11-16 12:26:06,286 - src.utils - INFO - Metrics saved to: experiments\s2t-cross-lingual_train_5_decoder_3e-3\checkpoints\epoch_24\metrics.json
2025-11-16 12:26:06,427 - src.utils - INFO - Best checkpoint also saved to: experiments\s2t-cross-lingual_train_5_decoder_3e-3\best_checkpoint
2025-11-16 12:26:06,439 - src.utils - INFO - Removed old checkpoint: experiments\s2t-cross-lingual_train_5_decoder_3e-3\checkpoints\epoch_21
2025-11-16 12:26:06,439 - src.utils - INFO - 
Epoch 25/29
2025-11-16 12:27:44,719 - src.utils - INFO - Epoch 25 - Average training loss: 0.9488
2025-11-16 12:27:44,719 - src.utils - INFO - Running validation...
2025-11-16 12:30:00,538 - src.utils - INFO - Computing validation metrics...
2025-11-16 12:30:09,780 - src.utils - INFO - Validation - Epoch 25 - WER: 0.4688, CER: 0.1882
2025-11-16 12:30:09,781 - src.utils - INFO - Current LR: 6.67e-04
2025-11-16 12:30:09,781 - src.utils - INFO - New best WER: 0.4688
2025-11-16 12:30:09,781 - src.models - INFO - CUDA optimizations enabled (cudnn.benchmark=True)
2025-11-16 12:30:09,782 - src.models - INFO - ModelManager initialized
2025-11-16 12:30:10,122 - src.models - INFO - Model weights saved to experiments\s2t-cross-lingual_train_5_decoder_3e-3\checkpoints\epoch_25\model_weights.pt
2025-11-16 12:30:10,122 - src.models - INFO - Detected weight tying: decoder.embed_tokens shares weights with output projection
2025-11-16 12:30:10,127 - src.models - INFO - Model metadata saved to experiments\s2t-cross-lingual_train_5_decoder_3e-3\checkpoints\epoch_25\model_metadata.json
2025-11-16 12:30:10,127 - src.models - INFO - Checkpoint saved to experiments\s2t-cross-lingual_train_5_decoder_3e-3\checkpoints\epoch_25
2025-11-16 12:30:10,127 - src.utils - INFO - Model checkpoint saved: experiments\s2t-cross-lingual_train_5_decoder_3e-3\checkpoints\epoch_25
2025-11-16 12:30:10,224 - src.utils - INFO - Optimizer state saved: experiments\s2t-cross-lingual_train_5_decoder_3e-3\checkpoints\epoch_25\optimizer_state.pt
2025-11-16 12:30:10,225 - src.utils - INFO - Scheduler state saved: experiments\s2t-cross-lingual_train_5_decoder_3e-3\checkpoints\epoch_25\scheduler_state.pt
2025-11-16 12:30:10,226 - src.utils - INFO - Experiment metadata saved: experiments\s2t-cross-lingual_train_5_decoder_3e-3\checkpoints\epoch_25\experiment_metadata.json
2025-11-16 12:30:10,256 - src.utils - INFO - Config saved to: experiments\s2t-cross-lingual_train_5_decoder_3e-3\checkpoints\epoch_25\config.yaml
2025-11-16 12:30:10,257 - src.utils - INFO - Metrics saved to: experiments\s2t-cross-lingual_train_5_decoder_3e-3\checkpoints\epoch_25\metrics.json
2025-11-16 12:30:10,369 - src.utils - INFO - Best checkpoint also saved to: experiments\s2t-cross-lingual_train_5_decoder_3e-3\best_checkpoint
2025-11-16 12:30:10,382 - src.utils - INFO - Removed old checkpoint: experiments\s2t-cross-lingual_train_5_decoder_3e-3\checkpoints\epoch_22
2025-11-16 12:30:10,382 - src.utils - INFO - 
Epoch 26/29
2025-11-16 12:31:48,965 - src.utils - INFO - Epoch 26 - Average training loss: 0.9295
2025-11-16 12:31:48,966 - src.utils - INFO - Running validation...
2025-11-16 12:34:03,591 - src.utils - INFO - Computing validation metrics...
2025-11-16 12:34:13,259 - src.utils - INFO - Validation - Epoch 26 - WER: 0.4660, CER: 0.1833
2025-11-16 12:34:13,261 - src.utils - INFO - Current LR: 5.00e-04
2025-11-16 12:34:13,261 - src.utils - INFO - New best WER: 0.4660
2025-11-16 12:34:13,262 - src.models - INFO - CUDA optimizations enabled (cudnn.benchmark=True)
2025-11-16 12:34:13,262 - src.models - INFO - ModelManager initialized
2025-11-16 12:34:13,406 - src.models - INFO - Model weights saved to experiments\s2t-cross-lingual_train_5_decoder_3e-3\checkpoints\epoch_26\model_weights.pt
2025-11-16 12:34:13,406 - src.models - INFO - Detected weight tying: decoder.embed_tokens shares weights with output projection
2025-11-16 12:34:13,408 - src.models - INFO - Model metadata saved to experiments\s2t-cross-lingual_train_5_decoder_3e-3\checkpoints\epoch_26\model_metadata.json
2025-11-16 12:34:13,409 - src.models - INFO - Checkpoint saved to experiments\s2t-cross-lingual_train_5_decoder_3e-3\checkpoints\epoch_26
2025-11-16 12:34:13,409 - src.utils - INFO - Model checkpoint saved: experiments\s2t-cross-lingual_train_5_decoder_3e-3\checkpoints\epoch_26
2025-11-16 12:34:13,512 - src.utils - INFO - Optimizer state saved: experiments\s2t-cross-lingual_train_5_decoder_3e-3\checkpoints\epoch_26\optimizer_state.pt
2025-11-16 12:34:13,513 - src.utils - INFO - Scheduler state saved: experiments\s2t-cross-lingual_train_5_decoder_3e-3\checkpoints\epoch_26\scheduler_state.pt
2025-11-16 12:34:13,514 - src.utils - INFO - Experiment metadata saved: experiments\s2t-cross-lingual_train_5_decoder_3e-3\checkpoints\epoch_26\experiment_metadata.json
2025-11-16 12:34:13,539 - src.utils - INFO - Config saved to: experiments\s2t-cross-lingual_train_5_decoder_3e-3\checkpoints\epoch_26\config.yaml
2025-11-16 12:34:13,539 - src.utils - INFO - Metrics saved to: experiments\s2t-cross-lingual_train_5_decoder_3e-3\checkpoints\epoch_26\metrics.json
2025-11-16 12:34:13,679 - src.utils - INFO - Best checkpoint also saved to: experiments\s2t-cross-lingual_train_5_decoder_3e-3\best_checkpoint
2025-11-16 12:34:13,692 - src.utils - INFO - Removed old checkpoint: experiments\s2t-cross-lingual_train_5_decoder_3e-3\checkpoints\epoch_23
2025-11-16 12:34:13,692 - src.utils - INFO - 
Epoch 27/29
2025-11-16 12:35:52,294 - src.utils - INFO - Epoch 27 - Average training loss: 0.9061
2025-11-16 12:35:52,295 - src.utils - INFO - Running validation...
2025-11-16 12:38:07,143 - src.utils - INFO - Computing validation metrics...
2025-11-16 12:38:16,264 - src.utils - INFO - Validation - Epoch 27 - WER: 0.4615, CER: 0.1827
2025-11-16 12:38:16,266 - src.utils - INFO - Current LR: 3.33e-04
2025-11-16 12:38:16,266 - src.utils - INFO - New best WER: 0.4615
2025-11-16 12:38:16,266 - src.models - INFO - CUDA optimizations enabled (cudnn.benchmark=True)
2025-11-16 12:38:16,266 - src.models - INFO - ModelManager initialized
2025-11-16 12:38:16,404 - src.models - INFO - Model weights saved to experiments\s2t-cross-lingual_train_5_decoder_3e-3\checkpoints\epoch_27\model_weights.pt
2025-11-16 12:38:16,404 - src.models - INFO - Detected weight tying: decoder.embed_tokens shares weights with output projection
2025-11-16 12:38:16,407 - src.models - INFO - Model metadata saved to experiments\s2t-cross-lingual_train_5_decoder_3e-3\checkpoints\epoch_27\model_metadata.json
2025-11-16 12:38:16,407 - src.models - INFO - Checkpoint saved to experiments\s2t-cross-lingual_train_5_decoder_3e-3\checkpoints\epoch_27
2025-11-16 12:38:16,407 - src.utils - INFO - Model checkpoint saved: experiments\s2t-cross-lingual_train_5_decoder_3e-3\checkpoints\epoch_27
2025-11-16 12:38:16,509 - src.utils - INFO - Optimizer state saved: experiments\s2t-cross-lingual_train_5_decoder_3e-3\checkpoints\epoch_27\optimizer_state.pt
2025-11-16 12:38:16,509 - src.utils - INFO - Scheduler state saved: experiments\s2t-cross-lingual_train_5_decoder_3e-3\checkpoints\epoch_27\scheduler_state.pt
2025-11-16 12:38:16,510 - src.utils - INFO - Experiment metadata saved: experiments\s2t-cross-lingual_train_5_decoder_3e-3\checkpoints\epoch_27\experiment_metadata.json
2025-11-16 12:38:16,537 - src.utils - INFO - Config saved to: experiments\s2t-cross-lingual_train_5_decoder_3e-3\checkpoints\epoch_27\config.yaml
2025-11-16 12:38:16,538 - src.utils - INFO - Metrics saved to: experiments\s2t-cross-lingual_train_5_decoder_3e-3\checkpoints\epoch_27\metrics.json
2025-11-16 12:38:16,679 - src.utils - INFO - Best checkpoint also saved to: experiments\s2t-cross-lingual_train_5_decoder_3e-3\best_checkpoint
2025-11-16 12:38:16,692 - src.utils - INFO - Removed old checkpoint: experiments\s2t-cross-lingual_train_5_decoder_3e-3\checkpoints\epoch_24
2025-11-16 12:38:16,693 - src.utils - INFO - 
Epoch 28/29
2025-11-16 12:39:55,651 - src.utils - INFO - Epoch 28 - Average training loss: 0.8908
2025-11-16 12:39:55,652 - src.utils - INFO - Running validation...
2025-11-16 12:42:15,299 - src.utils - INFO - Computing validation metrics...
2025-11-16 12:42:23,239 - src.utils - INFO - Validation - Epoch 28 - WER: 0.4617, CER: 0.1827
2025-11-16 12:42:23,240 - src.utils - INFO - Current LR: 1.67e-04
2025-11-16 12:42:23,241 - src.models - INFO - CUDA optimizations enabled (cudnn.benchmark=True)
2025-11-16 12:42:23,241 - src.models - INFO - ModelManager initialized
2025-11-16 12:42:23,576 - src.models - INFO - Model weights saved to experiments\s2t-cross-lingual_train_5_decoder_3e-3\checkpoints\epoch_28\model_weights.pt
2025-11-16 12:42:23,576 - src.models - INFO - Detected weight tying: decoder.embed_tokens shares weights with output projection
2025-11-16 12:42:23,578 - src.models - INFO - Model metadata saved to experiments\s2t-cross-lingual_train_5_decoder_3e-3\checkpoints\epoch_28\model_metadata.json
2025-11-16 12:42:23,578 - src.models - INFO - Checkpoint saved to experiments\s2t-cross-lingual_train_5_decoder_3e-3\checkpoints\epoch_28
2025-11-16 12:42:23,579 - src.utils - INFO - Model checkpoint saved: experiments\s2t-cross-lingual_train_5_decoder_3e-3\checkpoints\epoch_28
2025-11-16 12:42:23,680 - src.utils - INFO - Optimizer state saved: experiments\s2t-cross-lingual_train_5_decoder_3e-3\checkpoints\epoch_28\optimizer_state.pt
2025-11-16 12:42:23,680 - src.utils - INFO - Scheduler state saved: experiments\s2t-cross-lingual_train_5_decoder_3e-3\checkpoints\epoch_28\scheduler_state.pt
2025-11-16 12:42:23,681 - src.utils - INFO - Experiment metadata saved: experiments\s2t-cross-lingual_train_5_decoder_3e-3\checkpoints\epoch_28\experiment_metadata.json
2025-11-16 12:42:23,706 - src.utils - INFO - Config saved to: experiments\s2t-cross-lingual_train_5_decoder_3e-3\checkpoints\epoch_28\config.yaml
2025-11-16 12:42:23,707 - src.utils - INFO - Metrics saved to: experiments\s2t-cross-lingual_train_5_decoder_3e-3\checkpoints\epoch_28\metrics.json
2025-11-16 12:42:23,721 - src.utils - INFO - Removed old checkpoint: experiments\s2t-cross-lingual_train_5_decoder_3e-3\checkpoints\epoch_25
2025-11-16 12:42:23,721 - src.utils - INFO - 
Epoch 29/29
2025-11-16 12:44:03,573 - src.utils - INFO - Epoch 29 - Average training loss: 0.8734
2025-11-16 12:44:03,573 - src.utils - INFO - Running validation...
2025-11-16 12:46:18,863 - src.utils - INFO - Computing validation metrics...
2025-11-16 12:46:28,532 - src.utils - INFO - Validation - Epoch 29 - WER: 0.4618, CER: 0.1824
2025-11-16 12:46:28,533 - src.utils - INFO - Current LR: 0.00e+00
2025-11-16 12:46:28,533 - src.models - INFO - CUDA optimizations enabled (cudnn.benchmark=True)
2025-11-16 12:46:28,534 - src.models - INFO - ModelManager initialized
2025-11-16 12:46:28,685 - src.models - INFO - Model weights saved to experiments\s2t-cross-lingual_train_5_decoder_3e-3\checkpoints\epoch_29\model_weights.pt
2025-11-16 12:46:28,685 - src.models - INFO - Detected weight tying: decoder.embed_tokens shares weights with output projection
2025-11-16 12:46:28,688 - src.models - INFO - Model metadata saved to experiments\s2t-cross-lingual_train_5_decoder_3e-3\checkpoints\epoch_29\model_metadata.json
2025-11-16 12:46:28,688 - src.models - INFO - Checkpoint saved to experiments\s2t-cross-lingual_train_5_decoder_3e-3\checkpoints\epoch_29
2025-11-16 12:46:28,688 - src.utils - INFO - Model checkpoint saved: experiments\s2t-cross-lingual_train_5_decoder_3e-3\checkpoints\epoch_29
2025-11-16 12:46:28,790 - src.utils - INFO - Optimizer state saved: experiments\s2t-cross-lingual_train_5_decoder_3e-3\checkpoints\epoch_29\optimizer_state.pt
2025-11-16 12:46:28,791 - src.utils - INFO - Scheduler state saved: experiments\s2t-cross-lingual_train_5_decoder_3e-3\checkpoints\epoch_29\scheduler_state.pt
2025-11-16 12:46:28,792 - src.utils - INFO - Experiment metadata saved: experiments\s2t-cross-lingual_train_5_decoder_3e-3\checkpoints\epoch_29\experiment_metadata.json
2025-11-16 12:46:28,818 - src.utils - INFO - Config saved to: experiments\s2t-cross-lingual_train_5_decoder_3e-3\checkpoints\epoch_29\config.yaml
2025-11-16 12:46:28,819 - src.utils - INFO - Metrics saved to: experiments\s2t-cross-lingual_train_5_decoder_3e-3\checkpoints\epoch_29\metrics.json
2025-11-16 12:46:28,835 - src.utils - INFO - Removed old checkpoint: experiments\s2t-cross-lingual_train_5_decoder_3e-3\checkpoints\epoch_26
2025-11-16 12:46:28,836 - src.utils - INFO - ============================================================
2025-11-16 12:46:28,836 - src.utils - INFO - Training completed!
2025-11-16 12:46:28,836 - src.utils - INFO - Total training time: 2:02:04.163386
2025-11-16 12:46:28,837 - src.utils - INFO - Best WER: 0.4615 (Epoch 27)
2025-11-16 12:46:28,837 - src.utils - INFO - ============================================================
2025-11-16 12:46:28,837 - src.utils - INFO - ============================================================
2025-11-16 12:46:28,838 - src.utils - INFO - Running final evaluation on test set...
2025-11-16 12:46:28,838 - src.utils - INFO - ============================================================
2025-11-16 12:46:28,839 - src.data - INFO - Loading test split from TSV file C:\Users\User\Documents\Progs\Projects\speech_to_text\data\cv-corpus-22.0-2025-06-20\ru\test.tsv...
2025-11-16 12:46:28,869 - src.data - INFO - Loaded 10,244 samples from test split
2025-11-16 12:46:28,869 - src.data - INFO - Loading clip durations from clip_durations.tsv...
2025-11-16 12:46:28,982 - src.data - INFO - Merged durations for 10244 samples
2025-11-16 12:46:28,984 - src.data - INFO - Pre-filtered 0 samples by metadata duration (min: 0.2s, max: 30.0s). Final filtering after trim_silence happens in AudioPreprocessor.
2025-11-16 12:46:28,984 - src.data - INFO - After filtering: 10,244 samples remaining
2025-11-16 12:46:28,984 - src.data - INFO - Cached test split with 10244 samples
2025-11-16 12:46:30,306 - src.data - INFO - Extracted from Speech2Text config (CPU mode): max_source_positions=6000, max_target_positions=1024
2025-11-16 12:46:30,306 - src.utils - INFO - Test dataset size: 10244
2025-11-16 12:46:30,306 - src.data - INFO - Initialized AudioCollator with device: cpu, model_type: speech2text, labels padding: -100, transpose_features: True
2025-11-16 12:48:54,292 - src.utils - INFO - Computing test metrics...
2025-11-16 12:49:04,386 - src.utils - INFO - ============================================================
2025-11-16 12:49:04,387 - src.utils - INFO - Test Set Results:
2025-11-16 12:49:04,387 - src.utils - INFO - ============================================================
2025-11-16 12:49:04,387 - src.utils - INFO - Word Error Rate (WER): 0.4975 (49.75%)
2025-11-16 12:49:04,387 - src.utils - INFO - Character Error Rate (CER): 0.2112 (21.12%)
2025-11-16 12:49:04,387 - src.utils - INFO - BLEU Score: 0.3440
2025-11-16 12:49:04,387 - src.utils - INFO - Substitutions: 33,813
2025-11-16 12:49:04,388 - src.utils - INFO - Deletions: 4,006
2025-11-16 12:49:04,388 - src.utils - INFO - Insertions: 5,066
2025-11-16 12:49:04,388 - src.utils - INFO - Correct Words: 48,388
2025-11-16 12:49:04,388 - src.utils - INFO - ============================================================
2025-11-16 12:49:04,388 - src.utils - INFO - Test metrics saved to: experiments\s2t-cross-lingual_train_5_decoder_3e-3\test_results.json
2025-11-16 12:49:04,468 - src.utils - INFO - Test predictions saved to: experiments\s2t-cross-lingual_train_5_decoder_3e-3\test_predictions.csv
2025-11-16 12:49:04,470 - src.utils - INFO - ============================================================
2025-11-16 12:49:04,470 - src.utils - INFO - All done!
2025-11-16 12:49:04,470 - src.utils - INFO - Results saved to: experiments\s2t-cross-lingual_train_5_decoder_3e-3
2025-11-16 12:49:04,470 - src.utils - INFO - TensorBoard: tensorboard --logdir experiments\s2t-cross-lingual_train_5_decoder_3e-3/tensorboard
2025-11-16 12:49:04,470 - src.utils - INFO - ============================================================
