2025-11-16 08:36:47,387 - src.utils - INFO - Logging setup complete. Level: INFO
2025-11-16 08:36:47,387 - src.utils - INFO - Log file: experiments\s2t-cross-lingual_train_4_decoder_3e-3\training.log
2025-11-16 08:36:47,387 - src.utils - INFO - Checkpoint path: experiments\baselines\s2t-cross-lingual
2025-11-16 08:36:47,387 - src.utils - INFO - Configuration file: experiments\baselines\s2t-cross-lingual\config.yaml
2025-11-16 08:36:47,389 - src.utils - INFO - ============================================================
2025-11-16 08:36:47,407 - src.utils - INFO - SYSTEM INFORMATION
2025-11-16 08:36:47,407 - src.utils - INFO - ============================================================
2025-11-16 08:36:47,407 - src.utils - INFO - Python Version: 3.10.18
2025-11-16 08:36:47,407 - src.utils - INFO - PyTorch Version: 2.5.1
2025-11-16 08:36:47,407 - src.utils - INFO - GPU: NVIDIA GeForce RTX 4070 Ti
2025-11-16 08:36:47,407 - src.utils - INFO - GPU Memory: 12.0 GB
2025-11-16 08:36:47,407 - src.utils - INFO - CUDA Version: 12.4
2025-11-16 08:36:47,408 - src.utils - INFO - CPU Cores: 16
2025-11-16 08:36:47,408 - src.utils - INFO - ============================================================
2025-11-16 08:36:47,410 - src.utils - INFO - Initializing data manager...
2025-11-16 08:36:47,410 - src.utils - INFO - Loading experiment objects...
2025-11-16 08:36:47,410 - src.models - INFO - CUDA optimizations enabled (cudnn.benchmark=True)
2025-11-16 08:36:47,410 - src.models - INFO - ModelManager initialized
2025-11-16 08:36:47,411 - __main__ - INFO - Using device: cuda
2025-11-16 08:36:47,411 - __main__ - INFO - Loading model from checkpoint: experiments\baselines\s2t-cross-lingual
2025-11-16 08:36:47,412 - src.models - INFO - Creating processor from checkpoint config: facebook/s2t-small-librispeech-asr
2025-11-16 08:36:47,412 - src.models - INFO - Loading processor with alternative tokenizer for cross-lingual transfer: facebook/s2t-medium-mustc-multilingual-st
2025-11-16 08:36:49,860 - src.models - INFO - Set multilingual tokenizer.tgt_lang = 'ru'
2025-11-16 08:36:49,861 - src.models - INFO - Loading Speech2Text model: facebook/s2t-small-librispeech-asr
2025-11-16 08:36:51,969 - src.models - INFO - Feature encoder frozen: 4 parameter groups (conv layers and positional embeddings)
2025-11-16 08:36:51,970 - src.models - INFO - Encoder frozen
2025-11-16 08:36:51,972 - src.models - INFO - Model loaded. Total parameters: 29,536,256, Trainable: 12,033,024
2025-11-16 08:36:51,972 - src.models - INFO - Vocabulary size unchanged (10000), skipping resize
2025-11-16 08:36:51,972 - src.models - INFO - Model created: speech2text - facebook/s2t-small-librispeech-asr
2025-11-16 08:36:52,209 - src.models - INFO - Loaded weights from experiments\baselines\s2t-cross-lingual\model_weights.pt
2025-11-16 08:36:52,209 - src.models - INFO - Restoring weight tying from metadata...
2025-11-16 08:36:52,209 - src.models - INFO - Weight tying restored: lm_head.weight now shares tensor with decoder.embed_tokens.weight
2025-11-16 08:36:52,249 - src.models - INFO - Model moved to device: cuda
2025-11-16 08:36:52,251 - src.models - INFO - Model Info: {'model_type': 'speech2text', 'model_name': 'facebook/s2t-small-librispeech-asr', 'total_parameters': 29536256, 'trainable_parameters': 12033024, 'trainable_ratio': 0.4073984190819581}
2025-11-16 08:36:52,252 - __main__ - INFO - Applying freeze settings from config...
2025-11-16 08:36:52,253 - src.models - INFO - Feature encoder frozen: 4 parameter groups (conv layers and positional embeddings)
2025-11-16 08:36:52,253 - src.models - INFO - Encoder frozen
2025-11-16 08:36:52,254 - src.models - INFO - Decoder frozen
2025-11-16 08:36:52,254 - src.models - INFO - Unfroze last 4 decoder layers
2025-11-16 08:36:52,254 - src.models - INFO - Decoder embed_tokens unfrozen
2025-11-16 08:36:52,254 - src.models - INFO - Decoder embed_positions unfrozen
2025-11-16 08:36:52,255 - src.models - INFO - lm_head unfrozen
2025-11-16 08:36:52,255 - src.models - INFO - Decoder layer_norm unfrozen
2025-11-16 08:36:52,256 - __main__ - INFO - Model parameters: 8,875,520 / 29,536,256 trainable
2025-11-16 08:36:52,257 - __main__ - INFO - No experiment_metadata.json found - starting new training
2025-11-16 08:36:52,257 - __main__ - INFO - No optimizer_state.pt found - starting new training from baseline
2025-11-16 08:36:52,257 - __main__ - INFO - Experiment loaded: facebook/s2t-small-librispeech-asr
2025-11-16 08:36:52,257 - __main__ - INFO - Will start training from epoch 0, global_step 0
2025-11-16 08:36:52,257 - src.data - INFO - Set pad_token_id: 1
2025-11-16 08:36:52,258 - src.data - INFO - Set forced_bos_token_id for target language 'ru': 6
2025-11-16 08:36:52,258 - src.utils - INFO - Loading datasets...
2025-11-16 08:36:52,258 - src.data - INFO - Loading train split from TSV file C:\Users\User\Documents\Progs\Projects\speech_to_text\data\cv-corpus-22.0-2025-06-20\ru\train.tsv...
2025-11-16 08:36:52,337 - src.data - INFO - Loaded 26,654 samples from train split
2025-11-16 08:36:52,338 - src.data - INFO - Loading clip durations from clip_durations.tsv...
2025-11-16 08:36:52,461 - src.data - INFO - Merged durations for 26654 samples
2025-11-16 08:36:52,465 - src.data - INFO - Pre-filtered 0 samples by metadata duration (min: 0.2s, max: 30.0s). Final filtering after trim_silence happens in AudioPreprocessor.
2025-11-16 08:36:52,465 - src.data - INFO - After filtering: 26,654 samples remaining
2025-11-16 08:36:52,466 - src.data - INFO - Cached train split with 26654 samples
2025-11-16 08:36:53,034 - src.data - INFO - Extracted from Speech2Text config (CPU mode): max_source_positions=6000, max_target_positions=1024
2025-11-16 08:36:53,035 - src.data - INFO - Loading validation split from TSV file C:\Users\User\Documents\Progs\Projects\speech_to_text\data\cv-corpus-22.0-2025-06-20\ru\dev.tsv...
2025-11-16 08:36:53,069 - src.data - INFO - Loaded 10,243 samples from validation split
2025-11-16 08:36:53,070 - src.data - INFO - Loading clip durations from clip_durations.tsv...
2025-11-16 08:36:53,186 - src.data - INFO - Merged durations for 10243 samples
2025-11-16 08:36:53,188 - src.data - INFO - Pre-filtered 0 samples by metadata duration (min: 0.2s, max: 30.0s). Final filtering after trim_silence happens in AudioPreprocessor.
2025-11-16 08:36:53,188 - src.data - INFO - After filtering: 10,243 samples remaining
2025-11-16 08:36:53,188 - src.data - INFO - Cached validation split with 10243 samples
2025-11-16 08:36:53,681 - src.data - INFO - Extracted from Speech2Text config (CPU mode): max_source_positions=6000, max_target_positions=1024
2025-11-16 08:36:53,681 - src.utils - INFO - Train dataset size: 26654
2025-11-16 08:36:53,681 - src.utils - INFO - Validation dataset size: 10243
2025-11-16 08:36:53,682 - __main__ - INFO - Experiment directory: experiments\s2t-cross-lingual_train_4_decoder_3e-3
2025-11-16 08:36:53,682 - __main__ - INFO - Checkpoints directory: experiments\s2t-cross-lingual_train_4_decoder_3e-3\checkpoints
2025-11-16 08:36:53,683 - __main__ - INFO - Experiment path: experiments\baselines\s2t-cross-lingual
2025-11-16 08:36:53,683 - __main__ - INFO - Resume training: False
2025-11-16 08:36:53,954 - __main__ - INFO - Configuration saved to: experiments\s2t-cross-lingual_train_4_decoder_3e-3\config.yaml
2025-11-16 08:36:53,993 - src.config - INFO - ============================================================
2025-11-16 08:36:53,993 - src.config - INFO - CONFIGURATION
2025-11-16 08:36:53,993 - src.config - INFO - ============================================================
2025-11-16 08:36:53,993 - src.config - INFO - experiment:
2025-11-16 08:36:53,994 - src.config - INFO -   output_dir: experiments
2025-11-16 08:36:53,994 - src.config - INFO -   experiment_name: s2t-cross-lingual_train_4_decoder_3e-3
2025-11-16 08:36:53,994 - src.config - INFO -   seed: 42
2025-11-16 08:36:53,994 - src.config - INFO - data:
2025-11-16 08:36:53,994 - src.config - INFO -   language: ru
2025-11-16 08:36:53,994 - src.config - INFO -   task: transcribe
2025-11-16 08:36:53,995 - src.config - INFO -   train_split: train
2025-11-16 08:36:53,995 - src.config - INFO -   validation_split: dev
2025-11-16 08:36:53,995 - src.config - INFO -   test_split: test
2025-11-16 08:36:53,995 - src.config - INFO -   max_duration: 30.0
2025-11-16 08:36:53,995 - src.config - INFO -   min_duration: 0.2
2025-11-16 08:36:53,995 - src.config - INFO -   sample_rate: 16000
2025-11-16 08:36:53,996 - src.config - INFO -   data_dir: data
2025-11-16 08:36:53,996 - src.config - INFO -   dataset_path: cv-corpus-22.0-2025-06-20/ru
2025-11-16 08:36:53,996 - src.config - INFO -   num_workers: 4
2025-11-16 08:36:53,996 - src.config - INFO -   preprocessing_num_workers: 8
2025-11-16 08:36:53,996 - src.config - INFO -   normalize: true
2025-11-16 08:36:53,996 - src.config - INFO -   trim_silence: true
2025-11-16 08:36:53,996 - src.config - INFO -   silence_threshold: 0.01
2025-11-16 08:36:53,997 - src.config - INFO -   processing_and_augmentation_device: cpu
2025-11-16 08:36:53,997 - src.config - INFO -   filter_by_duration: true
2025-11-16 08:36:53,997 - src.config - INFO -   pin_memory: true
2025-11-16 08:36:53,997 - src.config - INFO -   max_source_positions: 6000
2025-11-16 08:36:53,997 - src.config - INFO -   max_target_positions: 1024
2025-11-16 08:36:53,997 - src.config - INFO -   augmentation:
2025-11-16 08:36:53,998 - src.config - INFO -     enabled: true
2025-11-16 08:36:53,998 - src.config - INFO -     add_noise: true
2025-11-16 08:36:53,998 - src.config - INFO -     noise_probability: 0.3
2025-11-16 08:36:53,998 - src.config - INFO -     noise_factor: 0.02
2025-11-16 08:36:53,998 - src.config - INFO -     speed_perturbation: true
2025-11-16 08:36:53,998 - src.config - INFO -     speed_probability: 0.3
2025-11-16 08:36:53,998 - src.config - INFO -     speed_factor_range:
2025-11-16 08:36:53,999 - src.config - INFO -     - 0.9
2025-11-16 08:36:53,999 - src.config - INFO -     - 1.1
2025-11-16 08:36:53,999 - src.config - INFO -     speed_num_steps: 3
2025-11-16 08:36:53,999 - src.config - INFO -     pitch_shift: true
2025-11-16 08:36:53,999 - src.config - INFO -     pitch_probability: 0.3
2025-11-16 08:36:53,999 - src.config - INFO -     pitch_shift_range:
2025-11-16 08:36:53,999 - src.config - INFO -     - -2
2025-11-16 08:36:54,000 - src.config - INFO -     - 2
2025-11-16 08:36:54,000 - src.config - INFO -     volume_perturbation: true
2025-11-16 08:36:54,000 - src.config - INFO -     volume_probability: 0.3
2025-11-16 08:36:54,000 - src.config - INFO -     volume_range_db:
2025-11-16 08:36:54,000 - src.config - INFO -     - -10
2025-11-16 08:36:54,000 - src.config - INFO -     - 10
2025-11-16 08:36:54,001 - src.config - INFO -     fade_inout: true
2025-11-16 08:36:54,001 - src.config - INFO -     fade_probability: 0.2
2025-11-16 08:36:54,001 - src.config - INFO -     fade_duration: 0.1
2025-11-16 08:36:54,001 - src.config - INFO -     spec_augment: true
2025-11-16 08:36:54,001 - src.config - INFO -     spec_augment_probability: 0.4
2025-11-16 08:36:54,001 - src.config - INFO -     time_mask_max_size: 20
2025-11-16 08:36:54,002 - src.config - INFO -     freq_mask_max_size: 30
2025-11-16 08:36:54,002 - src.config - INFO -     num_time_masks: 2
2025-11-16 08:36:54,002 - src.config - INFO -     num_freq_masks: 2
2025-11-16 08:36:54,002 - src.config - INFO -     time_stretch: true
2025-11-16 08:36:54,002 - src.config - INFO -     time_stretch_probability: 0.3
2025-11-16 08:36:54,002 - src.config - INFO -     time_stretch_range:
2025-11-16 08:36:54,003 - src.config - INFO -     - 0.95
2025-11-16 08:36:54,003 - src.config - INFO -     - 1.05
2025-11-16 08:36:54,003 - src.config - INFO -     reverb: true
2025-11-16 08:36:54,004 - src.config - INFO -     reverb_probability: 0.2
2025-11-16 08:36:54,004 - src.config - INFO -     reverb_time: 0.3
2025-11-16 08:36:54,004 - src.config - INFO -     reverb_decay_rate: 0.3
2025-11-16 08:36:54,004 - src.config - INFO -     reverb_impulse_amplitude: 0.1
2025-11-16 08:36:54,004 - src.config - INFO -     reverb_mix_level: 0.3
2025-11-16 08:36:54,005 - src.config - INFO - model:
2025-11-16 08:36:54,005 - src.config - INFO -   model_name: facebook/s2t-small-librispeech-asr
2025-11-16 08:36:54,006 - src.config - INFO -   model_type: speech2text
2025-11-16 08:36:54,006 - src.config - INFO -   tokenizer_name_or_path: facebook/s2t-medium-mustc-multilingual-st
2025-11-16 08:36:54,006 - src.config - INFO -   freeze_feature_encoder: true
2025-11-16 08:36:54,007 - src.config - INFO -   freeze_encoder: true
2025-11-16 08:36:54,007 - src.config - INFO -   freeze_decoder: true
2025-11-16 08:36:54,007 - src.config - INFO -   unfreeze_last_n_encoder_layers: 0
2025-11-16 08:36:54,007 - src.config - INFO -   unfreeze_last_n_decoder_layers: 4
2025-11-16 08:36:54,007 - src.config - INFO -   unfreeze_embed_tokens: true
2025-11-16 08:36:54,008 - src.config - INFO -   unfreeze_embed_positions_decoder: true
2025-11-16 08:36:54,008 - src.config - INFO -   unfreeze_lm_head: true
2025-11-16 08:36:54,008 - src.config - INFO -   unfreeze_layer_norm_decoder: true
2025-11-16 08:36:54,008 - src.config - INFO -   activation_dropout: 0.15
2025-11-16 08:36:54,009 - src.config - INFO -   attention_dropout: 0.15
2025-11-16 08:36:54,009 - src.config - INFO -   dropout: 0.15
2025-11-16 08:36:54,009 - src.config - INFO -   use_gpu: true
2025-11-16 08:36:54,009 - src.config - INFO -   compile_model: false
2025-11-16 08:36:54,009 - src.config - INFO -   hidden_size: 256
2025-11-16 08:36:54,010 - src.config - INFO -   num_attention_heads: 4
2025-11-16 08:36:54,010 - src.config - INFO -   num_hidden_layers: 4
2025-11-16 08:36:54,010 - src.config - INFO -   intermediate_size: 1024
2025-11-16 08:36:54,010 - src.config - INFO -   custom: null
2025-11-16 08:36:54,010 - src.config - INFO - training:
2025-11-16 08:36:54,010 - src.config - INFO -   num_train_epochs: 30
2025-11-16 08:36:54,011 - src.config - INFO -   train_batch_size: 64
2025-11-16 08:36:54,011 - src.config - INFO -   eval_batch_size: 128
2025-11-16 08:36:54,011 - src.config - INFO -   gradient_accumulation_steps: 2
2025-11-16 08:36:54,011 - src.config - INFO -   eval_accumulation_steps: null
2025-11-16 08:36:54,011 - src.config - INFO -   gradient_checkpointing: false
2025-11-16 08:36:54,011 - src.config - INFO -   max_grad_norm: 1.0
2025-11-16 08:36:54,011 - src.config - INFO -   learning_rate: 0.003
2025-11-16 08:36:54,011 - src.config - INFO -   weight_decay: 0.01
2025-11-16 08:36:54,011 - src.config - INFO -   scheduler_name: warmup_plateau_decay
2025-11-16 08:36:54,012 - src.config - INFO -   reduce_on_plateau:
2025-11-16 08:36:54,012 - src.config - INFO -     factor: 0.5
2025-11-16 08:36:54,012 - src.config - INFO -     patience: 2
2025-11-16 08:36:54,012 - src.config - INFO -     min_lr: 1.0e-07
2025-11-16 08:36:54,012 - src.config - INFO -     mode: min
2025-11-16 08:36:54,013 - src.config - INFO -     threshold: 0.0001
2025-11-16 08:36:54,013 - src.config - INFO -   cosine:
2025-11-16 08:36:54,013 - src.config - INFO -     T_max: 10
2025-11-16 08:36:54,013 - src.config - INFO -     eta_min: 1.0e-07
2025-11-16 08:36:54,013 - src.config - INFO -     last_epoch: -1
2025-11-16 08:36:54,013 - src.config - INFO -   onecycle:
2025-11-16 08:36:54,013 - src.config - INFO -     max_lr: 0.0005
2025-11-16 08:36:54,013 - src.config - INFO -     pct_start: 0.3
2025-11-16 08:36:54,014 - src.config - INFO -     anneal_strategy: cos
2025-11-16 08:36:54,014 - src.config - INFO -     div_factor: 25.0
2025-11-16 08:36:54,014 - src.config - INFO -     final_div_factor: 10000.0
2025-11-16 08:36:54,014 - src.config - INFO -   linear:
2025-11-16 08:36:54,014 - src.config - INFO -     warmup_ratio: 0.1
2025-11-16 08:36:54,014 - src.config - INFO -   warmup_plateau_decay:
2025-11-16 08:36:54,014 - src.config - INFO -     warmup_ratio: 0.1
2025-11-16 08:36:54,014 - src.config - INFO -     plateau_ratio: 0.4
2025-11-16 08:36:54,014 - src.config - INFO -   max_steps: null
2025-11-16 08:36:54,014 - src.config - INFO -   eval_steps: 500
2025-11-16 08:36:54,014 - src.config - INFO -   save_steps: 1000
2025-11-16 08:36:54,015 - src.config - INFO -   logging_steps: 100
2025-11-16 08:36:54,015 - src.config - INFO -   load_best_model_at_end: true
2025-11-16 08:36:54,015 - src.config - INFO -   metric_for_best_model: eval_wer
2025-11-16 08:36:54,015 - src.config - INFO -   greater_is_better: false
2025-11-16 08:36:54,015 - src.config - INFO -   save_total_limit: 3
2025-11-16 08:36:54,015 - src.config - INFO -   fp16: true
2025-11-16 08:36:54,015 - src.config - INFO -   num_workers: 8
2025-11-16 08:36:54,015 - src.config - INFO -   remove_unused_columns: true
2025-11-16 08:36:54,016 - src.config - INFO -   use_cpu_offload: false
2025-11-16 08:36:54,016 - src.config - INFO -   use_early_stopping: true
2025-11-16 08:36:54,016 - src.config - INFO -   early_stopping_patience: 3
2025-11-16 08:36:54,017 - src.config - INFO -   early_stopping_threshold: 0.01
2025-11-16 08:36:54,017 - src.config - INFO - evaluation:
2025-11-16 08:36:54,017 - src.config - INFO -   batch_size: 128
2025-11-16 08:36:54,017 - src.config - INFO -   num_workers: 8
2025-11-16 08:36:54,017 - src.config - INFO -   compute_metrics: true
2025-11-16 08:36:54,017 - src.config - INFO -   prediction_loss_only: false
2025-11-16 08:36:54,018 - src.config - INFO -   eval_on_start: false
2025-11-16 08:36:54,018 - src.config - INFO -   eval_accumulation_steps: null
2025-11-16 08:36:54,018 - src.config - INFO -   calculate_wer: true
2025-11-16 08:36:54,018 - src.config - INFO -   calculate_cer: true
2025-11-16 08:36:54,018 - src.config - INFO -   calculate_bleu: true
2025-11-16 08:36:54,018 - src.config - INFO -   num_beams: 1
2025-11-16 08:36:54,019 - src.config - INFO -   max_length: 448
2025-11-16 08:36:54,019 - src.config - INFO -   language: ru
2025-11-16 08:36:54,019 - src.config - INFO -   task: transcribe
2025-11-16 08:36:54,019 - src.config - INFO -   repetition_penalty: 1.2
2025-11-16 08:36:54,019 - src.config - INFO -   no_repeat_ngram_size: 3
2025-11-16 08:36:54,019 - src.config - INFO - logging:
2025-11-16 08:36:54,019 - src.config - INFO -   use_wandb: false
2025-11-16 08:36:54,019 - src.config - INFO -   wandb_project: speech-to-text-ru
2025-11-16 08:36:54,020 - src.config - INFO -   wandb_entity: null
2025-11-16 08:36:54,020 - src.config - INFO -   log_level: INFO
2025-11-16 08:36:54,020 - src.config - INFO -   report_to:
2025-11-16 08:36:54,020 - src.config - INFO -   - tensorboard
2025-11-16 08:36:54,020 - src.config - INFO -   - wandb
2025-11-16 08:36:54,022 - src.config - INFO - project_name: speech-to-text-ru
2025-11-16 08:36:54,022 - src.config - INFO - description: Speech2Text Cross-Lingual (English model + Multilingual tokenizer) for
2025-11-16 08:36:54,022 - src.config - INFO -   Russian
2025-11-16 08:36:54,022 - src.config - INFO - version: 0.1.0
2025-11-16 08:36:54,023 - src.config - INFO - ============================================================
2025-11-16 08:36:54,023 - src.utils - INFO - Using GPU: NVIDIA GeForce RTX 4070 Ti
2025-11-16 08:36:54,023 - src.utils - INFO - GPU Memory: 11.99 GB
2025-11-16 08:36:54,025 - src.utils - INFO - Model parameters: 29,536,256 total, 8,875,520 trainable
2025-11-16 08:36:54,025 - src.data - INFO - Initialized AudioCollator with device: cpu, model_type: speech2text, labels padding: -100, transpose_features: True
2025-11-16 08:36:54,026 - src.utils - INFO - Training batches per epoch: 417
2025-11-16 08:36:54,026 - src.utils - INFO - Validation batches: 81
2025-11-16 08:36:54,026 - src.utils - INFO - Total training steps: 12510
2025-11-16 08:36:54,026 - __main__ - INFO - Creating warmup_plateau_decay scheduler with total_steps=12510
2025-11-16 08:36:54,026 - __main__ - INFO - No scheduler_state.pt found - using fresh scheduler
2025-11-16 08:36:54,026 - src.utils - INFO - Using optimizer: AdamW (lr=0.003)
2025-11-16 08:36:54,027 - src.utils - INFO - Using scheduler: warmup_plateau_decay
2025-11-16 08:36:54,027 - src.utils - INFO - Starting from epoch 0, global_step 0
2025-11-16 08:36:54,027 - src.utils - INFO - ============================================================
2025-11-16 08:36:54,027 - src.utils - INFO - Starting training...
2025-11-16 08:36:54,027 - src.utils - INFO - ============================================================
2025-11-16 08:36:54,027 - src.utils - INFO - 
Epoch 0/29
2025-11-16 08:38:58,580 - src.utils - INFO - Epoch 0 - Average training loss: 6.1349
2025-11-16 08:38:58,580 - src.utils - INFO - Running validation...
2025-11-16 08:41:14,396 - src.utils - INFO - Computing validation metrics...
2025-11-16 08:41:21,720 - src.metrics - WARNING - Found 2/10243 empty predictions after normalization
2025-11-16 08:41:24,653 - src.utils - INFO - Validation - Epoch 0 - WER: 1.0754, CER: 0.7671
2025-11-16 08:41:24,654 - src.utils - INFO - Current LR: 1.00e-03
2025-11-16 08:41:24,654 - src.utils - INFO - New best WER: 1.0754
2025-11-16 08:41:24,654 - src.models - INFO - CUDA optimizations enabled (cudnn.benchmark=True)
2025-11-16 08:41:24,654 - src.models - INFO - ModelManager initialized
2025-11-16 08:41:24,813 - src.models - INFO - Model weights saved to experiments\s2t-cross-lingual_train_4_decoder_3e-3\checkpoints\epoch_0\model_weights.pt
2025-11-16 08:41:24,813 - src.models - INFO - Detected weight tying: decoder.embed_tokens shares weights with output projection
2025-11-16 08:41:24,816 - src.models - INFO - Model metadata saved to experiments\s2t-cross-lingual_train_4_decoder_3e-3\checkpoints\epoch_0\model_metadata.json
2025-11-16 08:41:24,816 - src.models - INFO - Checkpoint saved to experiments\s2t-cross-lingual_train_4_decoder_3e-3\checkpoints\epoch_0
2025-11-16 08:41:24,816 - src.utils - INFO - Model checkpoint saved: experiments\s2t-cross-lingual_train_4_decoder_3e-3\checkpoints\epoch_0
2025-11-16 08:41:24,898 - src.utils - INFO - Optimizer state saved: experiments\s2t-cross-lingual_train_4_decoder_3e-3\checkpoints\epoch_0\optimizer_state.pt
2025-11-16 08:41:25,010 - src.utils - INFO - Scheduler state saved: experiments\s2t-cross-lingual_train_4_decoder_3e-3\checkpoints\epoch_0\scheduler_state.pt
2025-11-16 08:41:25,011 - src.utils - INFO - Experiment metadata saved: experiments\s2t-cross-lingual_train_4_decoder_3e-3\checkpoints\epoch_0\experiment_metadata.json
2025-11-16 08:41:25,061 - src.utils - INFO - Config saved to: experiments\s2t-cross-lingual_train_4_decoder_3e-3\checkpoints\epoch_0\config.yaml
2025-11-16 08:41:25,062 - src.utils - INFO - Metrics saved to: experiments\s2t-cross-lingual_train_4_decoder_3e-3\checkpoints\epoch_0\metrics.json
2025-11-16 08:41:25,208 - src.utils - INFO - Best checkpoint also saved to: experiments\s2t-cross-lingual_train_4_decoder_3e-3\best_checkpoint
2025-11-16 08:41:25,209 - src.utils - INFO - 
Epoch 1/29
2025-11-16 08:43:05,136 - src.utils - INFO - Epoch 1 - Average training loss: 3.4769
2025-11-16 08:43:05,137 - src.utils - INFO - Running validation...
2025-11-16 08:45:14,047 - src.utils - INFO - Computing validation metrics...
2025-11-16 08:45:23,573 - src.utils - INFO - Validation - Epoch 1 - WER: 0.7699, CER: 0.3572
2025-11-16 08:45:23,574 - src.utils - INFO - Current LR: 2.00e-03
2025-11-16 08:45:23,575 - src.utils - INFO - New best WER: 0.7699
2025-11-16 08:45:23,575 - src.models - INFO - CUDA optimizations enabled (cudnn.benchmark=True)
2025-11-16 08:45:23,575 - src.models - INFO - ModelManager initialized
2025-11-16 08:45:23,724 - src.models - INFO - Model weights saved to experiments\s2t-cross-lingual_train_4_decoder_3e-3\checkpoints\epoch_1\model_weights.pt
2025-11-16 08:45:23,725 - src.models - INFO - Detected weight tying: decoder.embed_tokens shares weights with output projection
2025-11-16 08:45:23,727 - src.models - INFO - Model metadata saved to experiments\s2t-cross-lingual_train_4_decoder_3e-3\checkpoints\epoch_1\model_metadata.json
2025-11-16 08:45:23,727 - src.models - INFO - Checkpoint saved to experiments\s2t-cross-lingual_train_4_decoder_3e-3\checkpoints\epoch_1
2025-11-16 08:45:23,728 - src.utils - INFO - Model checkpoint saved: experiments\s2t-cross-lingual_train_4_decoder_3e-3\checkpoints\epoch_1
2025-11-16 08:45:23,812 - src.utils - INFO - Optimizer state saved: experiments\s2t-cross-lingual_train_4_decoder_3e-3\checkpoints\epoch_1\optimizer_state.pt
2025-11-16 08:45:23,814 - src.utils - INFO - Scheduler state saved: experiments\s2t-cross-lingual_train_4_decoder_3e-3\checkpoints\epoch_1\scheduler_state.pt
2025-11-16 08:45:23,815 - src.utils - INFO - Experiment metadata saved: experiments\s2t-cross-lingual_train_4_decoder_3e-3\checkpoints\epoch_1\experiment_metadata.json
2025-11-16 08:45:23,843 - src.utils - INFO - Config saved to: experiments\s2t-cross-lingual_train_4_decoder_3e-3\checkpoints\epoch_1\config.yaml
2025-11-16 08:45:23,843 - src.utils - INFO - Metrics saved to: experiments\s2t-cross-lingual_train_4_decoder_3e-3\checkpoints\epoch_1\metrics.json
2025-11-16 08:45:23,984 - src.utils - INFO - Best checkpoint also saved to: experiments\s2t-cross-lingual_train_4_decoder_3e-3\best_checkpoint
2025-11-16 08:45:23,984 - src.utils - INFO - 
Epoch 2/29
2025-11-16 08:47:03,818 - src.utils - INFO - Epoch 2 - Average training loss: 2.4998
2025-11-16 08:47:03,819 - src.utils - INFO - Running validation...
2025-11-16 08:49:15,182 - src.utils - INFO - Computing validation metrics...
2025-11-16 08:49:24,223 - src.utils - INFO - Validation - Epoch 2 - WER: 0.7088, CER: 0.3063
2025-11-16 08:49:24,224 - src.utils - INFO - Current LR: 3.00e-03
2025-11-16 08:49:24,225 - src.utils - INFO - New best WER: 0.7088
2025-11-16 08:49:24,225 - src.models - INFO - CUDA optimizations enabled (cudnn.benchmark=True)
2025-11-16 08:49:24,225 - src.models - INFO - ModelManager initialized
2025-11-16 08:49:24,373 - src.models - INFO - Model weights saved to experiments\s2t-cross-lingual_train_4_decoder_3e-3\checkpoints\epoch_2\model_weights.pt
2025-11-16 08:49:24,373 - src.models - INFO - Detected weight tying: decoder.embed_tokens shares weights with output projection
2025-11-16 08:49:24,376 - src.models - INFO - Model metadata saved to experiments\s2t-cross-lingual_train_4_decoder_3e-3\checkpoints\epoch_2\model_metadata.json
2025-11-16 08:49:24,376 - src.models - INFO - Checkpoint saved to experiments\s2t-cross-lingual_train_4_decoder_3e-3\checkpoints\epoch_2
2025-11-16 08:49:24,376 - src.utils - INFO - Model checkpoint saved: experiments\s2t-cross-lingual_train_4_decoder_3e-3\checkpoints\epoch_2
2025-11-16 08:49:24,459 - src.utils - INFO - Optimizer state saved: experiments\s2t-cross-lingual_train_4_decoder_3e-3\checkpoints\epoch_2\optimizer_state.pt
2025-11-16 08:49:24,461 - src.utils - INFO - Scheduler state saved: experiments\s2t-cross-lingual_train_4_decoder_3e-3\checkpoints\epoch_2\scheduler_state.pt
2025-11-16 08:49:24,463 - src.utils - INFO - Experiment metadata saved: experiments\s2t-cross-lingual_train_4_decoder_3e-3\checkpoints\epoch_2\experiment_metadata.json
2025-11-16 08:49:24,488 - src.utils - INFO - Config saved to: experiments\s2t-cross-lingual_train_4_decoder_3e-3\checkpoints\epoch_2\config.yaml
2025-11-16 08:49:24,489 - src.utils - INFO - Metrics saved to: experiments\s2t-cross-lingual_train_4_decoder_3e-3\checkpoints\epoch_2\metrics.json
2025-11-16 08:49:24,612 - src.utils - INFO - Best checkpoint also saved to: experiments\s2t-cross-lingual_train_4_decoder_3e-3\best_checkpoint
2025-11-16 08:49:24,613 - src.utils - INFO - 
Epoch 3/29
2025-11-16 08:51:04,008 - src.utils - INFO - Epoch 3 - Average training loss: 2.2119
2025-11-16 08:51:04,009 - src.utils - INFO - Running validation...
2025-11-16 08:53:18,306 - src.utils - INFO - Computing validation metrics...
2025-11-16 08:53:27,506 - src.utils - INFO - Validation - Epoch 3 - WER: 0.6645, CER: 0.2775
2025-11-16 08:53:27,507 - src.utils - INFO - Current LR: 3.00e-03
2025-11-16 08:53:27,508 - src.utils - INFO - New best WER: 0.6645
2025-11-16 08:53:27,508 - src.models - INFO - CUDA optimizations enabled (cudnn.benchmark=True)
2025-11-16 08:53:27,508 - src.models - INFO - ModelManager initialized
2025-11-16 08:53:27,638 - src.models - INFO - Model weights saved to experiments\s2t-cross-lingual_train_4_decoder_3e-3\checkpoints\epoch_3\model_weights.pt
2025-11-16 08:53:27,639 - src.models - INFO - Detected weight tying: decoder.embed_tokens shares weights with output projection
2025-11-16 08:53:27,641 - src.models - INFO - Model metadata saved to experiments\s2t-cross-lingual_train_4_decoder_3e-3\checkpoints\epoch_3\model_metadata.json
2025-11-16 08:53:27,641 - src.models - INFO - Checkpoint saved to experiments\s2t-cross-lingual_train_4_decoder_3e-3\checkpoints\epoch_3
2025-11-16 08:53:27,641 - src.utils - INFO - Model checkpoint saved: experiments\s2t-cross-lingual_train_4_decoder_3e-3\checkpoints\epoch_3
2025-11-16 08:53:27,724 - src.utils - INFO - Optimizer state saved: experiments\s2t-cross-lingual_train_4_decoder_3e-3\checkpoints\epoch_3\optimizer_state.pt
2025-11-16 08:53:27,726 - src.utils - INFO - Scheduler state saved: experiments\s2t-cross-lingual_train_4_decoder_3e-3\checkpoints\epoch_3\scheduler_state.pt
2025-11-16 08:53:27,727 - src.utils - INFO - Experiment metadata saved: experiments\s2t-cross-lingual_train_4_decoder_3e-3\checkpoints\epoch_3\experiment_metadata.json
2025-11-16 08:53:27,753 - src.utils - INFO - Config saved to: experiments\s2t-cross-lingual_train_4_decoder_3e-3\checkpoints\epoch_3\config.yaml
2025-11-16 08:53:27,753 - src.utils - INFO - Metrics saved to: experiments\s2t-cross-lingual_train_4_decoder_3e-3\checkpoints\epoch_3\metrics.json
2025-11-16 08:53:27,879 - src.utils - INFO - Best checkpoint also saved to: experiments\s2t-cross-lingual_train_4_decoder_3e-3\best_checkpoint
2025-11-16 08:53:27,891 - src.utils - INFO - Removed old checkpoint: experiments\s2t-cross-lingual_train_4_decoder_3e-3\checkpoints\epoch_0
2025-11-16 08:53:27,891 - src.utils - INFO - 
Epoch 4/29
2025-11-16 08:55:06,854 - src.utils - INFO - Epoch 4 - Average training loss: 2.0010
2025-11-16 08:55:06,854 - src.utils - INFO - Running validation...
2025-11-16 08:57:17,379 - src.utils - INFO - Computing validation metrics...
2025-11-16 08:57:25,190 - src.metrics - WARNING - Found 1/10243 empty predictions after normalization
2025-11-16 08:57:27,090 - src.utils - INFO - Validation - Epoch 4 - WER: 0.6250, CER: 0.2592
2025-11-16 08:57:27,091 - src.utils - INFO - Current LR: 3.00e-03
2025-11-16 08:57:27,091 - src.utils - INFO - New best WER: 0.6250
2025-11-16 08:57:27,092 - src.models - INFO - CUDA optimizations enabled (cudnn.benchmark=True)
2025-11-16 08:57:27,092 - src.models - INFO - ModelManager initialized
2025-11-16 08:57:27,227 - src.models - INFO - Model weights saved to experiments\s2t-cross-lingual_train_4_decoder_3e-3\checkpoints\epoch_4\model_weights.pt
2025-11-16 08:57:27,227 - src.models - INFO - Detected weight tying: decoder.embed_tokens shares weights with output projection
2025-11-16 08:57:27,230 - src.models - INFO - Model metadata saved to experiments\s2t-cross-lingual_train_4_decoder_3e-3\checkpoints\epoch_4\model_metadata.json
2025-11-16 08:57:27,230 - src.models - INFO - Checkpoint saved to experiments\s2t-cross-lingual_train_4_decoder_3e-3\checkpoints\epoch_4
2025-11-16 08:57:27,230 - src.utils - INFO - Model checkpoint saved: experiments\s2t-cross-lingual_train_4_decoder_3e-3\checkpoints\epoch_4
2025-11-16 08:57:27,316 - src.utils - INFO - Optimizer state saved: experiments\s2t-cross-lingual_train_4_decoder_3e-3\checkpoints\epoch_4\optimizer_state.pt
2025-11-16 08:57:27,317 - src.utils - INFO - Scheduler state saved: experiments\s2t-cross-lingual_train_4_decoder_3e-3\checkpoints\epoch_4\scheduler_state.pt
2025-11-16 08:57:27,318 - src.utils - INFO - Experiment metadata saved: experiments\s2t-cross-lingual_train_4_decoder_3e-3\checkpoints\epoch_4\experiment_metadata.json
2025-11-16 08:57:27,343 - src.utils - INFO - Config saved to: experiments\s2t-cross-lingual_train_4_decoder_3e-3\checkpoints\epoch_4\config.yaml
2025-11-16 08:57:27,344 - src.utils - INFO - Metrics saved to: experiments\s2t-cross-lingual_train_4_decoder_3e-3\checkpoints\epoch_4\metrics.json
2025-11-16 08:57:27,465 - src.utils - INFO - Best checkpoint also saved to: experiments\s2t-cross-lingual_train_4_decoder_3e-3\best_checkpoint
2025-11-16 08:57:27,476 - src.utils - INFO - Removed old checkpoint: experiments\s2t-cross-lingual_train_4_decoder_3e-3\checkpoints\epoch_1
2025-11-16 08:57:27,477 - src.utils - INFO - 
Epoch 5/29
2025-11-16 08:59:07,141 - src.utils - INFO - Epoch 5 - Average training loss: 1.8791
2025-11-16 08:59:07,141 - src.utils - INFO - Running validation...
2025-11-16 09:01:18,283 - src.utils - INFO - Computing validation metrics...
2025-11-16 09:01:25,968 - src.metrics - WARNING - Found 1/10243 empty predictions after normalization
2025-11-16 09:01:27,864 - src.utils - INFO - Validation - Epoch 5 - WER: 0.6186, CER: 0.2470
2025-11-16 09:01:27,866 - src.utils - INFO - Current LR: 3.00e-03
2025-11-16 09:01:27,866 - src.utils - INFO - New best WER: 0.6186
2025-11-16 09:01:27,866 - src.models - INFO - CUDA optimizations enabled (cudnn.benchmark=True)
2025-11-16 09:01:27,866 - src.models - INFO - ModelManager initialized
2025-11-16 09:01:28,002 - src.models - INFO - Model weights saved to experiments\s2t-cross-lingual_train_4_decoder_3e-3\checkpoints\epoch_5\model_weights.pt
2025-11-16 09:01:28,002 - src.models - INFO - Detected weight tying: decoder.embed_tokens shares weights with output projection
2025-11-16 09:01:28,005 - src.models - INFO - Model metadata saved to experiments\s2t-cross-lingual_train_4_decoder_3e-3\checkpoints\epoch_5\model_metadata.json
2025-11-16 09:01:28,005 - src.models - INFO - Checkpoint saved to experiments\s2t-cross-lingual_train_4_decoder_3e-3\checkpoints\epoch_5
2025-11-16 09:01:28,005 - src.utils - INFO - Model checkpoint saved: experiments\s2t-cross-lingual_train_4_decoder_3e-3\checkpoints\epoch_5
2025-11-16 09:01:28,089 - src.utils - INFO - Optimizer state saved: experiments\s2t-cross-lingual_train_4_decoder_3e-3\checkpoints\epoch_5\optimizer_state.pt
2025-11-16 09:01:28,090 - src.utils - INFO - Scheduler state saved: experiments\s2t-cross-lingual_train_4_decoder_3e-3\checkpoints\epoch_5\scheduler_state.pt
2025-11-16 09:01:28,090 - src.utils - INFO - Experiment metadata saved: experiments\s2t-cross-lingual_train_4_decoder_3e-3\checkpoints\epoch_5\experiment_metadata.json
2025-11-16 09:01:28,115 - src.utils - INFO - Config saved to: experiments\s2t-cross-lingual_train_4_decoder_3e-3\checkpoints\epoch_5\config.yaml
2025-11-16 09:01:28,116 - src.utils - INFO - Metrics saved to: experiments\s2t-cross-lingual_train_4_decoder_3e-3\checkpoints\epoch_5\metrics.json
2025-11-16 09:01:28,238 - src.utils - INFO - Best checkpoint also saved to: experiments\s2t-cross-lingual_train_4_decoder_3e-3\best_checkpoint
2025-11-16 09:01:28,249 - src.utils - INFO - Removed old checkpoint: experiments\s2t-cross-lingual_train_4_decoder_3e-3\checkpoints\epoch_2
2025-11-16 09:01:28,249 - src.utils - INFO - 
Epoch 6/29
2025-11-16 09:03:07,058 - src.utils - INFO - Epoch 6 - Average training loss: 1.7806
2025-11-16 09:03:07,059 - src.utils - INFO - Running validation...
2025-11-16 09:05:19,016 - src.utils - INFO - Computing validation metrics...
2025-11-16 09:05:27,828 - src.utils - INFO - Validation - Epoch 6 - WER: 0.5870, CER: 0.2389
2025-11-16 09:05:27,829 - src.utils - INFO - Current LR: 3.00e-03
2025-11-16 09:05:27,829 - src.utils - INFO - New best WER: 0.5870
2025-11-16 09:05:27,829 - src.models - INFO - CUDA optimizations enabled (cudnn.benchmark=True)
2025-11-16 09:05:27,829 - src.models - INFO - ModelManager initialized
2025-11-16 09:05:27,968 - src.models - INFO - Model weights saved to experiments\s2t-cross-lingual_train_4_decoder_3e-3\checkpoints\epoch_6\model_weights.pt
2025-11-16 09:05:27,968 - src.models - INFO - Detected weight tying: decoder.embed_tokens shares weights with output projection
2025-11-16 09:05:27,971 - src.models - INFO - Model metadata saved to experiments\s2t-cross-lingual_train_4_decoder_3e-3\checkpoints\epoch_6\model_metadata.json
2025-11-16 09:05:27,971 - src.models - INFO - Checkpoint saved to experiments\s2t-cross-lingual_train_4_decoder_3e-3\checkpoints\epoch_6
2025-11-16 09:05:27,971 - src.utils - INFO - Model checkpoint saved: experiments\s2t-cross-lingual_train_4_decoder_3e-3\checkpoints\epoch_6
2025-11-16 09:05:28,054 - src.utils - INFO - Optimizer state saved: experiments\s2t-cross-lingual_train_4_decoder_3e-3\checkpoints\epoch_6\optimizer_state.pt
2025-11-16 09:05:28,056 - src.utils - INFO - Scheduler state saved: experiments\s2t-cross-lingual_train_4_decoder_3e-3\checkpoints\epoch_6\scheduler_state.pt
2025-11-16 09:05:28,056 - src.utils - INFO - Experiment metadata saved: experiments\s2t-cross-lingual_train_4_decoder_3e-3\checkpoints\epoch_6\experiment_metadata.json
2025-11-16 09:05:28,081 - src.utils - INFO - Config saved to: experiments\s2t-cross-lingual_train_4_decoder_3e-3\checkpoints\epoch_6\config.yaml
2025-11-16 09:05:28,082 - src.utils - INFO - Metrics saved to: experiments\s2t-cross-lingual_train_4_decoder_3e-3\checkpoints\epoch_6\metrics.json
2025-11-16 09:05:28,203 - src.utils - INFO - Best checkpoint also saved to: experiments\s2t-cross-lingual_train_4_decoder_3e-3\best_checkpoint
2025-11-16 09:05:28,216 - src.utils - INFO - Removed old checkpoint: experiments\s2t-cross-lingual_train_4_decoder_3e-3\checkpoints\epoch_3
2025-11-16 09:05:28,217 - src.utils - INFO - 
Epoch 7/29
2025-11-16 09:07:06,967 - src.utils - INFO - Epoch 7 - Average training loss: 1.7051
2025-11-16 09:07:06,967 - src.utils - INFO - Running validation...
2025-11-16 09:09:19,725 - src.utils - INFO - Computing validation metrics...
2025-11-16 09:09:29,494 - src.utils - INFO - Validation - Epoch 7 - WER: 0.5770, CER: 0.2296
2025-11-16 09:09:29,495 - src.utils - INFO - Current LR: 3.00e-03
2025-11-16 09:09:29,495 - src.utils - INFO - New best WER: 0.5770
2025-11-16 09:09:29,496 - src.models - INFO - CUDA optimizations enabled (cudnn.benchmark=True)
2025-11-16 09:09:29,496 - src.models - INFO - ModelManager initialized
2025-11-16 09:09:29,634 - src.models - INFO - Model weights saved to experiments\s2t-cross-lingual_train_4_decoder_3e-3\checkpoints\epoch_7\model_weights.pt
2025-11-16 09:09:29,634 - src.models - INFO - Detected weight tying: decoder.embed_tokens shares weights with output projection
2025-11-16 09:09:29,637 - src.models - INFO - Model metadata saved to experiments\s2t-cross-lingual_train_4_decoder_3e-3\checkpoints\epoch_7\model_metadata.json
2025-11-16 09:09:29,637 - src.models - INFO - Checkpoint saved to experiments\s2t-cross-lingual_train_4_decoder_3e-3\checkpoints\epoch_7
2025-11-16 09:09:29,637 - src.utils - INFO - Model checkpoint saved: experiments\s2t-cross-lingual_train_4_decoder_3e-3\checkpoints\epoch_7
2025-11-16 09:09:29,719 - src.utils - INFO - Optimizer state saved: experiments\s2t-cross-lingual_train_4_decoder_3e-3\checkpoints\epoch_7\optimizer_state.pt
2025-11-16 09:09:29,720 - src.utils - INFO - Scheduler state saved: experiments\s2t-cross-lingual_train_4_decoder_3e-3\checkpoints\epoch_7\scheduler_state.pt
2025-11-16 09:09:29,720 - src.utils - INFO - Experiment metadata saved: experiments\s2t-cross-lingual_train_4_decoder_3e-3\checkpoints\epoch_7\experiment_metadata.json
2025-11-16 09:09:29,749 - src.utils - INFO - Config saved to: experiments\s2t-cross-lingual_train_4_decoder_3e-3\checkpoints\epoch_7\config.yaml
2025-11-16 09:09:29,750 - src.utils - INFO - Metrics saved to: experiments\s2t-cross-lingual_train_4_decoder_3e-3\checkpoints\epoch_7\metrics.json
2025-11-16 09:09:29,938 - src.utils - INFO - Best checkpoint also saved to: experiments\s2t-cross-lingual_train_4_decoder_3e-3\best_checkpoint
2025-11-16 09:09:29,953 - src.utils - INFO - Removed old checkpoint: experiments\s2t-cross-lingual_train_4_decoder_3e-3\checkpoints\epoch_4
2025-11-16 09:09:29,953 - src.utils - INFO - 
Epoch 8/29
2025-11-16 09:11:08,913 - src.utils - INFO - Epoch 8 - Average training loss: 1.6437
2025-11-16 09:11:08,914 - src.utils - INFO - Running validation...
2025-11-16 09:13:20,458 - src.utils - INFO - Computing validation metrics...
2025-11-16 09:13:30,161 - src.utils - INFO - Validation - Epoch 8 - WER: 0.5666, CER: 0.2278
2025-11-16 09:13:30,162 - src.utils - INFO - Current LR: 3.00e-03
2025-11-16 09:13:30,163 - src.utils - INFO - New best WER: 0.5666
2025-11-16 09:13:30,163 - src.models - INFO - CUDA optimizations enabled (cudnn.benchmark=True)
2025-11-16 09:13:30,163 - src.models - INFO - ModelManager initialized
2025-11-16 09:13:30,350 - src.models - INFO - Model weights saved to experiments\s2t-cross-lingual_train_4_decoder_3e-3\checkpoints\epoch_8\model_weights.pt
2025-11-16 09:13:30,351 - src.models - INFO - Detected weight tying: decoder.embed_tokens shares weights with output projection
2025-11-16 09:13:30,353 - src.models - INFO - Model metadata saved to experiments\s2t-cross-lingual_train_4_decoder_3e-3\checkpoints\epoch_8\model_metadata.json
2025-11-16 09:13:30,353 - src.models - INFO - Checkpoint saved to experiments\s2t-cross-lingual_train_4_decoder_3e-3\checkpoints\epoch_8
2025-11-16 09:13:30,354 - src.utils - INFO - Model checkpoint saved: experiments\s2t-cross-lingual_train_4_decoder_3e-3\checkpoints\epoch_8
2025-11-16 09:13:30,446 - src.utils - INFO - Optimizer state saved: experiments\s2t-cross-lingual_train_4_decoder_3e-3\checkpoints\epoch_8\optimizer_state.pt
2025-11-16 09:13:30,447 - src.utils - INFO - Scheduler state saved: experiments\s2t-cross-lingual_train_4_decoder_3e-3\checkpoints\epoch_8\scheduler_state.pt
2025-11-16 09:13:30,447 - src.utils - INFO - Experiment metadata saved: experiments\s2t-cross-lingual_train_4_decoder_3e-3\checkpoints\epoch_8\experiment_metadata.json
2025-11-16 09:13:30,472 - src.utils - INFO - Config saved to: experiments\s2t-cross-lingual_train_4_decoder_3e-3\checkpoints\epoch_8\config.yaml
2025-11-16 09:13:30,473 - src.utils - INFO - Metrics saved to: experiments\s2t-cross-lingual_train_4_decoder_3e-3\checkpoints\epoch_8\metrics.json
2025-11-16 09:13:30,594 - src.utils - INFO - Best checkpoint also saved to: experiments\s2t-cross-lingual_train_4_decoder_3e-3\best_checkpoint
2025-11-16 09:13:30,605 - src.utils - INFO - Removed old checkpoint: experiments\s2t-cross-lingual_train_4_decoder_3e-3\checkpoints\epoch_5
2025-11-16 09:13:30,605 - src.utils - INFO - 
Epoch 9/29
2025-11-16 09:15:08,522 - src.utils - INFO - Epoch 9 - Average training loss: 1.5931
2025-11-16 09:15:08,523 - src.utils - INFO - Running validation...
2025-11-16 09:17:19,331 - src.utils - INFO - Computing validation metrics...
2025-11-16 09:17:28,558 - src.utils - INFO - Validation - Epoch 9 - WER: 0.5598, CER: 0.2292
2025-11-16 09:17:28,560 - src.utils - INFO - Current LR: 3.00e-03
2025-11-16 09:17:28,560 - src.utils - INFO - New best WER: 0.5598
2025-11-16 09:17:28,560 - src.models - INFO - CUDA optimizations enabled (cudnn.benchmark=True)
2025-11-16 09:17:28,560 - src.models - INFO - ModelManager initialized
2025-11-16 09:17:28,710 - src.models - INFO - Model weights saved to experiments\s2t-cross-lingual_train_4_decoder_3e-3\checkpoints\epoch_9\model_weights.pt
2025-11-16 09:17:28,711 - src.models - INFO - Detected weight tying: decoder.embed_tokens shares weights with output projection
2025-11-16 09:17:28,713 - src.models - INFO - Model metadata saved to experiments\s2t-cross-lingual_train_4_decoder_3e-3\checkpoints\epoch_9\model_metadata.json
2025-11-16 09:17:28,713 - src.models - INFO - Checkpoint saved to experiments\s2t-cross-lingual_train_4_decoder_3e-3\checkpoints\epoch_9
2025-11-16 09:17:28,714 - src.utils - INFO - Model checkpoint saved: experiments\s2t-cross-lingual_train_4_decoder_3e-3\checkpoints\epoch_9
2025-11-16 09:17:28,797 - src.utils - INFO - Optimizer state saved: experiments\s2t-cross-lingual_train_4_decoder_3e-3\checkpoints\epoch_9\optimizer_state.pt
2025-11-16 09:17:28,798 - src.utils - INFO - Scheduler state saved: experiments\s2t-cross-lingual_train_4_decoder_3e-3\checkpoints\epoch_9\scheduler_state.pt
2025-11-16 09:17:28,799 - src.utils - INFO - Experiment metadata saved: experiments\s2t-cross-lingual_train_4_decoder_3e-3\checkpoints\epoch_9\experiment_metadata.json
2025-11-16 09:17:28,824 - src.utils - INFO - Config saved to: experiments\s2t-cross-lingual_train_4_decoder_3e-3\checkpoints\epoch_9\config.yaml
2025-11-16 09:17:28,824 - src.utils - INFO - Metrics saved to: experiments\s2t-cross-lingual_train_4_decoder_3e-3\checkpoints\epoch_9\metrics.json
2025-11-16 09:17:28,947 - src.utils - INFO - Best checkpoint also saved to: experiments\s2t-cross-lingual_train_4_decoder_3e-3\best_checkpoint
2025-11-16 09:17:28,959 - src.utils - INFO - Removed old checkpoint: experiments\s2t-cross-lingual_train_4_decoder_3e-3\checkpoints\epoch_6
2025-11-16 09:17:28,960 - src.utils - INFO - 
Epoch 10/29
2025-11-16 09:19:07,082 - src.utils - INFO - Epoch 10 - Average training loss: 1.5430
2025-11-16 09:19:07,082 - src.utils - INFO - Running validation...
2025-11-16 09:21:19,340 - src.utils - INFO - Computing validation metrics...
2025-11-16 09:21:28,590 - src.utils - INFO - Validation - Epoch 10 - WER: 0.5489, CER: 0.2174
2025-11-16 09:21:28,591 - src.utils - INFO - Current LR: 3.00e-03
2025-11-16 09:21:28,591 - src.utils - INFO - New best WER: 0.5489
2025-11-16 09:21:28,592 - src.models - INFO - CUDA optimizations enabled (cudnn.benchmark=True)
2025-11-16 09:21:28,592 - src.models - INFO - ModelManager initialized
2025-11-16 09:21:28,954 - src.models - INFO - Model weights saved to experiments\s2t-cross-lingual_train_4_decoder_3e-3\checkpoints\epoch_10\model_weights.pt
2025-11-16 09:21:28,954 - src.models - INFO - Detected weight tying: decoder.embed_tokens shares weights with output projection
2025-11-16 09:21:28,957 - src.models - INFO - Model metadata saved to experiments\s2t-cross-lingual_train_4_decoder_3e-3\checkpoints\epoch_10\model_metadata.json
2025-11-16 09:21:28,957 - src.models - INFO - Checkpoint saved to experiments\s2t-cross-lingual_train_4_decoder_3e-3\checkpoints\epoch_10
2025-11-16 09:21:28,957 - src.utils - INFO - Model checkpoint saved: experiments\s2t-cross-lingual_train_4_decoder_3e-3\checkpoints\epoch_10
2025-11-16 09:21:29,054 - src.utils - INFO - Optimizer state saved: experiments\s2t-cross-lingual_train_4_decoder_3e-3\checkpoints\epoch_10\optimizer_state.pt
2025-11-16 09:21:29,055 - src.utils - INFO - Scheduler state saved: experiments\s2t-cross-lingual_train_4_decoder_3e-3\checkpoints\epoch_10\scheduler_state.pt
2025-11-16 09:21:29,055 - src.utils - INFO - Experiment metadata saved: experiments\s2t-cross-lingual_train_4_decoder_3e-3\checkpoints\epoch_10\experiment_metadata.json
2025-11-16 09:21:29,081 - src.utils - INFO - Config saved to: experiments\s2t-cross-lingual_train_4_decoder_3e-3\checkpoints\epoch_10\config.yaml
2025-11-16 09:21:29,081 - src.utils - INFO - Metrics saved to: experiments\s2t-cross-lingual_train_4_decoder_3e-3\checkpoints\epoch_10\metrics.json
2025-11-16 09:21:29,216 - src.utils - INFO - Best checkpoint also saved to: experiments\s2t-cross-lingual_train_4_decoder_3e-3\best_checkpoint
2025-11-16 09:21:29,229 - src.utils - INFO - Removed old checkpoint: experiments\s2t-cross-lingual_train_4_decoder_3e-3\checkpoints\epoch_7
2025-11-16 09:21:29,230 - src.utils - INFO - 
Epoch 11/29
2025-11-16 09:23:06,935 - src.utils - INFO - Epoch 11 - Average training loss: 1.5135
2025-11-16 09:23:06,935 - src.utils - INFO - Running validation...
2025-11-16 09:25:19,266 - src.utils - INFO - Computing validation metrics...
2025-11-16 09:25:27,377 - src.metrics - WARNING - Found 1/10243 empty predictions after normalization
2025-11-16 09:25:29,104 - src.utils - INFO - Validation - Epoch 11 - WER: 0.5413, CER: 0.2199
2025-11-16 09:25:29,106 - src.utils - INFO - Current LR: 3.00e-03
2025-11-16 09:25:29,106 - src.utils - INFO - New best WER: 0.5413
2025-11-16 09:25:29,106 - src.models - INFO - CUDA optimizations enabled (cudnn.benchmark=True)
2025-11-16 09:25:29,107 - src.models - INFO - ModelManager initialized
2025-11-16 09:25:29,393 - src.models - INFO - Model weights saved to experiments\s2t-cross-lingual_train_4_decoder_3e-3\checkpoints\epoch_11\model_weights.pt
2025-11-16 09:25:29,393 - src.models - INFO - Detected weight tying: decoder.embed_tokens shares weights with output projection
2025-11-16 09:25:29,396 - src.models - INFO - Model metadata saved to experiments\s2t-cross-lingual_train_4_decoder_3e-3\checkpoints\epoch_11\model_metadata.json
2025-11-16 09:25:29,396 - src.models - INFO - Checkpoint saved to experiments\s2t-cross-lingual_train_4_decoder_3e-3\checkpoints\epoch_11
2025-11-16 09:25:29,396 - src.utils - INFO - Model checkpoint saved: experiments\s2t-cross-lingual_train_4_decoder_3e-3\checkpoints\epoch_11
2025-11-16 09:25:29,478 - src.utils - INFO - Optimizer state saved: experiments\s2t-cross-lingual_train_4_decoder_3e-3\checkpoints\epoch_11\optimizer_state.pt
2025-11-16 09:25:29,478 - src.utils - INFO - Scheduler state saved: experiments\s2t-cross-lingual_train_4_decoder_3e-3\checkpoints\epoch_11\scheduler_state.pt
2025-11-16 09:25:29,479 - src.utils - INFO - Experiment metadata saved: experiments\s2t-cross-lingual_train_4_decoder_3e-3\checkpoints\epoch_11\experiment_metadata.json
2025-11-16 09:25:29,504 - src.utils - INFO - Config saved to: experiments\s2t-cross-lingual_train_4_decoder_3e-3\checkpoints\epoch_11\config.yaml
2025-11-16 09:25:29,505 - src.utils - INFO - Metrics saved to: experiments\s2t-cross-lingual_train_4_decoder_3e-3\checkpoints\epoch_11\metrics.json
2025-11-16 09:25:29,626 - src.utils - INFO - Best checkpoint also saved to: experiments\s2t-cross-lingual_train_4_decoder_3e-3\best_checkpoint
2025-11-16 09:25:29,641 - src.utils - INFO - Removed old checkpoint: experiments\s2t-cross-lingual_train_4_decoder_3e-3\checkpoints\epoch_8
2025-11-16 09:25:29,641 - src.utils - INFO - 
Epoch 12/29
2025-11-16 09:27:07,536 - src.utils - INFO - Epoch 12 - Average training loss: 1.4727
2025-11-16 09:27:07,537 - src.utils - INFO - Running validation...
2025-11-16 09:29:20,075 - src.utils - INFO - Computing validation metrics...
2025-11-16 09:29:28,847 - src.utils - INFO - Validation - Epoch 12 - WER: 0.5417, CER: 0.2176
2025-11-16 09:29:28,848 - src.utils - INFO - Current LR: 2.83e-03
2025-11-16 09:29:28,848 - src.models - INFO - CUDA optimizations enabled (cudnn.benchmark=True)
2025-11-16 09:29:28,848 - src.models - INFO - ModelManager initialized
2025-11-16 09:29:28,996 - src.models - INFO - Model weights saved to experiments\s2t-cross-lingual_train_4_decoder_3e-3\checkpoints\epoch_12\model_weights.pt
2025-11-16 09:29:28,996 - src.models - INFO - Detected weight tying: decoder.embed_tokens shares weights with output projection
2025-11-16 09:29:28,999 - src.models - INFO - Model metadata saved to experiments\s2t-cross-lingual_train_4_decoder_3e-3\checkpoints\epoch_12\model_metadata.json
2025-11-16 09:29:28,999 - src.models - INFO - Checkpoint saved to experiments\s2t-cross-lingual_train_4_decoder_3e-3\checkpoints\epoch_12
2025-11-16 09:29:28,999 - src.utils - INFO - Model checkpoint saved: experiments\s2t-cross-lingual_train_4_decoder_3e-3\checkpoints\epoch_12
2025-11-16 09:29:29,082 - src.utils - INFO - Optimizer state saved: experiments\s2t-cross-lingual_train_4_decoder_3e-3\checkpoints\epoch_12\optimizer_state.pt
2025-11-16 09:29:29,083 - src.utils - INFO - Scheduler state saved: experiments\s2t-cross-lingual_train_4_decoder_3e-3\checkpoints\epoch_12\scheduler_state.pt
2025-11-16 09:29:29,084 - src.utils - INFO - Experiment metadata saved: experiments\s2t-cross-lingual_train_4_decoder_3e-3\checkpoints\epoch_12\experiment_metadata.json
2025-11-16 09:29:29,108 - src.utils - INFO - Config saved to: experiments\s2t-cross-lingual_train_4_decoder_3e-3\checkpoints\epoch_12\config.yaml
2025-11-16 09:29:29,109 - src.utils - INFO - Metrics saved to: experiments\s2t-cross-lingual_train_4_decoder_3e-3\checkpoints\epoch_12\metrics.json
2025-11-16 09:29:29,121 - src.utils - INFO - Removed old checkpoint: experiments\s2t-cross-lingual_train_4_decoder_3e-3\checkpoints\epoch_9
2025-11-16 09:29:29,122 - src.utils - INFO - 
Epoch 13/29
2025-11-16 09:31:07,291 - src.utils - INFO - Epoch 13 - Average training loss: 1.4176
2025-11-16 09:31:07,291 - src.utils - INFO - Running validation...
2025-11-16 09:33:19,823 - src.utils - INFO - Computing validation metrics...
2025-11-16 09:33:30,522 - src.utils - INFO - Validation - Epoch 13 - WER: 0.5290, CER: 0.2111
2025-11-16 09:33:30,523 - src.utils - INFO - Current LR: 2.67e-03
2025-11-16 09:33:30,523 - src.utils - INFO - New best WER: 0.5290
2025-11-16 09:33:30,524 - src.models - INFO - CUDA optimizations enabled (cudnn.benchmark=True)
2025-11-16 09:33:30,524 - src.models - INFO - ModelManager initialized
2025-11-16 09:33:30,693 - src.models - INFO - Model weights saved to experiments\s2t-cross-lingual_train_4_decoder_3e-3\checkpoints\epoch_13\model_weights.pt
2025-11-16 09:33:30,693 - src.models - INFO - Detected weight tying: decoder.embed_tokens shares weights with output projection
2025-11-16 09:33:30,696 - src.models - INFO - Model metadata saved to experiments\s2t-cross-lingual_train_4_decoder_3e-3\checkpoints\epoch_13\model_metadata.json
2025-11-16 09:33:30,696 - src.models - INFO - Checkpoint saved to experiments\s2t-cross-lingual_train_4_decoder_3e-3\checkpoints\epoch_13
2025-11-16 09:33:30,696 - src.utils - INFO - Model checkpoint saved: experiments\s2t-cross-lingual_train_4_decoder_3e-3\checkpoints\epoch_13
2025-11-16 09:33:30,776 - src.utils - INFO - Optimizer state saved: experiments\s2t-cross-lingual_train_4_decoder_3e-3\checkpoints\epoch_13\optimizer_state.pt
2025-11-16 09:33:30,776 - src.utils - INFO - Scheduler state saved: experiments\s2t-cross-lingual_train_4_decoder_3e-3\checkpoints\epoch_13\scheduler_state.pt
2025-11-16 09:33:30,777 - src.utils - INFO - Experiment metadata saved: experiments\s2t-cross-lingual_train_4_decoder_3e-3\checkpoints\epoch_13\experiment_metadata.json
2025-11-16 09:33:30,801 - src.utils - INFO - Config saved to: experiments\s2t-cross-lingual_train_4_decoder_3e-3\checkpoints\epoch_13\config.yaml
2025-11-16 09:33:30,802 - src.utils - INFO - Metrics saved to: experiments\s2t-cross-lingual_train_4_decoder_3e-3\checkpoints\epoch_13\metrics.json
2025-11-16 09:33:30,931 - src.utils - INFO - Best checkpoint also saved to: experiments\s2t-cross-lingual_train_4_decoder_3e-3\best_checkpoint
2025-11-16 09:33:30,945 - src.utils - INFO - Removed old checkpoint: experiments\s2t-cross-lingual_train_4_decoder_3e-3\checkpoints\epoch_10
2025-11-16 09:33:30,945 - src.utils - INFO - 
Epoch 14/29
2025-11-16 09:35:08,869 - src.utils - INFO - Epoch 14 - Average training loss: 1.3794
2025-11-16 09:35:08,869 - src.utils - INFO - Running validation...
2025-11-16 09:37:23,040 - src.utils - INFO - Computing validation metrics...
2025-11-16 09:37:32,392 - src.utils - INFO - Validation - Epoch 14 - WER: 0.5279, CER: 0.2102
2025-11-16 09:37:32,393 - src.utils - INFO - Current LR: 2.50e-03
2025-11-16 09:37:32,393 - src.utils - INFO - New best WER: 0.5279
2025-11-16 09:37:32,394 - src.models - INFO - CUDA optimizations enabled (cudnn.benchmark=True)
2025-11-16 09:37:32,394 - src.models - INFO - ModelManager initialized
2025-11-16 09:37:32,538 - src.models - INFO - Model weights saved to experiments\s2t-cross-lingual_train_4_decoder_3e-3\checkpoints\epoch_14\model_weights.pt
2025-11-16 09:37:32,538 - src.models - INFO - Detected weight tying: decoder.embed_tokens shares weights with output projection
2025-11-16 09:37:32,541 - src.models - INFO - Model metadata saved to experiments\s2t-cross-lingual_train_4_decoder_3e-3\checkpoints\epoch_14\model_metadata.json
2025-11-16 09:37:32,541 - src.models - INFO - Checkpoint saved to experiments\s2t-cross-lingual_train_4_decoder_3e-3\checkpoints\epoch_14
2025-11-16 09:37:32,541 - src.utils - INFO - Model checkpoint saved: experiments\s2t-cross-lingual_train_4_decoder_3e-3\checkpoints\epoch_14
2025-11-16 09:37:32,696 - src.utils - INFO - Optimizer state saved: experiments\s2t-cross-lingual_train_4_decoder_3e-3\checkpoints\epoch_14\optimizer_state.pt
2025-11-16 09:37:32,697 - src.utils - INFO - Scheduler state saved: experiments\s2t-cross-lingual_train_4_decoder_3e-3\checkpoints\epoch_14\scheduler_state.pt
2025-11-16 09:37:32,698 - src.utils - INFO - Experiment metadata saved: experiments\s2t-cross-lingual_train_4_decoder_3e-3\checkpoints\epoch_14\experiment_metadata.json
2025-11-16 09:37:32,728 - src.utils - INFO - Config saved to: experiments\s2t-cross-lingual_train_4_decoder_3e-3\checkpoints\epoch_14\config.yaml
2025-11-16 09:37:32,729 - src.utils - INFO - Metrics saved to: experiments\s2t-cross-lingual_train_4_decoder_3e-3\checkpoints\epoch_14\metrics.json
2025-11-16 09:37:32,853 - src.utils - INFO - Best checkpoint also saved to: experiments\s2t-cross-lingual_train_4_decoder_3e-3\best_checkpoint
2025-11-16 09:37:32,867 - src.utils - INFO - Removed old checkpoint: experiments\s2t-cross-lingual_train_4_decoder_3e-3\checkpoints\epoch_11
2025-11-16 09:37:32,867 - src.utils - INFO - 
Epoch 15/29
2025-11-16 09:39:12,975 - src.utils - INFO - Epoch 15 - Average training loss: 1.3412
2025-11-16 09:39:12,975 - src.utils - INFO - Running validation...
2025-11-16 09:41:29,520 - src.utils - INFO - Computing validation metrics...
2025-11-16 09:41:38,440 - src.utils - INFO - Validation - Epoch 15 - WER: 0.5122, CER: 0.2013
2025-11-16 09:41:38,441 - src.utils - INFO - Current LR: 2.33e-03
2025-11-16 09:41:38,442 - src.utils - INFO - New best WER: 0.5122
2025-11-16 09:41:38,442 - src.models - INFO - CUDA optimizations enabled (cudnn.benchmark=True)
2025-11-16 09:41:38,442 - src.models - INFO - ModelManager initialized
2025-11-16 09:41:38,615 - src.models - INFO - Model weights saved to experiments\s2t-cross-lingual_train_4_decoder_3e-3\checkpoints\epoch_15\model_weights.pt
2025-11-16 09:41:38,615 - src.models - INFO - Detected weight tying: decoder.embed_tokens shares weights with output projection
2025-11-16 09:41:38,618 - src.models - INFO - Model metadata saved to experiments\s2t-cross-lingual_train_4_decoder_3e-3\checkpoints\epoch_15\model_metadata.json
2025-11-16 09:41:38,618 - src.models - INFO - Checkpoint saved to experiments\s2t-cross-lingual_train_4_decoder_3e-3\checkpoints\epoch_15
2025-11-16 09:41:38,618 - src.utils - INFO - Model checkpoint saved: experiments\s2t-cross-lingual_train_4_decoder_3e-3\checkpoints\epoch_15
2025-11-16 09:41:38,703 - src.utils - INFO - Optimizer state saved: experiments\s2t-cross-lingual_train_4_decoder_3e-3\checkpoints\epoch_15\optimizer_state.pt
2025-11-16 09:41:38,704 - src.utils - INFO - Scheduler state saved: experiments\s2t-cross-lingual_train_4_decoder_3e-3\checkpoints\epoch_15\scheduler_state.pt
2025-11-16 09:41:38,705 - src.utils - INFO - Experiment metadata saved: experiments\s2t-cross-lingual_train_4_decoder_3e-3\checkpoints\epoch_15\experiment_metadata.json
2025-11-16 09:41:38,735 - src.utils - INFO - Config saved to: experiments\s2t-cross-lingual_train_4_decoder_3e-3\checkpoints\epoch_15\config.yaml
2025-11-16 09:41:38,736 - src.utils - INFO - Metrics saved to: experiments\s2t-cross-lingual_train_4_decoder_3e-3\checkpoints\epoch_15\metrics.json
2025-11-16 09:41:38,865 - src.utils - INFO - Best checkpoint also saved to: experiments\s2t-cross-lingual_train_4_decoder_3e-3\best_checkpoint
2025-11-16 09:41:38,876 - src.utils - INFO - Removed old checkpoint: experiments\s2t-cross-lingual_train_4_decoder_3e-3\checkpoints\epoch_12
2025-11-16 09:41:38,876 - src.utils - INFO - 
Epoch 16/29
2025-11-16 09:43:19,007 - src.utils - INFO - Epoch 16 - Average training loss: 1.2970
2025-11-16 09:43:19,007 - src.utils - INFO - Running validation...
2025-11-16 09:45:33,405 - src.utils - INFO - Computing validation metrics...
2025-11-16 09:45:43,195 - src.utils - INFO - Validation - Epoch 16 - WER: 0.5070, CER: 0.2003
2025-11-16 09:45:43,196 - src.utils - INFO - Current LR: 2.17e-03
2025-11-16 09:45:43,197 - src.utils - INFO - New best WER: 0.5070
2025-11-16 09:45:43,197 - src.models - INFO - CUDA optimizations enabled (cudnn.benchmark=True)
2025-11-16 09:45:43,197 - src.models - INFO - ModelManager initialized
2025-11-16 09:45:43,349 - src.models - INFO - Model weights saved to experiments\s2t-cross-lingual_train_4_decoder_3e-3\checkpoints\epoch_16\model_weights.pt
2025-11-16 09:45:43,349 - src.models - INFO - Detected weight tying: decoder.embed_tokens shares weights with output projection
2025-11-16 09:45:43,352 - src.models - INFO - Model metadata saved to experiments\s2t-cross-lingual_train_4_decoder_3e-3\checkpoints\epoch_16\model_metadata.json
2025-11-16 09:45:43,352 - src.models - INFO - Checkpoint saved to experiments\s2t-cross-lingual_train_4_decoder_3e-3\checkpoints\epoch_16
2025-11-16 09:45:43,352 - src.utils - INFO - Model checkpoint saved: experiments\s2t-cross-lingual_train_4_decoder_3e-3\checkpoints\epoch_16
2025-11-16 09:45:43,437 - src.utils - INFO - Optimizer state saved: experiments\s2t-cross-lingual_train_4_decoder_3e-3\checkpoints\epoch_16\optimizer_state.pt
2025-11-16 09:45:43,438 - src.utils - INFO - Scheduler state saved: experiments\s2t-cross-lingual_train_4_decoder_3e-3\checkpoints\epoch_16\scheduler_state.pt
2025-11-16 09:45:43,439 - src.utils - INFO - Experiment metadata saved: experiments\s2t-cross-lingual_train_4_decoder_3e-3\checkpoints\epoch_16\experiment_metadata.json
2025-11-16 09:45:43,465 - src.utils - INFO - Config saved to: experiments\s2t-cross-lingual_train_4_decoder_3e-3\checkpoints\epoch_16\config.yaml
2025-11-16 09:45:43,466 - src.utils - INFO - Metrics saved to: experiments\s2t-cross-lingual_train_4_decoder_3e-3\checkpoints\epoch_16\metrics.json
2025-11-16 09:45:43,597 - src.utils - INFO - Best checkpoint also saved to: experiments\s2t-cross-lingual_train_4_decoder_3e-3\best_checkpoint
2025-11-16 09:45:43,610 - src.utils - INFO - Removed old checkpoint: experiments\s2t-cross-lingual_train_4_decoder_3e-3\checkpoints\epoch_13
2025-11-16 09:45:43,610 - src.utils - INFO - 
Epoch 17/29
2025-11-16 09:47:22,639 - src.utils - INFO - Epoch 17 - Average training loss: 1.2678
2025-11-16 09:47:22,640 - src.utils - INFO - Running validation...
2025-11-16 09:49:35,164 - src.utils - INFO - Computing validation metrics...
2025-11-16 09:49:44,515 - src.utils - INFO - Validation - Epoch 17 - WER: 0.4982, CER: 0.1974
2025-11-16 09:49:44,516 - src.utils - INFO - Current LR: 2.00e-03
2025-11-16 09:49:44,517 - src.utils - INFO - New best WER: 0.4982
2025-11-16 09:49:44,517 - src.models - INFO - CUDA optimizations enabled (cudnn.benchmark=True)
2025-11-16 09:49:44,517 - src.models - INFO - ModelManager initialized
2025-11-16 09:49:44,653 - src.models - INFO - Model weights saved to experiments\s2t-cross-lingual_train_4_decoder_3e-3\checkpoints\epoch_17\model_weights.pt
2025-11-16 09:49:44,653 - src.models - INFO - Detected weight tying: decoder.embed_tokens shares weights with output projection
2025-11-16 09:49:44,656 - src.models - INFO - Model metadata saved to experiments\s2t-cross-lingual_train_4_decoder_3e-3\checkpoints\epoch_17\model_metadata.json
2025-11-16 09:49:44,656 - src.models - INFO - Checkpoint saved to experiments\s2t-cross-lingual_train_4_decoder_3e-3\checkpoints\epoch_17
2025-11-16 09:49:44,656 - src.utils - INFO - Model checkpoint saved: experiments\s2t-cross-lingual_train_4_decoder_3e-3\checkpoints\epoch_17
2025-11-16 09:49:44,739 - src.utils - INFO - Optimizer state saved: experiments\s2t-cross-lingual_train_4_decoder_3e-3\checkpoints\epoch_17\optimizer_state.pt
2025-11-16 09:49:44,740 - src.utils - INFO - Scheduler state saved: experiments\s2t-cross-lingual_train_4_decoder_3e-3\checkpoints\epoch_17\scheduler_state.pt
2025-11-16 09:49:44,740 - src.utils - INFO - Experiment metadata saved: experiments\s2t-cross-lingual_train_4_decoder_3e-3\checkpoints\epoch_17\experiment_metadata.json
2025-11-16 09:49:44,770 - src.utils - INFO - Config saved to: experiments\s2t-cross-lingual_train_4_decoder_3e-3\checkpoints\epoch_17\config.yaml
2025-11-16 09:49:44,771 - src.utils - INFO - Metrics saved to: experiments\s2t-cross-lingual_train_4_decoder_3e-3\checkpoints\epoch_17\metrics.json
2025-11-16 09:49:44,892 - src.utils - INFO - Best checkpoint also saved to: experiments\s2t-cross-lingual_train_4_decoder_3e-3\best_checkpoint
2025-11-16 09:49:44,903 - src.utils - INFO - Removed old checkpoint: experiments\s2t-cross-lingual_train_4_decoder_3e-3\checkpoints\epoch_14
2025-11-16 09:49:44,904 - src.utils - INFO - 
Epoch 18/29
2025-11-16 09:51:23,783 - src.utils - INFO - Epoch 18 - Average training loss: 1.2313
2025-11-16 09:51:23,784 - src.utils - INFO - Running validation...
2025-11-16 09:53:38,364 - src.utils - INFO - Computing validation metrics...
2025-11-16 09:53:47,915 - src.utils - INFO - Validation - Epoch 18 - WER: 0.5001, CER: 0.1999
2025-11-16 09:53:47,916 - src.utils - INFO - Current LR: 1.83e-03
2025-11-16 09:53:47,916 - src.models - INFO - CUDA optimizations enabled (cudnn.benchmark=True)
2025-11-16 09:53:47,916 - src.models - INFO - ModelManager initialized
2025-11-16 09:53:48,073 - src.models - INFO - Model weights saved to experiments\s2t-cross-lingual_train_4_decoder_3e-3\checkpoints\epoch_18\model_weights.pt
2025-11-16 09:53:48,073 - src.models - INFO - Detected weight tying: decoder.embed_tokens shares weights with output projection
2025-11-16 09:53:48,076 - src.models - INFO - Model metadata saved to experiments\s2t-cross-lingual_train_4_decoder_3e-3\checkpoints\epoch_18\model_metadata.json
2025-11-16 09:53:48,076 - src.models - INFO - Checkpoint saved to experiments\s2t-cross-lingual_train_4_decoder_3e-3\checkpoints\epoch_18
2025-11-16 09:53:48,076 - src.utils - INFO - Model checkpoint saved: experiments\s2t-cross-lingual_train_4_decoder_3e-3\checkpoints\epoch_18
2025-11-16 09:53:48,344 - src.utils - INFO - Optimizer state saved: experiments\s2t-cross-lingual_train_4_decoder_3e-3\checkpoints\epoch_18\optimizer_state.pt
2025-11-16 09:53:48,345 - src.utils - INFO - Scheduler state saved: experiments\s2t-cross-lingual_train_4_decoder_3e-3\checkpoints\epoch_18\scheduler_state.pt
2025-11-16 09:53:48,345 - src.utils - INFO - Experiment metadata saved: experiments\s2t-cross-lingual_train_4_decoder_3e-3\checkpoints\epoch_18\experiment_metadata.json
2025-11-16 09:53:48,376 - src.utils - INFO - Config saved to: experiments\s2t-cross-lingual_train_4_decoder_3e-3\checkpoints\epoch_18\config.yaml
2025-11-16 09:53:48,377 - src.utils - INFO - Metrics saved to: experiments\s2t-cross-lingual_train_4_decoder_3e-3\checkpoints\epoch_18\metrics.json
2025-11-16 09:53:48,392 - src.utils - INFO - Removed old checkpoint: experiments\s2t-cross-lingual_train_4_decoder_3e-3\checkpoints\epoch_15
2025-11-16 09:53:48,392 - src.utils - INFO - 
Epoch 19/29
2025-11-16 09:55:27,200 - src.utils - INFO - Epoch 19 - Average training loss: 1.2076
2025-11-16 09:55:27,201 - src.utils - INFO - Running validation...
2025-11-16 09:57:40,705 - src.utils - INFO - Computing validation metrics...
2025-11-16 09:57:51,446 - src.utils - INFO - Validation - Epoch 19 - WER: 0.4970, CER: 0.1958
2025-11-16 09:57:51,447 - src.utils - INFO - Current LR: 1.67e-03
2025-11-16 09:57:51,447 - src.utils - INFO - New best WER: 0.4970
2025-11-16 09:57:51,448 - src.models - INFO - CUDA optimizations enabled (cudnn.benchmark=True)
2025-11-16 09:57:51,448 - src.models - INFO - ModelManager initialized
2025-11-16 09:57:51,667 - src.models - INFO - Model weights saved to experiments\s2t-cross-lingual_train_4_decoder_3e-3\checkpoints\epoch_19\model_weights.pt
2025-11-16 09:57:51,667 - src.models - INFO - Detected weight tying: decoder.embed_tokens shares weights with output projection
2025-11-16 09:57:51,671 - src.models - INFO - Model metadata saved to experiments\s2t-cross-lingual_train_4_decoder_3e-3\checkpoints\epoch_19\model_metadata.json
2025-11-16 09:57:51,671 - src.models - INFO - Checkpoint saved to experiments\s2t-cross-lingual_train_4_decoder_3e-3\checkpoints\epoch_19
2025-11-16 09:57:51,672 - src.utils - INFO - Model checkpoint saved: experiments\s2t-cross-lingual_train_4_decoder_3e-3\checkpoints\epoch_19
2025-11-16 09:57:51,760 - src.utils - INFO - Optimizer state saved: experiments\s2t-cross-lingual_train_4_decoder_3e-3\checkpoints\epoch_19\optimizer_state.pt
2025-11-16 09:57:51,761 - src.utils - INFO - Scheduler state saved: experiments\s2t-cross-lingual_train_4_decoder_3e-3\checkpoints\epoch_19\scheduler_state.pt
2025-11-16 09:57:51,761 - src.utils - INFO - Experiment metadata saved: experiments\s2t-cross-lingual_train_4_decoder_3e-3\checkpoints\epoch_19\experiment_metadata.json
2025-11-16 09:57:51,787 - src.utils - INFO - Config saved to: experiments\s2t-cross-lingual_train_4_decoder_3e-3\checkpoints\epoch_19\config.yaml
2025-11-16 09:57:51,788 - src.utils - INFO - Metrics saved to: experiments\s2t-cross-lingual_train_4_decoder_3e-3\checkpoints\epoch_19\metrics.json
2025-11-16 09:57:51,909 - src.utils - INFO - Best checkpoint also saved to: experiments\s2t-cross-lingual_train_4_decoder_3e-3\best_checkpoint
2025-11-16 09:57:51,921 - src.utils - INFO - Removed old checkpoint: experiments\s2t-cross-lingual_train_4_decoder_3e-3\checkpoints\epoch_16
2025-11-16 09:57:51,921 - src.utils - INFO - 
Epoch 20/29
2025-11-16 09:59:30,436 - src.utils - INFO - Epoch 20 - Average training loss: 1.1767
2025-11-16 09:59:30,437 - src.utils - INFO - Running validation...
2025-11-16 10:01:42,245 - src.utils - INFO - Computing validation metrics...
2025-11-16 10:01:50,865 - src.utils - INFO - Validation - Epoch 20 - WER: 0.4880, CER: 0.1923
2025-11-16 10:01:50,866 - src.utils - INFO - Current LR: 1.50e-03
2025-11-16 10:01:50,866 - src.utils - INFO - New best WER: 0.4880
2025-11-16 10:01:50,867 - src.models - INFO - CUDA optimizations enabled (cudnn.benchmark=True)
2025-11-16 10:01:50,867 - src.models - INFO - ModelManager initialized
2025-11-16 10:01:51,020 - src.models - INFO - Model weights saved to experiments\s2t-cross-lingual_train_4_decoder_3e-3\checkpoints\epoch_20\model_weights.pt
2025-11-16 10:01:51,020 - src.models - INFO - Detected weight tying: decoder.embed_tokens shares weights with output projection
2025-11-16 10:01:51,023 - src.models - INFO - Model metadata saved to experiments\s2t-cross-lingual_train_4_decoder_3e-3\checkpoints\epoch_20\model_metadata.json
2025-11-16 10:01:51,023 - src.models - INFO - Checkpoint saved to experiments\s2t-cross-lingual_train_4_decoder_3e-3\checkpoints\epoch_20
2025-11-16 10:01:51,023 - src.utils - INFO - Model checkpoint saved: experiments\s2t-cross-lingual_train_4_decoder_3e-3\checkpoints\epoch_20
2025-11-16 10:01:51,112 - src.utils - INFO - Optimizer state saved: experiments\s2t-cross-lingual_train_4_decoder_3e-3\checkpoints\epoch_20\optimizer_state.pt
2025-11-16 10:01:51,113 - src.utils - INFO - Scheduler state saved: experiments\s2t-cross-lingual_train_4_decoder_3e-3\checkpoints\epoch_20\scheduler_state.pt
2025-11-16 10:01:51,113 - src.utils - INFO - Experiment metadata saved: experiments\s2t-cross-lingual_train_4_decoder_3e-3\checkpoints\epoch_20\experiment_metadata.json
2025-11-16 10:01:51,140 - src.utils - INFO - Config saved to: experiments\s2t-cross-lingual_train_4_decoder_3e-3\checkpoints\epoch_20\config.yaml
2025-11-16 10:01:51,140 - src.utils - INFO - Metrics saved to: experiments\s2t-cross-lingual_train_4_decoder_3e-3\checkpoints\epoch_20\metrics.json
2025-11-16 10:01:51,290 - src.utils - INFO - Best checkpoint also saved to: experiments\s2t-cross-lingual_train_4_decoder_3e-3\best_checkpoint
2025-11-16 10:01:51,303 - src.utils - INFO - Removed old checkpoint: experiments\s2t-cross-lingual_train_4_decoder_3e-3\checkpoints\epoch_17
2025-11-16 10:01:51,303 - src.utils - INFO - 
Epoch 21/29
2025-11-16 10:03:29,890 - src.utils - INFO - Epoch 21 - Average training loss: 1.1471
2025-11-16 10:03:29,890 - src.utils - INFO - Running validation...
2025-11-16 10:05:42,517 - src.utils - INFO - Computing validation metrics...
2025-11-16 10:05:50,825 - src.utils - INFO - Validation - Epoch 21 - WER: 0.4834, CER: 0.1914
2025-11-16 10:05:50,826 - src.utils - INFO - Current LR: 1.33e-03
2025-11-16 10:05:50,826 - src.utils - INFO - New best WER: 0.4834
2025-11-16 10:05:50,826 - src.models - INFO - CUDA optimizations enabled (cudnn.benchmark=True)
2025-11-16 10:05:50,827 - src.models - INFO - ModelManager initialized
2025-11-16 10:05:50,978 - src.models - INFO - Model weights saved to experiments\s2t-cross-lingual_train_4_decoder_3e-3\checkpoints\epoch_21\model_weights.pt
2025-11-16 10:05:50,978 - src.models - INFO - Detected weight tying: decoder.embed_tokens shares weights with output projection
2025-11-16 10:05:50,980 - src.models - INFO - Model metadata saved to experiments\s2t-cross-lingual_train_4_decoder_3e-3\checkpoints\epoch_21\model_metadata.json
2025-11-16 10:05:50,981 - src.models - INFO - Checkpoint saved to experiments\s2t-cross-lingual_train_4_decoder_3e-3\checkpoints\epoch_21
2025-11-16 10:05:50,981 - src.utils - INFO - Model checkpoint saved: experiments\s2t-cross-lingual_train_4_decoder_3e-3\checkpoints\epoch_21
2025-11-16 10:05:51,071 - src.utils - INFO - Optimizer state saved: experiments\s2t-cross-lingual_train_4_decoder_3e-3\checkpoints\epoch_21\optimizer_state.pt
2025-11-16 10:05:51,072 - src.utils - INFO - Scheduler state saved: experiments\s2t-cross-lingual_train_4_decoder_3e-3\checkpoints\epoch_21\scheduler_state.pt
2025-11-16 10:05:51,072 - src.utils - INFO - Experiment metadata saved: experiments\s2t-cross-lingual_train_4_decoder_3e-3\checkpoints\epoch_21\experiment_metadata.json
2025-11-16 10:05:51,104 - src.utils - INFO - Config saved to: experiments\s2t-cross-lingual_train_4_decoder_3e-3\checkpoints\epoch_21\config.yaml
2025-11-16 10:05:51,105 - src.utils - INFO - Metrics saved to: experiments\s2t-cross-lingual_train_4_decoder_3e-3\checkpoints\epoch_21\metrics.json
2025-11-16 10:05:51,233 - src.utils - INFO - Best checkpoint also saved to: experiments\s2t-cross-lingual_train_4_decoder_3e-3\best_checkpoint
2025-11-16 10:05:51,244 - src.utils - INFO - Removed old checkpoint: experiments\s2t-cross-lingual_train_4_decoder_3e-3\checkpoints\epoch_18
2025-11-16 10:05:51,244 - src.utils - INFO - 
Epoch 22/29
2025-11-16 10:07:30,491 - src.utils - INFO - Epoch 22 - Average training loss: 1.1140
2025-11-16 10:07:30,492 - src.utils - INFO - Running validation...
2025-11-16 10:09:43,367 - src.utils - INFO - Computing validation metrics...
2025-11-16 10:09:53,861 - src.utils - INFO - Validation - Epoch 22 - WER: 0.4782, CER: 0.1885
2025-11-16 10:09:53,862 - src.utils - INFO - Current LR: 1.17e-03
2025-11-16 10:09:53,863 - src.utils - INFO - New best WER: 0.4782
2025-11-16 10:09:53,863 - src.models - INFO - CUDA optimizations enabled (cudnn.benchmark=True)
2025-11-16 10:09:53,863 - src.models - INFO - ModelManager initialized
2025-11-16 10:09:54,030 - src.models - INFO - Model weights saved to experiments\s2t-cross-lingual_train_4_decoder_3e-3\checkpoints\epoch_22\model_weights.pt
2025-11-16 10:09:54,030 - src.models - INFO - Detected weight tying: decoder.embed_tokens shares weights with output projection
2025-11-16 10:09:54,033 - src.models - INFO - Model metadata saved to experiments\s2t-cross-lingual_train_4_decoder_3e-3\checkpoints\epoch_22\model_metadata.json
2025-11-16 10:09:54,033 - src.models - INFO - Checkpoint saved to experiments\s2t-cross-lingual_train_4_decoder_3e-3\checkpoints\epoch_22
2025-11-16 10:09:54,033 - src.utils - INFO - Model checkpoint saved: experiments\s2t-cross-lingual_train_4_decoder_3e-3\checkpoints\epoch_22
2025-11-16 10:09:54,229 - src.utils - INFO - Optimizer state saved: experiments\s2t-cross-lingual_train_4_decoder_3e-3\checkpoints\epoch_22\optimizer_state.pt
2025-11-16 10:09:54,229 - src.utils - INFO - Scheduler state saved: experiments\s2t-cross-lingual_train_4_decoder_3e-3\checkpoints\epoch_22\scheduler_state.pt
2025-11-16 10:09:54,230 - src.utils - INFO - Experiment metadata saved: experiments\s2t-cross-lingual_train_4_decoder_3e-3\checkpoints\epoch_22\experiment_metadata.json
2025-11-16 10:09:54,261 - src.utils - INFO - Config saved to: experiments\s2t-cross-lingual_train_4_decoder_3e-3\checkpoints\epoch_22\config.yaml
2025-11-16 10:09:54,261 - src.utils - INFO - Metrics saved to: experiments\s2t-cross-lingual_train_4_decoder_3e-3\checkpoints\epoch_22\metrics.json
2025-11-16 10:09:54,469 - src.utils - INFO - Best checkpoint also saved to: experiments\s2t-cross-lingual_train_4_decoder_3e-3\best_checkpoint
2025-11-16 10:09:54,481 - src.utils - INFO - Removed old checkpoint: experiments\s2t-cross-lingual_train_4_decoder_3e-3\checkpoints\epoch_19
2025-11-16 10:09:54,481 - src.utils - INFO - 
Epoch 23/29
2025-11-16 10:11:33,353 - src.utils - INFO - Epoch 23 - Average training loss: 1.0875
2025-11-16 10:11:33,353 - src.utils - INFO - Running validation...
2025-11-16 10:13:46,548 - src.utils - INFO - Computing validation metrics...
2025-11-16 10:13:56,522 - src.utils - INFO - Validation - Epoch 23 - WER: 0.4723, CER: 0.1858
2025-11-16 10:13:56,523 - src.utils - INFO - Current LR: 1.00e-03
2025-11-16 10:13:56,523 - src.utils - INFO - New best WER: 0.4723
2025-11-16 10:13:56,523 - src.models - INFO - CUDA optimizations enabled (cudnn.benchmark=True)
2025-11-16 10:13:56,524 - src.models - INFO - ModelManager initialized
2025-11-16 10:13:56,675 - src.models - INFO - Model weights saved to experiments\s2t-cross-lingual_train_4_decoder_3e-3\checkpoints\epoch_23\model_weights.pt
2025-11-16 10:13:56,676 - src.models - INFO - Detected weight tying: decoder.embed_tokens shares weights with output projection
2025-11-16 10:13:56,678 - src.models - INFO - Model metadata saved to experiments\s2t-cross-lingual_train_4_decoder_3e-3\checkpoints\epoch_23\model_metadata.json
2025-11-16 10:13:56,678 - src.models - INFO - Checkpoint saved to experiments\s2t-cross-lingual_train_4_decoder_3e-3\checkpoints\epoch_23
2025-11-16 10:13:56,678 - src.utils - INFO - Model checkpoint saved: experiments\s2t-cross-lingual_train_4_decoder_3e-3\checkpoints\epoch_23
2025-11-16 10:13:56,830 - src.utils - INFO - Optimizer state saved: experiments\s2t-cross-lingual_train_4_decoder_3e-3\checkpoints\epoch_23\optimizer_state.pt
2025-11-16 10:13:56,831 - src.utils - INFO - Scheduler state saved: experiments\s2t-cross-lingual_train_4_decoder_3e-3\checkpoints\epoch_23\scheduler_state.pt
2025-11-16 10:13:56,832 - src.utils - INFO - Experiment metadata saved: experiments\s2t-cross-lingual_train_4_decoder_3e-3\checkpoints\epoch_23\experiment_metadata.json
2025-11-16 10:13:56,863 - src.utils - INFO - Config saved to: experiments\s2t-cross-lingual_train_4_decoder_3e-3\checkpoints\epoch_23\config.yaml
2025-11-16 10:13:56,864 - src.utils - INFO - Metrics saved to: experiments\s2t-cross-lingual_train_4_decoder_3e-3\checkpoints\epoch_23\metrics.json
2025-11-16 10:13:57,058 - src.utils - INFO - Best checkpoint also saved to: experiments\s2t-cross-lingual_train_4_decoder_3e-3\best_checkpoint
2025-11-16 10:13:57,069 - src.utils - INFO - Removed old checkpoint: experiments\s2t-cross-lingual_train_4_decoder_3e-3\checkpoints\epoch_20
2025-11-16 10:13:57,069 - src.utils - INFO - 
Epoch 24/29
2025-11-16 10:15:36,553 - src.utils - INFO - Epoch 24 - Average training loss: 1.0673
2025-11-16 10:15:36,553 - src.utils - INFO - Running validation...
2025-11-16 10:17:50,192 - src.utils - INFO - Computing validation metrics...
2025-11-16 10:17:58,932 - src.utils - INFO - Validation - Epoch 24 - WER: 0.4745, CER: 0.1856
2025-11-16 10:17:58,933 - src.utils - INFO - Current LR: 8.33e-04
2025-11-16 10:17:58,933 - src.models - INFO - CUDA optimizations enabled (cudnn.benchmark=True)
2025-11-16 10:17:58,933 - src.models - INFO - ModelManager initialized
2025-11-16 10:17:59,077 - src.models - INFO - Model weights saved to experiments\s2t-cross-lingual_train_4_decoder_3e-3\checkpoints\epoch_24\model_weights.pt
2025-11-16 10:17:59,077 - src.models - INFO - Detected weight tying: decoder.embed_tokens shares weights with output projection
2025-11-16 10:17:59,080 - src.models - INFO - Model metadata saved to experiments\s2t-cross-lingual_train_4_decoder_3e-3\checkpoints\epoch_24\model_metadata.json
2025-11-16 10:17:59,080 - src.models - INFO - Checkpoint saved to experiments\s2t-cross-lingual_train_4_decoder_3e-3\checkpoints\epoch_24
2025-11-16 10:17:59,081 - src.utils - INFO - Model checkpoint saved: experiments\s2t-cross-lingual_train_4_decoder_3e-3\checkpoints\epoch_24
2025-11-16 10:17:59,163 - src.utils - INFO - Optimizer state saved: experiments\s2t-cross-lingual_train_4_decoder_3e-3\checkpoints\epoch_24\optimizer_state.pt
2025-11-16 10:17:59,164 - src.utils - INFO - Scheduler state saved: experiments\s2t-cross-lingual_train_4_decoder_3e-3\checkpoints\epoch_24\scheduler_state.pt
2025-11-16 10:17:59,164 - src.utils - INFO - Experiment metadata saved: experiments\s2t-cross-lingual_train_4_decoder_3e-3\checkpoints\epoch_24\experiment_metadata.json
2025-11-16 10:17:59,190 - src.utils - INFO - Config saved to: experiments\s2t-cross-lingual_train_4_decoder_3e-3\checkpoints\epoch_24\config.yaml
2025-11-16 10:17:59,191 - src.utils - INFO - Metrics saved to: experiments\s2t-cross-lingual_train_4_decoder_3e-3\checkpoints\epoch_24\metrics.json
2025-11-16 10:17:59,203 - src.utils - INFO - Removed old checkpoint: experiments\s2t-cross-lingual_train_4_decoder_3e-3\checkpoints\epoch_21
2025-11-16 10:17:59,204 - src.utils - INFO - 
Epoch 25/29
2025-11-16 10:19:37,744 - src.utils - INFO - Epoch 25 - Average training loss: 1.0441
2025-11-16 10:19:37,744 - src.utils - INFO - Running validation...
2025-11-16 10:21:52,003 - src.utils - INFO - Computing validation metrics...
2025-11-16 10:22:01,113 - src.utils - INFO - Validation - Epoch 25 - WER: 0.4699, CER: 0.1860
2025-11-16 10:22:01,115 - src.utils - INFO - Current LR: 6.67e-04
2025-11-16 10:22:01,115 - src.utils - INFO - New best WER: 0.4699
2025-11-16 10:22:01,115 - src.models - INFO - CUDA optimizations enabled (cudnn.benchmark=True)
2025-11-16 10:22:01,116 - src.models - INFO - ModelManager initialized
2025-11-16 10:22:01,460 - src.models - INFO - Model weights saved to experiments\s2t-cross-lingual_train_4_decoder_3e-3\checkpoints\epoch_25\model_weights.pt
2025-11-16 10:22:01,460 - src.models - INFO - Detected weight tying: decoder.embed_tokens shares weights with output projection
2025-11-16 10:22:01,462 - src.models - INFO - Model metadata saved to experiments\s2t-cross-lingual_train_4_decoder_3e-3\checkpoints\epoch_25\model_metadata.json
2025-11-16 10:22:01,462 - src.models - INFO - Checkpoint saved to experiments\s2t-cross-lingual_train_4_decoder_3e-3\checkpoints\epoch_25
2025-11-16 10:22:01,463 - src.utils - INFO - Model checkpoint saved: experiments\s2t-cross-lingual_train_4_decoder_3e-3\checkpoints\epoch_25
2025-11-16 10:22:01,575 - src.utils - INFO - Optimizer state saved: experiments\s2t-cross-lingual_train_4_decoder_3e-3\checkpoints\epoch_25\optimizer_state.pt
2025-11-16 10:22:01,576 - src.utils - INFO - Scheduler state saved: experiments\s2t-cross-lingual_train_4_decoder_3e-3\checkpoints\epoch_25\scheduler_state.pt
2025-11-16 10:22:01,576 - src.utils - INFO - Experiment metadata saved: experiments\s2t-cross-lingual_train_4_decoder_3e-3\checkpoints\epoch_25\experiment_metadata.json
2025-11-16 10:22:01,603 - src.utils - INFO - Config saved to: experiments\s2t-cross-lingual_train_4_decoder_3e-3\checkpoints\epoch_25\config.yaml
2025-11-16 10:22:01,603 - src.utils - INFO - Metrics saved to: experiments\s2t-cross-lingual_train_4_decoder_3e-3\checkpoints\epoch_25\metrics.json
2025-11-16 10:22:01,728 - src.utils - INFO - Best checkpoint also saved to: experiments\s2t-cross-lingual_train_4_decoder_3e-3\best_checkpoint
2025-11-16 10:22:01,740 - src.utils - INFO - Removed old checkpoint: experiments\s2t-cross-lingual_train_4_decoder_3e-3\checkpoints\epoch_22
2025-11-16 10:22:01,740 - src.utils - INFO - 
Epoch 26/29
2025-11-16 10:23:40,594 - src.utils - INFO - Epoch 26 - Average training loss: 1.0279
2025-11-16 10:23:40,595 - src.utils - INFO - Running validation...
2025-11-16 10:25:55,544 - src.utils - INFO - Computing validation metrics...
2025-11-16 10:26:03,321 - src.utils - INFO - Validation - Epoch 26 - WER: 0.4693, CER: 0.1850
2025-11-16 10:26:03,323 - src.utils - INFO - Current LR: 5.00e-04
2025-11-16 10:26:03,323 - src.utils - INFO - New best WER: 0.4693
2025-11-16 10:26:03,323 - src.models - INFO - CUDA optimizations enabled (cudnn.benchmark=True)
2025-11-16 10:26:03,324 - src.models - INFO - ModelManager initialized
2025-11-16 10:26:03,455 - src.models - INFO - Model weights saved to experiments\s2t-cross-lingual_train_4_decoder_3e-3\checkpoints\epoch_26\model_weights.pt
2025-11-16 10:26:03,456 - src.models - INFO - Detected weight tying: decoder.embed_tokens shares weights with output projection
2025-11-16 10:26:03,459 - src.models - INFO - Model metadata saved to experiments\s2t-cross-lingual_train_4_decoder_3e-3\checkpoints\epoch_26\model_metadata.json
2025-11-16 10:26:03,459 - src.models - INFO - Checkpoint saved to experiments\s2t-cross-lingual_train_4_decoder_3e-3\checkpoints\epoch_26
2025-11-16 10:26:03,459 - src.utils - INFO - Model checkpoint saved: experiments\s2t-cross-lingual_train_4_decoder_3e-3\checkpoints\epoch_26
2025-11-16 10:26:03,793 - src.utils - INFO - Optimizer state saved: experiments\s2t-cross-lingual_train_4_decoder_3e-3\checkpoints\epoch_26\optimizer_state.pt
2025-11-16 10:26:03,794 - src.utils - INFO - Scheduler state saved: experiments\s2t-cross-lingual_train_4_decoder_3e-3\checkpoints\epoch_26\scheduler_state.pt
2025-11-16 10:26:03,795 - src.utils - INFO - Experiment metadata saved: experiments\s2t-cross-lingual_train_4_decoder_3e-3\checkpoints\epoch_26\experiment_metadata.json
2025-11-16 10:26:03,825 - src.utils - INFO - Config saved to: experiments\s2t-cross-lingual_train_4_decoder_3e-3\checkpoints\epoch_26\config.yaml
2025-11-16 10:26:03,826 - src.utils - INFO - Metrics saved to: experiments\s2t-cross-lingual_train_4_decoder_3e-3\checkpoints\epoch_26\metrics.json
2025-11-16 10:26:04,035 - src.utils - INFO - Best checkpoint also saved to: experiments\s2t-cross-lingual_train_4_decoder_3e-3\best_checkpoint
2025-11-16 10:26:04,047 - src.utils - INFO - Removed old checkpoint: experiments\s2t-cross-lingual_train_4_decoder_3e-3\checkpoints\epoch_23
2025-11-16 10:26:04,047 - src.utils - INFO - 
Epoch 27/29
2025-11-16 10:27:48,581 - src.utils - INFO - Epoch 27 - Average training loss: 1.0063
2025-11-16 10:27:48,582 - src.utils - INFO - Running validation...
2025-11-16 10:30:06,477 - src.utils - INFO - Computing validation metrics...
2025-11-16 10:30:15,256 - src.utils - INFO - Validation - Epoch 27 - WER: 0.4653, CER: 0.1824
2025-11-16 10:30:15,257 - src.utils - INFO - Current LR: 3.33e-04
2025-11-16 10:30:15,258 - src.utils - INFO - New best WER: 0.4653
2025-11-16 10:30:15,258 - src.models - INFO - CUDA optimizations enabled (cudnn.benchmark=True)
2025-11-16 10:30:15,258 - src.models - INFO - ModelManager initialized
2025-11-16 10:30:15,398 - src.models - INFO - Model weights saved to experiments\s2t-cross-lingual_train_4_decoder_3e-3\checkpoints\epoch_27\model_weights.pt
2025-11-16 10:30:15,399 - src.models - INFO - Detected weight tying: decoder.embed_tokens shares weights with output projection
2025-11-16 10:30:15,401 - src.models - INFO - Model metadata saved to experiments\s2t-cross-lingual_train_4_decoder_3e-3\checkpoints\epoch_27\model_metadata.json
2025-11-16 10:30:15,401 - src.models - INFO - Checkpoint saved to experiments\s2t-cross-lingual_train_4_decoder_3e-3\checkpoints\epoch_27
2025-11-16 10:30:15,402 - src.utils - INFO - Model checkpoint saved: experiments\s2t-cross-lingual_train_4_decoder_3e-3\checkpoints\epoch_27
2025-11-16 10:30:15,491 - src.utils - INFO - Optimizer state saved: experiments\s2t-cross-lingual_train_4_decoder_3e-3\checkpoints\epoch_27\optimizer_state.pt
2025-11-16 10:30:15,495 - src.utils - INFO - Scheduler state saved: experiments\s2t-cross-lingual_train_4_decoder_3e-3\checkpoints\epoch_27\scheduler_state.pt
2025-11-16 10:30:15,495 - src.utils - INFO - Experiment metadata saved: experiments\s2t-cross-lingual_train_4_decoder_3e-3\checkpoints\epoch_27\experiment_metadata.json
2025-11-16 10:30:15,523 - src.utils - INFO - Config saved to: experiments\s2t-cross-lingual_train_4_decoder_3e-3\checkpoints\epoch_27\config.yaml
2025-11-16 10:30:15,524 - src.utils - INFO - Metrics saved to: experiments\s2t-cross-lingual_train_4_decoder_3e-3\checkpoints\epoch_27\metrics.json
2025-11-16 10:30:15,649 - src.utils - INFO - Best checkpoint also saved to: experiments\s2t-cross-lingual_train_4_decoder_3e-3\best_checkpoint
2025-11-16 10:30:15,661 - src.utils - INFO - Removed old checkpoint: experiments\s2t-cross-lingual_train_4_decoder_3e-3\checkpoints\epoch_24
2025-11-16 10:30:15,661 - src.utils - INFO - 
Epoch 28/29
2025-11-16 10:31:58,434 - src.utils - INFO - Epoch 28 - Average training loss: 0.9911
2025-11-16 10:31:58,435 - src.utils - INFO - Running validation...
2025-11-16 10:34:17,497 - src.utils - INFO - Computing validation metrics...
2025-11-16 10:34:28,158 - src.utils - INFO - Validation - Epoch 28 - WER: 0.4620, CER: 0.1815
2025-11-16 10:34:28,159 - src.utils - INFO - Current LR: 1.67e-04
2025-11-16 10:34:28,159 - src.utils - INFO - New best WER: 0.4620
2025-11-16 10:34:28,160 - src.models - INFO - CUDA optimizations enabled (cudnn.benchmark=True)
2025-11-16 10:34:28,160 - src.models - INFO - ModelManager initialized
2025-11-16 10:34:28,364 - src.models - INFO - Model weights saved to experiments\s2t-cross-lingual_train_4_decoder_3e-3\checkpoints\epoch_28\model_weights.pt
2025-11-16 10:34:28,364 - src.models - INFO - Detected weight tying: decoder.embed_tokens shares weights with output projection
2025-11-16 10:34:28,367 - src.models - INFO - Model metadata saved to experiments\s2t-cross-lingual_train_4_decoder_3e-3\checkpoints\epoch_28\model_metadata.json
2025-11-16 10:34:28,367 - src.models - INFO - Checkpoint saved to experiments\s2t-cross-lingual_train_4_decoder_3e-3\checkpoints\epoch_28
2025-11-16 10:34:28,367 - src.utils - INFO - Model checkpoint saved: experiments\s2t-cross-lingual_train_4_decoder_3e-3\checkpoints\epoch_28
2025-11-16 10:34:28,458 - src.utils - INFO - Optimizer state saved: experiments\s2t-cross-lingual_train_4_decoder_3e-3\checkpoints\epoch_28\optimizer_state.pt
2025-11-16 10:34:28,458 - src.utils - INFO - Scheduler state saved: experiments\s2t-cross-lingual_train_4_decoder_3e-3\checkpoints\epoch_28\scheduler_state.pt
2025-11-16 10:34:28,459 - src.utils - INFO - Experiment metadata saved: experiments\s2t-cross-lingual_train_4_decoder_3e-3\checkpoints\epoch_28\experiment_metadata.json
2025-11-16 10:34:28,488 - src.utils - INFO - Config saved to: experiments\s2t-cross-lingual_train_4_decoder_3e-3\checkpoints\epoch_28\config.yaml
2025-11-16 10:34:28,489 - src.utils - INFO - Metrics saved to: experiments\s2t-cross-lingual_train_4_decoder_3e-3\checkpoints\epoch_28\metrics.json
2025-11-16 10:34:28,606 - src.utils - INFO - Best checkpoint also saved to: experiments\s2t-cross-lingual_train_4_decoder_3e-3\best_checkpoint
2025-11-16 10:34:28,617 - src.utils - INFO - Removed old checkpoint: experiments\s2t-cross-lingual_train_4_decoder_3e-3\checkpoints\epoch_25
2025-11-16 10:34:28,617 - src.utils - INFO - 
Epoch 29/29
2025-11-16 10:36:08,660 - src.utils - INFO - Epoch 29 - Average training loss: 0.9717
2025-11-16 10:36:08,661 - src.utils - INFO - Running validation...
2025-11-16 10:38:23,948 - src.utils - INFO - Computing validation metrics...
2025-11-16 10:38:33,316 - src.utils - INFO - Validation - Epoch 29 - WER: 0.4610, CER: 0.1811
2025-11-16 10:38:33,317 - src.utils - INFO - Current LR: 0.00e+00
2025-11-16 10:38:33,317 - src.utils - INFO - New best WER: 0.4610
2025-11-16 10:38:33,318 - src.models - INFO - CUDA optimizations enabled (cudnn.benchmark=True)
2025-11-16 10:38:33,318 - src.models - INFO - ModelManager initialized
2025-11-16 10:38:33,456 - src.models - INFO - Model weights saved to experiments\s2t-cross-lingual_train_4_decoder_3e-3\checkpoints\epoch_29\model_weights.pt
2025-11-16 10:38:33,456 - src.models - INFO - Detected weight tying: decoder.embed_tokens shares weights with output projection
2025-11-16 10:38:33,459 - src.models - INFO - Model metadata saved to experiments\s2t-cross-lingual_train_4_decoder_3e-3\checkpoints\epoch_29\model_metadata.json
2025-11-16 10:38:33,459 - src.models - INFO - Checkpoint saved to experiments\s2t-cross-lingual_train_4_decoder_3e-3\checkpoints\epoch_29
2025-11-16 10:38:33,459 - src.utils - INFO - Model checkpoint saved: experiments\s2t-cross-lingual_train_4_decoder_3e-3\checkpoints\epoch_29
2025-11-16 10:38:33,781 - src.utils - INFO - Optimizer state saved: experiments\s2t-cross-lingual_train_4_decoder_3e-3\checkpoints\epoch_29\optimizer_state.pt
2025-11-16 10:38:33,782 - src.utils - INFO - Scheduler state saved: experiments\s2t-cross-lingual_train_4_decoder_3e-3\checkpoints\epoch_29\scheduler_state.pt
2025-11-16 10:38:33,782 - src.utils - INFO - Experiment metadata saved: experiments\s2t-cross-lingual_train_4_decoder_3e-3\checkpoints\epoch_29\experiment_metadata.json
2025-11-16 10:38:33,809 - src.utils - INFO - Config saved to: experiments\s2t-cross-lingual_train_4_decoder_3e-3\checkpoints\epoch_29\config.yaml
2025-11-16 10:38:33,809 - src.utils - INFO - Metrics saved to: experiments\s2t-cross-lingual_train_4_decoder_3e-3\checkpoints\epoch_29\metrics.json
2025-11-16 10:38:33,946 - src.utils - INFO - Best checkpoint also saved to: experiments\s2t-cross-lingual_train_4_decoder_3e-3\best_checkpoint
2025-11-16 10:38:33,958 - src.utils - INFO - Removed old checkpoint: experiments\s2t-cross-lingual_train_4_decoder_3e-3\checkpoints\epoch_26
2025-11-16 10:38:33,958 - src.utils - INFO - ============================================================
2025-11-16 10:38:33,958 - src.utils - INFO - Training completed!
2025-11-16 10:38:33,959 - src.utils - INFO - Total training time: 2:01:39.931348
2025-11-16 10:38:33,959 - src.utils - INFO - Best WER: 0.4610 (Epoch 29)
2025-11-16 10:38:33,959 - src.utils - INFO - ============================================================
2025-11-16 10:38:33,959 - src.utils - INFO - ============================================================
2025-11-16 10:38:33,959 - src.utils - INFO - Running final evaluation on test set...
2025-11-16 10:38:33,959 - src.utils - INFO - ============================================================
2025-11-16 10:38:33,959 - src.data - INFO - Loading test split from TSV file C:\Users\User\Documents\Progs\Projects\speech_to_text\data\cv-corpus-22.0-2025-06-20\ru\test.tsv...
2025-11-16 10:38:34,045 - src.data - INFO - Loaded 10,244 samples from test split
2025-11-16 10:38:34,045 - src.data - INFO - Loading clip durations from clip_durations.tsv...
2025-11-16 10:38:34,192 - src.data - INFO - Merged durations for 10244 samples
2025-11-16 10:38:34,195 - src.data - INFO - Pre-filtered 0 samples by metadata duration (min: 0.2s, max: 30.0s). Final filtering after trim_silence happens in AudioPreprocessor.
2025-11-16 10:38:34,195 - src.data - INFO - After filtering: 10,244 samples remaining
2025-11-16 10:38:34,195 - src.data - INFO - Cached test split with 10244 samples
2025-11-16 10:38:35,320 - src.data - INFO - Extracted from Speech2Text config (CPU mode): max_source_positions=6000, max_target_positions=1024
2025-11-16 10:38:35,321 - src.utils - INFO - Test dataset size: 10244
2025-11-16 10:38:35,321 - src.data - INFO - Initialized AudioCollator with device: cpu, model_type: speech2text, labels padding: -100, transpose_features: True
2025-11-16 10:41:07,147 - src.utils - INFO - Computing test metrics...
2025-11-16 10:41:18,000 - src.utils - INFO - ============================================================
2025-11-16 10:41:18,000 - src.utils - INFO - Test Set Results:
2025-11-16 10:41:18,000 - src.utils - INFO - ============================================================
2025-11-16 10:41:18,001 - src.utils - INFO - Word Error Rate (WER): 0.5003 (50.03%)
2025-11-16 10:41:18,001 - src.utils - INFO - Character Error Rate (CER): 0.2113 (21.13%)
2025-11-16 10:41:18,001 - src.utils - INFO - BLEU Score: 0.3391
2025-11-16 10:41:18,001 - src.utils - INFO - Substitutions: 34,084
2025-11-16 10:41:18,001 - src.utils - INFO - Deletions: 4,150
2025-11-16 10:41:18,001 - src.utils - INFO - Insertions: 4,897
2025-11-16 10:41:18,001 - src.utils - INFO - Correct Words: 47,973
2025-11-16 10:41:18,001 - src.utils - INFO - ============================================================
2025-11-16 10:41:18,002 - src.utils - INFO - Test metrics saved to: experiments\s2t-cross-lingual_train_4_decoder_3e-3\test_results.json
2025-11-16 10:41:18,058 - src.utils - INFO - Test predictions saved to: experiments\s2t-cross-lingual_train_4_decoder_3e-3\test_predictions.csv
2025-11-16 10:41:18,059 - src.utils - INFO - ============================================================
2025-11-16 10:41:18,059 - src.utils - INFO - All done!
2025-11-16 10:41:18,060 - src.utils - INFO - Results saved to: experiments\s2t-cross-lingual_train_4_decoder_3e-3
2025-11-16 10:41:18,060 - src.utils - INFO - TensorBoard: tensorboard --logdir experiments\s2t-cross-lingual_train_4_decoder_3e-3/tensorboard
2025-11-16 10:41:18,060 - src.utils - INFO - ============================================================
