2025-11-12 02:43:57,016 - src.utils - INFO - Logging setup complete. Level: INFO
2025-11-12 02:43:57,017 - src.utils - INFO - Log file: experiments\s2t-cross-lingual_train_full_decoder\training.log
2025-11-12 02:43:57,017 - src.utils - INFO - Experiment directory: experiments\s2t-cross-lingual_train_full_decoder
2025-11-12 02:43:57,017 - src.utils - INFO - Log file: experiments\s2t-cross-lingual_train_full_decoder\training.log
2025-11-12 02:43:57,017 - src.utils - INFO - Checkpoints directory: experiments\s2t-cross-lingual_train_full_decoder\checkpoints
2025-11-12 02:43:57,018 - src.utils - INFO - Experiment path: experiments\baselines\s2t-cross-lingual
2025-11-12 02:43:57,018 - src.utils - INFO - Resume training: False
2025-11-12 02:43:57,065 - src.utils - INFO - Configuration saved to: experiments\s2t-cross-lingual_train_full_decoder\config.yaml
2025-11-12 02:43:57,106 - __main__ - INFO - Using GPU: NVIDIA GeForce RTX 4070 Ti
2025-11-12 02:43:57,107 - __main__ - INFO - GPU Memory: 11.99 GB
2025-11-12 02:43:57,108 - __main__ - INFO - Model parameters: 29,536,256 total, 12,033,024 trainable
2025-11-12 02:43:57,108 - __main__ - INFO - Train dataset size: 26654
2025-11-12 02:43:57,108 - __main__ - INFO - Validation dataset size: 10243
2025-11-12 02:43:57,108 - src.data - INFO - Initialized AudioCollator with device: cpu, model_type: speech2text, labels padding: -100, transpose_features: True
2025-11-12 02:43:57,108 - __main__ - INFO - Training batches per epoch: 417
2025-11-12 02:43:57,108 - __main__ - INFO - Validation batches: 81
2025-11-12 02:43:57,108 - __main__ - INFO - Total training steps: 6255
2025-11-12 02:43:57,109 - __main__ - INFO - Creating warmup_plateau_decay scheduler with total_steps=6255
2025-11-12 02:43:57,109 - __main__ - INFO - No scheduler_state.pt found - using fresh scheduler
2025-11-12 02:43:57,109 - __main__ - INFO - Using optimizer: AdamW (lr=0.001)
2025-11-12 02:43:57,110 - __main__ - INFO - Using scheduler: warmup_plateau_decay
2025-11-12 02:43:57,110 - __main__ - INFO - Starting from epoch 0, global_step 0
2025-11-12 02:43:57,110 - __main__ - INFO - ============================================================
2025-11-12 02:43:57,110 - __main__ - INFO - Starting training...
2025-11-12 02:43:57,111 - __main__ - INFO - ============================================================
2025-11-12 02:43:57,111 - __main__ - INFO - 
Epoch 0/14
2025-11-12 02:46:06,584 - __main__ - INFO - Epoch 0 - Average training loss: 6.2891
2025-11-12 02:46:06,584 - __main__ - INFO - Running validation...
2025-11-12 02:48:36,030 - __main__ - INFO - Computing validation metrics...
2025-11-12 02:48:43,656 - src.metrics - WARNING - Found 1/10243 empty predictions after normalization
2025-11-12 02:48:46,559 - __main__ - INFO - Validation - Epoch 0 - WER: 1.0442, CER: 0.7365
2025-11-12 02:48:46,560 - __main__ - INFO - Current LR: 6.67e-04
2025-11-12 02:48:46,560 - __main__ - INFO - New best WER: 1.0442
2025-11-12 02:48:46,560 - src.models - INFO - CUDA optimizations enabled (cudnn.benchmark=True)
2025-11-12 02:48:46,560 - src.models - INFO - ModelManager initialized
2025-11-12 02:48:46,713 - src.models - INFO - Model weights saved to experiments\s2t-cross-lingual_train_full_decoder\checkpoints\epoch_0\model_weights.pt
2025-11-12 02:48:46,715 - src.models - INFO - Model metadata saved to experiments\s2t-cross-lingual_train_full_decoder\checkpoints\epoch_0\model_metadata.json
2025-11-12 02:48:46,715 - src.models - INFO - Checkpoint saved to experiments\s2t-cross-lingual_train_full_decoder\checkpoints\epoch_0
2025-11-12 02:48:46,716 - __main__ - INFO - Model checkpoint saved: experiments\s2t-cross-lingual_train_full_decoder\checkpoints\epoch_0
2025-11-12 02:48:46,826 - __main__ - INFO - Optimizer state saved: experiments\s2t-cross-lingual_train_full_decoder\checkpoints\epoch_0\optimizer_state.pt
2025-11-12 02:48:46,827 - __main__ - INFO - Scheduler state saved: experiments\s2t-cross-lingual_train_full_decoder\checkpoints\epoch_0\scheduler_state.pt
2025-11-12 02:48:46,827 - __main__ - INFO - Experiment metadata saved: experiments\s2t-cross-lingual_train_full_decoder\checkpoints\epoch_0\experiment_metadata.json
2025-11-12 02:48:46,853 - __main__ - INFO - Config saved to: experiments\s2t-cross-lingual_train_full_decoder\checkpoints\epoch_0\config.yaml
2025-11-12 02:48:46,854 - __main__ - INFO - Metrics saved to: experiments\s2t-cross-lingual_train_full_decoder\checkpoints\epoch_0\metrics.json
2025-11-12 02:48:46,986 - __main__ - INFO - Best checkpoint also saved to: experiments\s2t-cross-lingual_train_full_decoder\best_checkpoint
2025-11-12 02:48:46,987 - __main__ - INFO - 
Epoch 1/14
2025-11-12 02:50:28,355 - __main__ - INFO - Epoch 1 - Average training loss: 3.4225
2025-11-12 02:50:28,355 - __main__ - INFO - Running validation...
2025-11-12 02:52:43,136 - __main__ - INFO - Computing validation metrics...
2025-11-12 02:52:51,755 - __main__ - INFO - Validation - Epoch 1 - WER: 0.7678, CER: 0.3430
2025-11-12 02:52:51,756 - __main__ - INFO - Current LR: 1.00e-03
2025-11-12 02:52:51,756 - __main__ - INFO - New best WER: 0.7678
2025-11-12 02:52:51,757 - src.models - INFO - CUDA optimizations enabled (cudnn.benchmark=True)
2025-11-12 02:52:51,757 - src.models - INFO - ModelManager initialized
2025-11-12 02:52:51,908 - src.models - INFO - Model weights saved to experiments\s2t-cross-lingual_train_full_decoder\checkpoints\epoch_1\model_weights.pt
2025-11-12 02:52:51,910 - src.models - INFO - Model metadata saved to experiments\s2t-cross-lingual_train_full_decoder\checkpoints\epoch_1\model_metadata.json
2025-11-12 02:52:51,911 - src.models - INFO - Checkpoint saved to experiments\s2t-cross-lingual_train_full_decoder\checkpoints\epoch_1
2025-11-12 02:52:51,911 - __main__ - INFO - Model checkpoint saved: experiments\s2t-cross-lingual_train_full_decoder\checkpoints\epoch_1
2025-11-12 02:52:52,023 - __main__ - INFO - Optimizer state saved: experiments\s2t-cross-lingual_train_full_decoder\checkpoints\epoch_1\optimizer_state.pt
2025-11-12 02:52:52,045 - __main__ - INFO - Scheduler state saved: experiments\s2t-cross-lingual_train_full_decoder\checkpoints\epoch_1\scheduler_state.pt
2025-11-12 02:52:52,046 - __main__ - INFO - Experiment metadata saved: experiments\s2t-cross-lingual_train_full_decoder\checkpoints\epoch_1\experiment_metadata.json
2025-11-12 02:52:52,073 - __main__ - INFO - Config saved to: experiments\s2t-cross-lingual_train_full_decoder\checkpoints\epoch_1\config.yaml
2025-11-12 02:52:52,074 - __main__ - INFO - Metrics saved to: experiments\s2t-cross-lingual_train_full_decoder\checkpoints\epoch_1\metrics.json
2025-11-12 02:52:52,203 - __main__ - INFO - Best checkpoint also saved to: experiments\s2t-cross-lingual_train_full_decoder\best_checkpoint
2025-11-12 02:52:52,204 - __main__ - INFO - 
Epoch 2/14
2025-11-12 02:54:33,549 - __main__ - INFO - Epoch 2 - Average training loss: 2.3674
2025-11-12 02:54:33,550 - __main__ - INFO - Running validation...
2025-11-12 02:56:51,127 - __main__ - INFO - Computing validation metrics...
2025-11-12 02:56:59,771 - __main__ - INFO - Validation - Epoch 2 - WER: 0.6926, CER: 0.2883
2025-11-12 02:56:59,772 - __main__ - INFO - Current LR: 1.00e-03
2025-11-12 02:56:59,772 - __main__ - INFO - New best WER: 0.6926
2025-11-12 02:56:59,772 - src.models - INFO - CUDA optimizations enabled (cudnn.benchmark=True)
2025-11-12 02:56:59,773 - src.models - INFO - ModelManager initialized
2025-11-12 02:56:59,918 - src.models - INFO - Model weights saved to experiments\s2t-cross-lingual_train_full_decoder\checkpoints\epoch_2\model_weights.pt
2025-11-12 02:56:59,920 - src.models - INFO - Model metadata saved to experiments\s2t-cross-lingual_train_full_decoder\checkpoints\epoch_2\model_metadata.json
2025-11-12 02:56:59,920 - src.models - INFO - Checkpoint saved to experiments\s2t-cross-lingual_train_full_decoder\checkpoints\epoch_2
2025-11-12 02:56:59,921 - __main__ - INFO - Model checkpoint saved: experiments\s2t-cross-lingual_train_full_decoder\checkpoints\epoch_2
2025-11-12 02:57:00,071 - __main__ - INFO - Optimizer state saved: experiments\s2t-cross-lingual_train_full_decoder\checkpoints\epoch_2\optimizer_state.pt
2025-11-12 02:57:00,076 - __main__ - INFO - Scheduler state saved: experiments\s2t-cross-lingual_train_full_decoder\checkpoints\epoch_2\scheduler_state.pt
2025-11-12 02:57:00,077 - __main__ - INFO - Experiment metadata saved: experiments\s2t-cross-lingual_train_full_decoder\checkpoints\epoch_2\experiment_metadata.json
2025-11-12 02:57:00,105 - __main__ - INFO - Config saved to: experiments\s2t-cross-lingual_train_full_decoder\checkpoints\epoch_2\config.yaml
2025-11-12 02:57:00,106 - __main__ - INFO - Metrics saved to: experiments\s2t-cross-lingual_train_full_decoder\checkpoints\epoch_2\metrics.json
2025-11-12 02:57:00,240 - __main__ - INFO - Best checkpoint also saved to: experiments\s2t-cross-lingual_train_full_decoder\best_checkpoint
2025-11-12 02:57:00,240 - __main__ - INFO - 
Epoch 3/14
2025-11-12 02:58:40,844 - __main__ - INFO - Epoch 3 - Average training loss: 2.0702
2025-11-12 02:58:40,845 - __main__ - INFO - Running validation...
2025-11-12 03:00:57,506 - __main__ - INFO - Computing validation metrics...
2025-11-12 03:01:08,870 - __main__ - INFO - Validation - Epoch 3 - WER: 0.6569, CER: 0.2660
2025-11-12 03:01:08,871 - __main__ - INFO - Current LR: 1.00e-03
2025-11-12 03:01:08,871 - __main__ - INFO - New best WER: 0.6569
2025-11-12 03:01:08,871 - src.models - INFO - CUDA optimizations enabled (cudnn.benchmark=True)
2025-11-12 03:01:08,871 - src.models - INFO - ModelManager initialized
2025-11-12 03:01:09,003 - src.models - INFO - Model weights saved to experiments\s2t-cross-lingual_train_full_decoder\checkpoints\epoch_3\model_weights.pt
2025-11-12 03:01:09,005 - src.models - INFO - Model metadata saved to experiments\s2t-cross-lingual_train_full_decoder\checkpoints\epoch_3\model_metadata.json
2025-11-12 03:01:09,005 - src.models - INFO - Checkpoint saved to experiments\s2t-cross-lingual_train_full_decoder\checkpoints\epoch_3
2025-11-12 03:01:09,006 - __main__ - INFO - Model checkpoint saved: experiments\s2t-cross-lingual_train_full_decoder\checkpoints\epoch_3
2025-11-12 03:01:09,113 - __main__ - INFO - Optimizer state saved: experiments\s2t-cross-lingual_train_full_decoder\checkpoints\epoch_3\optimizer_state.pt
2025-11-12 03:01:09,114 - __main__ - INFO - Scheduler state saved: experiments\s2t-cross-lingual_train_full_decoder\checkpoints\epoch_3\scheduler_state.pt
2025-11-12 03:01:09,114 - __main__ - INFO - Experiment metadata saved: experiments\s2t-cross-lingual_train_full_decoder\checkpoints\epoch_3\experiment_metadata.json
2025-11-12 03:01:09,140 - __main__ - INFO - Config saved to: experiments\s2t-cross-lingual_train_full_decoder\checkpoints\epoch_3\config.yaml
2025-11-12 03:01:09,140 - __main__ - INFO - Metrics saved to: experiments\s2t-cross-lingual_train_full_decoder\checkpoints\epoch_3\metrics.json
2025-11-12 03:01:09,271 - __main__ - INFO - Best checkpoint also saved to: experiments\s2t-cross-lingual_train_full_decoder\best_checkpoint
2025-11-12 03:01:09,283 - __main__ - INFO - Removed old checkpoint: experiments\s2t-cross-lingual_train_full_decoder\checkpoints\epoch_0
2025-11-12 03:01:09,283 - __main__ - INFO - 
Epoch 4/14
2025-11-12 03:02:49,108 - __main__ - INFO - Epoch 4 - Average training loss: 1.8922
2025-11-12 03:02:49,108 - __main__ - INFO - Running validation...
2025-11-12 03:05:02,825 - __main__ - INFO - Computing validation metrics...
2025-11-12 03:05:11,790 - __main__ - INFO - Validation - Epoch 4 - WER: 0.6243, CER: 0.2514
2025-11-12 03:05:11,791 - __main__ - INFO - Current LR: 1.00e-03
2025-11-12 03:05:11,791 - __main__ - INFO - New best WER: 0.6243
2025-11-12 03:05:11,791 - src.models - INFO - CUDA optimizations enabled (cudnn.benchmark=True)
2025-11-12 03:05:11,792 - src.models - INFO - ModelManager initialized
2025-11-12 03:05:11,921 - src.models - INFO - Model weights saved to experiments\s2t-cross-lingual_train_full_decoder\checkpoints\epoch_4\model_weights.pt
2025-11-12 03:05:11,923 - src.models - INFO - Model metadata saved to experiments\s2t-cross-lingual_train_full_decoder\checkpoints\epoch_4\model_metadata.json
2025-11-12 03:05:11,923 - src.models - INFO - Checkpoint saved to experiments\s2t-cross-lingual_train_full_decoder\checkpoints\epoch_4
2025-11-12 03:05:11,924 - __main__ - INFO - Model checkpoint saved: experiments\s2t-cross-lingual_train_full_decoder\checkpoints\epoch_4
2025-11-12 03:05:12,030 - __main__ - INFO - Optimizer state saved: experiments\s2t-cross-lingual_train_full_decoder\checkpoints\epoch_4\optimizer_state.pt
2025-11-12 03:05:12,031 - __main__ - INFO - Scheduler state saved: experiments\s2t-cross-lingual_train_full_decoder\checkpoints\epoch_4\scheduler_state.pt
2025-11-12 03:05:12,031 - __main__ - INFO - Experiment metadata saved: experiments\s2t-cross-lingual_train_full_decoder\checkpoints\epoch_4\experiment_metadata.json
2025-11-12 03:05:12,056 - __main__ - INFO - Config saved to: experiments\s2t-cross-lingual_train_full_decoder\checkpoints\epoch_4\config.yaml
2025-11-12 03:05:12,057 - __main__ - INFO - Metrics saved to: experiments\s2t-cross-lingual_train_full_decoder\checkpoints\epoch_4\metrics.json
2025-11-12 03:05:12,197 - __main__ - INFO - Best checkpoint also saved to: experiments\s2t-cross-lingual_train_full_decoder\best_checkpoint
2025-11-12 03:05:12,210 - __main__ - INFO - Removed old checkpoint: experiments\s2t-cross-lingual_train_full_decoder\checkpoints\epoch_1
2025-11-12 03:05:12,210 - __main__ - INFO - 
Epoch 5/14
2025-11-12 03:06:53,771 - __main__ - INFO - Epoch 5 - Average training loss: 1.7875
2025-11-12 03:06:53,772 - __main__ - INFO - Running validation...
2025-11-12 03:09:10,296 - __main__ - INFO - Computing validation metrics...
2025-11-12 03:09:18,569 - __main__ - INFO - Validation - Epoch 5 - WER: 0.6106, CER: 0.2423
2025-11-12 03:09:18,570 - __main__ - INFO - Current LR: 1.00e-03
2025-11-12 03:09:18,570 - __main__ - INFO - New best WER: 0.6106
2025-11-12 03:09:18,570 - src.models - INFO - CUDA optimizations enabled (cudnn.benchmark=True)
2025-11-12 03:09:18,571 - src.models - INFO - ModelManager initialized
2025-11-12 03:09:18,704 - src.models - INFO - Model weights saved to experiments\s2t-cross-lingual_train_full_decoder\checkpoints\epoch_5\model_weights.pt
2025-11-12 03:09:18,706 - src.models - INFO - Model metadata saved to experiments\s2t-cross-lingual_train_full_decoder\checkpoints\epoch_5\model_metadata.json
2025-11-12 03:09:18,706 - src.models - INFO - Checkpoint saved to experiments\s2t-cross-lingual_train_full_decoder\checkpoints\epoch_5
2025-11-12 03:09:18,706 - __main__ - INFO - Model checkpoint saved: experiments\s2t-cross-lingual_train_full_decoder\checkpoints\epoch_5
2025-11-12 03:09:18,815 - __main__ - INFO - Optimizer state saved: experiments\s2t-cross-lingual_train_full_decoder\checkpoints\epoch_5\optimizer_state.pt
2025-11-12 03:09:18,829 - __main__ - INFO - Scheduler state saved: experiments\s2t-cross-lingual_train_full_decoder\checkpoints\epoch_5\scheduler_state.pt
2025-11-12 03:09:18,829 - __main__ - INFO - Experiment metadata saved: experiments\s2t-cross-lingual_train_full_decoder\checkpoints\epoch_5\experiment_metadata.json
2025-11-12 03:09:18,854 - __main__ - INFO - Config saved to: experiments\s2t-cross-lingual_train_full_decoder\checkpoints\epoch_5\config.yaml
2025-11-12 03:09:18,855 - __main__ - INFO - Metrics saved to: experiments\s2t-cross-lingual_train_full_decoder\checkpoints\epoch_5\metrics.json
2025-11-12 03:09:18,983 - __main__ - INFO - Best checkpoint also saved to: experiments\s2t-cross-lingual_train_full_decoder\best_checkpoint
2025-11-12 03:09:18,995 - __main__ - INFO - Removed old checkpoint: experiments\s2t-cross-lingual_train_full_decoder\checkpoints\epoch_2
2025-11-12 03:09:18,996 - __main__ - INFO - 
Epoch 6/14
2025-11-12 03:11:01,156 - __main__ - INFO - Epoch 6 - Average training loss: 1.6911
2025-11-12 03:11:01,156 - __main__ - INFO - Running validation...
2025-11-12 03:13:19,916 - __main__ - INFO - Computing validation metrics...
2025-11-12 03:13:28,948 - __main__ - INFO - Validation - Epoch 6 - WER: 0.5902, CER: 0.2324
2025-11-12 03:13:28,949 - __main__ - INFO - Current LR: 1.00e-03
2025-11-12 03:13:28,949 - __main__ - INFO - New best WER: 0.5902
2025-11-12 03:13:28,950 - src.models - INFO - CUDA optimizations enabled (cudnn.benchmark=True)
2025-11-12 03:13:28,950 - src.models - INFO - ModelManager initialized
2025-11-12 03:13:29,082 - src.models - INFO - Model weights saved to experiments\s2t-cross-lingual_train_full_decoder\checkpoints\epoch_6\model_weights.pt
2025-11-12 03:13:29,085 - src.models - INFO - Model metadata saved to experiments\s2t-cross-lingual_train_full_decoder\checkpoints\epoch_6\model_metadata.json
2025-11-12 03:13:29,085 - src.models - INFO - Checkpoint saved to experiments\s2t-cross-lingual_train_full_decoder\checkpoints\epoch_6
2025-11-12 03:13:29,085 - __main__ - INFO - Model checkpoint saved: experiments\s2t-cross-lingual_train_full_decoder\checkpoints\epoch_6
2025-11-12 03:13:29,332 - __main__ - INFO - Optimizer state saved: experiments\s2t-cross-lingual_train_full_decoder\checkpoints\epoch_6\optimizer_state.pt
2025-11-12 03:13:29,354 - __main__ - INFO - Scheduler state saved: experiments\s2t-cross-lingual_train_full_decoder\checkpoints\epoch_6\scheduler_state.pt
2025-11-12 03:13:29,354 - __main__ - INFO - Experiment metadata saved: experiments\s2t-cross-lingual_train_full_decoder\checkpoints\epoch_6\experiment_metadata.json
2025-11-12 03:13:29,379 - __main__ - INFO - Config saved to: experiments\s2t-cross-lingual_train_full_decoder\checkpoints\epoch_6\config.yaml
2025-11-12 03:13:29,380 - __main__ - INFO - Metrics saved to: experiments\s2t-cross-lingual_train_full_decoder\checkpoints\epoch_6\metrics.json
2025-11-12 03:13:29,505 - __main__ - INFO - Best checkpoint also saved to: experiments\s2t-cross-lingual_train_full_decoder\best_checkpoint
2025-11-12 03:13:29,524 - __main__ - INFO - Removed old checkpoint: experiments\s2t-cross-lingual_train_full_decoder\checkpoints\epoch_3
2025-11-12 03:13:29,525 - __main__ - INFO - 
Epoch 7/14
2025-11-12 03:15:09,475 - __main__ - INFO - Epoch 7 - Average training loss: 1.6110
2025-11-12 03:15:09,475 - __main__ - INFO - Running validation...
2025-11-12 03:17:25,915 - __main__ - INFO - Computing validation metrics...
2025-11-12 03:17:34,774 - __main__ - INFO - Validation - Epoch 7 - WER: 0.5762, CER: 0.2276
2025-11-12 03:17:34,775 - __main__ - INFO - Current LR: 9.33e-04
2025-11-12 03:17:34,775 - __main__ - INFO - New best WER: 0.5762
2025-11-12 03:17:34,775 - src.models - INFO - CUDA optimizations enabled (cudnn.benchmark=True)
2025-11-12 03:17:34,775 - src.models - INFO - ModelManager initialized
2025-11-12 03:17:34,910 - src.models - INFO - Model weights saved to experiments\s2t-cross-lingual_train_full_decoder\checkpoints\epoch_7\model_weights.pt
2025-11-12 03:17:34,913 - src.models - INFO - Model metadata saved to experiments\s2t-cross-lingual_train_full_decoder\checkpoints\epoch_7\model_metadata.json
2025-11-12 03:17:34,913 - src.models - INFO - Checkpoint saved to experiments\s2t-cross-lingual_train_full_decoder\checkpoints\epoch_7
2025-11-12 03:17:34,913 - __main__ - INFO - Model checkpoint saved: experiments\s2t-cross-lingual_train_full_decoder\checkpoints\epoch_7
2025-11-12 03:17:35,027 - __main__ - INFO - Optimizer state saved: experiments\s2t-cross-lingual_train_full_decoder\checkpoints\epoch_7\optimizer_state.pt
2025-11-12 03:17:35,247 - __main__ - INFO - Scheduler state saved: experiments\s2t-cross-lingual_train_full_decoder\checkpoints\epoch_7\scheduler_state.pt
2025-11-12 03:17:35,248 - __main__ - INFO - Experiment metadata saved: experiments\s2t-cross-lingual_train_full_decoder\checkpoints\epoch_7\experiment_metadata.json
2025-11-12 03:17:35,419 - __main__ - INFO - Config saved to: experiments\s2t-cross-lingual_train_full_decoder\checkpoints\epoch_7\config.yaml
2025-11-12 03:17:35,420 - __main__ - INFO - Metrics saved to: experiments\s2t-cross-lingual_train_full_decoder\checkpoints\epoch_7\metrics.json
2025-11-12 03:17:35,639 - __main__ - INFO - Best checkpoint also saved to: experiments\s2t-cross-lingual_train_full_decoder\best_checkpoint
2025-11-12 03:17:35,655 - __main__ - INFO - Removed old checkpoint: experiments\s2t-cross-lingual_train_full_decoder\checkpoints\epoch_4
2025-11-12 03:17:35,655 - __main__ - INFO - 
Epoch 8/14
2025-11-12 03:19:15,733 - __main__ - INFO - Epoch 8 - Average training loss: 1.5382
2025-11-12 03:19:15,734 - __main__ - INFO - Running validation...
2025-11-12 03:21:33,449 - __main__ - INFO - Computing validation metrics...
2025-11-12 03:21:44,197 - __main__ - INFO - Validation - Epoch 8 - WER: 0.5655, CER: 0.2214
2025-11-12 03:21:44,199 - __main__ - INFO - Current LR: 8.00e-04
2025-11-12 03:21:44,199 - __main__ - INFO - New best WER: 0.5655
2025-11-12 03:21:44,199 - src.models - INFO - CUDA optimizations enabled (cudnn.benchmark=True)
2025-11-12 03:21:44,200 - src.models - INFO - ModelManager initialized
2025-11-12 03:21:44,334 - src.models - INFO - Model weights saved to experiments\s2t-cross-lingual_train_full_decoder\checkpoints\epoch_8\model_weights.pt
2025-11-12 03:21:44,336 - src.models - INFO - Model metadata saved to experiments\s2t-cross-lingual_train_full_decoder\checkpoints\epoch_8\model_metadata.json
2025-11-12 03:21:44,336 - src.models - INFO - Checkpoint saved to experiments\s2t-cross-lingual_train_full_decoder\checkpoints\epoch_8
2025-11-12 03:21:44,336 - __main__ - INFO - Model checkpoint saved: experiments\s2t-cross-lingual_train_full_decoder\checkpoints\epoch_8
2025-11-12 03:21:44,447 - __main__ - INFO - Optimizer state saved: experiments\s2t-cross-lingual_train_full_decoder\checkpoints\epoch_8\optimizer_state.pt
2025-11-12 03:21:44,448 - __main__ - INFO - Scheduler state saved: experiments\s2t-cross-lingual_train_full_decoder\checkpoints\epoch_8\scheduler_state.pt
2025-11-12 03:21:44,448 - __main__ - INFO - Experiment metadata saved: experiments\s2t-cross-lingual_train_full_decoder\checkpoints\epoch_8\experiment_metadata.json
2025-11-12 03:21:44,475 - __main__ - INFO - Config saved to: experiments\s2t-cross-lingual_train_full_decoder\checkpoints\epoch_8\config.yaml
2025-11-12 03:21:44,476 - __main__ - INFO - Metrics saved to: experiments\s2t-cross-lingual_train_full_decoder\checkpoints\epoch_8\metrics.json
2025-11-12 03:21:44,604 - __main__ - INFO - Best checkpoint also saved to: experiments\s2t-cross-lingual_train_full_decoder\best_checkpoint
2025-11-12 03:21:44,621 - __main__ - INFO - Removed old checkpoint: experiments\s2t-cross-lingual_train_full_decoder\checkpoints\epoch_5
2025-11-12 03:21:44,622 - __main__ - INFO - 
Epoch 9/14
2025-11-12 03:23:24,672 - __main__ - INFO - Epoch 9 - Average training loss: 1.4727
2025-11-12 03:23:24,673 - __main__ - INFO - Running validation...
2025-11-12 03:25:42,489 - __main__ - INFO - Computing validation metrics...
2025-11-12 03:25:51,603 - __main__ - INFO - Validation - Epoch 9 - WER: 0.5558, CER: 0.2186
2025-11-12 03:25:51,604 - __main__ - INFO - Current LR: 6.67e-04
2025-11-12 03:25:51,605 - __main__ - INFO - New best WER: 0.5558
2025-11-12 03:25:51,605 - src.models - INFO - CUDA optimizations enabled (cudnn.benchmark=True)
2025-11-12 03:25:51,605 - src.models - INFO - ModelManager initialized
2025-11-12 03:25:51,810 - src.models - INFO - Model weights saved to experiments\s2t-cross-lingual_train_full_decoder\checkpoints\epoch_9\model_weights.pt
2025-11-12 03:25:51,813 - src.models - INFO - Model metadata saved to experiments\s2t-cross-lingual_train_full_decoder\checkpoints\epoch_9\model_metadata.json
2025-11-12 03:25:51,813 - src.models - INFO - Checkpoint saved to experiments\s2t-cross-lingual_train_full_decoder\checkpoints\epoch_9
2025-11-12 03:25:51,813 - __main__ - INFO - Model checkpoint saved: experiments\s2t-cross-lingual_train_full_decoder\checkpoints\epoch_9
2025-11-12 03:25:51,923 - __main__ - INFO - Optimizer state saved: experiments\s2t-cross-lingual_train_full_decoder\checkpoints\epoch_9\optimizer_state.pt
2025-11-12 03:25:51,924 - __main__ - INFO - Scheduler state saved: experiments\s2t-cross-lingual_train_full_decoder\checkpoints\epoch_9\scheduler_state.pt
2025-11-12 03:25:51,925 - __main__ - INFO - Experiment metadata saved: experiments\s2t-cross-lingual_train_full_decoder\checkpoints\epoch_9\experiment_metadata.json
2025-11-12 03:25:51,953 - __main__ - INFO - Config saved to: experiments\s2t-cross-lingual_train_full_decoder\checkpoints\epoch_9\config.yaml
2025-11-12 03:25:51,954 - __main__ - INFO - Metrics saved to: experiments\s2t-cross-lingual_train_full_decoder\checkpoints\epoch_9\metrics.json
2025-11-12 03:25:52,083 - __main__ - INFO - Best checkpoint also saved to: experiments\s2t-cross-lingual_train_full_decoder\best_checkpoint
2025-11-12 03:25:52,099 - __main__ - INFO - Removed old checkpoint: experiments\s2t-cross-lingual_train_full_decoder\checkpoints\epoch_6
2025-11-12 03:25:52,099 - __main__ - INFO - 
Epoch 10/14
2025-11-12 03:27:32,235 - __main__ - INFO - Epoch 10 - Average training loss: 1.4144
2025-11-12 03:27:32,235 - __main__ - INFO - Running validation...
2025-11-12 03:29:49,411 - __main__ - INFO - Computing validation metrics...
2025-11-12 03:29:57,666 - __main__ - INFO - Validation - Epoch 10 - WER: 0.5395, CER: 0.2086
2025-11-12 03:29:57,667 - __main__ - INFO - Current LR: 5.33e-04
2025-11-12 03:29:57,667 - __main__ - INFO - New best WER: 0.5395
2025-11-12 03:29:57,667 - src.models - INFO - CUDA optimizations enabled (cudnn.benchmark=True)
2025-11-12 03:29:57,668 - src.models - INFO - ModelManager initialized
2025-11-12 03:29:57,801 - src.models - INFO - Model weights saved to experiments\s2t-cross-lingual_train_full_decoder\checkpoints\epoch_10\model_weights.pt
2025-11-12 03:29:57,804 - src.models - INFO - Model metadata saved to experiments\s2t-cross-lingual_train_full_decoder\checkpoints\epoch_10\model_metadata.json
2025-11-12 03:29:57,804 - src.models - INFO - Checkpoint saved to experiments\s2t-cross-lingual_train_full_decoder\checkpoints\epoch_10
2025-11-12 03:29:57,804 - __main__ - INFO - Model checkpoint saved: experiments\s2t-cross-lingual_train_full_decoder\checkpoints\epoch_10
2025-11-12 03:29:57,913 - __main__ - INFO - Optimizer state saved: experiments\s2t-cross-lingual_train_full_decoder\checkpoints\epoch_10\optimizer_state.pt
2025-11-12 03:29:57,914 - __main__ - INFO - Scheduler state saved: experiments\s2t-cross-lingual_train_full_decoder\checkpoints\epoch_10\scheduler_state.pt
2025-11-12 03:29:57,915 - __main__ - INFO - Experiment metadata saved: experiments\s2t-cross-lingual_train_full_decoder\checkpoints\epoch_10\experiment_metadata.json
2025-11-12 03:29:57,939 - __main__ - INFO - Config saved to: experiments\s2t-cross-lingual_train_full_decoder\checkpoints\epoch_10\config.yaml
2025-11-12 03:29:57,939 - __main__ - INFO - Metrics saved to: experiments\s2t-cross-lingual_train_full_decoder\checkpoints\epoch_10\metrics.json
2025-11-12 03:29:58,068 - __main__ - INFO - Best checkpoint also saved to: experiments\s2t-cross-lingual_train_full_decoder\best_checkpoint
2025-11-12 03:29:58,077 - __main__ - INFO - Removed old checkpoint: experiments\s2t-cross-lingual_train_full_decoder\checkpoints\epoch_10
2025-11-12 03:29:58,078 - __main__ - INFO - 
Epoch 11/14
2025-11-12 03:31:38,214 - __main__ - INFO - Epoch 11 - Average training loss: 1.3775
2025-11-12 03:31:38,214 - __main__ - INFO - Running validation...
2025-11-12 03:33:55,518 - __main__ - INFO - Computing validation metrics...
2025-11-12 03:34:05,032 - __main__ - INFO - Validation - Epoch 11 - WER: 0.5341, CER: 0.2070
2025-11-12 03:34:05,034 - __main__ - INFO - Current LR: 4.00e-04
2025-11-12 03:34:05,034 - __main__ - INFO - New best WER: 0.5341
2025-11-12 03:34:05,034 - src.models - INFO - CUDA optimizations enabled (cudnn.benchmark=True)
2025-11-12 03:34:05,034 - src.models - INFO - ModelManager initialized
2025-11-12 03:34:05,177 - src.models - INFO - Model weights saved to experiments\s2t-cross-lingual_train_full_decoder\checkpoints\epoch_11\model_weights.pt
2025-11-12 03:34:05,179 - src.models - INFO - Model metadata saved to experiments\s2t-cross-lingual_train_full_decoder\checkpoints\epoch_11\model_metadata.json
2025-11-12 03:34:05,179 - src.models - INFO - Checkpoint saved to experiments\s2t-cross-lingual_train_full_decoder\checkpoints\epoch_11
2025-11-12 03:34:05,180 - __main__ - INFO - Model checkpoint saved: experiments\s2t-cross-lingual_train_full_decoder\checkpoints\epoch_11
2025-11-12 03:34:05,300 - __main__ - INFO - Optimizer state saved: experiments\s2t-cross-lingual_train_full_decoder\checkpoints\epoch_11\optimizer_state.pt
2025-11-12 03:34:05,301 - __main__ - INFO - Scheduler state saved: experiments\s2t-cross-lingual_train_full_decoder\checkpoints\epoch_11\scheduler_state.pt
2025-11-12 03:34:05,302 - __main__ - INFO - Experiment metadata saved: experiments\s2t-cross-lingual_train_full_decoder\checkpoints\epoch_11\experiment_metadata.json
2025-11-12 03:34:05,326 - __main__ - INFO - Config saved to: experiments\s2t-cross-lingual_train_full_decoder\checkpoints\epoch_11\config.yaml
2025-11-12 03:34:05,327 - __main__ - INFO - Metrics saved to: experiments\s2t-cross-lingual_train_full_decoder\checkpoints\epoch_11\metrics.json
2025-11-12 03:34:05,456 - __main__ - INFO - Best checkpoint also saved to: experiments\s2t-cross-lingual_train_full_decoder\best_checkpoint
2025-11-12 03:34:05,467 - __main__ - INFO - Removed old checkpoint: experiments\s2t-cross-lingual_train_full_decoder\checkpoints\epoch_11
2025-11-12 03:34:05,467 - __main__ - INFO - 
Epoch 12/14
2025-11-12 03:35:46,010 - __main__ - INFO - Epoch 12 - Average training loss: 1.3378
2025-11-12 03:35:46,010 - __main__ - INFO - Running validation...
2025-11-12 03:38:03,887 - __main__ - INFO - Computing validation metrics...
2025-11-12 03:38:12,243 - __main__ - INFO - Validation - Epoch 12 - WER: 0.5280, CER: 0.2053
2025-11-12 03:38:12,245 - __main__ - INFO - Current LR: 2.67e-04
2025-11-12 03:38:12,245 - __main__ - INFO - New best WER: 0.5280
2025-11-12 03:38:12,245 - src.models - INFO - CUDA optimizations enabled (cudnn.benchmark=True)
2025-11-12 03:38:12,245 - src.models - INFO - ModelManager initialized
2025-11-12 03:38:12,380 - src.models - INFO - Model weights saved to experiments\s2t-cross-lingual_train_full_decoder\checkpoints\epoch_12\model_weights.pt
2025-11-12 03:38:12,382 - src.models - INFO - Model metadata saved to experiments\s2t-cross-lingual_train_full_decoder\checkpoints\epoch_12\model_metadata.json
2025-11-12 03:38:12,382 - src.models - INFO - Checkpoint saved to experiments\s2t-cross-lingual_train_full_decoder\checkpoints\epoch_12
2025-11-12 03:38:12,383 - __main__ - INFO - Model checkpoint saved: experiments\s2t-cross-lingual_train_full_decoder\checkpoints\epoch_12
2025-11-12 03:38:12,653 - __main__ - INFO - Optimizer state saved: experiments\s2t-cross-lingual_train_full_decoder\checkpoints\epoch_12\optimizer_state.pt
2025-11-12 03:38:12,654 - __main__ - INFO - Scheduler state saved: experiments\s2t-cross-lingual_train_full_decoder\checkpoints\epoch_12\scheduler_state.pt
2025-11-12 03:38:12,654 - __main__ - INFO - Experiment metadata saved: experiments\s2t-cross-lingual_train_full_decoder\checkpoints\epoch_12\experiment_metadata.json
2025-11-12 03:38:12,681 - __main__ - INFO - Config saved to: experiments\s2t-cross-lingual_train_full_decoder\checkpoints\epoch_12\config.yaml
2025-11-12 03:38:12,681 - __main__ - INFO - Metrics saved to: experiments\s2t-cross-lingual_train_full_decoder\checkpoints\epoch_12\metrics.json
2025-11-12 03:38:13,002 - __main__ - INFO - Best checkpoint also saved to: experiments\s2t-cross-lingual_train_full_decoder\best_checkpoint
2025-11-12 03:38:13,012 - __main__ - INFO - Removed old checkpoint: experiments\s2t-cross-lingual_train_full_decoder\checkpoints\epoch_12
2025-11-12 03:38:13,012 - __main__ - INFO - 
Epoch 13/14
2025-11-12 03:39:52,876 - __main__ - INFO - Epoch 13 - Average training loss: 1.2953
2025-11-12 03:39:52,877 - __main__ - INFO - Running validation...
2025-11-12 03:42:10,178 - __main__ - INFO - Computing validation metrics...
2025-11-12 03:42:19,199 - __main__ - INFO - Validation - Epoch 13 - WER: 0.5257, CER: 0.2019
2025-11-12 03:42:19,201 - __main__ - INFO - Current LR: 1.33e-04
2025-11-12 03:42:19,201 - __main__ - INFO - New best WER: 0.5257
2025-11-12 03:42:19,201 - src.models - INFO - CUDA optimizations enabled (cudnn.benchmark=True)
2025-11-12 03:42:19,201 - src.models - INFO - ModelManager initialized
2025-11-12 03:42:19,334 - src.models - INFO - Model weights saved to experiments\s2t-cross-lingual_train_full_decoder\checkpoints\epoch_13\model_weights.pt
2025-11-12 03:42:19,336 - src.models - INFO - Model metadata saved to experiments\s2t-cross-lingual_train_full_decoder\checkpoints\epoch_13\model_metadata.json
2025-11-12 03:42:19,336 - src.models - INFO - Checkpoint saved to experiments\s2t-cross-lingual_train_full_decoder\checkpoints\epoch_13
2025-11-12 03:42:19,337 - __main__ - INFO - Model checkpoint saved: experiments\s2t-cross-lingual_train_full_decoder\checkpoints\epoch_13
2025-11-12 03:42:19,449 - __main__ - INFO - Optimizer state saved: experiments\s2t-cross-lingual_train_full_decoder\checkpoints\epoch_13\optimizer_state.pt
2025-11-12 03:42:19,450 - __main__ - INFO - Scheduler state saved: experiments\s2t-cross-lingual_train_full_decoder\checkpoints\epoch_13\scheduler_state.pt
2025-11-12 03:42:19,450 - __main__ - INFO - Experiment metadata saved: experiments\s2t-cross-lingual_train_full_decoder\checkpoints\epoch_13\experiment_metadata.json
2025-11-12 03:42:19,475 - __main__ - INFO - Config saved to: experiments\s2t-cross-lingual_train_full_decoder\checkpoints\epoch_13\config.yaml
2025-11-12 03:42:19,476 - __main__ - INFO - Metrics saved to: experiments\s2t-cross-lingual_train_full_decoder\checkpoints\epoch_13\metrics.json
2025-11-12 03:42:19,602 - __main__ - INFO - Best checkpoint also saved to: experiments\s2t-cross-lingual_train_full_decoder\best_checkpoint
2025-11-12 03:42:19,612 - __main__ - INFO - Removed old checkpoint: experiments\s2t-cross-lingual_train_full_decoder\checkpoints\epoch_13
2025-11-12 03:42:19,612 - __main__ - INFO - 
Epoch 14/14
2025-11-12 03:43:59,971 - __main__ - INFO - Epoch 14 - Average training loss: 1.2739
2025-11-12 03:43:59,972 - __main__ - INFO - Running validation...
2025-11-12 03:46:19,674 - __main__ - INFO - Computing validation metrics...
2025-11-12 03:46:29,566 - __main__ - INFO - Validation - Epoch 14 - WER: 0.5232, CER: 0.2021
2025-11-12 03:46:29,568 - __main__ - INFO - Current LR: 0.00e+00
2025-11-12 03:46:29,568 - __main__ - INFO - New best WER: 0.5232
2025-11-12 03:46:29,568 - src.models - INFO - CUDA optimizations enabled (cudnn.benchmark=True)
2025-11-12 03:46:29,568 - src.models - INFO - ModelManager initialized
2025-11-12 03:46:29,711 - src.models - INFO - Model weights saved to experiments\s2t-cross-lingual_train_full_decoder\checkpoints\epoch_14\model_weights.pt
2025-11-12 03:46:29,713 - src.models - INFO - Model metadata saved to experiments\s2t-cross-lingual_train_full_decoder\checkpoints\epoch_14\model_metadata.json
2025-11-12 03:46:29,714 - src.models - INFO - Checkpoint saved to experiments\s2t-cross-lingual_train_full_decoder\checkpoints\epoch_14
2025-11-12 03:46:29,714 - __main__ - INFO - Model checkpoint saved: experiments\s2t-cross-lingual_train_full_decoder\checkpoints\epoch_14
2025-11-12 03:46:29,837 - __main__ - INFO - Optimizer state saved: experiments\s2t-cross-lingual_train_full_decoder\checkpoints\epoch_14\optimizer_state.pt
2025-11-12 03:46:29,837 - __main__ - INFO - Scheduler state saved: experiments\s2t-cross-lingual_train_full_decoder\checkpoints\epoch_14\scheduler_state.pt
2025-11-12 03:46:29,838 - __main__ - INFO - Experiment metadata saved: experiments\s2t-cross-lingual_train_full_decoder\checkpoints\epoch_14\experiment_metadata.json
2025-11-12 03:46:29,863 - __main__ - INFO - Config saved to: experiments\s2t-cross-lingual_train_full_decoder\checkpoints\epoch_14\config.yaml
2025-11-12 03:46:29,864 - __main__ - INFO - Metrics saved to: experiments\s2t-cross-lingual_train_full_decoder\checkpoints\epoch_14\metrics.json
2025-11-12 03:46:29,996 - __main__ - INFO - Best checkpoint also saved to: experiments\s2t-cross-lingual_train_full_decoder\best_checkpoint
2025-11-12 03:46:30,008 - __main__ - INFO - Removed old checkpoint: experiments\s2t-cross-lingual_train_full_decoder\checkpoints\epoch_14
2025-11-12 03:46:30,008 - __main__ - INFO - ============================================================
2025-11-12 03:46:30,008 - __main__ - INFO - Training completed!
2025-11-12 03:46:30,008 - __main__ - INFO - Total training time: 1:02:32.897415
2025-11-12 03:46:30,008 - __main__ - INFO - Best WER: 0.5232 (Epoch 14)
2025-11-12 03:46:30,009 - __main__ - INFO - ============================================================
2025-11-12 03:46:30,009 - __main__ - INFO - ============================================================
2025-11-12 03:46:30,009 - __main__ - INFO - Running final evaluation on test set...
2025-11-12 03:46:30,009 - __main__ - INFO - ============================================================
2025-11-12 03:46:30,010 - src.data - INFO - Loading test split from TSV file C:\Users\User\Documents\Progs\Projects\seepch_to_text\data\cv-corpus-22.0-2025-06-20\ru\test.tsv...
2025-11-12 03:46:30,087 - src.data - INFO - Loaded 10,244 samples from test split
2025-11-12 03:46:30,088 - src.data - INFO - Loading clip durations from clip_durations.tsv...
2025-11-12 03:46:30,203 - src.data - INFO - Merged durations for 10244 samples
2025-11-12 03:46:30,205 - src.data - INFO - Pre-filtered 0 samples by metadata duration (min: 0.2s, max: 30.0s). Final filtering after trim_silence happens in AudioPreprocessor.
2025-11-12 03:46:30,206 - src.data - INFO - After filtering: 10,244 samples remaining
2025-11-12 03:46:30,206 - src.data - INFO - Cached test split with 10244 samples
2025-11-12 03:46:31,886 - src.data - INFO - Extracted from Speech2Text config (CPU mode): max_source_positions=6000, max_target_positions=1024
2025-11-12 03:46:31,886 - __main__ - INFO - Test dataset size: 10244
2025-11-12 03:46:31,887 - src.data - INFO - Initialized AudioCollator with device: cpu, model_type: speech2text, labels padding: -100, transpose_features: True
2025-11-12 03:49:00,398 - __main__ - INFO - Computing test metrics...
2025-11-12 03:49:09,783 - __main__ - INFO - ============================================================
2025-11-12 03:49:09,784 - __main__ - INFO - Test Set Results:
2025-11-12 03:49:09,784 - __main__ - INFO - ============================================================
2025-11-12 03:49:09,784 - __main__ - INFO - Word Error Rate (WER): 0.5566 (55.66%)
2025-11-12 03:49:09,784 - __main__ - INFO - Character Error Rate (CER): 0.2308 (23.08%)
2025-11-12 03:49:09,784 - __main__ - INFO - BLEU Score: 0.2760
2025-11-12 03:49:09,784 - __main__ - INFO - Substitutions: 38,083
2025-11-12 03:49:09,784 - __main__ - INFO - Deletions: 4,642
2025-11-12 03:49:09,785 - __main__ - INFO - Insertions: 5,258
2025-11-12 03:49:09,785 - __main__ - INFO - Correct Words: 43,482
2025-11-12 03:49:09,785 - __main__ - INFO - ============================================================
2025-11-12 03:49:09,785 - __main__ - INFO - Test metrics saved to: experiments\s2t-cross-lingual_train_full_decoder\test_results.json
2025-11-12 03:49:09,864 - __main__ - INFO - Test predictions saved to: experiments\s2t-cross-lingual_train_full_decoder\test_predictions.csv
2025-11-12 03:49:09,865 - __main__ - INFO - ============================================================
2025-11-12 03:49:09,866 - __main__ - INFO - All done!
2025-11-12 03:49:09,866 - __main__ - INFO - Results saved to: experiments\s2t-cross-lingual_train_full_decoder
2025-11-12 03:49:09,866 - __main__ - INFO - TensorBoard: tensorboard --logdir experiments\s2t-cross-lingual_train_full_decoder/tensorboard
2025-11-12 03:49:09,866 - __main__ - INFO - ============================================================
